[ 2015-09-08T12:25:13+08:00 ] ::1 /jsbdlab/index.php/Home/Index/morebde
INFO: [ app_begin ] --START--
INFO: Run Behavior\ReadHtmlCache [ RunTime:0.000000s ]
INFO: [ app_begin ] --END-- [ RunTime:0.001000s ]
NOTIC: [8] A session had already been started - ignoring session_start() E:\xampp\www\jsbdlab\ThinkPHP\Common\functions.php 第 1092 行.
NOTIC: [8192] mysql_connect(): The mysql extension is deprecated and will be removed in the future: use mysqli or PDO instead E:\xampp\www\jsbdlab\ThinkPHP\Library\Think\Db\Driver\Mysql.class.php 第 52 行.
SQL: SHOW COLUMNS FROM `bd_event` [ RunTime:0.003000s ]
SQL: SELECT * FROM `bd_event` WHERE ( `active` = 1 ) AND ( id<17 ) ORDER BY id desc LIMIT 2   [ RunTime:0.001001s ]

[ 2015-09-08T12:25:15+08:00 ] ::1 /jsbdlab/index.php/Home/Index/morebde
INFO: [ app_begin ] --START--
INFO: Run Behavior\ReadHtmlCache [ RunTime:0.000000s ]
INFO: [ app_begin ] --END-- [ RunTime:0.001000s ]
NOTIC: [8] A session had already been started - ignoring session_start() E:\xampp\www\jsbdlab\ThinkPHP\Common\functions.php 第 1092 行.
NOTIC: [8192] mysql_connect(): The mysql extension is deprecated and will be removed in the future: use mysqli or PDO instead E:\xampp\www\jsbdlab\ThinkPHP\Library\Think\Db\Driver\Mysql.class.php 第 52 行.
SQL: SHOW COLUMNS FROM `bd_event` [ RunTime:0.003000s ]
SQL: SELECT * FROM `bd_event` WHERE ( `active` = 1 ) AND ( id<15 ) ORDER BY id desc LIMIT 2   [ RunTime:0.000000s ]

[ 2015-09-08T12:25:16+08:00 ] ::1 /jsbdlab/index.php/Home/Index/morebde
INFO: [ app_begin ] --START--
INFO: Run Behavior\ReadHtmlCache [ RunTime:0.000000s ]
INFO: [ app_begin ] --END-- [ RunTime:0.001000s ]
NOTIC: [8] A session had already been started - ignoring session_start() E:\xampp\www\jsbdlab\ThinkPHP\Common\functions.php 第 1092 行.
NOTIC: [8192] mysql_connect(): The mysql extension is deprecated and will be removed in the future: use mysqli or PDO instead E:\xampp\www\jsbdlab\ThinkPHP\Library\Think\Db\Driver\Mysql.class.php 第 52 行.
SQL: SHOW COLUMNS FROM `bd_event` [ RunTime:0.002001s ]
SQL: SELECT * FROM `bd_event` WHERE ( `active` = 1 ) AND ( id<12 ) ORDER BY id desc LIMIT 2   [ RunTime:0.000000s ]

[ 2015-09-08T12:25:17+08:00 ] ::1 /jsbdlab/index.php/Home/Index/morebde
INFO: [ app_begin ] --START--
INFO: Run Behavior\ReadHtmlCache [ RunTime:0.000000s ]
INFO: [ app_begin ] --END-- [ RunTime:0.002000s ]
NOTIC: [8] A session had already been started - ignoring session_start() E:\xampp\www\jsbdlab\ThinkPHP\Common\functions.php 第 1092 行.
NOTIC: [8192] mysql_connect(): The mysql extension is deprecated and will be removed in the future: use mysqli or PDO instead E:\xampp\www\jsbdlab\ThinkPHP\Library\Think\Db\Driver\Mysql.class.php 第 52 行.
SQL: SHOW COLUMNS FROM `bd_event` [ RunTime:0.003000s ]
SQL: SELECT * FROM `bd_event` WHERE ( `active` = 1 ) AND ( id<11 ) ORDER BY id desc LIMIT 2   [ RunTime:0.000000s ]

[ 2015-09-08T12:25:21+08:00 ] ::1 /jsbdlab/index.php/Home/Index/morebds
INFO: [ app_begin ] --START--
INFO: Run Behavior\ReadHtmlCache [ RunTime:0.000000s ]
INFO: [ app_begin ] --END-- [ RunTime:0.001000s ]
NOTIC: [8] A session had already been started - ignoring session_start() E:\xampp\www\jsbdlab\ThinkPHP\Common\functions.php 第 1092 行.
NOTIC: [8192] mysql_connect(): The mysql extension is deprecated and will be removed in the future: use mysqli or PDO instead E:\xampp\www\jsbdlab\ThinkPHP\Library\Think\Db\Driver\Mysql.class.php 第 52 行.
SQL: SHOW COLUMNS FROM `bd_satc` [ RunTime:0.003000s ]
SQL: SELECT * FROM `bd_satc` WHERE ( `active` = 1 ) AND ( id<51 ) ORDER BY id desc LIMIT 2   [ RunTime:0.000000s ]

[ 2015-09-08T12:25:24+08:00 ] ::1 /jsbdlab/index.php/Home/Index/morebds
INFO: [ app_begin ] --START--
INFO: Run Behavior\ReadHtmlCache [ RunTime:0.001000s ]
INFO: [ app_begin ] --END-- [ RunTime:0.001000s ]
NOTIC: [8] A session had already been started - ignoring session_start() E:\xampp\www\jsbdlab\ThinkPHP\Common\functions.php 第 1092 行.
NOTIC: [8192] mysql_connect(): The mysql extension is deprecated and will be removed in the future: use mysqli or PDO instead E:\xampp\www\jsbdlab\ThinkPHP\Library\Think\Db\Driver\Mysql.class.php 第 52 行.
SQL: SHOW COLUMNS FROM `bd_satc` [ RunTime:0.003000s ]
SQL: SELECT * FROM `bd_satc` WHERE ( `active` = 1 ) AND ( id<48 ) ORDER BY id desc LIMIT 2   [ RunTime:0.001000s ]

[ 2015-09-08T12:25:25+08:00 ] ::1 /jsbdlab/index.php/Home/Index/morebds
INFO: [ app_begin ] --START--
INFO: Run Behavior\ReadHtmlCache [ RunTime:0.001000s ]
INFO: [ app_begin ] --END-- [ RunTime:0.001000s ]
NOTIC: [8] A session had already been started - ignoring session_start() E:\xampp\www\jsbdlab\ThinkPHP\Common\functions.php 第 1092 行.
NOTIC: [8192] mysql_connect(): The mysql extension is deprecated and will be removed in the future: use mysqli or PDO instead E:\xampp\www\jsbdlab\ThinkPHP\Library\Think\Db\Driver\Mysql.class.php 第 52 行.
SQL: SHOW COLUMNS FROM `bd_satc` [ RunTime:0.003000s ]
SQL: SELECT * FROM `bd_satc` WHERE ( `active` = 1 ) AND ( id<45 ) ORDER BY id desc LIMIT 2   [ RunTime:0.001000s ]

[ 2015-09-08T12:25:27+08:00 ] ::1 /jsbdlab/index.php/Home/Index/morebds
INFO: [ app_begin ] --START--
INFO: Run Behavior\ReadHtmlCache [ RunTime:0.001000s ]
INFO: [ app_begin ] --END-- [ RunTime:0.001000s ]
NOTIC: [8] A session had already been started - ignoring session_start() E:\xampp\www\jsbdlab\ThinkPHP\Common\functions.php 第 1092 行.
NOTIC: [8192] mysql_connect(): The mysql extension is deprecated and will be removed in the future: use mysqli or PDO instead E:\xampp\www\jsbdlab\ThinkPHP\Library\Think\Db\Driver\Mysql.class.php 第 52 行.
SQL: SHOW COLUMNS FROM `bd_satc` [ RunTime:0.003000s ]
SQL: SELECT * FROM `bd_satc` WHERE ( `active` = 1 ) AND ( id<43 ) ORDER BY id desc LIMIT 2   [ RunTime:0.001000s ]

[ 2015-09-08T12:25:29+08:00 ] ::1 /jsbdlab/index.php/Home/Index/morebds
INFO: [ app_begin ] --START--
INFO: Run Behavior\ReadHtmlCache [ RunTime:0.001000s ]
INFO: [ app_begin ] --END-- [ RunTime:0.002000s ]
NOTIC: [8] A session had already been started - ignoring session_start() E:\xampp\www\jsbdlab\ThinkPHP\Common\functions.php 第 1092 行.
NOTIC: [8192] mysql_connect(): The mysql extension is deprecated and will be removed in the future: use mysqli or PDO instead E:\xampp\www\jsbdlab\ThinkPHP\Library\Think\Db\Driver\Mysql.class.php 第 52 行.
SQL: SHOW COLUMNS FROM `bd_satc` [ RunTime:0.003000s ]
SQL: SELECT * FROM `bd_satc` WHERE ( `active` = 1 ) AND ( id<43 ) ORDER BY id desc LIMIT 2   [ RunTime:0.001000s ]

[ 2015-09-08T12:25:41+08:00 ] ::1 /jsbdlab/index.php/Home/Index/morebdc
INFO: [ app_begin ] --START--
INFO: Run Behavior\ReadHtmlCache [ RunTime:0.001000s ]
INFO: [ app_begin ] --END-- [ RunTime:0.002000s ]
NOTIC: [8] A session had already been started - ignoring session_start() E:\xampp\www\jsbdlab\ThinkPHP\Common\functions.php 第 1092 行.
NOTIC: [8192] mysql_connect(): The mysql extension is deprecated and will be removed in the future: use mysqli or PDO instead E:\xampp\www\jsbdlab\ThinkPHP\Library\Think\Db\Driver\Mysql.class.php 第 52 行.
SQL: SHOW COLUMNS FROM `bd_bdpeople` [ RunTime:0.003000s ]
SQL: SELECT * FROM `bd_bdpeople` WHERE ( `active` = 1 ) AND ( id>32 ) LIMIT 2   [ RunTime:0.001000s ]

[ 2015-09-08T12:26:02+08:00 ] ::1 /jsbdlab/index.php/Home/Index/morebdc
INFO: [ app_begin ] --START--
INFO: Run Behavior\ReadHtmlCache [ RunTime:0.001000s ]
INFO: [ app_begin ] --END-- [ RunTime:0.001000s ]
NOTIC: [8] A session had already been started - ignoring session_start() E:\xampp\www\jsbdlab\ThinkPHP\Common\functions.php 第 1092 行.
NOTIC: [8192] mysql_connect(): The mysql extension is deprecated and will be removed in the future: use mysqli or PDO instead E:\xampp\www\jsbdlab\ThinkPHP\Library\Think\Db\Driver\Mysql.class.php 第 52 行.
SQL: SHOW COLUMNS FROM `bd_bdpeople` [ RunTime:0.003000s ]
SQL: SELECT * FROM `bd_bdpeople` WHERE ( `active` = 1 ) AND ( id>32 ) LIMIT 2   [ RunTime:0.000000s ]

[ 2015-09-08T12:26:03+08:00 ] ::1 /jsbdlab/index.php/Home/Index/morebdc
INFO: [ app_begin ] --START--
INFO: Run Behavior\ReadHtmlCache [ RunTime:0.000000s ]
INFO: [ app_begin ] --END-- [ RunTime:0.001000s ]
NOTIC: [8] A session had already been started - ignoring session_start() E:\xampp\www\jsbdlab\ThinkPHP\Common\functions.php 第 1092 行.
NOTIC: [8192] mysql_connect(): The mysql extension is deprecated and will be removed in the future: use mysqli or PDO instead E:\xampp\www\jsbdlab\ThinkPHP\Library\Think\Db\Driver\Mysql.class.php 第 52 行.
SQL: SHOW COLUMNS FROM `bd_bdpeople` [ RunTime:0.002000s ]
SQL: SELECT * FROM `bd_bdpeople` WHERE ( `active` = 1 ) AND ( id>34 ) LIMIT 2   [ RunTime:0.001000s ]

[ 2015-09-08T12:26:05+08:00 ] ::1 /jsbdlab/index.php/Home/Index/morebdc
INFO: [ app_begin ] --START--
INFO: Run Behavior\ReadHtmlCache [ RunTime:0.001000s ]
INFO: [ app_begin ] --END-- [ RunTime:0.001000s ]
NOTIC: [8] A session had already been started - ignoring session_start() E:\xampp\www\jsbdlab\ThinkPHP\Common\functions.php 第 1092 行.
NOTIC: [8192] mysql_connect(): The mysql extension is deprecated and will be removed in the future: use mysqli or PDO instead E:\xampp\www\jsbdlab\ThinkPHP\Library\Think\Db\Driver\Mysql.class.php 第 52 行.
SQL: SHOW COLUMNS FROM `bd_bdpeople` [ RunTime:0.003000s ]
SQL: SELECT * FROM `bd_bdpeople` WHERE ( `active` = 1 ) AND ( id>36 ) LIMIT 2   [ RunTime:0.001000s ]

[ 2015-09-08T12:26:10+08:00 ] ::1 /jsbdlab/index.php/Home/Index/morebdc
INFO: [ app_begin ] --START--
INFO: Run Behavior\ReadHtmlCache [ RunTime:0.000000s ]
INFO: [ app_begin ] --END-- [ RunTime:0.001000s ]
NOTIC: [8] A session had already been started - ignoring session_start() E:\xampp\www\jsbdlab\ThinkPHP\Common\functions.php 第 1092 行.
NOTIC: [8192] mysql_connect(): The mysql extension is deprecated and will be removed in the future: use mysqli or PDO instead E:\xampp\www\jsbdlab\ThinkPHP\Library\Think\Db\Driver\Mysql.class.php 第 52 行.
SQL: SHOW COLUMNS FROM `bd_bdpeople` [ RunTime:0.003000s ]
SQL: SELECT * FROM `bd_bdpeople` WHERE ( `active` = 1 ) AND ( id>38 ) LIMIT 2   [ RunTime:0.001001s ]

[ 2015-09-08T12:26:12+08:00 ] ::1 /jsbdlab/index.php/Home/Index/morebdc
INFO: [ app_begin ] --START--
INFO: Run Behavior\ReadHtmlCache [ RunTime:0.001000s ]
INFO: [ app_begin ] --END-- [ RunTime:0.001000s ]
NOTIC: [8] A session had already been started - ignoring session_start() E:\xampp\www\jsbdlab\ThinkPHP\Common\functions.php 第 1092 行.
NOTIC: [8192] mysql_connect(): The mysql extension is deprecated and will be removed in the future: use mysqli or PDO instead E:\xampp\www\jsbdlab\ThinkPHP\Library\Think\Db\Driver\Mysql.class.php 第 52 行.
SQL: SHOW COLUMNS FROM `bd_bdpeople` [ RunTime:0.002000s ]
SQL: SELECT * FROM `bd_bdpeople` WHERE ( `active` = 1 ) AND ( id>40 ) LIMIT 2   [ RunTime:0.000000s ]

[ 2015-09-08T12:26:13+08:00 ] ::1 /jsbdlab/index.php/Home/Index/morebdc
INFO: [ app_begin ] --START--
INFO: Run Behavior\ReadHtmlCache [ RunTime:0.000000s ]
INFO: [ app_begin ] --END-- [ RunTime:0.001000s ]
NOTIC: [8] A session had already been started - ignoring session_start() E:\xampp\www\jsbdlab\ThinkPHP\Common\functions.php 第 1092 行.
NOTIC: [8192] mysql_connect(): The mysql extension is deprecated and will be removed in the future: use mysqli or PDO instead E:\xampp\www\jsbdlab\ThinkPHP\Library\Think\Db\Driver\Mysql.class.php 第 52 行.
SQL: SHOW COLUMNS FROM `bd_bdpeople` [ RunTime:0.003000s ]
SQL: SELECT * FROM `bd_bdpeople` WHERE ( `active` = 1 ) AND ( id>40 ) LIMIT 2   [ RunTime:0.000000s ]

[ 2015-09-08T12:26:13+08:00 ] ::1 /jsbdlab/index.php/Home/Index/morebdc
INFO: [ app_begin ] --START--
INFO: Run Behavior\ReadHtmlCache [ RunTime:0.000000s ]
INFO: [ app_begin ] --END-- [ RunTime:0.001000s ]
NOTIC: [8] A session had already been started - ignoring session_start() E:\xampp\www\jsbdlab\ThinkPHP\Common\functions.php 第 1092 行.
NOTIC: [8192] mysql_connect(): The mysql extension is deprecated and will be removed in the future: use mysqli or PDO instead E:\xampp\www\jsbdlab\ThinkPHP\Library\Think\Db\Driver\Mysql.class.php 第 52 行.
SQL: SHOW COLUMNS FROM `bd_bdpeople` [ RunTime:0.003000s ]
SQL: SELECT * FROM `bd_bdpeople` WHERE ( `active` = 1 ) AND ( id>40 ) LIMIT 2   [ RunTime:0.000000s ]

[ 2015-09-08T12:26:16+08:00 ] ::1 /jsbdlab/index.php/Home/Index/morebde
INFO: [ app_begin ] --START--
INFO: Run Behavior\ReadHtmlCache [ RunTime:0.000000s ]
INFO: [ app_begin ] --END-- [ RunTime:0.000000s ]
NOTIC: [8] A session had already been started - ignoring session_start() E:\xampp\www\jsbdlab\ThinkPHP\Common\functions.php 第 1092 行.
NOTIC: [8192] mysql_connect(): The mysql extension is deprecated and will be removed in the future: use mysqli or PDO instead E:\xampp\www\jsbdlab\ThinkPHP\Library\Think\Db\Driver\Mysql.class.php 第 52 行.
SQL: SHOW COLUMNS FROM `bd_event` [ RunTime:0.003000s ]
SQL: SELECT * FROM `bd_event` WHERE ( `active` = 1 ) AND ( id<17 ) ORDER BY id desc LIMIT 2   [ RunTime:0.001000s ]

[ 2015-09-08T12:26:17+08:00 ] ::1 /jsbdlab/index.php/Home/Index/morebde
INFO: [ app_begin ] --START--
INFO: Run Behavior\ReadHtmlCache [ RunTime:0.000000s ]
INFO: [ app_begin ] --END-- [ RunTime:0.001000s ]
NOTIC: [8] A session had already been started - ignoring session_start() E:\xampp\www\jsbdlab\ThinkPHP\Common\functions.php 第 1092 行.
NOTIC: [8192] mysql_connect(): The mysql extension is deprecated and will be removed in the future: use mysqli or PDO instead E:\xampp\www\jsbdlab\ThinkPHP\Library\Think\Db\Driver\Mysql.class.php 第 52 行.
SQL: SHOW COLUMNS FROM `bd_event` [ RunTime:0.003001s ]
SQL: SELECT * FROM `bd_event` WHERE ( `active` = 1 ) AND ( id<15 ) ORDER BY id desc LIMIT 2   [ RunTime:0.000000s ]

[ 2015-09-08T12:26:18+08:00 ] ::1 /jsbdlab/index.php/Home/Index/morebde
INFO: [ app_begin ] --START--
INFO: Run Behavior\ReadHtmlCache [ RunTime:0.000000s ]
INFO: [ app_begin ] --END-- [ RunTime:0.002000s ]
NOTIC: [8] A session had already been started - ignoring session_start() E:\xampp\www\jsbdlab\ThinkPHP\Common\functions.php 第 1092 行.
NOTIC: [8192] mysql_connect(): The mysql extension is deprecated and will be removed in the future: use mysqli or PDO instead E:\xampp\www\jsbdlab\ThinkPHP\Library\Think\Db\Driver\Mysql.class.php 第 52 行.
SQL: SHOW COLUMNS FROM `bd_event` [ RunTime:0.003000s ]
SQL: SELECT * FROM `bd_event` WHERE ( `active` = 1 ) AND ( id<12 ) ORDER BY id desc LIMIT 2   [ RunTime:0.001000s ]

[ 2015-09-08T12:26:19+08:00 ] ::1 /jsbdlab/index.php/Home/Index/morebde
INFO: [ app_begin ] --START--
INFO: Run Behavior\ReadHtmlCache [ RunTime:0.001000s ]
INFO: [ app_begin ] --END-- [ RunTime:0.001000s ]
NOTIC: [8] A session had already been started - ignoring session_start() E:\xampp\www\jsbdlab\ThinkPHP\Common\functions.php 第 1092 行.
NOTIC: [8192] mysql_connect(): The mysql extension is deprecated and will be removed in the future: use mysqli or PDO instead E:\xampp\www\jsbdlab\ThinkPHP\Library\Think\Db\Driver\Mysql.class.php 第 52 行.
SQL: SHOW COLUMNS FROM `bd_event` [ RunTime:0.002000s ]
SQL: SELECT * FROM `bd_event` WHERE ( `active` = 1 ) AND ( id<11 ) ORDER BY id desc LIMIT 2   [ RunTime:0.000000s ]

[ 2015-09-08T13:48:47+08:00 ] ::1 /jsbdlab/
ERR: Unknown database 'jsbdlab'

[ 2015-09-08T14:20:54+08:00 ] ::1 /jsbdlab/index.php/Admin/Index/_/jsbdlab/Public/css/index.css
ERR: 非法操作:_

[ 2015-09-08T14:21:06+08:00 ] ::1 /jsbdlab/index.php/Admin/Index/_/jsbdlab/Public/css/index.css
ERR: 非法操作:_

[ 2015-09-08T14:21:18+08:00 ] ::1 /jsbdlab/index.php/Admin/Index/_/jsbdlab/Public/css/index.css
ERR: 非法操作:_

[ 2015-09-08T14:22:53+08:00 ] ::1 /jsbdlab/index.php/Admin/Index/_/jsbdlab/Public/css/index.css
ERR: 非法操作:_

[ 2015-09-08T14:22:59+08:00 ] ::1 /jsbdlab/index.php/Admin/Lab/_/jsbdlab/Public/css/index.css
ERR: 非法操作:_

[ 2015-09-08T15:12:17+08:00 ] ::1 /jsbdlab/index.php/Admin/Index/%EF%BC%83
ERR: 非法操作:＃

[ 2015-09-08T15:17:13+08:00 ] ::1 /jsbdlab/index.php/Admin/Index/%EF%BC%83
ERR: 非法操作:＃

[ 2015-09-08T15:17:14+08:00 ] ::1 /jsbdlab/index.php/Admin/Index/%EF%BC%83
ERR: 非法操作:＃

[ 2015-09-08T15:17:18+08:00 ] ::1 /jsbdlab/index.php/Admin/Lab/_/jsbdlab/Public/css/index.css
ERR: 非法操作:_

[ 2015-09-08T15:18:22+08:00 ] ::1 /jsbdlab/index.php/Admin/Lab/_/jsbdlab/Public/css/index.css
ERR: 非法操作:_

[ 2015-09-08T15:18:25+08:00 ] ::1 /jsbdlab/index.php/Admin/Lab/_/jsbdlab/Public/css/index.css
ERR: 非法操作:_

[ 2015-09-08T15:41:26+08:00 ] ::1 /jsbdlab/index.php/Admin/Index/%EF%BC%83
ERR: 非法操作:＃

[ 2015-09-08T15:41:27+08:00 ] ::1 /jsbdlab/index.php/Admin/Lab/_/jsbdlab/Public/css/index.css
ERR: 非法操作:_

[ 2015-09-08T15:44:15+08:00 ] ::1 /jsbdlab/index.php/Admin/Lab/_/jsbdlab/Public/css/index.css
ERR: 非法操作:_

[ 2015-09-08T15:57:50+08:00 ] ::1 /jsbdlab/index.php/Admin/Lab/_/jsbdlab/Public/css/index.css
ERR: 非法操作:_

[ 2015-09-08T15:59:03+08:00 ] ::1 /jsbdlab/index.php/Admin/Lab/_/jsbdlab/Public/css/index.css
ERR: 非法操作:_

[ 2015-09-08T15:59:39+08:00 ] ::1 /jsbdlab/index.php/Admin/Lab/_/jsbdlab/Public/css/index.css
ERR: 非法操作:_

[ 2015-09-08T16:00:23+08:00 ] ::1 /jsbdlab/index.php/Admin/Lab/_/jsbdlab/Public/css/index.css
ERR: 非法操作:_

[ 2015-09-08T16:00:27+08:00 ] ::1 /jsbdlab/index.php/Admin/Lab/_/jsbdlab/Public/css/index.css
ERR: 非法操作:_

[ 2015-09-08T16:03:04+08:00 ] ::1 /jsbdlab/index.php/Admin/Lab/_/jsbdlab/Public/css/index.css
ERR: 非法操作:_

[ 2015-09-08T16:03:50+08:00 ] ::1 /jsbdlab/index.php/Admin/Lab/_/jsbdlab/Public/css/index.css
ERR: 非法操作:_

[ 2015-09-08T16:11:55+08:00 ] ::1 /jsbdlab/index.php/Admin/Lab/_/jsbdlab/Public/css/index.css
ERR: 非法操作:_

[ 2015-09-08T16:12:02+08:00 ] ::1 /jsbdlab/index.php/Admin/Lab/addfpicuhandle.html
ERR: 非法操作:addfpicuhandle

[ 2015-09-08T16:12:30+08:00 ] ::1 /jsbdlab/index.php/Admin/Lab/_/jsbdlab/Public/css/index.css
ERR: 非法操作:_

[ 2015-09-08T16:13:30+08:00 ] ::1 /jsbdlab/index.php/Admin/Lab/_/jsbdlab/Public/css/index.css
ERR: 非法操作:_

[ 2015-09-08T16:13:33+08:00 ] ::1 /jsbdlab/index.php/Admin/Lab/_/jsbdlab/Public/css/index.css
ERR: 非法操作:_

[ 2015-09-08T16:14:30+08:00 ] ::1 /jsbdlab/index.php/Admin/Lab/_/jsbdlab/Public/css/index.css
ERR: 非法操作:_

[ 2015-09-08T16:15:11+08:00 ] ::1 /jsbdlab/index.php/Admin/Lab/_/jsbdlab/Public/css/index.css
ERR: 非法操作:_

[ 2015-09-08T16:16:15+08:00 ] ::1 /jsbdlab/index.php/Admin/Lab/_/jsbdlab/Public/css/index.css
ERR: 非法操作:_

[ 2015-09-08T16:16:58+08:00 ] ::1 /jsbdlab/index.php/Admin/Lab/_/jsbdlab/Public/css/index.css
ERR: 非法操作:_

[ 2015-09-08T16:18:28+08:00 ] ::1 /jsbdlab/index.php/Admin/Lab/_/jsbdlab/Public/css/index.css
ERR: 非法操作:_

[ 2015-09-08T16:19:46+08:00 ] ::1 /jsbdlab/index.php/Admin/Lab/_/jsbdlab/Public/css/index.css
ERR: 非法操作:_

[ 2015-09-08T16:20:38+08:00 ] ::1 /jsbdlab/index.php/Admin/Lab/_/jsbdlab/Public/css/index.css
ERR: 非法操作:_

[ 2015-09-08T16:20:47+08:00 ] ::1 /jsbdlab/index.php/Admin/Lab/_/jsbdlab/Public/css/index.css
ERR: 非法操作:_

[ 2015-09-08T16:21:22+08:00 ] ::1 /jsbdlab/index.php/Admin/Lab/_/jsbdlab/Public/css/index.css
ERR: 非法操作:_

[ 2015-09-08T16:24:16+08:00 ] ::1 /jsbdlab/index.php/Admin/Lab/_/jsbdlab/Public/css/index.css
ERR: 非法操作:_

[ 2015-09-08T16:24:23+08:00 ] ::1 /jsbdlab/index.php/Admin/Lab/_/jsbdlab/Public/css/index.css
ERR: 非法操作:_

[ 2015-09-08T16:28:47+08:00 ] ::1 /jsbdlab/index.php/Admin/Lab/_/jsbdlab/Public/css/index.css
ERR: 非法操作:_

[ 2015-09-08T16:28:53+08:00 ] ::1 /jsbdlab/index.php/Admin/Index/%EF%BC%83
ERR: 非法操作:＃

[ 2015-09-08T16:29:23+08:00 ] ::1 /jsbdlab/index.php/Admin/Index/%EF%BC%83
ERR: 非法操作:＃

[ 2015-09-08T16:29:26+08:00 ] ::1 /jsbdlab/index.php/Admin/Lab/listfpic.html
ERR: 模板不存在:./Application/Admin/View/Lab/listfpic.html

[ 2015-09-08T16:30:00+08:00 ] ::1 /jsbdlab/index.php/Admin/Lab/_/jsbdlab/Public/css/index.css
ERR: 非法操作:_

[ 2015-09-08T16:30:03+08:00 ] ::1 /jsbdlab/index.php/Admin/Lab/_/jsbdlab/Public/css/index.css
ERR: 非法操作:_

[ 2015-09-08T16:30:03+08:00 ] ::1 /jsbdlab/index.php/Admin/Lab/_/jsbdlab/Public/css/index.css
ERR: 非法操作:_

[ 2015-09-08T16:30:04+08:00 ] ::1 /jsbdlab/index.php/Admin/Lab/_/jsbdlab/Public/css/index.css
ERR: 非法操作:_

[ 2015-09-08T16:30:26+08:00 ] ::1 /jsbdlab/index.php/Admin/Lab/_/jsbdlab/Public/css/index.css
ERR: 非法操作:_

[ 2015-09-08T16:30:28+08:00 ] ::1 /jsbdlab/index.php/Admin/Lab/_/jsbdlab/Public/css/index.css
ERR: 非法操作:_

[ 2015-09-08T16:40:52+08:00 ] ::1 /jsbdlab/index.php/Admin/Lab/_/jsbdlab/Public/css/index.css
ERR: 非法操作:_

[ 2015-09-08T16:40:58+08:00 ] ::1 /jsbdlab/index.php/Admin/Lab/_/jsbdlab/Public/css/index.css
ERR: 非法操作:_

[ 2015-09-08T16:41:00+08:00 ] ::1 /jsbdlab/index.php/Admin/Lab/_/jsbdlab/Public/css/index.css
ERR: 非法操作:_

[ 2015-09-08T16:41:40+08:00 ] ::1 /jsbdlab/index.php/Admin/Lab/_/jsbdlab/Public/css/index.css
ERR: 非法操作:_

[ 2015-09-08T16:41:42+08:00 ] ::1 /jsbdlab/index.php/Admin/Lab/_/jsbdlab/Public/css/index.css
ERR: 非法操作:_

[ 2015-09-08T16:46:09+08:00 ] ::1 /jsbdlab/index.php/Admin/Lab/_/jsbdlab/Public/css/index.css
ERR: 非法操作:_

[ 2015-09-08T16:46:18+08:00 ] ::1 /jsbdlab/index.php/Admin/Lab/_/jsbdlab/Public/css/index.css
ERR: 非法操作:_

[ 2015-09-08T16:46:20+08:00 ] ::1 /jsbdlab/index.php/Admin/Lab/_/jsbdlab/Public/css/index.css
ERR: 非法操作:_

[ 2015-09-08T16:46:41+08:00 ] ::1 /jsbdlab/index.php/Admin/Lab/_/jsbdlab/Public/css/index.css
ERR: 非法操作:_

[ 2015-09-08T16:47:51+08:00 ] ::1 /jsbdlab/index.php/Admin/Lab/_/jsbdlab/Public/css/index.css
ERR: 非法操作:_

[ 2015-09-08T16:48:19+08:00 ] ::1 /jsbdlab/index.php/Admin/Lab/_/jsbdlab/Public/css/index.css
ERR: 非法操作:_

[ 2015-09-08T16:48:20+08:00 ] ::1 /jsbdlab/index.php/Admin/Lab/_/jsbdlab/Public/css/index.css
ERR: 非法操作:_

[ 2015-09-08T16:49:25+08:00 ] ::1 /jsbdlab/index.php/Admin/Lab/_/jsbdlab/Public/css/index.css
ERR: 非法操作:_

[ 2015-09-08T16:50:14+08:00 ] ::1 /jsbdlab/index.php/Admin/Lab/_/jsbdlab/Public/css/index.css
ERR: 非法操作:_

[ 2015-09-08T16:50:25+08:00 ] ::1 /jsbdlab/index.php/Admin/Lab/_/jsbdlab/Public/css/index.css
ERR: 非法操作:_

[ 2015-09-08T16:51:10+08:00 ] ::1 /jsbdlab/index.php/Admin/Lab/_/jsbdlab/Public/css/index.css
ERR: 非法操作:_

[ 2015-09-08T16:51:11+08:00 ] ::1 /jsbdlab/index.php/Admin/Lab/_/jsbdlab/Public/css/index.css
ERR: 非法操作:_

[ 2015-09-08T16:51:48+08:00 ] ::1 /jsbdlab/index.php/Admin/Lab/_/jsbdlab/Public/css/index.css
ERR: 非法操作:_

[ 2015-09-08T16:51:51+08:00 ] ::1 /jsbdlab/index.php/Admin/Lab/_/jsbdlab/Public/css/index.css
ERR: 非法操作:_

[ 2015-09-08T16:52:26+08:00 ] ::1 /jsbdlab/index.php/Admin/Lab/_/jsbdlab/Public/css/index.css
ERR: 非法操作:_

[ 2015-09-08T16:52:28+08:00 ] ::1 /jsbdlab/index.php/Admin/Lab/_/jsbdlab/Public/css/index.css
ERR: 非法操作:_

[ 2015-09-08T16:54:02+08:00 ] ::1 /jsbdlab/index.php/Admin/Lab/_/jsbdlab/Public/css/index.css
ERR: 非法操作:_

[ 2015-09-08T16:54:09+08:00 ] ::1 /jsbdlab/index.php/Admin/Lab/_/jsbdlab/Public/css/index.css
ERR: 非法操作:_

[ 2015-09-08T16:55:32+08:00 ] ::1 /jsbdlab/index.php/Admin/Lab/_/jsbdlab/Public/css/index.css
ERR: 非法操作:_

[ 2015-09-08T16:55:37+08:00 ] ::1 /jsbdlab/index.php/Admin/Lab/_/jsbdlab/Public/css/index.css
ERR: 非法操作:_

[ 2015-09-08T16:56:36+08:00 ] ::1 /jsbdlab/index.php/Admin/Lab/_/jsbdlab/Public/css/index.css
ERR: 非法操作:_

[ 2015-09-08T16:56:58+08:00 ] ::1 /jsbdlab/index.php/Admin/Lab/_/jsbdlab/Public/css/index.css
ERR: 非法操作:_

[ 2015-09-08T16:57:06+08:00 ] ::1 /jsbdlab/index.php/Admin/Lab/_/jsbdlab/Public/css/index.css
ERR: 非法操作:_

[ 2015-09-08T16:57:08+08:00 ] ::1 /jsbdlab/index.php/Admin/Lab/_/jsbdlab/Public/css/index.css
ERR: 非法操作:_

[ 2015-09-08T16:57:09+08:00 ] ::1 /jsbdlab/index.php/Admin/Lab/_/jsbdlab/Public/css/index.css
ERR: 非法操作:_

[ 2015-09-08T16:57:11+08:00 ] ::1 /jsbdlab/index.php/Admin/Lab/_/jsbdlab/Public/css/index.css
ERR: 非法操作:_

[ 2015-09-08T16:57:13+08:00 ] ::1 /jsbdlab/index.php/Admin/Lab/_/jsbdlab/Public/css/index.css
ERR: 非法操作:_

[ 2015-09-08T16:57:14+08:00 ] ::1 /jsbdlab/index.php/Admin/Lab/_/jsbdlab/Public/css/index.css
ERR: 非法操作:_

[ 2015-09-08T16:57:16+08:00 ] ::1 /jsbdlab/index.php/Admin/Lab/_/jsbdlab/Public/css/index.css
ERR: 非法操作:_

[ 2015-09-08T16:59:40+08:00 ] ::1 /jsbdlab/index.php/Admin/Lab/_/jsbdlab/Public/css/index.css
ERR: 非法操作:_

[ 2015-09-08T17:00:21+08:00 ] ::1 /jsbdlab/index.php/Admin/Lab/_/jsbdlab/Public/css/index.css
ERR: 非法操作:_

[ 2015-09-08T17:00:23+08:00 ] ::1 /jsbdlab/index.php/Admin/Lab/_/jsbdlab/Public/css/index.css
ERR: 非法操作:_

[ 2015-09-08T17:00:36+08:00 ] ::1 /jsbdlab/index.php/Admin/Lab/_/jsbdlab/Public/css/index.css
ERR: 非法操作:_

[ 2015-09-08T17:01:57+08:00 ] ::1 /jsbdlab/index.php/Admin/Lab/_/jsbdlab/Public/css/index.css
ERR: 非法操作:_

[ 2015-09-08T17:02:23+08:00 ] ::1 /jsbdlab/index.php/Admin/Lab/_/jsbdlab/Public/css/index.css
ERR: 非法操作:_

[ 2015-09-08T17:02:31+08:00 ] ::1 /jsbdlab/index.php/Admin/Lab/_/jsbdlab/Public/css/index.css
ERR: 非法操作:_

[ 2015-09-08T17:03:48+08:00 ] ::1 /jsbdlab/index.php/Admin/Lab/_/jsbdlab/Public/css/index.css
ERR: 非法操作:_

[ 2015-09-08T17:03:57+08:00 ] ::1 /jsbdlab/index.php/Admin/Lab/_/jsbdlab/Public/css/index.css
ERR: 非法操作:_

[ 2015-09-08T17:04:01+08:00 ] ::1 /jsbdlab/index.php/Admin/Lab/_/jsbdlab/Public/css/index.css
ERR: 非法操作:_

[ 2015-09-08T17:04:04+08:00 ] ::1 /jsbdlab/index.php/Admin/Lab/_/jsbdlab/Public/css/index.css
ERR: 非法操作:_

[ 2015-09-08T17:04:09+08:00 ] ::1 /jsbdlab/index.php/Admin/Lab/_/jsbdlab/Public/css/index.css
ERR: 非法操作:_

[ 2015-09-08T17:04:12+08:00 ] ::1 /jsbdlab/index.php/Admin/Lab/_/jsbdlab/Public/css/index.css
ERR: 非法操作:_

[ 2015-09-08T17:04:13+08:00 ] ::1 /jsbdlab/index.php/Admin/Lab/_/jsbdlab/Public/css/index.css
ERR: 非法操作:_

[ 2015-09-08T17:04:18+08:00 ] ::1 /jsbdlab/index.php/Admin/Lab/_/jsbdlab/Public/css/index.css
ERR: 非法操作:_

[ 2015-09-08T17:05:39+08:00 ] ::1 /jsbdlab/index.php/Admin/Lab/_/jsbdlab/Public/css/index.css
ERR: 非法操作:_

[ 2015-09-08T17:05:42+08:00 ] ::1 /jsbdlab/index.php/Admin/Lab/_/jsbdlab/Public/css/index.css
ERR: 非法操作:_

[ 2015-09-08T17:05:46+08:00 ] ::1 /jsbdlab/index.php/Admin/Lab/_/jsbdlab/Public/css/index.css
ERR: 非法操作:_

[ 2015-09-08T18:00:01+08:00 ] ::1 /jsbdlab/index.php/Admin/Lab/_/jsbdlab/Public/css/index.css
ERR: 非法操作:_

[ 2015-09-08T18:04:43+08:00 ] ::1 /jsbdlab/index.php/Admin/Index/%EF%BC%83
ERR: 非法操作:＃

[ 2015-09-08T18:26:19+08:00 ] ::1 /jsbdlab/index.php/Admin/Index/%EF%BC%83
ERR: 非法操作:＃

[ 2015-09-08T18:30:38+08:00 ] ::1 /jsbdlab/index.php/Admin/Lab/_/jsbdlab/Public/css/index.css
ERR: 非法操作:_

[ 2015-09-08T18:30:59+08:00 ] ::1 /jsbdlab/index.php/Admin/Lab/_/jsbdlab/Public/css/index.css
ERR: 非法操作:_

[ 2015-09-08T18:31:19+08:00 ] ::1 /jsbdlab/index.php/Admin/Lab/_/jsbdlab/Public/css/index.css
ERR: 非法操作:_

[ 2015-09-08T18:33:03+08:00 ] ::1 /jsbdlab/index.php/Admin/Lab/_/jsbdlab/Public/css/index.css
ERR: 非法操作:_

[ 2015-09-08T18:33:06+08:00 ] ::1 /jsbdlab/index.php/Admin/Lab/_/jsbdlab/Public/css/index.css
ERR: 非法操作:_

[ 2015-09-08T18:33:10+08:00 ] ::1 /jsbdlab/index.php/Admin/Index/_/jsbdlab/Public/css/index.css
ERR: 非法操作:_

[ 2015-09-08T18:33:14+08:00 ] ::1 /jsbdlab/index.php/Admin/Lab/_/jsbdlab/Public/css/index.css
ERR: 非法操作:_

[ 2015-09-08T18:33:51+08:00 ] ::1 /jsbdlab/index.php/Admin/Lab/_/jsbdlab/Public/css/index.css
ERR: 非法操作:_

[ 2015-09-08T18:35:46+08:00 ] ::1 /jsbdlab/index.php/Admin/Index/_/jsbdlab/Public/css/index.css
ERR: 非法操作:_

[ 2015-09-08T18:36:50+08:00 ] ::1 /jsbdlab/index.php/Admin/Lab/_/jsbdlab/Public/css/index.css
ERR: 非法操作:_

[ 2015-09-08T18:38:09+08:00 ] ::1 /jsbdlab/index.php/Admin/Lab/_/jsbdlab/Public/css/index.css
ERR: 非法操作:_

[ 2015-09-08T18:38:26+08:00 ] ::1 /jsbdlab/index.php/Admin/Lab/_/jsbdlab/Public/css/index.css
ERR: 非法操作:_

[ 2015-09-08T18:38:28+08:00 ] ::1 /jsbdlab/index.php/Admin/Lab/_/jsbdlab/Public/css/index.css
ERR: 非法操作:_

[ 2015-09-08T18:41:11+08:00 ] ::1 /jsbdlab/index.php/Admin/Lab/_/jsbdlab/Public/css/index.css
ERR: 非法操作:_

[ 2015-09-08T18:41:12+08:00 ] ::1 /jsbdlab/index.php/Admin/Lab/_/jsbdlab/Public/css/index.css
ERR: 非法操作:_

[ 2015-09-08T18:41:13+08:00 ] ::1 /jsbdlab/index.php/Admin/Lab/_/jsbdlab/Public/css/index.css
ERR: 非法操作:_

[ 2015-09-08T18:41:59+08:00 ] ::1 /jsbdlab/index.php/Admin/Lab/_/jsbdlab/Public/css/index.css
ERR: 非法操作:_

[ 2015-09-08T18:41:59+08:00 ] ::1 /jsbdlab/index.php/Admin/Lab/_/jsbdlab/Public/css/index.css
ERR: 非法操作:_

[ 2015-09-08T18:42:00+08:00 ] ::1 /jsbdlab/index.php/Admin/Lab/_/jsbdlab/Public/css/index.css
ERR: 非法操作:_

[ 2015-09-08T18:42:50+08:00 ] ::1 /jsbdlab/index.php/Admin/Lab/_/jsbdlab/Public/css/index.css
ERR: 非法操作:_

[ 2015-09-08T18:44:36+08:00 ] ::1 /jsbdlab/index.php/Admin/Lab/_/jsbdlab/Public/css/index.css
ERR: 非法操作:_

[ 2015-09-08T18:45:28+08:00 ] ::1 /jsbdlab/index.php/Admin/Lab/_/jsbdlab/Public/css/index.css
ERR: 非法操作:_

[ 2015-09-08T18:51:13+08:00 ] ::1 /jsbdlab/index.php/Admin/Lab/_/jsbdlab/Public/css/index.css
ERR: 非法操作:_

[ 2015-09-08T18:51:14+08:00 ] ::1 /jsbdlab/index.php/Admin/Lab/_/jsbdlab/Public/css/index.css
ERR: 非法操作:_

[ 2015-09-08T18:51:15+08:00 ] ::1 /jsbdlab/index.php/Admin/Lab/_/jsbdlab/Public/css/index.css
ERR: 非法操作:_

[ 2015-09-08T18:51:15+08:00 ] ::1 /jsbdlab/index.php/Admin/Lab/_/jsbdlab/Public/css/index.css
ERR: 非法操作:_

[ 2015-09-08T18:51:15+08:00 ] ::1 /jsbdlab/index.php/Admin/Lab/_/jsbdlab/Public/css/index.css
ERR: 非法操作:_

[ 2015-09-08T18:51:15+08:00 ] ::1 /jsbdlab/index.php/Admin/Lab/_/jsbdlab/Public/css/index.css
ERR: 非法操作:_

[ 2015-09-08T18:51:16+08:00 ] ::1 /jsbdlab/index.php/Admin/Lab/_/jsbdlab/Public/css/index.css
ERR: 非法操作:_

[ 2015-09-08T18:51:30+08:00 ] ::1 /jsbdlab/index.php/Admin/Lab/_/jsbdlab/Public/css/index.css
ERR: 非法操作:_

[ 2015-09-08T18:53:18+08:00 ] ::1 /jsbdlab/index.php/Admin/Lab/_/jsbdlab/Public/css/index.css
ERR: 非法操作:_

[ 2015-09-08T18:54:44+08:00 ] ::1 /jsbdlab/index.php/Admin/Lab/_/jsbdlab/Public/css/index.css
ERR: 非法操作:_

[ 2015-09-08T18:56:07+08:00 ] ::1 /jsbdlab/index.php/Admin/Lab/_/jsbdlab/Public/css/index.css
ERR: 非法操作:_

[ 2015-09-08T18:56:20+08:00 ] ::1 /jsbdlab/index.php/Admin/Lab/_/jsbdlab/Public/css/index.css
ERR: 非法操作:_

[ 2015-09-08T18:56:26+08:00 ] ::1 /jsbdlab/index.php/Admin/Lab/_/jsbdlab/Public/css/index.css
ERR: 非法操作:_

[ 2015-09-08T19:00:32+08:00 ] ::1 /jsbdlab/index.php/Admin/Lab/_/jsbdlab/Public/css/index.css
ERR: 非法操作:_

[ 2015-09-08T19:01:04+08:00 ] ::1 /jsbdlab/index.php/Admin/Lab/_/jsbdlab/Public/css/index.css
ERR: 非法操作:_

[ 2015-09-08T19:01:47+08:00 ] ::1 /jsbdlab/index.php/Admin/Lab/addlpichandle.html
ERR: 非法操作:addlpichandle

[ 2015-09-08T19:02:26+08:00 ] ::1 /jsbdlab/index.php/Admin/Lab/_/jsbdlab/Public/css/index.css
ERR: 非法操作:_

[ 2015-09-08T19:09:22+08:00 ] ::1 /jsbdlab/index.php/Admin/Lab/_/jsbdlab/Public/css/index.css
ERR: 非法操作:_

[ 2015-09-08T19:11:18+08:00 ] ::1 /jsbdlab/index.php/Admin/Lab/_/jsbdlab/Public/css/index.css
ERR: 非法操作:_

[ 2015-09-08T19:12:10+08:00 ] ::1 /jsbdlab/index.php/Admin/Lab/_/jsbdlab/Public/css/index.css
ERR: 非法操作:_

[ 2015-09-08T19:12:37+08:00 ] ::1 /jsbdlab/index.php/Admin/Lab/_/jsbdlab/Public/css/index.css
ERR: 非法操作:_

[ 2015-09-08T19:12:38+08:00 ] ::1 /jsbdlab/index.php/Admin/Lab/_/jsbdlab/Public/css/index.css
ERR: 非法操作:_

[ 2015-09-08T19:16:29+08:00 ] ::1 /jsbdlab/index.php/Admin/Lab/_/jsbdlab/Public/css/index.css
ERR: 非法操作:_

[ 2015-09-08T19:17:13+08:00 ] ::1 /jsbdlab/index.php/Admin/Lab/_/jsbdlab/Public/css/index.css
ERR: 非法操作:_

[ 2015-09-08T19:19:05+08:00 ] ::1 /jsbdlab/index.php/Admin/Lab/_/jsbdlab/Public/css/index.css
ERR: 非法操作:_

[ 2015-09-08T19:22:50+08:00 ] ::1 /jsbdlab/index.php/Admin/Lab/_/jsbdlab/Public/css/index.css
ERR: 非法操作:_

[ 2015-09-08T19:24:09+08:00 ] ::1 /jsbdlab/index.php/Admin/Lab/_/jsbdlab/Public/css/index.css
ERR: 非法操作:_

[ 2015-09-08T19:24:15+08:00 ] ::1 /jsbdlab/index.php/Admin/Lab/_/jsbdlab/Public/css/index.css
ERR: 非法操作:_

[ 2015-09-08T19:38:02+08:00 ] ::1 /jsbdlab/index.php/Admin/Lab/_/jsbdlab/Public/css/index.css
ERR: 非法操作:_

[ 2015-09-08T19:38:02+08:00 ] ::1 /jsbdlab/index.php/Admin/Lab/_/jsbdlab/Public/css/index.css
ERR: 非法操作:_

[ 2015-09-08T19:38:03+08:00 ] ::1 /jsbdlab/index.php/Admin/Lab/_/jsbdlab/Public/css/index.css
ERR: 非法操作:_

[ 2015-09-08T19:40:41+08:00 ] ::1 /jsbdlab/index.php/Admin/Lab/_/jsbdlab/Public/css/index.css
ERR: 非法操作:_

[ 2015-09-08T19:40:45+08:00 ] ::1 /jsbdlab/index.php/Admin/Lab/_/jsbdlab/Public/css/index.css
ERR: 非法操作:_

[ 2015-09-08T19:41:52+08:00 ] ::1 /jsbdlab/index.php/Admin/Lab/_/jsbdlab/Public/css/index.css
ERR: 非法操作:_

[ 2015-09-08T19:41:59+08:00 ] ::1 /jsbdlab/index.php/Admin/Lab/_/jsbdlab/Public/css/index.css
ERR: 非法操作:_

[ 2015-09-08T19:43:10+08:00 ] ::1 /jsbdlab/index.php/Admin/Lab/_/jsbdlab/Public/css/index.css
ERR: 非法操作:_

[ 2015-09-08T19:43:18+08:00 ] ::1 /jsbdlab/index.php/Admin/Lab/_/jsbdlab/Public/css/index.css
ERR: 非法操作:_

[ 2015-09-08T20:06:39+08:00 ] ::1 /jsbdlab/index.php/Admin/Lab/_/jsbdlab/Public/css/index.css
ERR: 非法操作:_

[ 2015-09-08T20:06:46+08:00 ] ::1 /jsbdlab/index.php/Admin/Lab/listlpic.html
ERR: 非法操作:listlpic

[ 2015-09-08T20:06:48+08:00 ] ::1 /jsbdlab/index.php/Admin/Index/%EF%BC%83
ERR: 非法操作:＃

[ 2015-09-08T20:57:28+08:00 ] ::1 /jsbdlab/index.php/Admin/index/verify
ERR: 非法操作:verify

[ 2015-09-08T20:58:44+08:00 ] ::1 /jsbdlab/index.php/Admin/index/verify
ERR: 非法操作:verify

[ 2015-09-08T21:22:05+08:00 ] ::1 /jsbdlab/index.php/Admin/Index/_/jsbdlab/Public/css/index.css
ERR: 非法操作:_

[ 2015-09-08T21:22:19+08:00 ] ::1 /jsbdlab/index.php/Admin/Index/_/jsbdlab/Public/css/index.css
ERR: 非法操作:_

[ 2015-09-08T21:22:22+08:00 ] ::1 /jsbdlab/index.php/Admin/Index/_/jsbdlab/Public/css/index.css
ERR: 非法操作:_

[ 2015-09-08T21:22:23+08:00 ] ::1 /jsbdlab/index.php/Admin/Index/_/jsbdlab/Public/css/index.css
ERR: 非法操作:_

[ 2015-09-08T21:22:27+08:00 ] ::1 /jsbdlab/index.php/Admin/Index/_/jsbdlab/Public/css/index.css
ERR: 非法操作:_

[ 2015-09-08T21:22:31+08:00 ] ::1 /jsbdlab/index.php/Admin/Index/_/jsbdlab/Public/css/index.css
ERR: 非法操作:_

[ 2015-09-08T21:23:05+08:00 ] ::1 /jsbdlab/index.php/Admin/Index/_/jsbdlab/Public/css/index.css
ERR: 非法操作:_

[ 2015-09-08T21:23:08+08:00 ] ::1 /jsbdlab/index.php/Admin/Index/_/jsbdlab/Public/css/index.css
ERR: 非法操作:_

[ 2015-09-08T21:23:10+08:00 ] ::1 /jsbdlab/index.php/Admin/Index/_/jsbdlab/Public/css/index.css
ERR: 非法操作:_

[ 2015-09-08T21:23:44+08:00 ] ::1 /jsbdlab/index.php/Admin/index/verify
ERR: 非法操作:verify

[ 2015-09-08T21:28:42+08:00 ] ::1 /jsbdlab/index.php/Admin/Index/%EF%BC%83
ERR: 非法操作:＃

[ 2015-09-08T21:29:08+08:00 ] ::1 /jsbdlab/index.php/Admin/Lab/_/jsbdlab/Public/css/index.css
ERR: 非法操作:_

[ 2015-09-08T21:31:06+08:00 ] ::1 /jsbdlab/index.php/Admin/Lab/_/jsbdlab/Public/css/index.css
ERR: 非法操作:_

[ 2015-09-08T21:32:03+08:00 ] ::1 /jsbdlab/index.php/Admin/Lab/_/jsbdlab/Public/css/index.css
ERR: 非法操作:_

[ 2015-09-08T21:32:04+08:00 ] ::1 /jsbdlab/index.php/Admin/Lab/_/jsbdlab/Public/css/index.css
ERR: 非法操作:_

[ 2015-09-08T21:32:38+08:00 ] ::1 /jsbdlab/index.php/Admin/Index/%EF%BC%83
ERR: 非法操作:＃

[ 2015-09-08T21:33:29+08:00 ] ::1 /jsbdlab/index.php/Admin/Index/%EF%BC%83
ERR: 非法操作:＃

[ 2015-09-08T21:33:30+08:00 ] ::1 /jsbdlab/index.php/Admin/Index/%EF%BC%83
ERR: 非法操作:＃

[ 2015-09-08T21:33:30+08:00 ] ::1 /jsbdlab/index.php/Admin/Index/%EF%BC%83
ERR: 非法操作:＃

[ 2015-09-08T21:33:30+08:00 ] ::1 /jsbdlab/index.php/Admin/Index/%EF%BC%83
ERR: 非法操作:＃

[ 2015-09-08T21:35:11+08:00 ] ::1 /jsbdlab/index.php/Admin/Lab/_/jsbdlab/Public/css/index.css
ERR: 非法操作:_

[ 2015-09-08T21:35:13+08:00 ] ::1 /jsbdlab/index.php/Admin/Lab/_/jsbdlab/Public/css/index.css
ERR: 非法操作:_

[ 2015-09-08T21:39:09+08:00 ] ::1 /jsbdlab/index.php/Admin/Lab/_/jsbdlab/Public/css/index.css
ERR: 非法操作:_

[ 2015-09-08T21:39:14+08:00 ] ::1 /jsbdlab/index.php/Admin/Lab/_/jsbdlab/Public/css/index.css
ERR: 非法操作:_

[ 2015-09-08T21:39:47+08:00 ] ::1 /jsbdlab/index.php/Admin/Lab/_/jsbdlab/Public/css/index.css
ERR: 非法操作:_

[ 2015-09-08T21:41:07+08:00 ] ::1 /jsbdlab/index.php/Admin/Lab/_/jsbdlab/Public/css/index.css
ERR: 非法操作:_

[ 2015-09-08T21:42:46+08:00 ] ::1 /jsbdlab/index.php/Admin/Lab/_/jsbdlab/Public/css/index.css
ERR: 非法操作:_

[ 2015-09-08T21:44:12+08:00 ] ::1 /jsbdlab/index.php/Admin/Lab/_/jsbdlab/Public/css/index.css
ERR: 非法操作:_

[ 2015-09-08T21:46:19+08:00 ] ::1 /jsbdlab/index.php/Admin/Lab/_/jsbdlab/Public/css/index.css
ERR: 非法操作:_

[ 2015-09-08T21:48:41+08:00 ] ::1 /jsbdlab/index.php/Admin/Lab/_/jsbdlab/Public/css/index.css
ERR: 非法操作:_

[ 2015-09-08T21:48:42+08:00 ] ::1 /jsbdlab/index.php/Admin/Lab/_/jsbdlab/Public/css/index.css
ERR: 非法操作:_

[ 2015-09-08T21:48:42+08:00 ] ::1 /jsbdlab/index.php/Admin/Lab/_/jsbdlab/Public/css/index.css
ERR: 非法操作:_

[ 2015-09-08T21:48:46+08:00 ] ::1 /jsbdlab/index.php/Admin/Lab/_/jsbdlab/Public/css/index.css
ERR: 非法操作:_

[ 2015-09-08T21:52:10+08:00 ] ::1 /jsbdlab/index.php/Admin/Lab/_/jsbdlab/Public/css/index.css
ERR: 非法操作:_

[ 2015-09-08T21:52:12+08:00 ] ::1 /jsbdlab/index.php/Admin/Lab/_/jsbdlab/Public/css/index.css
ERR: 非法操作:_

[ 2015-09-08T21:52:33+08:00 ] ::1 /jsbdlab/index.php/Admin/Lab/_/jsbdlab/Public/css/index.css
ERR: 非法操作:_

[ 2015-09-08T21:53:33+08:00 ] ::1 /jsbdlab/index.php/Admin/Lab/_/jsbdlab/Public/css/index.css
ERR: 非法操作:_

[ 2015-09-08T21:53:35+08:00 ] ::1 /jsbdlab/index.php/Admin/Lab/_/jsbdlab/Public/css/index.css
ERR: 非法操作:_

[ 2015-09-08T21:53:48+08:00 ] ::1 /jsbdlab/index.php/Admin/Lab/_/jsbdlab/Public/css/index.css
ERR: 非法操作:_

[ 2015-09-08T21:53:49+08:00 ] ::1 /jsbdlab/index.php/Admin/Lab/_/jsbdlab/Public/css/index.css
ERR: 非法操作:_

[ 2015-09-08T21:55:05+08:00 ] ::1 /jsbdlab/index.php/Admin/Lab/_/jsbdlab/Public/css/index.css
ERR: 非法操作:_

[ 2015-09-08T21:55:20+08:00 ] ::1 /jsbdlab/index.php/Admin/Lab/_/jsbdlab/Public/css/index.css
ERR: 非法操作:_

[ 2015-09-08T21:55:25+08:00 ] ::1 /jsbdlab/index.php/Admin/Lab/_/jsbdlab/Public/css/index.css
ERR: 非法操作:_

[ 2015-09-08T21:55:55+08:00 ] ::1 /jsbdlab/index.php/Admin/Lab/_/jsbdlab/Public/css/index.css
ERR: 非法操作:_

[ 2015-09-08T21:56:29+08:00 ] ::1 /jsbdlab/index.php/Admin/Lab/_/jsbdlab/Public/css/index.css
ERR: 非法操作:_

[ 2015-09-08T21:57:59+08:00 ] ::1 /jsbdlab/index.php/Admin/Lab/_/jsbdlab/Public/css/index.css
ERR: 非法操作:_

[ 2015-09-08T21:58:57+08:00 ] ::1 /jsbdlab/index.php/Admin/Lab/_/jsbdlab/Public/css/index.css
ERR: 非法操作:_

[ 2015-09-08T21:58:58+08:00 ] ::1 /jsbdlab/index.php/Admin/Lab/_/jsbdlab/Public/css/index.css
ERR: 非法操作:_

[ 2015-09-08T21:58:59+08:00 ] ::1 /jsbdlab/index.php/Admin/Lab/_/jsbdlab/Public/css/index.css
ERR: 非法操作:_

[ 2015-09-08T21:59:37+08:00 ] ::1 /jsbdlab/index.php/Admin/Lab/_/jsbdlab/Public/css/index.css
ERR: 非法操作:_

[ 2015-09-08T21:59:37+08:00 ] ::1 /jsbdlab/index.php/Admin/Lab/_/jsbdlab/Public/css/index.css
ERR: 非法操作:_

[ 2015-09-08T21:59:38+08:00 ] ::1 /jsbdlab/index.php/Admin/Lab/_/jsbdlab/Public/css/index.css
ERR: 非法操作:_

[ 2015-09-08T21:59:38+08:00 ] ::1 /jsbdlab/index.php/Admin/Lab/_/jsbdlab/Public/css/index.css
ERR: 非法操作:_

[ 2015-09-08T21:59:38+08:00 ] ::1 /jsbdlab/index.php/Admin/Lab/_/jsbdlab/Public/css/index.css
ERR: 非法操作:_

[ 2015-09-08T22:00:24+08:00 ] ::1 /jsbdlab/index.php/Admin/Lab/_/jsbdlab/Public/css/index.css
ERR: 非法操作:_

[ 2015-09-08T22:00:41+08:00 ] ::1 /jsbdlab/index.php/Admin/Lab/_/jsbdlab/Public/css/index.css
ERR: 非法操作:_

[ 2015-09-08T22:00:41+08:00 ] ::1 /jsbdlab/index.php/Admin/Lab/_/jsbdlab/Public/css/index.css
ERR: 非法操作:_

[ 2015-09-08T22:01:01+08:00 ] ::1 /jsbdlab/index.php/Admin/Lab/_/jsbdlab/Public/css/index.css
ERR: 非法操作:_

[ 2015-09-08T22:01:02+08:00 ] ::1 /jsbdlab/index.php/Admin/Lab/_/jsbdlab/Public/css/index.css
ERR: 非法操作:_

[ 2015-09-08T22:01:16+08:00 ] ::1 /jsbdlab/index.php/Admin/Lab/_/jsbdlab/Public/css/index.css
ERR: 非法操作:_

[ 2015-09-08T22:03:26+08:00 ] ::1 /jsbdlab/index.php/Admin/Lab/_/jsbdlab/Public/css/index.css
ERR: 非法操作:_

[ 2015-09-08T22:03:27+08:00 ] ::1 /jsbdlab/index.php/Admin/Lab/_/jsbdlab/Public/css/index.css
ERR: 非法操作:_

[ 2015-09-08T22:03:33+08:00 ] ::1 /jsbdlab/index.php/Admin/Lab/_/jsbdlab/Public/css/index.css
ERR: 非法操作:_

[ 2015-09-08T22:03:35+08:00 ] ::1 /jsbdlab/index.php/Admin/Lab/_/jsbdlab/Public/css/index.css
ERR: 非法操作:_

[ 2015-09-08T22:04:15+08:00 ] ::1 /jsbdlab/index.php/Admin/Lab/_/jsbdlab/Public/css/index.css
ERR: 非法操作:_

[ 2015-09-08T22:05:28+08:00 ] ::1 /jsbdlab/index.php/Admin/Lab/_/jsbdlab/Public/css/index.css
ERR: 非法操作:_

[ 2015-09-08T22:05:45+08:00 ] ::1 /jsbdlab/index.php/Admin/Lab/_/jsbdlab/Public/css/index.css
ERR: 非法操作:_

[ 2015-09-08T22:07:28+08:00 ] ::1 /jsbdlab/index.php/Admin/Lab/_/jsbdlab/Public/css/index.css
ERR: 非法操作:_

[ 2015-09-08T22:07:31+08:00 ] ::1 /jsbdlab/index.php/Admin/Lab/_/jsbdlab/Public/css/index.css
ERR: 非法操作:_

[ 2015-09-08T22:08:18+08:00 ] ::1 /jsbdlab/index.php/Admin/Lab/_/jsbdlab/Public/css/index.css
ERR: 非法操作:_

[ 2015-09-08T22:10:12+08:00 ] ::1 /jsbdlab/index.php/Admin/Lab/_/jsbdlab/Public/css/index.css
ERR: 非法操作:_

[ 2015-09-08T22:10:15+08:00 ] ::1 /jsbdlab/index.php/Admin/Lab/_/jsbdlab/Public/css/index.css
ERR: 非法操作:_

[ 2015-09-08T22:10:34+08:00 ] ::1 /jsbdlab/index.php/Admin/Lab/_/jsbdlab/Public/css/index.css
ERR: 非法操作:_

[ 2015-09-08T22:10:35+08:00 ] ::1 /jsbdlab/index.php/Admin/Lab/_/jsbdlab/Public/css/index.css
ERR: 非法操作:_

[ 2015-09-08T22:45:15+08:00 ] ::1 /jsbdlab/index.php/Admin/Index/adduinfo.html
ERR: 非法操作:adduinfo

[ 2015-09-08T22:45:42+08:00 ] ::1 /jsbdlab/index.php/Admin/Index/adduinfo.html
ERR: 非法操作:adduinfo

[ 2015-09-08T22:46:09+08:00 ] ::1 /jsbdlab/index.php/Admin/Lab/_/jsbdlab/Public/css/index.css
ERR: 非法操作:_

[ 2015-09-08T22:46:45+08:00 ] ::1 /jsbdlab/index.php/Admin/Lab/_/jsbdlab/Public/css/index.css
ERR: 非法操作:_

[ 2015-09-08T22:47:27+08:00 ] ::1 /jsbdlab/index.php/Admin/Lab/_/jsbdlab/Public/css/index.css
ERR: 非法操作:_

[ 2015-09-08T22:47:33+08:00 ] ::1 /jsbdlab/index.php/Admin/Lab/_/jsbdlab/Public/css/index.css
ERR: 非法操作:_

[ 2015-09-08T22:48:15+08:00 ] ::1 /jsbdlab/index.php/Admin/Lab/_/jsbdlab/Public/css/index.css
ERR: 非法操作:_

[ 2015-09-08T22:48:48+08:00 ] ::1 /jsbdlab/index.php/Admin/Lab/_/jsbdlab/Public/css/index.css
ERR: 非法操作:_

[ 2015-09-08T22:49:10+08:00 ] ::1 /jsbdlab/index.php/Admin/Lab/_/jsbdlab/Public/css/index.css
ERR: 非法操作:_

[ 2015-09-08T22:52:23+08:00 ] ::1 /jsbdlab/index.php/Admin/Lab/_/jsbdlab/Public/css/index.css
ERR: 非法操作:_

[ 2015-09-08T22:53:02+08:00 ] ::1 /jsbdlab/index.php/Admin/Lab/_/jsbdlab/Public/css/index.css
ERR: 非法操作:_

[ 2015-09-08T23:07:18+08:00 ] ::1 /jsbdlab/index.php/Admin/Lab/_/jsbdlab/Public/css/index.css
ERR: 非法操作:_

[ 2015-09-08T23:09:43+08:00 ] ::1 /jsbdlab/index.php/Admin/Lab/_/jsbdlab/Public/css/index.css
ERR: 非法操作:_

[ 2015-09-08T23:10:30+08:00 ] ::1 /jsbdlab/index.php/Admin/Lab/listuinfo.html
ERR: 非法操作:listuinfo

[ 2015-09-08T23:10:32+08:00 ] ::1 /jsbdlab/index.php/Admin/Lab/listuinfo.html
ERR: 非法操作:listuinfo

[ 2015-09-08T23:13:35+08:00 ] ::1 /jsbdlab/index.php/Admin/Lab/_/jsbdlab/Public/css/index.css
ERR: 非法操作:_

[ 2015-09-08T23:13:45+08:00 ] ::1 /jsbdlab/index.php/Admin/Lab/_/jsbdlab/Public/css/index.css
ERR: 非法操作:_

[ 2015-09-08T23:14:57+08:00 ] ::1 /jsbdlab/index.php/Admin/Lab/_/jsbdlab/Public/css/index.css
ERR: 非法操作:_

[ 2015-09-08T23:15:11+08:00 ] ::1 /jsbdlab/index.php/Admin/Lab/_/jsbdlab/Public/css/index.css
ERR: 非法操作:_

[ 2015-09-08T23:15:29+08:00 ] ::1 /jsbdlab/index.php/Admin/Lab/_/jsbdlab/Public/css/index.css
ERR: 非法操作:_

[ 2015-09-08T23:15:51+08:00 ] ::1 /jsbdlab/index.php/Admin/Lab/_/jsbdlab/Public/css/index.css
ERR: 非法操作:_

[ 2015-09-08T23:16:28+08:00 ] ::1 /jsbdlab/index.php/Admin/Lab/_/jsbdlab/Public/css/index.css
ERR: 非法操作:_

[ 2015-09-08T23:16:40+08:00 ] ::1 /jsbdlab/index.php/Admin/Lab/_/jsbdlab/Public/css/index.css
ERR: 非法操作:_

[ 2015-09-08T23:19:46+08:00 ] ::1 /jsbdlab/index.php/Admin/Lab/_/jsbdlab/Public/css/index.css
ERR: 非法操作:_

[ 2015-09-08T23:19:49+08:00 ] ::1 /jsbdlab/index.php/Admin/Lab/_/jsbdlab/Public/css/index.css
ERR: 非法操作:_

[ 2015-09-08T23:20:22+08:00 ] ::1 /jsbdlab/index.php/Admin/Lab/_/jsbdlab/Public/css/index.css
ERR: 非法操作:_

[ 2015-09-08T23:20:24+08:00 ] ::1 /jsbdlab/index.php/Admin/Lab/dellpic/id/1.html
ERR: 非法操作:dellpic

[ 2015-09-08T23:22:44+08:00 ] ::1 /jsbdlab/index.php/Admin/Lab/_/jsbdlab/Public/css/index.css
ERR: 非法操作:_

[ 2015-09-08T23:22:49+08:00 ] ::1 /jsbdlab/index.php/Admin/Lab/_/jsbdlab/Public/css/index.css
ERR: 非法操作:_

[ 2015-09-08T23:22:50+08:00 ] ::1 /jsbdlab/index.php/Admin/Lab/_/jsbdlab/Public/css/index.css
ERR: 非法操作:_

[ 2015-09-08T23:22:55+08:00 ] ::1 /jsbdlab/index.php/Admin/Lab/_/jsbdlab/Public/css/index.css
ERR: 非法操作:_

[ 2015-09-08T23:22:58+08:00 ] ::1 /jsbdlab/index.php/Admin/Lab/_/jsbdlab/Public/css/index.css
ERR: 非法操作:_

[ 2015-09-08T23:23:02+08:00 ] ::1 /jsbdlab/index.php/Admin/Lab/_/jsbdlab/Public/css/index.css
ERR: 非法操作:_

[ 2015-09-08T23:23:05+08:00 ] ::1 /jsbdlab/index.php/Admin/Lab/_/jsbdlab/Public/css/index.css
ERR: 非法操作:_

[ 2015-09-08T23:27:57+08:00 ] ::1 /jsbdlab/index.php/Admin/Login.login
ERR: 无法加载控制器:Login.login

[ 2015-09-08T23:28:16+08:00 ] ::1 /jsbdlab/index.php/Admin/Index/_/jsbdlab/Public/css/index.css
ERR: 非法操作:_

[ 2015-09-08T23:28:24+08:00 ] ::1 /jsbdlab/index.php/Admin/Lab/_/jsbdlab/Public/css/index.css
ERR: 非法操作:_

[ 2015-09-08T23:28:29+08:00 ] ::1 /jsbdlab/index.php/Admin/Lab/_/jsbdlab/Public/css/index.css
ERR: 非法操作:_

[ 2015-09-08T23:28:48+08:00 ] ::1 /jsbdlab/index.php/Admin/Lab/_/jsbdlab/Public/css/index.css
ERR: 非法操作:_

[ 2015-09-08T23:28:51+08:00 ] ::1 /jsbdlab/index.php/Admin/Lab/_/jsbdlab/Public/css/index.css
ERR: 非法操作:_

[ 2015-09-08T23:29:33+08:00 ] ::1 /jsbdlab/index.php/Admin/Lab/_/jsbdlab/Public/css/index.css
ERR: 非法操作:_

[ 2015-09-08T23:34:59+08:00 ] ::1 /jsbdlab/index.php/Admin/Lab/_/jsbdlab/Public/css/index.css
ERR: 非法操作:_

[ 2015-09-08T23:35:04+08:00 ] ::1 /jsbdlab/index.php/Admin/Lab/_/jsbdlab/Public/css/index.css
ERR: 非法操作:_

[ 2015-09-08T23:47:44+08:00 ] ::1 /jsbdlab/index.php/Admin/Lab/_/jsbdlab/Public/css/index.css
ERR: 非法操作:_

[ 2015-09-08T23:47:46+08:00 ] ::1 /jsbdlab/index.php/Admin/Lab/_/jsbdlab/Public/css/index.css
ERR: 非法操作:_

[ 2015-09-08T23:47:49+08:00 ] ::1 /jsbdlab/index.php/Admin/Lab/_/jsbdlab/Public/css/index.css
ERR: 非法操作:_

[ 2015-09-08T23:48:13+08:00 ] ::1 /jsbdlab/index.php/Admin/Lab/_/jsbdlab/Public/css/index.css
ERR: 非法操作:_

[ 2015-09-08T23:48:32+08:00 ] ::1 /jsbdlab/index.php/Admin/Lab/_/jsbdlab/Public/css/index.css
ERR: 非法操作:_

[ 2015-09-08T23:48:38+08:00 ] ::1 /jsbdlab/index.php/Admin/Lab/_/jsbdlab/Public/css/index.css
ERR: 非法操作:_

[ 2015-09-08T23:49:06+08:00 ] ::1 /jsbdlab/index.php/Admin/Lab/_/jsbdlab/Public/css/index.css
ERR: 非法操作:_

[ 2015-09-08T23:49:22+08:00 ] ::1 /jsbdlab/index.php/Admin/Lab/_/jsbdlab/Public/css/index.css
ERR: 非法操作:_

[ 2015-09-08T23:49:56+08:00 ] ::1 /jsbdlab/index.php/Admin/Lab/_/jsbdlab/Public/css/index.css
ERR: 非法操作:_

[ 2015-09-08T23:50:07+08:00 ] ::1 /jsbdlab/index.php/Admin/Lab/_/jsbdlab/Public/css/index.css
ERR: 非法操作:_

[ 2015-09-08T23:51:37+08:00 ] ::1 /jsbdlab/index.php/Admin/Lab/_/jsbdlab/Public/css/index.css
ERR: 非法操作:_

[ 2015-09-08T23:51:39+08:00 ] ::1 /jsbdlab/index.php/Admin/Lab/_/jsbdlab/Public/css/index.css
ERR: 非法操作:_

[ 2015-09-08T23:51:49+08:00 ] ::1 /jsbdlab/index.php/Admin/Lab/_/jsbdlab/Public/css/index.css
ERR: 非法操作:_

[ 2015-09-08T23:51:51+08:00 ] ::1 /jsbdlab/index.php/Admin/Lab/_/jsbdlab/Public/css/index.css
ERR: 非法操作:_

[ 2015-09-08T23:52:07+08:00 ] ::1 /jsbdlab/index.php/Admin/Lab/_/jsbdlab/Public/css/index.css
ERR: 非法操作:_

[ 2015-09-08T23:52:16+08:00 ] ::1 /jsbdlab/index.php/Admin/Lab/_/jsbdlab/Public/css/index.css
ERR: 非法操作:_

[ 2015-09-08T23:52:32+08:00 ] ::1 /jsbdlab/index.php/Admin/Lab/_/jsbdlab/Public/css/index.css
ERR: 非法操作:_

[ 2015-09-08T23:53:53+08:00 ] ::1 /jsbdlab/index.php/Admin/Lab/_/jsbdlab/Public/css/index.css
ERR: 非法操作:_

[ 2015-09-08T23:54:02+08:00 ] ::1 /jsbdlab/index.php/Admin/Lab/_/jsbdlab/Public/css/index.css
ERR: 非法操作:_

[ 2015-09-08T23:55:32+08:00 ] ::1 /jsbdlab/index.php/Admin/Lab/_/jsbdlab/Public/css/index.css
ERR: 非法操作:_

[ 2015-09-08T23:55:44+08:00 ] ::1 /jsbdlab/index.php/Admin/Lab/_/jsbdlab/Public/css/index.css
ERR: 非法操作:_

[ 2015-09-08T23:55:54+08:00 ] ::1 /jsbdlab/index.php/Admin/Lab/_/jsbdlab/Public/css/index.css
ERR: 非法操作:_

[ 2015-09-08T23:56:04+08:00 ] ::1 /jsbdlab/index.php/Admin/Lab/_/jsbdlab/Public/css/index.css
ERR: 非法操作:_

[ 2015-09-08T23:56:17+08:00 ] ::1 /jsbdlab/index.php/Admin/Lab/_/jsbdlab/Public/css/index.css
ERR: 非法操作:_

[ 2015-09-08T23:56:27+08:00 ] ::1 /jsbdlab/index.php/Admin/Lab/_/jsbdlab/Public/css/index.css
ERR: 非法操作:_

[ 2015-09-08T23:56:57+08:00 ] ::1 /jsbdlab/index.php/Admin/Lab/_/jsbdlab/Public/css/index.css
ERR: 非法操作:_

[ 2015-09-08T23:57:30+08:00 ] ::1 /jsbdlab/index.php/Admin/Lab/_/jsbdlab/Public/css/index.css
ERR: 非法操作:_

[ 2015-09-08T23:57:41+08:00 ] ::1 /jsbdlab/index.php/Admin/Lab/_/jsbdlab/Public/css/index.css
ERR: 非法操作:_

[ 2015-09-08T23:57:53+08:00 ] ::1 /jsbdlab/index.php/Admin/Lab/_/jsbdlab/Public/css/index.css
ERR: 非法操作:_

[ 2015-09-08T23:59:46+08:00 ] ::1 /jsbdlab/index.php/Admin/Lab/_/jsbdlab/Public/css/index.css
ERR: 非法操作:_

