[ 2015-09-13T10:48:19+08:00 ] ::1 /jsbdlab/index.php/Admin/Index/_/jsbdlab/Public/css/index.css
ERR: 非法操作:_

[ 2015-09-13T10:49:16+08:00 ] ::1 /jsbdlab/index.php/Admin/Index/_/jsbdlab/Public/css/index.css
ERR: 非法操作:_

[ 2015-09-13T10:49:30+08:00 ] ::1 /jsbdlab/index.php/Admin/Index/_/jsbdlab/Public/css/index.css
ERR: 非法操作:_

[ 2015-09-13T10:57:04+08:00 ] ::1 /jsbdlab/index.php/Admin/Index/_/jsbdlab/Public/css/index.css
ERR: 非法操作:_

[ 2015-09-13T10:57:57+08:00 ] ::1 /jsbdlab/index.php/Admin/Index/_/jsbdlab/Public/css/index.css
ERR: 非法操作:_

[ 2015-09-13T10:58:11+08:00 ] ::1 /jsbdlab/index.php/Admin/Index/_/jsbdlab/Public/css/index.css
ERR: 非法操作:_

[ 2015-09-13T10:58:13+08:00 ] ::1 /jsbdlab/index.php/Admin/Index/_/jsbdlab/Public/css/index.css
ERR: 非法操作:_

[ 2015-09-13T10:58:13+08:00 ] ::1 /jsbdlab/index.php/Admin/Index/_/jsbdlab/Public/css/index.css
ERR: 非法操作:_

[ 2015-09-13T10:59:05+08:00 ] ::1 /jsbdlab/index.php/Admin/Index/_/jsbdlab/Public/css/index.css
ERR: 非法操作:_

[ 2015-09-13T10:59:21+08:00 ] ::1 /jsbdlab/index.php/Admin/Index/_/jsbdlab/Public/css/index.css
ERR: 非法操作:_

[ 2015-09-13T11:00:07+08:00 ] ::1 /jsbdlab/index.php/Admin/Index/_/jsbdlab/Public/css/index.css
ERR: 非法操作:_

[ 2015-09-13T11:00:16+08:00 ] ::1 /jsbdlab/index.php/Admin/Index/_/jsbdlab/Public/css/index.css
ERR: 非法操作:_

[ 2015-09-13T11:00:17+08:00 ] ::1 /jsbdlab/index.php/Admin/Index/_/jsbdlab/Public/css/index.css
ERR: 非法操作:_

[ 2015-09-13T11:00:43+08:00 ] ::1 /jsbdlab/index.php/Admin/Index/_/jsbdlab/Public/css/index.css
ERR: 非法操作:_

[ 2015-09-13T11:00:50+08:00 ] ::1 /jsbdlab/index.php/Admin/Index/_/jsbdlab/Public/css/index.css
ERR: 非法操作:_

[ 2015-09-13T11:01:37+08:00 ] ::1 /jsbdlab/index.php/Admin/Index/_/jsbdlab/Public/css/index.css
ERR: 非法操作:_

[ 2015-09-13T11:03:02+08:00 ] ::1 /jsbdlab/index.php/Admin/Index/_/jsbdlab/Public/css/index.css
ERR: 非法操作:_

[ 2015-09-13T11:05:30+08:00 ] ::1 /jsbdlab/index.php/Admin/Index/_/jsbdlab/Public/css/index.css
ERR: 非法操作:_

[ 2015-09-13T11:05:42+08:00 ] ::1 /jsbdlab/index.php/Admin/Index/_/jsbdlab/Public/css/index.css
ERR: 非法操作:_

[ 2015-09-13T11:05:52+08:00 ] ::1 /jsbdlab/index.php/Admin/Index/_/jsbdlab/Public/css/index.css
ERR: 非法操作:_

[ 2015-09-13T11:06:21+08:00 ] ::1 /jsbdlab/index.php/Admin/Index/_/jsbdlab/Public/css/index.css
ERR: 非法操作:_

[ 2015-09-13T11:06:48+08:00 ] ::1 /jsbdlab/index.php/Admin/Index/_/jsbdlab/Public/css/index.css
ERR: 非法操作:_

[ 2015-09-13T11:06:53+08:00 ] ::1 /jsbdlab/index.php/Admin/Index/_/jsbdlab/Public/css/index.css
ERR: 非法操作:_

[ 2015-09-13T11:07:44+08:00 ] ::1 /jsbdlab/index.php/Admin/Index/_/jsbdlab/Public/css/index.css
ERR: 非法操作:_

[ 2015-09-13T11:08:53+08:00 ] ::1 /jsbdlab/index.php/Admin/Index/_/jsbdlab/Public/css/index.css
ERR: 非法操作:_

[ 2015-09-13T11:09:05+08:00 ] ::1 /jsbdlab/index.php/Admin/Index/_/jsbdlab/Public/css/index.css
ERR: 非法操作:_

[ 2015-09-13T11:10:19+08:00 ] ::1 /jsbdlab/index.php/Admin/Index/_/jsbdlab/Public/css/index.css
ERR: 非法操作:_

[ 2015-09-13T11:10:26+08:00 ] ::1 /jsbdlab/index.php/Admin/Index/_/jsbdlab/Public/css/index.css
ERR: 非法操作:_

[ 2015-09-13T11:10:51+08:00 ] ::1 /jsbdlab/index.php/Admin/Index/_/jsbdlab/Public/css/index.css
ERR: 非法操作:_

[ 2015-09-13T11:10:57+08:00 ] ::1 /jsbdlab/index.php/Admin/Index/_/jsbdlab/Public/css/index.css
ERR: 非法操作:_

[ 2015-09-13T11:11:14+08:00 ] ::1 /jsbdlab/index.php/Admin/Index/_/jsbdlab/Public/css/index.css
ERR: 非法操作:_

[ 2015-09-13T11:12:16+08:00 ] ::1 /jsbdlab/index.php/Admin/Index/_/jsbdlab/Public/css/index.css
ERR: 非法操作:_

[ 2015-09-13T11:12:25+08:00 ] ::1 /jsbdlab/index.php/Admin/Index/_/jsbdlab/Public/css/index.css
ERR: 非法操作:_

[ 2015-09-13T11:16:59+08:00 ] ::1 /jsbdlab/index.php/Admin/Index/_/jsbdlab/Public/css/index.css
ERR: 非法操作:_

[ 2015-09-13T11:17:36+08:00 ] ::1 /jsbdlab/index.php/Admin/Index/_/jsbdlab/Public/css/index.css
ERR: 非法操作:_

[ 2015-09-13T11:19:29+08:00 ] ::1 /jsbdlab/index.php/Admin/Index/_/jsbdlab/Public/css/index.css
ERR: 非法操作:_

[ 2015-09-13T11:21:18+08:00 ] ::1 /jsbdlab/index.php/Admin/Index/_/jsbdlab/Public/css/index.css
ERR: 非法操作:_

[ 2015-09-13T11:21:54+08:00 ] ::1 /jsbdlab/index.php/Admin/Index/_/jsbdlab/Public/css/index.css
ERR: 非法操作:_

[ 2015-09-13T11:22:07+08:00 ] ::1 /jsbdlab/index.php/Admin/Index/_/jsbdlab/Public/css/index.css
ERR: 非法操作:_

[ 2015-09-13T11:22:14+08:00 ] ::1 /jsbdlab/index.php/Admin/Index/_/jsbdlab/Public/css/index.css
ERR: 非法操作:_

[ 2015-09-13T11:22:17+08:00 ] ::1 /jsbdlab/index.php/Admin/Index/_/jsbdlab/Public/css/index.css
ERR: 非法操作:_

[ 2015-09-13T11:22:43+08:00 ] ::1 /jsbdlab/index.php/Admin/Index/_/jsbdlab/Public/css/index.css
ERR: 非法操作:_

[ 2015-09-13T11:23:47+08:00 ] ::1 /jsbdlab/index.php/Admin/Index/_/jsbdlab/Public/css/index.css
ERR: 非法操作:_

[ 2015-09-13T11:24:24+08:00 ] ::1 /jsbdlab/index.php/Admin/Index/_/jsbdlab/Public/css/index.css
ERR: 非法操作:_

[ 2015-09-13T11:24:24+08:00 ] ::1 /jsbdlab/index.php/Admin/Index/_/jsbdlab/Public/css/index.css
ERR: 非法操作:_

[ 2015-09-13T11:25:12+08:00 ] ::1 /jsbdlab/index.php/Admin/Index/_/jsbdlab/Public/css/index.css
ERR: 非法操作:_

[ 2015-09-13T11:25:13+08:00 ] ::1 /jsbdlab/index.php/Admin/Index/_/jsbdlab/Public/css/index.css
ERR: 非法操作:_

[ 2015-09-13T11:26:52+08:00 ] ::1 /jsbdlab/index.php/Admin/Index/_/jsbdlab/Public/css/index.css
ERR: 非法操作:_

[ 2015-09-13T11:27:02+08:00 ] ::1 /jsbdlab/index.php/Admin/Lab/_/jsbdlab/Public/css/index.css
ERR: 非法操作:_

[ 2015-09-13T11:27:25+08:00 ] ::1 /jsbdlab/index.php/Admin/Lab/_/jsbdlab/Public/css/index.css
ERR: 非法操作:_

[ 2015-09-13T11:27:29+08:00 ] ::1 /jsbdlab/index.php/Admin/Lab/_/jsbdlab/Public/css/index.css
ERR: 非法操作:_

[ 2015-09-13T13:06:08+08:00 ] ::1 /jsbdlab/
ERR: Access denied for user 'root'@'localhost' (using password: YES)

[ 2015-09-13T13:11:00+08:00 ] ::1 /jsbdlab/index.php/Admin/Lab/_/jsbdlab/Public/css/index.css
ERR: 非法操作:_

[ 2015-09-13T13:11:15+08:00 ] ::1 /jsbdlab/index.php/Admin/Lab/_/jsbdlab/Public/css/index.css
ERR: 非法操作:_

[ 2015-09-13T13:11:18+08:00 ] ::1 /jsbdlab/index.php/Admin/Lab/_/jsbdlab/Public/css/index.css
ERR: 非法操作:_

[ 2015-09-13T14:09:38+08:00 ] ::1 /jsbdlab/index.php/Admin/Lab/_/jsbdlab/Public/css/index.css
ERR: 非法操作:_

[ 2015-09-13T14:10:03+08:00 ] ::1 /jsbdlab/index.php/Admin/Lab/_/jsbdlab/Public/css/index.css
ERR: 非法操作:_

[ 2015-09-13T14:10:05+08:00 ] ::1 /jsbdlab/index.php/Admin/Lab/_/jsbdlab/Public/css/index.css
ERR: 非法操作:_

[ 2015-09-13T14:10:10+08:00 ] ::1 /jsbdlab/index.php/Admin/Index/_/jsbdlab/Public/css/index.css
ERR: 非法操作:_

[ 2015-09-13T14:19:42+08:00 ] ::1 /jsbdlab/index.php/Admin/Index/_/jsbdlab/Public/css/index.css
ERR: 非法操作:_

[ 2015-09-13T14:22:07+08:00 ] ::1 /jsbdlab/index.php/Admin/Index/_/jsbdlab/Public/css/index.css
ERR: 非法操作:_

[ 2015-09-13T14:22:51+08:00 ] ::1 /jsbdlab/index.php/Admin/Index/_/jsbdlab/Public/css/index.css
ERR: 非法操作:_

[ 2015-09-13T14:24:25+08:00 ] ::1 /jsbdlab/index.php/Admin/Index/_/jsbdlab/Public/css/index.css
ERR: 非法操作:_

[ 2015-09-13T14:24:43+08:00 ] ::1 /jsbdlab/index.php/Admin/Index/_/jsbdlab/Public/css/index.css
ERR: 非法操作:_

[ 2015-09-13T14:24:49+08:00 ] ::1 /jsbdlab/index.php/Admin/Index/_/jsbdlab/Public/css/index.css
ERR: 非法操作:_

[ 2015-09-13T14:25:23+08:00 ] ::1 /jsbdlab/index.php/Admin/Index/_/jsbdlab/Public/css/index.css
ERR: 非法操作:_

[ 2015-09-13T14:25:33+08:00 ] ::1 /jsbdlab/index.php/Admin/Index/_/jsbdlab/Public/css/index.css
ERR: 非法操作:_

[ 2015-09-13T14:25:52+08:00 ] ::1 /jsbdlab/index.php/Admin/Index/_/jsbdlab/Public/css/index.css
ERR: 非法操作:_

[ 2015-09-13T14:25:57+08:00 ] ::1 /jsbdlab/index.php/Admin/Index/_/jsbdlab/Public/css/index.css
ERR: 非法操作:_

[ 2015-09-13T14:25:57+08:00 ] ::1 /jsbdlab/index.php/Admin/Index/_/jsbdlab/Public/css/index.css
ERR: 非法操作:_

[ 2015-09-13T14:26:00+08:00 ] ::1 /jsbdlab/index.php/Admin/Index/_/jsbdlab/Public/css/index.css
ERR: 非法操作:_

[ 2015-09-13T14:26:07+08:00 ] ::1 /jsbdlab/index.php/Admin/Index/_/jsbdlab/Public/css/index.css
ERR: 非法操作:_

[ 2015-09-13T15:45:45+08:00 ] ::1 /jsbdlab/index.php/Admin/Index/_/jsbdlab/Public/css/index.css
ERR: 非法操作:_

[ 2015-09-13T15:45:46+08:00 ] ::1 /jsbdlab/index.php/Admin/Index/_/jsbdlab/Public/css/index.css
ERR: 非法操作:_

[ 2015-09-13T15:45:47+08:00 ] ::1 /jsbdlab/index.php/Admin/Index/_/jsbdlab/Public/css/index.css
ERR: 非法操作:_

[ 2015-09-13T15:46:08+08:00 ] ::1 /jsbdlab/index.php/Home/Index/morebdc
INFO: [ app_begin ] --START--
INFO: Run Behavior\ReadHtmlCache [ RunTime:0.001000s ]
INFO: [ app_begin ] --END-- [ RunTime:0.002000s ]
NOTIC: [8] A session had already been started - ignoring session_start() E:\xampp\www\jsbdlab\ThinkPHP\Common\functions.php 第 1092 行.
NOTIC: [8192] mysql_connect(): The mysql extension is deprecated and will be removed in the future: use mysqli or PDO instead E:\xampp\www\jsbdlab\ThinkPHP\Library\Think\Db\Driver\Mysql.class.php 第 52 行.
SQL: SHOW COLUMNS FROM `bd_bdpeople` [ RunTime:0.003000s ]
SQL: SELECT * FROM `bd_bdpeople` WHERE ( `active` = 1 ) AND ( id>0 ) LIMIT 2   [ RunTime:0.001001s ]

[ 2015-09-13T15:46:10+08:00 ] ::1 /jsbdlab/index.php/Home/Index/morebde
INFO: [ app_begin ] --START--
INFO: Run Behavior\ReadHtmlCache [ RunTime:0.001000s ]
INFO: [ app_begin ] --END-- [ RunTime:0.001000s ]
NOTIC: [8] A session had already been started - ignoring session_start() E:\xampp\www\jsbdlab\ThinkPHP\Common\functions.php 第 1092 行.
NOTIC: [8192] mysql_connect(): The mysql extension is deprecated and will be removed in the future: use mysqli or PDO instead E:\xampp\www\jsbdlab\ThinkPHP\Library\Think\Db\Driver\Mysql.class.php 第 52 行.
SQL: SHOW COLUMNS FROM `bd_event` [ RunTime:0.003000s ]
SQL: SELECT * FROM `bd_event` WHERE ( `active` = 1 ) AND ( id<17 ) ORDER BY id desc LIMIT 2   [ RunTime:0.000000s ]

[ 2015-09-13T15:46:12+08:00 ] ::1 /jsbdlab/index.php/Home/Index/morebde
INFO: [ app_begin ] --START--
INFO: Run Behavior\ReadHtmlCache [ RunTime:0.000000s ]
INFO: [ app_begin ] --END-- [ RunTime:0.002000s ]
NOTIC: [8] A session had already been started - ignoring session_start() E:\xampp\www\jsbdlab\ThinkPHP\Common\functions.php 第 1092 行.
NOTIC: [8192] mysql_connect(): The mysql extension is deprecated and will be removed in the future: use mysqli or PDO instead E:\xampp\www\jsbdlab\ThinkPHP\Library\Think\Db\Driver\Mysql.class.php 第 52 行.
SQL: SHOW COLUMNS FROM `bd_event` [ RunTime:0.005000s ]
SQL: SELECT * FROM `bd_event` WHERE ( `active` = 1 ) AND ( id<15 ) ORDER BY id desc LIMIT 2   [ RunTime:0.000000s ]

[ 2015-09-13T15:46:14+08:00 ] ::1 /jsbdlab/index.php/Home/Index/morebde
INFO: [ app_begin ] --START--
INFO: Run Behavior\ReadHtmlCache [ RunTime:0.000000s ]
INFO: [ app_begin ] --END-- [ RunTime:0.001000s ]
NOTIC: [8] A session had already been started - ignoring session_start() E:\xampp\www\jsbdlab\ThinkPHP\Common\functions.php 第 1092 行.
NOTIC: [8192] mysql_connect(): The mysql extension is deprecated and will be removed in the future: use mysqli or PDO instead E:\xampp\www\jsbdlab\ThinkPHP\Library\Think\Db\Driver\Mysql.class.php 第 52 行.
SQL: SHOW COLUMNS FROM `bd_event` [ RunTime:0.004000s ]
SQL: SELECT * FROM `bd_event` WHERE ( `active` = 1 ) AND ( id<12 ) ORDER BY id desc LIMIT 2   [ RunTime:0.001000s ]

[ 2015-09-13T15:46:16+08:00 ] ::1 /jsbdlab/index.php/Home/Index/morebds
INFO: [ app_begin ] --START--
INFO: Run Behavior\ReadHtmlCache [ RunTime:0.001000s ]
INFO: [ app_begin ] --END-- [ RunTime:0.002000s ]
NOTIC: [8] A session had already been started - ignoring session_start() E:\xampp\www\jsbdlab\ThinkPHP\Common\functions.php 第 1092 行.
NOTIC: [8192] mysql_connect(): The mysql extension is deprecated and will be removed in the future: use mysqli or PDO instead E:\xampp\www\jsbdlab\ThinkPHP\Library\Think\Db\Driver\Mysql.class.php 第 52 行.
SQL: SHOW COLUMNS FROM `bd_satc` [ RunTime:0.003000s ]
SQL: SELECT * FROM `bd_satc` WHERE ( `active` = 1 ) AND ( id<51 ) ORDER BY id desc LIMIT 2   [ RunTime:0.001000s ]

[ 2015-09-13T15:46:17+08:00 ] ::1 /jsbdlab/index.php/Home/Index/morebds
INFO: [ app_begin ] --START--
INFO: Run Behavior\ReadHtmlCache [ RunTime:0.001000s ]
INFO: [ app_begin ] --END-- [ RunTime:0.001000s ]
NOTIC: [8] A session had already been started - ignoring session_start() E:\xampp\www\jsbdlab\ThinkPHP\Common\functions.php 第 1092 行.
NOTIC: [8192] mysql_connect(): The mysql extension is deprecated and will be removed in the future: use mysqli or PDO instead E:\xampp\www\jsbdlab\ThinkPHP\Library\Think\Db\Driver\Mysql.class.php 第 52 行.
SQL: SHOW COLUMNS FROM `bd_satc` [ RunTime:0.004001s ]
SQL: SELECT * FROM `bd_satc` WHERE ( `active` = 1 ) AND ( id<48 ) ORDER BY id desc LIMIT 2   [ RunTime:0.002000s ]

[ 2015-09-13T15:46:19+08:00 ] ::1 /jsbdlab/index.php/Home/Index/morebds
INFO: [ app_begin ] --START--
INFO: Run Behavior\ReadHtmlCache [ RunTime:0.001001s ]
INFO: [ app_begin ] --END-- [ RunTime:0.002001s ]
NOTIC: [8] A session had already been started - ignoring session_start() E:\xampp\www\jsbdlab\ThinkPHP\Common\functions.php 第 1092 行.
NOTIC: [8192] mysql_connect(): The mysql extension is deprecated and will be removed in the future: use mysqli or PDO instead E:\xampp\www\jsbdlab\ThinkPHP\Library\Think\Db\Driver\Mysql.class.php 第 52 行.
SQL: SHOW COLUMNS FROM `bd_satc` [ RunTime:0.005000s ]
SQL: SELECT * FROM `bd_satc` WHERE ( `active` = 1 ) AND ( id<45 ) ORDER BY id desc LIMIT 2   [ RunTime:0.000000s ]

[ 2015-09-13T15:46:20+08:00 ] ::1 /jsbdlab/index.php/Home/Index/morebds
INFO: [ app_begin ] --START--
INFO: Run Behavior\ReadHtmlCache [ RunTime:0.001000s ]
INFO: [ app_begin ] --END-- [ RunTime:0.001000s ]
NOTIC: [8] A session had already been started - ignoring session_start() E:\xampp\www\jsbdlab\ThinkPHP\Common\functions.php 第 1092 行.
NOTIC: [8192] mysql_connect(): The mysql extension is deprecated and will be removed in the future: use mysqli or PDO instead E:\xampp\www\jsbdlab\ThinkPHP\Library\Think\Db\Driver\Mysql.class.php 第 52 行.
SQL: SHOW COLUMNS FROM `bd_satc` [ RunTime:0.003001s ]
SQL: SELECT * FROM `bd_satc` WHERE ( `active` = 1 ) AND ( id<43 ) ORDER BY id desc LIMIT 2   [ RunTime:0.001000s ]

[ 2015-09-13T15:46:21+08:00 ] ::1 /jsbdlab/index.php/Home/Index/morebds
INFO: [ app_begin ] --START--
INFO: Run Behavior\ReadHtmlCache [ RunTime:0.001000s ]
INFO: [ app_begin ] --END-- [ RunTime:0.002000s ]
NOTIC: [8] A session had already been started - ignoring session_start() E:\xampp\www\jsbdlab\ThinkPHP\Common\functions.php 第 1092 行.
NOTIC: [8192] mysql_connect(): The mysql extension is deprecated and will be removed in the future: use mysqli or PDO instead E:\xampp\www\jsbdlab\ThinkPHP\Library\Think\Db\Driver\Mysql.class.php 第 52 行.
SQL: SHOW COLUMNS FROM `bd_satc` [ RunTime:0.003000s ]
SQL: SELECT * FROM `bd_satc` WHERE ( `active` = 1 ) AND ( id<43 ) ORDER BY id desc LIMIT 2   [ RunTime:0.001000s ]

[ 2015-09-13T15:46:21+08:00 ] ::1 /jsbdlab/index.php/Home/Index/morebds
INFO: [ app_begin ] --START--
INFO: Run Behavior\ReadHtmlCache [ RunTime:0.001000s ]
INFO: [ app_begin ] --END-- [ RunTime:0.001000s ]
NOTIC: [8] A session had already been started - ignoring session_start() E:\xampp\www\jsbdlab\ThinkPHP\Common\functions.php 第 1092 行.
NOTIC: [8192] mysql_connect(): The mysql extension is deprecated and will be removed in the future: use mysqli or PDO instead E:\xampp\www\jsbdlab\ThinkPHP\Library\Think\Db\Driver\Mysql.class.php 第 52 行.
SQL: SHOW COLUMNS FROM `bd_satc` [ RunTime:0.003001s ]
SQL: SELECT * FROM `bd_satc` WHERE ( `active` = 1 ) AND ( id<43 ) ORDER BY id desc LIMIT 2   [ RunTime:0.001000s ]

[ 2015-09-13T15:46:21+08:00 ] ::1 /jsbdlab/index.php/Home/Index/morebds
INFO: [ app_begin ] --START--
INFO: Run Behavior\ReadHtmlCache [ RunTime:0.001000s ]
INFO: [ app_begin ] --END-- [ RunTime:0.001000s ]
NOTIC: [8] A session had already been started - ignoring session_start() E:\xampp\www\jsbdlab\ThinkPHP\Common\functions.php 第 1092 行.
NOTIC: [8192] mysql_connect(): The mysql extension is deprecated and will be removed in the future: use mysqli or PDO instead E:\xampp\www\jsbdlab\ThinkPHP\Library\Think\Db\Driver\Mysql.class.php 第 52 行.
SQL: SHOW COLUMNS FROM `bd_satc` [ RunTime:0.003000s ]
SQL: SELECT * FROM `bd_satc` WHERE ( `active` = 1 ) AND ( id<43 ) ORDER BY id desc LIMIT 2   [ RunTime:0.000000s ]

[ 2015-09-13T15:46:22+08:00 ] ::1 /jsbdlab/index.php/Home/Index/morebds
INFO: [ app_begin ] --START--
INFO: Run Behavior\ReadHtmlCache [ RunTime:0.000000s ]
INFO: [ app_begin ] --END-- [ RunTime:0.001000s ]
NOTIC: [8] A session had already been started - ignoring session_start() E:\xampp\www\jsbdlab\ThinkPHP\Common\functions.php 第 1092 行.
NOTIC: [8192] mysql_connect(): The mysql extension is deprecated and will be removed in the future: use mysqli or PDO instead E:\xampp\www\jsbdlab\ThinkPHP\Library\Think\Db\Driver\Mysql.class.php 第 52 行.
SQL: SHOW COLUMNS FROM `bd_satc` [ RunTime:0.004000s ]
SQL: SELECT * FROM `bd_satc` WHERE ( `active` = 1 ) AND ( id<43 ) ORDER BY id desc LIMIT 2   [ RunTime:0.000000s ]

[ 2015-09-13T15:46:22+08:00 ] ::1 /jsbdlab/index.php/Home/Index/morebds
INFO: [ app_begin ] --START--
INFO: Run Behavior\ReadHtmlCache [ RunTime:0.001001s ]
INFO: [ app_begin ] --END-- [ RunTime:0.001001s ]
NOTIC: [8] A session had already been started - ignoring session_start() E:\xampp\www\jsbdlab\ThinkPHP\Common\functions.php 第 1092 行.
NOTIC: [8192] mysql_connect(): The mysql extension is deprecated and will be removed in the future: use mysqli or PDO instead E:\xampp\www\jsbdlab\ThinkPHP\Library\Think\Db\Driver\Mysql.class.php 第 52 行.
SQL: SHOW COLUMNS FROM `bd_satc` [ RunTime:0.005000s ]
SQL: SELECT * FROM `bd_satc` WHERE ( `active` = 1 ) AND ( id<43 ) ORDER BY id desc LIMIT 2   [ RunTime:0.001000s ]

[ 2015-09-13T15:47:34+08:00 ] ::1 /jsbdlab/index.php/Home/Index/morebds
INFO: [ app_begin ] --START--
INFO: Run Behavior\ReadHtmlCache [ RunTime:0.000000s ]
INFO: [ app_begin ] --END-- [ RunTime:0.002000s ]
NOTIC: [8] A session had already been started - ignoring session_start() E:\xampp\www\jsbdlab\ThinkPHP\Common\functions.php 第 1092 行.
NOTIC: [8192] mysql_connect(): The mysql extension is deprecated and will be removed in the future: use mysqli or PDO instead E:\xampp\www\jsbdlab\ThinkPHP\Library\Think\Db\Driver\Mysql.class.php 第 52 行.
SQL: SHOW COLUMNS FROM `bd_satc` [ RunTime:0.004001s ]
SQL: SELECT * FROM `bd_satc` WHERE ( `active` = 1 ) AND ( id<43 ) ORDER BY id desc LIMIT 2   [ RunTime:0.001000s ]

[ 2015-09-13T16:21:29+08:00 ] ::1 /jsbdlab/index.php/Admin/Index/_/jsbdlab/Public/css/index.css
ERR: 非法操作:_

[ 2015-09-13T16:28:07+08:00 ] ::1 /jsbdlab/index.php/Admin/Index/_/jsbdlab/Public/css/index.css
ERR: 非法操作:_

[ 2015-09-13T16:31:09+08:00 ] ::1 /jsbdlab/index.php/Admin/Index/_/jsbdlab/Public/css/index.css
ERR: 非法操作:_

[ 2015-09-13T16:31:15+08:00 ] ::1 /jsbdlab/index.php/Admin/Index/_/jsbdlab/Public/css/index.css
ERR: 非法操作:_

[ 2015-09-13T16:34:26+08:00 ] ::1 /jsbdlab/index.php/Admin/Index/_/jsbdlab/Public/css/index.css
ERR: 非法操作:_

[ 2015-09-13T16:35:39+08:00 ] ::1 /jsbdlab/index.php/Admin/Index/_/jsbdlab/Public/css/index.css
ERR: 非法操作:_

[ 2015-09-13T16:36:50+08:00 ] ::1 /jsbdlab/index.php/Admin/Index/_/jsbdlab/Public/css/index.css
ERR: 非法操作:_

[ 2015-09-13T16:37:27+08:00 ] ::1 /jsbdlab/index.php/Admin/Index/_/jsbdlab/Public/css/index.css
ERR: 非法操作:_

[ 2015-09-13T16:37:29+08:00 ] ::1 /jsbdlab/index.php/Admin/Index/_/jsbdlab/Public/css/index.css
ERR: 非法操作:_

[ 2015-09-13T16:37:38+08:00 ] ::1 /jsbdlab/index.php/Admin/Index/_/jsbdlab/Public/css/index.css
ERR: 非法操作:_

[ 2015-09-13T16:38:13+08:00 ] ::1 /jsbdlab/index.php/Admin/Index/_/jsbdlab/Public/css/index.css
ERR: 非法操作:_

[ 2015-09-13T16:41:34+08:00 ] ::1 /jsbdlab/index.php/Admin/Index/_/jsbdlab/Public/css/index.css
ERR: 非法操作:_

[ 2015-09-13T16:41:35+08:00 ] ::1 /jsbdlab/index.php/Admin/Index/_/jsbdlab/Public/css/index.css
ERR: 非法操作:_

[ 2015-09-13T16:42:48+08:00 ] ::1 /jsbdlab/index.php/Admin/Index/_/jsbdlab/Public/css/index.css
ERR: 非法操作:_

[ 2015-09-13T16:44:46+08:00 ] ::1 /jsbdlab/index.php/Admin/Index/_/jsbdlab/Public/css/index.css
ERR: 非法操作:_

[ 2015-09-13T16:44:49+08:00 ] ::1 /jsbdlab/index.php/Admin/Index/_/jsbdlab/Public/css/index.css
ERR: 非法操作:_

[ 2015-09-13T16:45:04+08:00 ] ::1 /jsbdlab/index.php/Admin/Index/_/jsbdlab/Public/css/index.css
ERR: 非法操作:_

[ 2015-09-13T16:45:29+08:00 ] ::1 /jsbdlab/index.php/Admin/Index/_/jsbdlab/Public/css/index.css
ERR: 非法操作:_

[ 2015-09-13T16:45:41+08:00 ] ::1 /jsbdlab/index.php/Admin/Index/_/jsbdlab/Public/css/index.css
ERR: 非法操作:_

[ 2015-09-13T16:46:41+08:00 ] ::1 /jsbdlab/index.php/Admin/Index/_/jsbdlab/Public/css/index.css
ERR: 非法操作:_

[ 2015-09-13T16:47:02+08:00 ] ::1 /jsbdlab/index.php/Admin/Index/_/jsbdlab/Public/css/index.css
ERR: 非法操作:_

[ 2015-09-13T16:54:35+08:00 ] ::1 /jsbdlab/index.php/Admin/Index/_/jsbdlab/Public/css/index.css
ERR: 非法操作:_

[ 2015-09-13T16:54:59+08:00 ] ::1 /jsbdlab/index.php/Admin/Index/_/jsbdlab/Public/css/index.css
ERR: 非法操作:_

[ 2015-09-13T16:55:11+08:00 ] ::1 /jsbdlab/index.php/Admin/Index/_/jsbdlab/Public/css/index.css
ERR: 非法操作:_

[ 2015-09-13T16:55:21+08:00 ] ::1 /jsbdlab/index.php/Admin/Index/_/jsbdlab/Public/css/index.css
ERR: 非法操作:_

[ 2015-09-13T16:55:22+08:00 ] ::1 /jsbdlab/index.php/Admin/Index/_/jsbdlab/Public/css/index.css
ERR: 非法操作:_

[ 2015-09-13T16:55:24+08:00 ] ::1 /jsbdlab/index.php/Admin/Index/_/jsbdlab/Public/css/index.css
ERR: 非法操作:_

[ 2015-09-13T16:55:24+08:00 ] ::1 /jsbdlab/index.php/Admin/Index/_/jsbdlab/Public/css/index.css
ERR: 非法操作:_

[ 2015-09-13T16:55:35+08:00 ] ::1 /jsbdlab/index.php/Admin/Index/_/jsbdlab/Public/css/index.css
ERR: 非法操作:_

[ 2015-09-13T16:56:16+08:00 ] ::1 /jsbdlab/index.php/Admin/Index/_/jsbdlab/Public/css/index.css
ERR: 非法操作:_

[ 2015-09-13T16:56:26+08:00 ] ::1 /jsbdlab/index.php/Admin/Index/_/jsbdlab/Public/css/index.css
ERR: 非法操作:_

[ 2015-09-13T17:03:23+08:00 ] ::1 /jsbdlab/index.php/Admin/Index/_/jsbdlab/Public/css/index.css
ERR: 非法操作:_

[ 2015-09-13T17:03:30+08:00 ] ::1 /jsbdlab/index.php/Admin/Index/_/jsbdlab/Public/css/index.css
ERR: 非法操作:_

[ 2015-09-13T17:06:40+08:00 ] ::1 /jsbdlab/index.php/Admin/Index/_/jsbdlab/Public/css/index.css
ERR: 非法操作:_

[ 2015-09-13T17:07:57+08:00 ] ::1 /jsbdlab/index.php/Admin/Index/_/jsbdlab/Public/css/index.css
ERR: 非法操作:_

[ 2015-09-13T17:09:17+08:00 ] ::1 /jsbdlab/index.php/Admin/Index/_/jsbdlab/Public/css/index.css
ERR: 非法操作:_

[ 2015-09-13T17:12:56+08:00 ] ::1 /jsbdlab/index.php/Admin/Index/_/jsbdlab/Public/css/index.css
ERR: 非法操作:_

[ 2015-09-13T17:13:16+08:00 ] ::1 /jsbdlab/index.php/Admin/Index/_/jsbdlab/Public/css/index.css
ERR: 非法操作:_

[ 2015-09-13T17:20:02+08:00 ] ::1 /jsbdlab/index.php/Admin/Index/_/jsbdlab/Public/css/index.css
ERR: 非法操作:_

[ 2015-09-13T17:20:16+08:00 ] ::1 /jsbdlab/index.php/Admin/Index/_/jsbdlab/Public/css/index.css
ERR: 非法操作:_

[ 2015-09-13T17:20:19+08:00 ] ::1 /jsbdlab/index.php/Admin/Index/_/jsbdlab/Public/css/index.css
ERR: 非法操作:_

[ 2015-09-13T17:30:19+08:00 ] ::1 /jsbdlab/index.php/Home/Index/morebds
INFO: [ app_begin ] --START--
INFO: Run Behavior\ReadHtmlCache [ RunTime:0.000000s ]
INFO: [ app_begin ] --END-- [ RunTime:0.000000s ]
NOTIC: [8] A session had already been started - ignoring session_start() E:\xampp\www\jsbdlab\ThinkPHP\Common\functions.php 第 1092 行.
NOTIC: [8192] mysql_connect(): The mysql extension is deprecated and will be removed in the future: use mysqli or PDO instead E:\xampp\www\jsbdlab\ThinkPHP\Library\Think\Db\Driver\Mysql.class.php 第 52 行.
SQL: SHOW COLUMNS FROM `bd_satc` [ RunTime:0.003000s ]
SQL: SELECT * FROM `bd_satc` WHERE ( `active` = 1 ) AND ( id<51 ) ORDER BY id desc LIMIT 2   [ RunTime:0.000000s ]

[ 2015-09-13T17:43:53+08:00 ] ::1 /jsbdlab/index.php/Admin/Index/_/jsbdlab/Public/css/index.css
ERR: 非法操作:_

[ 2015-09-13T17:46:05+08:00 ] ::1 /jsbdlab/index.php/Admin/Index/_/jsbdlab/Public/css/index.css
ERR: 非法操作:_

[ 2015-09-13T18:20:21+08:00 ] ::1 /jsbdlab/index.php/Admin/Index/_/jsbdlab/Public/css/index.css
ERR: 非法操作:_

[ 2015-09-13T18:23:14+08:00 ] ::1 /jsbdlab/index.php/Admin/Index/_/jsbdlab/Public/css/index.css
ERR: 非法操作:_

[ 2015-09-13T18:23:17+08:00 ] ::1 /jsbdlab/index.php/Admin/Index/_/jsbdlab/Public/css/index.css
ERR: 非法操作:_

[ 2015-09-13T18:23:29+08:00 ] ::1 /jsbdlab/index.php/Admin/Index/_/jsbdlab/Public/css/index.css
ERR: 非法操作:_

[ 2015-09-13T18:23:44+08:00 ] ::1 /jsbdlab/index.php/Admin/Index/_/jsbdlab/Public/css/index.css
ERR: 非法操作:_

[ 2015-09-13T18:23:58+08:00 ] ::1 /jsbdlab/index.php/Admin/Index/_/jsbdlab/Public/css/index.css
ERR: 非法操作:_

[ 2015-09-13T18:24:00+08:00 ] ::1 /jsbdlab/index.php/Admin/Index/_/jsbdlab/Public/css/index.css
ERR: 非法操作:_

[ 2015-09-13T18:24:12+08:00 ] ::1 /jsbdlab/index.php/Admin/Index/_/jsbdlab/Public/css/index.css
ERR: 非法操作:_

[ 2015-09-13T18:25:09+08:00 ] ::1 /jsbdlab/index.php/Admin/Index/_/jsbdlab/Public/css/index.css
ERR: 非法操作:_

[ 2015-09-13T18:25:22+08:00 ] ::1 /jsbdlab/index.php/Admin/Index/_/jsbdlab/Public/css/index.css
ERR: 非法操作:_

[ 2015-09-13T18:25:57+08:00 ] ::1 /jsbdlab/index.php/Admin/Index/_/jsbdlab/Public/css/index.css
ERR: 非法操作:_

[ 2015-09-13T18:25:58+08:00 ] ::1 /jsbdlab/index.php/Admin/Index/_/jsbdlab/Public/css/index.css
ERR: 非法操作:_

[ 2015-09-13T18:26:11+08:00 ] ::1 /jsbdlab/index.php/Admin/Index/_/jsbdlab/Public/css/index.css
ERR: 非法操作:_

[ 2015-09-13T18:26:50+08:00 ] ::1 /jsbdlab/index.php/Admin/Index/_/jsbdlab/Public/css/index.css
ERR: 非法操作:_

[ 2015-09-13T18:26:50+08:00 ] ::1 /jsbdlab/index.php/Admin/Index/_/jsbdlab/Public/css/index.css
ERR: 非法操作:_

[ 2015-09-13T18:26:51+08:00 ] ::1 /jsbdlab/index.php/Admin/Index/_/jsbdlab/Public/css/index.css
ERR: 非法操作:_

[ 2015-09-13T18:27:21+08:00 ] ::1 /jsbdlab/index.php/Admin/Index/_/jsbdlab/Public/css/index.css
ERR: 非法操作:_

[ 2015-09-13T18:27:21+08:00 ] ::1 /jsbdlab/index.php/Admin/Index/_/jsbdlab/Public/css/index.css
ERR: 非法操作:_

[ 2015-09-13T18:27:50+08:00 ] ::1 /jsbdlab/index.php/Admin/Index/_/jsbdlab/Public/css/index.css
ERR: 非法操作:_

[ 2015-09-13T18:29:17+08:00 ] ::1 /jsbdlab/index.php/Admin/Index/_/jsbdlab/Public/css/index.css
ERR: 非法操作:_

[ 2015-09-13T18:33:33+08:00 ] ::1 /jsbdlab/index.php/Admin/Index/_/jsbdlab/Public/css/index.css
ERR: 非法操作:_

[ 2015-09-13T18:33:52+08:00 ] ::1 /jsbdlab/index.php/Admin/Index/_/jsbdlab/Public/css/index.css
ERR: 非法操作:_

[ 2015-09-13T18:38:49+08:00 ] ::1 /jsbdlab/index.php/Admin/Index/_/jsbdlab/Public/css/index.css
ERR: 非法操作:_

[ 2015-09-13T18:39:03+08:00 ] ::1 /jsbdlab/index.php/Admin/Index/_/jsbdlab/Public/css/index.css
ERR: 非法操作:_

[ 2015-09-13T18:40:15+08:00 ] ::1 /jsbdlab/index.php/Admin/Index/_/jsbdlab/Public/css/index.css
ERR: 非法操作:_

[ 2015-09-13T18:40:28+08:00 ] ::1 /jsbdlab/index.php/Admin/Index/_/jsbdlab/Public/css/index.css
ERR: 非法操作:_

[ 2015-09-13T18:40:41+08:00 ] ::1 /jsbdlab/index.php/Admin/Index/_/jsbdlab/Public/css/index.css
ERR: 非法操作:_

[ 2015-09-13T18:40:51+08:00 ] ::1 /jsbdlab/index.php/Admin/Index/_/jsbdlab/Public/css/index.css
ERR: 非法操作:_

[ 2015-09-13T18:40:53+08:00 ] ::1 /jsbdlab/index.php/Admin/Index/_/jsbdlab/Public/css/index.css
ERR: 非法操作:_

[ 2015-09-13T18:47:30+08:00 ] ::1 /jsbdlab/index.php/Admin/Index/_/jsbdlab/Public/css/index.css
ERR: 非法操作:_

[ 2015-09-13T18:49:02+08:00 ] ::1 /jsbdlab/index.php/Admin/Index/_/jsbdlab/Public/css/index.css
ERR: 非法操作:_

