[ 2015-07-27T09:11:16+08:00 ] ::1 /jsbdlab/index.php/Home/Index/contact.html
ERR: 非法操作:contact

[ 2015-07-27T09:11:19+08:00 ] ::1 /jsbdlab/index.php/Home/Index/contact.html
ERR: 非法操作:contact

[ 2015-07-27T15:53:11+08:00 ] ::1 /jsbdlab/index.php/Admin/Index/loginHandle.html
ERR: Think\Controller:errror方法不存在！

[ 2015-07-27T16:47:15+08:00 ] ::1 /jsbdlab/index.php/Admin/Index/index.html
ERR: 模板不存在:./Application/Admin/View/Index/index.html

[ 2015-07-27T17:10:28+08:00 ] ::1 /jsbdlab/index.php/Admin/Index/index.html
ERR: 模板不存在:./Application/Admin/View/Index/index.html

[ 2015-07-27T17:10:29+08:00 ] ::1 /jsbdlab/index.php/Admin/Index/index.html
ERR: 模板不存在:./Application/Admin/View/Index/index.html

[ 2015-07-27T17:18:46+08:00 ] ::1 /jsbdlab/index.php/Admin/Login/login
ERR: 无法加载控制器:Login

[ 2015-07-27T17:19:08+08:00 ] ::1 /jsbdlab/index.php/Admin/Login/login
ERR: 模板不存在:./Application/Admin/View/Login/login.html

[ 2015-07-27T17:19:32+08:00 ] ::1 /jsbdlab/index.php/Admin/Login/index.html
ERR: 非法操作:index

[ 2015-07-27T17:20:05+08:00 ] ::1 /jsbdlab/index.php/Admin/Login/index.html
ERR: 非法操作:index

[ 2015-07-27T17:20:05+08:00 ] ::1 /jsbdlab/index.php/Admin/Login/index.html
ERR: 非法操作:index

[ 2015-07-27T18:05:26+08:00 ] ::1 /jsbdlab/index.php/Admin/Login/index.html
ERR: 非法操作:index

[ 2015-07-27T18:05:27+08:00 ] ::1 /jsbdlab/index.php/Admin/Login/index.html
ERR: 非法操作:index

[ 2015-07-27T18:06:00+08:00 ] ::1 /jsbdlab/index.php/Admin/Index/loginHandle.html
ERR: 非法操作:loginhandle

[ 2015-07-27T18:06:39+08:00 ] ::1 /jsbdlab/index.php/Admin/Index/loginHandle.html
ERR: 非法操作:loginhandle

[ 2015-07-27T18:07:24+08:00 ] ::1 /jsbdlab/index.php/Admin/Index/loginHandle.html
ERR: 非法操作:loginhandle

[ 2015-07-27T18:07:48+08:00 ] ::1 /jsbdlab/index.php/Admin/Index/loginHandle.html
ERR: 非法操作:loginhandle

[ 2015-07-27T18:09:51+08:00 ] ::1 /jsbdlab/index.php/Admin/Index/loginHandle.html
ERR: 非法操作:loginhandle

[ 2015-07-27T18:10:20+08:00 ] ::1 /jsbdlab/index.php/Admin/Index/loginHandle.html
ERR: 非法操作:loginhandle

[ 2015-07-27T18:10:29+08:00 ] ::1 /jsbdlab/index.php/Admin/Index/loginHandle.html
ERR: 非法操作:loginhandle

[ 2015-07-27T18:11:12+08:00 ] ::1 /jsbdlab/index.php/Admin/Index/loginHandle.html
ERR: 非法操作:loginhandle

[ 2015-07-27T18:11:20+08:00 ] ::1 /jsbdlab/index.php/Admin/Index/loginHandle.html
ERR: 非法操作:loginhandle

[ 2015-07-27T18:20:46+08:00 ] ::1 /jsbdlab/index.php/Admin/Manage/addMeeting.html
ERR: 无法加载控制器:Manage

[ 2015-07-27T18:20:47+08:00 ] ::1 /jsbdlab/index.php/Admin/Manage/listMeeting.html
ERR: 无法加载控制器:Manage

[ 2015-07-27T18:20:48+08:00 ] ::1 /jsbdlab/index.php/Admin/Manage/addArtical.html
ERR: 无法加载控制器:Manage

[ 2015-07-27T18:20:49+08:00 ] ::1 /jsbdlab/index.php/Admin/Manage/listArtical.html
ERR: 无法加载控制器:Manage

[ 2015-07-27T18:20:49+08:00 ] ::1 /jsbdlab/index.php/Admin/Manage/addMeeting.html
ERR: 无法加载控制器:Manage

[ 2015-07-27T18:20:50+08:00 ] ::1 /jsbdlab/index.php/Admin/Manage/listMember.html
ERR: 无法加载控制器:Manage

[ 2015-07-27T18:20:50+08:00 ] ::1 /jsbdlab/index.php/Admin/Manage/addMember.html
ERR: 无法加载控制器:Manage

[ 2015-07-27T18:44:52+08:00 ] ::1 /jsbdlab/index.php/Admin/Manage/logout.html
ERR: 无法加载控制器:Manage

