[ 2015-09-05T15:07:00+08:00 ] ::1 /jsbdlab/index.php/Admin/Index/_/jsbdlab/Public/css/index.css
ERR: 非法操作:_

[ 2015-09-05T15:07:49+08:00 ] ::1 /jsbdlab/index.php/Admin/Index/_/jsbdlab/Public/css/index.css
ERR: 非法操作:_

[ 2015-09-05T15:08:49+08:00 ] ::1 /jsbdlab/index.php/Admin/Index/_/jsbdlab/Public/css/index.css
ERR: 非法操作:_

[ 2015-09-05T15:08:50+08:00 ] ::1 /jsbdlab/index.php/Admin/Index/_/jsbdlab/Public/css/index.css
ERR: 非法操作:_

[ 2015-09-05T15:10:51+08:00 ] ::1 /jsbdlab/index.php/Admin/Index/_/jsbdlab/Public/css/index.css
ERR: 非法操作:_

[ 2015-09-05T15:13:11+08:00 ] ::1 /jsbdlab/index.php/Admin/Index/_/jsbdlab/Public/css/index.css
ERR: 非法操作:_

[ 2015-09-05T15:13:24+08:00 ] ::1 /jsbdlab/index.php/Admin/Index/_/jsbdlab/Public/css/index.css
ERR: 非法操作:_

[ 2015-09-05T15:13:47+08:00 ] ::1 /jsbdlab/index.php/Admin/Index/_/jsbdlab/Public/css/index.css
ERR: 非法操作:_

[ 2015-09-05T15:14:00+08:00 ] ::1 /jsbdlab/index.php/Admin/Index/_/jsbdlab/Public/css/index.css
ERR: 非法操作:_

[ 2015-09-05T15:14:15+08:00 ] ::1 /jsbdlab/index.php/Admin/Index/_/jsbdlab/Public/css/index.css
ERR: 非法操作:_

[ 2015-09-05T15:14:25+08:00 ] ::1 /jsbdlab/index.php/Admin/Index/_/jsbdlab/Public/css/index.css
ERR: 非法操作:_

[ 2015-09-05T15:16:28+08:00 ] ::1 /jsbdlab/index.php/Admin/Index/_/jsbdlab/Public/css/index.css
ERR: 非法操作:_

[ 2015-09-05T15:17:20+08:00 ] ::1 /jsbdlab/index.php/Admin/Index/_/jsbdlab/Public/css/index.css
ERR: 非法操作:_

[ 2015-09-05T15:17:34+08:00 ] ::1 /jsbdlab/index.php/Admin/Index/_/jsbdlab/Public/css/index.css
ERR: 非法操作:_

[ 2015-09-05T15:19:40+08:00 ] ::1 /jsbdlab/index.php/Admin/Index/_/jsbdlab/Public/css/index.css
ERR: 非法操作:_

[ 2015-09-05T15:19:44+08:00 ] ::1 /jsbdlab/index.php/Admin/Index/_/jsbdlab/Public/css/index.css
ERR: 非法操作:_

[ 2015-09-05T15:19:50+08:00 ] ::1 /jsbdlab/index.php/Admin/Index/_/jsbdlab/Public/css/index.css
ERR: 非法操作:_

[ 2015-09-05T15:19:54+08:00 ] ::1 /jsbdlab/index.php/Admin/Index/_/jsbdlab/Public/css/index.css
ERR: 非法操作:_

[ 2015-09-05T15:20:56+08:00 ] ::1 /jsbdlab/index.php/Admin/Index/_/jsbdlab/Public/css/index.css
ERR: 非法操作:_

[ 2015-09-05T15:20:59+08:00 ] ::1 /jsbdlab/index.php/Admin/Index/_/jsbdlab/Public/css/index.css
ERR: 非法操作:_

[ 2015-09-05T15:22:05+08:00 ] ::1 /jsbdlab/index.php/Admin/Index/_/jsbdlab/Public/css/index.css
ERR: 非法操作:_

[ 2015-09-05T15:22:10+08:00 ] ::1 /jsbdlab/index.php/Admin/Index/_/jsbdlab/Public/css/index.css
ERR: 非法操作:_

[ 2015-09-05T15:22:13+08:00 ] ::1 /jsbdlab/index.php/Admin/Index/_/jsbdlab/Public/css/index.css
ERR: 非法操作:_

[ 2015-09-05T15:22:17+08:00 ] ::1 /jsbdlab/index.php/Admin/Index/_/jsbdlab/Public/css/index.css
ERR: 非法操作:_

[ 2015-09-05T15:23:13+08:00 ] ::1 /jsbdlab/index.php/Admin/Index/_/jsbdlab/Public/css/index.css
ERR: 非法操作:_

[ 2015-09-05T15:23:22+08:00 ] ::1 /jsbdlab/index.php/Admin/Index/_/jsbdlab/Public/css/index.css
ERR: 非法操作:_

[ 2015-09-05T15:24:21+08:00 ] ::1 /jsbdlab/index.php/Admin/Index/_/jsbdlab/Public/css/index.css
ERR: 非法操作:_

[ 2015-09-05T15:24:29+08:00 ] ::1 /jsbdlab/index.php/Admin/Index/_/jsbdlab/Public/css/index.css
ERR: 非法操作:_

[ 2015-09-05T15:24:48+08:00 ] ::1 /jsbdlab/index.php/Admin/Index/_/jsbdlab/Public/css/index.css
ERR: 非法操作:_

[ 2015-09-05T15:24:52+08:00 ] ::1 /jsbdlab/index.php/Admin/Index/_/jsbdlab/Public/css/index.css
ERR: 非法操作:_

[ 2015-09-05T15:24:55+08:00 ] ::1 /jsbdlab/index.php/Admin/Index/_/jsbdlab/Public/css/index.css
ERR: 非法操作:_

[ 2015-09-05T15:24:59+08:00 ] ::1 /jsbdlab/index.php/Admin/Index/_/jsbdlab/Public/css/index.css
ERR: 非法操作:_

[ 2015-09-05T15:25:34+08:00 ] ::1 /jsbdlab/index.php/Admin/Index/_/jsbdlab/Public/css/index.css
ERR: 非法操作:_

[ 2015-09-05T15:25:39+08:00 ] ::1 /jsbdlab/index.php/Admin/Index/_/jsbdlab/Public/css/index.css
ERR: 非法操作:_

[ 2015-09-05T15:26:34+08:00 ] ::1 /jsbdlab/index.php/Admin/Index/_/jsbdlab/Public/css/index.css
ERR: 非法操作:_

[ 2015-09-05T15:26:39+08:00 ] ::1 /jsbdlab/index.php/Admin/Index/_/jsbdlab/Public/css/index.css
ERR: 非法操作:_

[ 2015-09-05T15:26:46+08:00 ] ::1 /jsbdlab/index.php/Admin/Index/_/jsbdlab/Public/css/index.css
ERR: 非法操作:_

[ 2015-09-05T15:26:47+08:00 ] ::1 /jsbdlab/index.php/Admin/Index/_/jsbdlab/Public/css/index.css
ERR: 非法操作:_

[ 2015-09-05T15:26:50+08:00 ] ::1 /jsbdlab/index.php/Admin/Index/_/jsbdlab/Public/css/index.css
ERR: 非法操作:_

[ 2015-09-05T15:26:52+08:00 ] ::1 /jsbdlab/index.php/Admin/Index/_/jsbdlab/Public/css/index.css
ERR: 非法操作:_

[ 2015-09-05T15:26:54+08:00 ] ::1 /jsbdlab/index.php/Admin/Index/_/jsbdlab/Public/css/index.css
ERR: 非法操作:_

[ 2015-09-05T15:26:56+08:00 ] ::1 /jsbdlab/index.php/Admin/Index/_/jsbdlab/Public/css/index.css
ERR: 非法操作:_

[ 2015-09-05T15:26:57+08:00 ] ::1 /jsbdlab/index.php/Admin/Index/_/jsbdlab/Public/css/index.css
ERR: 非法操作:_

[ 2015-09-05T15:26:59+08:00 ] ::1 /jsbdlab/index.php/Admin/Index/_/jsbdlab/Public/css/index.css
ERR: 非法操作:_

[ 2015-09-05T15:27:01+08:00 ] ::1 /jsbdlab/index.php/Admin/Index/_/jsbdlab/Public/css/index.css
ERR: 非法操作:_

[ 2015-09-05T15:27:08+08:00 ] ::1 /jsbdlab/index.php/Admin/Index/_/jsbdlab/Public/css/index.css
ERR: 非法操作:_

[ 2015-09-05T15:27:14+08:00 ] ::1 /jsbdlab/index.php/Admin/Index/_/jsbdlab/Public/css/index.css
ERR: 非法操作:_

[ 2015-09-05T15:27:45+08:00 ] ::1 /jsbdlab/index.php/Admin/Index/_/jsbdlab/Public/css/index.css
ERR: 非法操作:_

[ 2015-09-05T15:27:53+08:00 ] ::1 /jsbdlab/index.php/Admin/Index/_/jsbdlab/Public/css/index.css
ERR: 非法操作:_

[ 2015-09-05T15:28:10+08:00 ] ::1 /jsbdlab/index.php/Admin/Index/_/jsbdlab/Public/css/index.css
ERR: 非法操作:_

[ 2015-09-05T15:31:48+08:00 ] ::1 /jsbdlab/index.php/Admin/Index/_/jsbdlab/Public/css/index.css
ERR: 非法操作:_

[ 2015-09-05T15:31:58+08:00 ] ::1 /jsbdlab/index.php/Admin/Index/_/jsbdlab/Public/css/index.css
ERR: 非法操作:_

[ 2015-09-05T15:32:00+08:00 ] ::1 /jsbdlab/index.php/Admin/Index/_/jsbdlab/Public/css/index.css
ERR: 非法操作:_

[ 2015-09-05T15:32:33+08:00 ] ::1 /jsbdlab/index.php/Admin/Index/_/jsbdlab/Public/css/index.css
ERR: 非法操作:_

[ 2015-09-05T15:34:38+08:00 ] ::1 /jsbdlab/index.php/Admin/Index/_/jsbdlab/Public/css/index.css
ERR: 非法操作:_

[ 2015-09-05T15:39:28+08:00 ] ::1 /jsbdlab/index.php/Admin/Index/_/jsbdlab/Public/css/index.css
ERR: 非法操作:_

[ 2015-09-05T15:40:28+08:00 ] ::1 /jsbdlab/index.php/Admin/Index/_/jsbdlab/Public/css/index.css
ERR: 非法操作:_

[ 2015-09-05T15:40:30+08:00 ] ::1 /jsbdlab/index.php/Admin/Index/_/jsbdlab/Public/css/index.css
ERR: 非法操作:_

[ 2015-09-05T15:40:34+08:00 ] ::1 /jsbdlab/index.php/Admin/Index/_/jsbdlab/Public/css/index.css
ERR: 非法操作:_

[ 2015-09-05T15:40:36+08:00 ] ::1 /jsbdlab/index.php/Admin/Index/_/jsbdlab/Public/css/index.css
ERR: 非法操作:_

[ 2015-09-05T15:40:59+08:00 ] ::1 /jsbdlab/index.php/Admin/Index/_/jsbdlab/Public/css/index.css
ERR: 非法操作:_

[ 2015-09-05T15:41:13+08:00 ] ::1 /jsbdlab/index.php/Admin/Index/_/jsbdlab/Public/css/index.css
ERR: 非法操作:_

[ 2015-09-05T15:41:16+08:00 ] ::1 /jsbdlab/index.php/Admin/Index/_/jsbdlab/Public/css/index.css
ERR: 非法操作:_

[ 2015-09-05T15:41:33+08:00 ] ::1 /jsbdlab/index.php/Admin/Index/_/jsbdlab/Public/css/index.css
ERR: 非法操作:_

[ 2015-09-05T15:41:47+08:00 ] ::1 /jsbdlab/index.php/Admin/Index/_/jsbdlab/Public/css/index.css
ERR: 非法操作:_

[ 2015-09-05T15:42:00+08:00 ] ::1 /jsbdlab/index.php/Admin/Index/_/jsbdlab/Public/css/index.css
ERR: 非法操作:_

[ 2015-09-05T15:42:13+08:00 ] ::1 /jsbdlab/index.php/Admin/Index/_/jsbdlab/Public/css/index.css
ERR: 非法操作:_

[ 2015-09-05T15:42:14+08:00 ] ::1 /jsbdlab/index.php/Admin/Index/_/jsbdlab/Public/css/index.css
ERR: 非法操作:_

[ 2015-09-05T15:42:19+08:00 ] ::1 /jsbdlab/index.php/Admin/Index/_/jsbdlab/Public/css/index.css
ERR: 非法操作:_

[ 2015-09-05T15:42:21+08:00 ] ::1 /jsbdlab/index.php/Admin/Index/_/jsbdlab/Public/css/index.css
ERR: 非法操作:_

[ 2015-09-05T15:42:26+08:00 ] ::1 /jsbdlab/index.php/Admin/Index/_/jsbdlab/Public/css/index.css
ERR: 非法操作:_

[ 2015-09-05T15:42:29+08:00 ] ::1 /jsbdlab/index.php/Admin/Index/_/jsbdlab/Public/css/index.css
ERR: 非法操作:_

[ 2015-09-05T15:42:31+08:00 ] ::1 /jsbdlab/index.php/Admin/Index/_/jsbdlab/Public/css/index.css
ERR: 非法操作:_

[ 2015-09-05T15:42:33+08:00 ] ::1 /jsbdlab/index.php/Admin/Index/_/jsbdlab/Public/css/index.css
ERR: 非法操作:_

[ 2015-09-05T15:42:35+08:00 ] ::1 /jsbdlab/index.php/Admin/Index/_/jsbdlab/Public/css/index.css
ERR: 非法操作:_

[ 2015-09-05T15:42:37+08:00 ] ::1 /jsbdlab/index.php/Admin/Index/_/jsbdlab/Public/css/index.css
ERR: 非法操作:_

[ 2015-09-05T15:42:43+08:00 ] ::1 /jsbdlab/index.php/Admin/Index/_/jsbdlab/Public/css/index.css
ERR: 非法操作:_

[ 2015-09-05T15:42:47+08:00 ] ::1 /jsbdlab/index.php/Admin/Index/_/jsbdlab/Public/css/index.css
ERR: 非法操作:_

[ 2015-09-05T15:43:01+08:00 ] ::1 /jsbdlab/index.php/Admin/Index/_/jsbdlab/Public/css/index.css
ERR: 非法操作:_

[ 2015-09-05T16:12:31+08:00 ] ::1 /jsbdlab/index.php/Admin/Index/_/jsbdlab/Public/css/index.css
ERR: 非法操作:_

[ 2015-09-05T16:12:41+08:00 ] ::1 /jsbdlab/index.php/Admin/Index/_/jsbdlab/Public/css/index.css
ERR: 非法操作:_

[ 2015-09-05T16:12:44+08:00 ] ::1 /jsbdlab/index.php/Admin/Index/_/jsbdlab/Public/css/index.css
ERR: 非法操作:_

[ 2015-09-05T16:12:57+08:00 ] ::1 /jsbdlab/index.php/Admin/Index/_/jsbdlab/Public/css/index.css
ERR: 非法操作:_

[ 2015-09-05T16:13:54+08:00 ] ::1 /jsbdlab/index.php/Admin/Index/_/jsbdlab/Public/css/index.css
ERR: 非法操作:_

[ 2015-09-05T16:16:28+08:00 ] ::1 /jsbdlab/index.php/Admin/Index/_/jsbdlab/Public/css/index.css
ERR: 非法操作:_

[ 2015-09-05T16:16:59+08:00 ] ::1 /jsbdlab/index.php/Admin/Index/_/jsbdlab/Public/css/index.css
ERR: 非法操作:_

[ 2015-09-05T16:17:20+08:00 ] ::1 /jsbdlab/index.php/Admin/Index/_/jsbdlab/Public/css/index.css
ERR: 非法操作:_

[ 2015-09-05T16:18:18+08:00 ] ::1 /jsbdlab/index.php/Admin/Index/_/jsbdlab/Public/css/index.css
ERR: 非法操作:_

[ 2015-09-05T16:18:21+08:00 ] ::1 /jsbdlab/index.php/Admin/Index/_/jsbdlab/Public/css/index.css
ERR: 非法操作:_

[ 2015-09-05T16:18:54+08:00 ] ::1 /jsbdlab/index.php/Admin/Index/_/jsbdlab/Public/css/index.css
ERR: 非法操作:_

[ 2015-09-05T16:18:55+08:00 ] ::1 /jsbdlab/index.php/Admin/Index/_/jsbdlab/Public/css/index.css
ERR: 非法操作:_

[ 2015-09-05T16:18:55+08:00 ] ::1 /jsbdlab/index.php/Admin/Index/_/jsbdlab/Public/css/index.css
ERR: 非法操作:_

[ 2015-09-05T16:18:57+08:00 ] ::1 /jsbdlab/index.php/Admin/Index/_/jsbdlab/Public/css/index.css
ERR: 非法操作:_

[ 2015-09-05T16:19:01+08:00 ] ::1 /jsbdlab/index.php/Admin/Index/_/jsbdlab/Public/css/index.css
ERR: 非法操作:_

[ 2015-09-05T16:19:08+08:00 ] ::1 /jsbdlab/index.php/Admin/Index/_/jsbdlab/Public/css/index.css
ERR: 非法操作:_

[ 2015-09-05T16:58:28+08:00 ] ::1 /jsbdlab/index.php/Admin/Index/_/jsbdlab/Public/css/index.css
ERR: 非法操作:_

[ 2015-09-05T17:00:08+08:00 ] ::1 /jsbdlab/index.php/Admin/Index/_/jsbdlab/Public/css/index.css
ERR: 非法操作:_

[ 2015-09-05T17:00:33+08:00 ] ::1 /jsbdlab/index.php/Admin/Index/_/jsbdlab/Public/css/index.css
ERR: 非法操作:_

[ 2015-09-05T17:00:35+08:00 ] ::1 /jsbdlab/index.php/Admin/Index/_/jsbdlab/Public/css/index.css
ERR: 非法操作:_

[ 2015-09-05T17:00:39+08:00 ] ::1 /jsbdlab/index.php/Admin/Index/_/jsbdlab/Public/css/index.css
ERR: 非法操作:_

[ 2015-09-05T17:01:19+08:00 ] ::1 /jsbdlab/index.php/Admin/Index/_/jsbdlab/Public/css/index.css
ERR: 非法操作:_

[ 2015-09-05T17:01:23+08:00 ] ::1 /jsbdlab/index.php/Admin/Index/_/jsbdlab/Public/css/index.css
ERR: 非法操作:_

[ 2015-09-05T17:01:27+08:00 ] ::1 /jsbdlab/index.php/Admin/Index/_/jsbdlab/Public/css/index.css
ERR: 非法操作:_

[ 2015-09-05T17:01:32+08:00 ] ::1 /jsbdlab/index.php/Admin/Index/_/jsbdlab/Public/css/index.css
ERR: 非法操作:_

[ 2015-09-05T17:16:39+08:00 ] ::1 /jsbdlab/index.php/Admin/Index/_/jsbdlab/Public/css/index.css
ERR: 非法操作:_

[ 2015-09-05T17:17:30+08:00 ] ::1 /jsbdlab/index.php/Admin/Index/_/jsbdlab/Public/css/index.css
ERR: 非法操作:_

[ 2015-09-05T17:18:04+08:00 ] ::1 /jsbdlab/index.php/Admin/Index/_/jsbdlab/Public/css/index.css
ERR: 非法操作:_

[ 2015-09-05T17:18:19+08:00 ] ::1 /jsbdlab/index.php/Admin/Index/_/jsbdlab/Public/css/index.css
ERR: 非法操作:_

[ 2015-09-05T17:19:10+08:00 ] ::1 /jsbdlab/index.php/Admin/Index/_/jsbdlab/Public/css/index.css
ERR: 非法操作:_

[ 2015-09-05T17:19:53+08:00 ] ::1 /jsbdlab/index.php/Admin/Index/_/jsbdlab/Public/css/index.css
ERR: 非法操作:_

[ 2015-09-05T17:20:15+08:00 ] ::1 /jsbdlab/index.php/Admin/Index/_/jsbdlab/Public/css/index.css
ERR: 非法操作:_

[ 2015-09-05T17:21:48+08:00 ] ::1 /jsbdlab/index.php/Admin/Index/_/jsbdlab/Public/css/index.css
ERR: 非法操作:_

[ 2015-09-05T17:21:55+08:00 ] ::1 /jsbdlab/index.php/Admin/Index/_/jsbdlab/Public/css/index.css
ERR: 非法操作:_

[ 2015-09-05T17:22:01+08:00 ] ::1 /jsbdlab/index.php/Admin/Index/_/jsbdlab/Public/css/index.css
ERR: 非法操作:_

[ 2015-09-05T17:22:10+08:00 ] ::1 /jsbdlab/index.php/Admin/Index/_/jsbdlab/Public/css/index.css
ERR: 非法操作:_

[ 2015-09-05T17:22:29+08:00 ] ::1 /jsbdlab/index.php/Admin/Index/_/jsbdlab/Public/css/index.css
ERR: 非法操作:_

[ 2015-09-05T17:22:45+08:00 ] ::1 /jsbdlab/index.php/Admin/Index/_/jsbdlab/Public/css/index.css
ERR: 非法操作:_

[ 2015-09-05T17:23:38+08:00 ] ::1 /jsbdlab/index.php/Admin/Index/_/jsbdlab/Public/css/index.css
ERR: 非法操作:_

[ 2015-09-05T17:23:53+08:00 ] ::1 /jsbdlab/index.php/Admin/Index/_/jsbdlab/Public/css/index.css
ERR: 非法操作:_

[ 2015-09-05T17:23:54+08:00 ] ::1 /jsbdlab/index.php/Admin/Index/_/jsbdlab/Public/css/index.css
ERR: 非法操作:_

[ 2015-09-05T17:23:55+08:00 ] ::1 /jsbdlab/index.php/Admin/Index/_/jsbdlab/Public/css/index.css
ERR: 非法操作:_

[ 2015-09-05T17:23:55+08:00 ] ::1 /jsbdlab/index.php/Admin/Index/_/jsbdlab/Public/css/index.css
ERR: 非法操作:_

[ 2015-09-05T17:24:03+08:00 ] ::1 /jsbdlab/index.php/Admin/Index/_/jsbdlab/Public/css/index.css
ERR: 非法操作:_

[ 2015-09-05T17:24:04+08:00 ] ::1 /jsbdlab/index.php/Admin/Index/_/jsbdlab/Public/css/index.css
ERR: 非法操作:_

[ 2015-09-05T17:24:13+08:00 ] ::1 /jsbdlab/index.php/Admin/Index/_/jsbdlab/Public/css/index.css
ERR: 非法操作:_

[ 2015-09-05T17:24:17+08:00 ] ::1 /jsbdlab/index.php/Admin/Index/_/jsbdlab/Public/css/index.css
ERR: 非法操作:_

[ 2015-09-05T17:24:27+08:00 ] ::1 /jsbdlab/index.php/Admin/Index/_/jsbdlab/Public/css/index.css
ERR: 非法操作:_

[ 2015-09-05T17:24:29+08:00 ] ::1 /jsbdlab/index.php/Admin/Index/_/jsbdlab/Public/css/index.css
ERR: 非法操作:_

[ 2015-09-05T17:25:04+08:00 ] ::1 /jsbdlab/index.php/Admin/Index/_/jsbdlab/Public/css/index.css
ERR: 非法操作:_

[ 2015-09-05T17:25:14+08:00 ] ::1 /jsbdlab/index.php/Admin/Index/_/jsbdlab/Public/css/index.css
ERR: 非法操作:_

[ 2015-09-05T17:25:16+08:00 ] ::1 /jsbdlab/index.php/Admin/Index/_/jsbdlab/Public/css/index.css
ERR: 非法操作:_

[ 2015-09-05T17:25:17+08:00 ] ::1 /jsbdlab/index.php/Admin/Index/_/jsbdlab/Public/css/index.css
ERR: 非法操作:_

[ 2015-09-05T17:25:27+08:00 ] ::1 /jsbdlab/index.php/Admin/Index/_/jsbdlab/Public/css/index.css
ERR: 非法操作:_

[ 2015-09-05T17:25:29+08:00 ] ::1 /jsbdlab/index.php/Admin/Index/_/jsbdlab/Public/css/index.css
ERR: 非法操作:_

[ 2015-09-05T17:25:41+08:00 ] ::1 /jsbdlab/index.php/Admin/Index/_/jsbdlab/Public/css/index.css
ERR: 非法操作:_

[ 2015-09-05T17:26:14+08:00 ] ::1 /jsbdlab/index.php/Admin/Index/_/jsbdlab/Public/css/index.css
ERR: 非法操作:_

[ 2015-09-05T17:26:23+08:00 ] ::1 /jsbdlab/index.php/Admin/Index/_/jsbdlab/Public/css/index.css
ERR: 非法操作:_

[ 2015-09-05T17:26:36+08:00 ] ::1 /jsbdlab/index.php/Admin/Index/_/jsbdlab/Public/css/index.css
ERR: 非法操作:_

[ 2015-09-05T17:26:39+08:00 ] ::1 /jsbdlab/index.php/Admin/Index/_/jsbdlab/Public/css/index.css
ERR: 非法操作:_

[ 2015-09-05T17:26:47+08:00 ] ::1 /jsbdlab/index.php/Admin/Index/_/jsbdlab/Public/css/index.css
ERR: 非法操作:_

[ 2015-09-05T17:26:52+08:00 ] ::1 /jsbdlab/index.php/Admin/Index/_/jsbdlab/Public/css/index.css
ERR: 非法操作:_

[ 2015-09-05T17:27:54+08:00 ] ::1 /jsbdlab/index.php/Admin/Index/_/jsbdlab/Public/css/index.css
ERR: 非法操作:_

[ 2015-09-05T17:28:12+08:00 ] ::1 /jsbdlab/index.php/Admin/Index/_/jsbdlab/Public/css/index.css
ERR: 非法操作:_

[ 2015-09-05T17:28:12+08:00 ] ::1 /jsbdlab/index.php/Admin/Index/_/jsbdlab/Public/css/index.css
ERR: 非法操作:_

[ 2015-09-05T17:28:27+08:00 ] ::1 /jsbdlab/index.php/Admin/Index/_/jsbdlab/Public/css/index.css
ERR: 非法操作:_

[ 2015-09-05T17:28:38+08:00 ] ::1 /jsbdlab/index.php/Admin/Index/_/jsbdlab/Public/css/index.css
ERR: 非法操作:_

[ 2015-09-05T17:28:39+08:00 ] ::1 /jsbdlab/index.php/Admin/Index/_/jsbdlab/Public/css/index.css
ERR: 非法操作:_

[ 2015-09-05T17:28:41+08:00 ] ::1 /jsbdlab/index.php/Admin/Index/_/jsbdlab/Public/css/index.css
ERR: 非法操作:_

[ 2015-09-05T17:28:48+08:00 ] ::1 /jsbdlab/index.php/Admin/Index/_/jsbdlab/Public/css/index.css
ERR: 非法操作:_

[ 2015-09-05T17:29:44+08:00 ] ::1 /jsbdlab/index.php/Admin/Index/_/jsbdlab/Public/css/index.css
ERR: 非法操作:_

[ 2015-09-05T17:29:53+08:00 ] ::1 /jsbdlab/index.php/Admin/Index/_/jsbdlab/Public/css/index.css
ERR: 非法操作:_

[ 2015-09-05T17:30:03+08:00 ] ::1 /jsbdlab/index.php/Admin/Index/_/jsbdlab/Public/css/index.css
ERR: 非法操作:_

[ 2015-09-05T17:31:22+08:00 ] ::1 /jsbdlab/index.php/Admin/Index/_/jsbdlab/Public/css/index.css
ERR: 非法操作:_

[ 2015-09-05T17:31:28+08:00 ] ::1 /jsbdlab/index.php/Admin/Index/_/jsbdlab/Public/css/index.css
ERR: 非法操作:_

[ 2015-09-05T17:31:32+08:00 ] ::1 /jsbdlab/index.php/Admin/Index/_/jsbdlab/Public/css/index.css
ERR: 非法操作:_

[ 2015-09-05T18:44:35+08:00 ] ::1 /jsbdlab/index.php/Admin/Index/_/jsbdlab/Public/css/index.css
ERR: 非法操作:_

[ 2015-09-05T18:44:36+08:00 ] ::1 /jsbdlab/index.php/Admin/Index/_/jsbdlab/Public/css/index.css
ERR: 非法操作:_

[ 2015-09-05T18:44:56+08:00 ] ::1 /jsbdlab/index.php/Admin/Index/_/jsbdlab/Public/css/index.css
ERR: 非法操作:_

[ 2015-09-05T19:52:16+08:00 ] ::1 /jsbdlab/index.php/Admin/Lab/_/jsbdlab/Public/css/index.css
ERR: 非法操作:_

[ 2015-09-05T19:53:45+08:00 ] ::1 /jsbdlab/index.php/Admin/Lab/_/jsbdlab/Public/css/index.css
ERR: 非法操作:_

[ 2015-09-05T19:59:16+08:00 ] ::1 /jsbdlab/index.php/Admin/Lab/_/jsbdlab/Public/css/index.css
ERR: 非法操作:_

[ 2015-09-05T19:59:43+08:00 ] ::1 /jsbdlab/index.php/Admin/Lab/_/jsbdlab/Public/css/index.css
ERR: 非法操作:_

[ 2015-09-05T19:59:56+08:00 ] ::1 /jsbdlab/index.php/Admin/Lab/_/jsbdlab/Public/css/index.css
ERR: 非法操作:_

[ 2015-09-05T20:00:03+08:00 ] ::1 /jsbdlab/index.php/Admin/Index/_/jsbdlab/Public/css/index.css
ERR: 非法操作:_

[ 2015-09-05T20:01:18+08:00 ] ::1 /jsbdlab/index.php/Admin/Lab/_/jsbdlab/Public/css/index.css
ERR: 非法操作:_

[ 2015-09-05T20:01:44+08:00 ] ::1 /jsbdlab/index.php/Admin/Lab/_/jsbdlab/Public/css/index.css
ERR: 非法操作:_

[ 2015-09-05T20:02:24+08:00 ] ::1 /jsbdlab/index.php/Admin/Lab/_/jsbdlab/Public/css/index.css
ERR: 非法操作:_

[ 2015-09-05T20:02:25+08:00 ] ::1 /jsbdlab/index.php/Admin/Lab/_/jsbdlab/Public/css/index.css
ERR: 非法操作:_

[ 2015-09-05T20:02:25+08:00 ] ::1 /jsbdlab/index.php/Admin/Lab/_/jsbdlab/Public/css/index.css
ERR: 非法操作:_

[ 2015-09-05T20:02:26+08:00 ] ::1 /jsbdlab/index.php/Admin/Lab/_/jsbdlab/Public/css/index.css
ERR: 非法操作:_

[ 2015-09-05T20:02:26+08:00 ] ::1 /jsbdlab/index.php/Admin/Lab/_/jsbdlab/Public/css/index.css
ERR: 非法操作:_

[ 2015-09-05T20:02:27+08:00 ] ::1 /jsbdlab/index.php/Admin/Lab/_/jsbdlab/Public/css/index.css
ERR: 非法操作:_

[ 2015-09-05T20:02:27+08:00 ] ::1 /jsbdlab/index.php/Admin/Lab/_/jsbdlab/Public/css/index.css
ERR: 非法操作:_

[ 2015-09-05T20:02:28+08:00 ] ::1 /jsbdlab/index.php/Admin/Lab/_/jsbdlab/Public/css/index.css
ERR: 非法操作:_

[ 2015-09-05T20:02:28+08:00 ] ::1 /jsbdlab/index.php/Admin/Lab/_/jsbdlab/Public/css/index.css
ERR: 非法操作:_

[ 2015-09-05T20:02:29+08:00 ] ::1 /jsbdlab/index.php/Admin/Lab/_/jsbdlab/Public/css/index.css
ERR: 非法操作:_

[ 2015-09-05T20:02:29+08:00 ] ::1 /jsbdlab/index.php/Admin/Lab/_/jsbdlab/Public/css/index.css
ERR: 非法操作:_

[ 2015-09-05T20:02:29+08:00 ] ::1 /jsbdlab/index.php/Admin/Lab/_/jsbdlab/Public/css/index.css
ERR: 非法操作:_

[ 2015-09-05T20:02:30+08:00 ] ::1 /jsbdlab/index.php/Admin/Lab/_/jsbdlab/Public/css/index.css
ERR: 非法操作:_

[ 2015-09-05T20:02:30+08:00 ] ::1 /jsbdlab/index.php/Admin/Lab/_/jsbdlab/Public/css/index.css
ERR: 非法操作:_

[ 2015-09-05T20:02:31+08:00 ] ::1 /jsbdlab/index.php/Admin/Lab/_/jsbdlab/Public/css/index.css
ERR: 非法操作:_

[ 2015-09-05T20:02:31+08:00 ] ::1 /jsbdlab/index.php/Admin/Lab/_/jsbdlab/Public/css/index.css
ERR: 非法操作:_

[ 2015-09-05T20:07:41+08:00 ] ::1 /jsbdlab/index.php/Admin/Lab/_/jsbdlab/Public/css/index.css
ERR: 非法操作:_

[ 2015-09-05T20:07:58+08:00 ] ::1 /jsbdlab/index.php/Admin/Lab/_/jsbdlab/Public/css/index.css
ERR: 非法操作:_

[ 2015-09-05T20:08:00+08:00 ] ::1 /jsbdlab/index.php/Admin/Lab/_/jsbdlab/Public/css/index.css
ERR: 非法操作:_

[ 2015-09-05T20:08:01+08:00 ] ::1 /jsbdlab/index.php/Admin/Lab/_/jsbdlab/Public/css/index.css
ERR: 非法操作:_

[ 2015-09-05T20:08:02+08:00 ] ::1 /jsbdlab/index.php/Admin/Lab/_/jsbdlab/Public/css/index.css
ERR: 非法操作:_

[ 2015-09-05T20:08:29+08:00 ] ::1 /jsbdlab/index.php/Admin/Lab/_/jsbdlab/Public/css/index.css
ERR: 非法操作:_

[ 2015-09-05T20:08:31+08:00 ] ::1 /jsbdlab/index.php/Admin/Lab/_/jsbdlab/Public/css/index.css
ERR: 非法操作:_

[ 2015-09-05T20:08:57+08:00 ] ::1 /jsbdlab/index.php/Admin/Lab/_/jsbdlab/Public/css/index.css
ERR: 非法操作:_

[ 2015-09-05T20:08:58+08:00 ] ::1 /jsbdlab/index.php/Admin/Lab/_/jsbdlab/Public/css/index.css
ERR: 非法操作:_

[ 2015-09-05T20:08:59+08:00 ] ::1 /jsbdlab/index.php/Admin/Lab/_/jsbdlab/Public/css/index.css
ERR: 非法操作:_

[ 2015-09-05T20:09:23+08:00 ] ::1 /jsbdlab/index.php/Admin/Lab/_/jsbdlab/Public/css/index.css
ERR: 非法操作:_

[ 2015-09-05T20:09:25+08:00 ] ::1 /jsbdlab/index.php/Admin/Lab/_/jsbdlab/Public/css/index.css
ERR: 非法操作:_

[ 2015-09-05T20:09:28+08:00 ] ::1 /jsbdlab/index.php/Admin/Lab/_/jsbdlab/Public/css/index.css
ERR: 非法操作:_

[ 2015-09-05T20:09:37+08:00 ] ::1 /jsbdlab/index.php/Admin/Lab/_/jsbdlab/Public/css/index.css
ERR: 非法操作:_

[ 2015-09-05T20:53:08+08:00 ] ::1 /jsbdlab/index.php/Admin/Lab/_/jsbdlab/Public/css/index.css
ERR: 非法操作:_

[ 2015-09-05T20:56:29+08:00 ] ::1 /jsbdlab/index.php/Admin/Lab/_/jsbdlab/Public/css/index.css
ERR: 非法操作:_

[ 2015-09-05T20:57:24+08:00 ] ::1 /jsbdlab/index.php/Admin/Index/_/jsbdlab/Public/css/index.css
ERR: 非法操作:_

[ 2015-09-05T21:04:24+08:00 ] ::1 /jsbdlab/index.php/Admin/Lab/_/jsbdlab/Public/css/index.css
ERR: 非法操作:_

[ 2015-09-05T21:04:40+08:00 ] ::1 /jsbdlab/index.php/Admin/Lab/_/jsbdlab/Public/css/index.css
ERR: 非法操作:_

[ 2015-09-05T21:06:18+08:00 ] ::1 /jsbdlab/index.php/Admin/Lab/_/jsbdlab/Public/css/index.css
ERR: 非法操作:_

[ 2015-09-05T21:23:22+08:00 ] ::1 /jsbdlab/index.php/Admin/Lab/_/jsbdlab/Public/css/index.css
ERR: 非法操作:_

[ 2015-09-05T21:23:33+08:00 ] ::1 /jsbdlab/index.php/Admin/Lab/_/jsbdlab/Public/css/index.css
ERR: 非法操作:_

[ 2015-09-05T21:23:44+08:00 ] ::1 /jsbdlab/index.php/Admin/Lab/_/jsbdlab/Public/css/index.css
ERR: 非法操作:_

[ 2015-09-05T21:23:53+08:00 ] ::1 /jsbdlab/index.php/Admin/Lab/labinthandle.html
ERR: 非法操作:labinthandle

[ 2015-09-05T21:24:30+08:00 ] ::1 /jsbdlab/index.php/Admin/Lab/_/jsbdlab/Public/css/index.css
ERR: 非法操作:_

[ 2015-09-05T21:24:35+08:00 ] ::1 /jsbdlab/index.php/Admin/Lab/labinthandle.html
ERR: 非法操作:labinthandle

[ 2015-09-05T21:25:40+08:00 ] ::1 /jsbdlab/index.php/Admin/Lab/_/jsbdlab/Public/css/index.css
ERR: 非法操作:_

[ 2015-09-05T21:25:47+08:00 ] ::1 /jsbdlab/index.php/Admin/Lab/_/jsbdlab/Public/css/index.css
ERR: 非法操作:_

[ 2015-09-05T21:26:20+08:00 ] ::1 /jsbdlab/index.php/Admin/Lab/_/jsbdlab/Public/css/index.css
ERR: 非法操作:_

[ 2015-09-05T21:26:25+08:00 ] ::1 /jsbdlab/index.php/Admin/Index/_/jsbdlab/Public/css/index.css
ERR: 非法操作:_

[ 2015-09-05T21:26:28+08:00 ] ::1 /jsbdlab/index.php/Admin/Lab/_/jsbdlab/Public/css/index.css
ERR: 非法操作:_

[ 2015-09-05T21:26:35+08:00 ] ::1 /jsbdlab/index.php/Admin/Lab/_/jsbdlab/Public/css/index.css
ERR: 非法操作:_

[ 2015-09-05T21:27:09+08:00 ] ::1 /jsbdlab/index.php/Admin/Lab/_/jsbdlab/Public/css/index.css
ERR: 非法操作:_

[ 2015-09-05T21:27:18+08:00 ] ::1 /jsbdlab/index.php/Admin/Lab/_/jsbdlab/Public/css/index.css
ERR: 非法操作:_

[ 2015-09-05T21:27:45+08:00 ] ::1 /jsbdlab/index.php/Admin/Lab/_/jsbdlab/Public/css/index.css
ERR: 非法操作:_

[ 2015-09-05T21:27:52+08:00 ] ::1 /jsbdlab/index.php/Admin/Lab/_/jsbdlab/Public/css/index.css
ERR: 非法操作:_

[ 2015-09-05T21:28:07+08:00 ] ::1 /jsbdlab/index.php/Admin/Lab/_/jsbdlab/Public/css/index.css
ERR: 非法操作:_

[ 2015-09-05T21:28:14+08:00 ] ::1 /jsbdlab/index.php/Admin/Lab/_/jsbdlab/Public/css/index.css
ERR: 非法操作:_

[ 2015-09-05T21:29:35+08:00 ] ::1 /jsbdlab/index.php/Admin/Lab/_/jsbdlab/Public/css/index.css
ERR: 非法操作:_

[ 2015-09-05T21:29:42+08:00 ] ::1 /jsbdlab/index.php/Admin/Lab/_/jsbdlab/Public/css/index.css
ERR: 非法操作:_

[ 2015-09-05T21:33:58+08:00 ] ::1 /jsbdlab/index.php/Admin/Lab/_/jsbdlab/Public/css/index.css
ERR: 非法操作:_

[ 2015-09-05T21:38:39+08:00 ] ::1 /jsbdlab/index.php/Admin/Lab/_/jsbdlab/Public/css/index.css
ERR: 非法操作:_

[ 2015-09-05T21:38:46+08:00 ] ::1 /jsbdlab/index.php/Admin/Lab/_/jsbdlab/Public/css/index.css
ERR: 非法操作:_

[ 2015-09-05T21:41:26+08:00 ] ::1 /jsbdlab/index.php/Admin/Lab/_/jsbdlab/Public/css/index.css
ERR: 非法操作:_

[ 2015-09-05T21:41:32+08:00 ] ::1 /jsbdlab/index.php/Admin/Lab/_/jsbdlab/Public/css/index.css
ERR: 非法操作:_

[ 2015-09-05T21:45:11+08:00 ] ::1 /jsbdlab/index.php/Admin/Lab/_/jsbdlab/Public/css/index.css
ERR: 非法操作:_

[ 2015-09-05T21:45:31+08:00 ] ::1 /jsbdlab/index.php/Admin/Lab/_/jsbdlab/Public/css/index.css
ERR: 非法操作:_

[ 2015-09-05T21:45:37+08:00 ] ::1 /jsbdlab/index.php/Admin/Lab/_/jsbdlab/Public/css/index.css
ERR: 非法操作:_

[ 2015-09-05T21:59:59+08:00 ] ::1 /jsbdlab/index.php/Admin/Lab/_/jsbdlab/Public/css/index.css
ERR: 非法操作:_

[ 2015-09-05T22:45:02+08:00 ] ::1 /jsbdlab/index.php/Admin/Lab/_/jsbdlab/Public/css/index.css
ERR: 非法操作:_

[ 2015-09-05T22:46:42+08:00 ] ::1 /jsbdlab/index.php/Admin/Lab/_/jsbdlab/Public/css/index.css
ERR: 非法操作:_

[ 2015-09-05T22:47:05+08:00 ] ::1 /jsbdlab/index.php/Admin/Lab/_/jsbdlab/Public/css/index.css
ERR: 非法操作:_

[ 2015-09-05T22:47:06+08:00 ] ::1 /jsbdlab/index.php/Admin/Lab/_/jsbdlab/Public/css/index.css
ERR: 非法操作:_

[ 2015-09-05T22:47:07+08:00 ] ::1 /jsbdlab/index.php/Admin/Lab/_/jsbdlab/Public/css/index.css
ERR: 非法操作:_

[ 2015-09-05T22:47:07+08:00 ] ::1 /jsbdlab/index.php/Admin/Lab/_/jsbdlab/Public/css/index.css
ERR: 非法操作:_

[ 2015-09-05T22:47:08+08:00 ] ::1 /jsbdlab/index.php/Admin/Lab/_/jsbdlab/Public/css/index.css
ERR: 非法操作:_

[ 2015-09-05T22:47:08+08:00 ] ::1 /jsbdlab/index.php/Admin/Lab/_/jsbdlab/Public/css/index.css
ERR: 非法操作:_

[ 2015-09-05T22:47:08+08:00 ] ::1 /jsbdlab/index.php/Admin/Lab/_/jsbdlab/Public/css/index.css
ERR: 非法操作:_

[ 2015-09-05T22:47:08+08:00 ] ::1 /jsbdlab/index.php/Admin/Lab/_/jsbdlab/Public/css/index.css
ERR: 非法操作:_

[ 2015-09-05T22:48:04+08:00 ] ::1 /jsbdlab/index.php/Admin/Lab/_/jsbdlab/Public/css/index.css
ERR: 非法操作:_

[ 2015-09-05T22:48:04+08:00 ] ::1 /jsbdlab/index.php/Admin/Lab/_/jsbdlab/Public/css/index.css
ERR: 非法操作:_

[ 2015-09-05T22:51:02+08:00 ] ::1 /jsbdlab/index.php/Admin/Lab/_/jsbdlab/Public/css/index.css
ERR: 非法操作:_

[ 2015-09-05T22:51:03+08:00 ] ::1 /jsbdlab/index.php/Admin/Lab/_/jsbdlab/Public/css/index.css
ERR: 非法操作:_

[ 2015-09-05T22:51:07+08:00 ] ::1 /jsbdlab/index.php/Admin/Lab/_/jsbdlab/Public/css/index.css
ERR: 非法操作:_

[ 2015-09-05T22:51:21+08:00 ] ::1 /jsbdlab/index.php/Admin/Lab/_/jsbdlab/Public/css/index.css
ERR: 非法操作:_

[ 2015-09-05T22:51:22+08:00 ] ::1 /jsbdlab/index.php/Admin/Lab/_/jsbdlab/Public/css/index.css
ERR: 非法操作:_

[ 2015-09-05T22:51:37+08:00 ] ::1 /jsbdlab/index.php/Admin/Lab/_/jsbdlab/Public/css/index.css
ERR: 非法操作:_

[ 2015-09-05T22:51:59+08:00 ] ::1 /jsbdlab/index.php/Admin/Lab/_/jsbdlab/Public/css/index.css
ERR: 非法操作:_

[ 2015-09-05T22:52:52+08:00 ] ::1 /jsbdlab/index.php/Admin/Lab/_/jsbdlab/Public/css/index.css
ERR: 非法操作:_

[ 2015-09-05T22:55:29+08:00 ] ::1 /jsbdlab/index.php/Admin/Lab/_/jsbdlab/Public/css/index.css
ERR: 非法操作:_

[ 2015-09-05T22:55:33+08:00 ] ::1 /jsbdlab/index.php/Admin/Lab/_/jsbdlab/Public/css/index.css
ERR: 非法操作:_

[ 2015-09-05T23:00:08+08:00 ] ::1 /jsbdlab/index.php/Admin/Lab/_/jsbdlab/Public/css/index.css
ERR: 非法操作:_

[ 2015-09-05T23:00:11+08:00 ] ::1 /jsbdlab/index.php/Admin/Lab/_/jsbdlab/Public/css/index.css
ERR: 非法操作:_

[ 2015-09-05T23:03:05+08:00 ] ::1 /jsbdlab/index.php/Admin/Lab/_/jsbdlab/Public/css/index.css
ERR: 非法操作:_

[ 2015-09-05T23:03:10+08:00 ] ::1 /jsbdlab/index.php/Admin/Lab/_/jsbdlab/Public/css/index.css
ERR: 非法操作:_

[ 2015-09-05T23:03:12+08:00 ] ::1 /jsbdlab/index.php/Admin/Lab/_/jsbdlab/Public/css/index.css
ERR: 非法操作:_

[ 2015-09-05T23:03:17+08:00 ] ::1 /jsbdlab/index.php/Admin/Lab/_/jsbdlab/Public/css/index.css
ERR: 非法操作:_

[ 2015-09-05T23:10:51+08:00 ] ::1 /jsbdlab/index.php/Admin/Lab/delAtc/id/1.html
ERR: 非法操作:delatc

[ 2015-09-05T23:11:18+08:00 ] ::1 /jsbdlab/index.php/Admin/Lab/_/jsbdlab/Public/css/index.css
ERR: 非法操作:_

[ 2015-09-05T23:11:21+08:00 ] ::1 /jsbdlab/index.php/Admin/Lab/_/jsbdlab/Public/css/index.css
ERR: 非法操作:_

[ 2015-09-05T23:19:56+08:00 ] ::1 /jsbdlab/index.php/Admin/Lab/_/jsbdlab/Public/css/index.css
ERR: 非法操作:_

[ 2015-09-05T23:22:01+08:00 ] ::1 /jsbdlab/index.php/Admin/Lab/_/jsbdlab/Public/css/index.css
ERR: 非法操作:_

[ 2015-09-05T23:22:24+08:00 ] ::1 /jsbdlab/index.php/Admin/Lab/_/jsbdlab/Public/css/index.css
ERR: 非法操作:_

[ 2015-09-05T23:22:30+08:00 ] ::1 /jsbdlab/index.php/Admin/Lab/relabhandle.html
ERR: 非法操作:relabhandle

[ 2015-09-05T23:25:06+08:00 ] ::1 /jsbdlab/index.php/Admin/Lab/_/jsbdlab/Public/css/index.css
ERR: 非法操作:_

[ 2015-09-05T23:27:21+08:00 ] ::1 /jsbdlab/index.php/Admin/Lab/_/jsbdlab/Public/css/index.css
ERR: 非法操作:_

[ 2015-09-05T23:28:04+08:00 ] ::1 /jsbdlab/index.php/Admin/Lab/_/jsbdlab/Public/css/index.css
ERR: 非法操作:_

[ 2015-09-05T23:28:06+08:00 ] ::1 /jsbdlab/index.php/Admin/Lab/_/jsbdlab/Public/css/index.css
ERR: 非法操作:_

[ 2015-09-05T23:30:12+08:00 ] ::1 /jsbdlab/index.php/Admin/Lab/_/jsbdlab/Public/css/index.css
ERR: 非法操作:_

[ 2015-09-05T23:30:43+08:00 ] ::1 /jsbdlab/index.php/Admin/Lab/_/jsbdlab/Public/css/index.css
ERR: 非法操作:_

[ 2015-09-05T23:30:44+08:00 ] ::1 /jsbdlab/index.php/Admin/Lab/_/jsbdlab/Public/css/index.css
ERR: 非法操作:_

[ 2015-09-05T23:31:03+08:00 ] ::1 /jsbdlab/index.php/Admin/Lab/_/jsbdlab/Public/css/index.css
ERR: 非法操作:_

[ 2015-09-05T23:31:07+08:00 ] ::1 /jsbdlab/index.php/Admin/Lab/_/jsbdlab/Public/css/index.css
ERR: 非法操作:_

[ 2015-09-05T23:31:21+08:00 ] ::1 /jsbdlab/index.php/Admin/Lab/_/jsbdlab/Public/css/index.css
ERR: 非法操作:_

[ 2015-09-05T23:33:30+08:00 ] ::1 /jsbdlab/index.php/Admin/Lab/_/jsbdlab/Public/css/index.css
ERR: 非法操作:_

[ 2015-09-05T23:33:37+08:00 ] ::1 /jsbdlab/index.php/Admin/Lab/_/jsbdlab/Public/css/index.css
ERR: 非法操作:_

[ 2015-09-05T23:33:45+08:00 ] ::1 /jsbdlab/index.php/Admin/Lab/_/jsbdlab/Public/css/index.css
ERR: 非法操作:_

[ 2015-09-05T23:34:48+08:00 ] ::1 /jsbdlab/index.php/Admin/Lab/_/jsbdlab/Public/css/index.css
ERR: 非法操作:_

[ 2015-09-05T23:35:36+08:00 ] ::1 /jsbdlab/index.php/Admin/Lab/_/jsbdlab/Public/css/index.css
ERR: 非法操作:_

[ 2015-09-05T23:35:39+08:00 ] ::1 /jsbdlab/index.php/Admin/Lab/_/jsbdlab/Public/css/index.css
ERR: 非法操作:_

[ 2015-09-05T23:36:15+08:00 ] ::1 /jsbdlab/index.php/Admin/Lab/_/jsbdlab/Public/css/index.css
ERR: 非法操作:_

[ 2015-09-05T23:36:55+08:00 ] ::1 /jsbdlab/index.php/Admin/Lab/_/jsbdlab/Public/css/index.css
ERR: 非法操作:_

[ 2015-09-05T23:42:20+08:00 ] ::1 /jsbdlab/index.php/Admin/Lab/_/jsbdlab/Public/css/index.css
ERR: 非法操作:_

[ 2015-09-05T23:42:28+08:00 ] ::1 /jsbdlab/index.php/Admin/Lab/_/jsbdlab/Public/css/index.css
ERR: 非法操作:_

[ 2015-09-05T23:42:54+08:00 ] ::1 /jsbdlab/index.php/Admin/Lab/_/jsbdlab/Public/css/index.css
ERR: 非法操作:_

[ 2015-09-05T23:43:02+08:00 ] ::1 /jsbdlab/index.php/Admin/Lab/_/jsbdlab/Public/css/index.css
ERR: 非法操作:_

[ 2015-09-05T23:43:44+08:00 ] ::1 /jsbdlab/index.php/Admin/Lab/_/jsbdlab/Public/css/index.css
ERR: 非法操作:_

[ 2015-09-05T23:44:42+08:00 ] ::1 /jsbdlab/index.php/Admin/Lab/_/jsbdlab/Public/css/index.css
ERR: 非法操作:_

[ 2015-09-05T23:46:19+08:00 ] ::1 /jsbdlab/index.php/Admin/Lab/_/jsbdlab/Public/css/index.css
ERR: 非法操作:_

[ 2015-09-05T23:46:21+08:00 ] ::1 /jsbdlab/index.php/Admin/Lab/_/jsbdlab/Public/css/index.css
ERR: 非法操作:_

[ 2015-09-05T23:46:54+08:00 ] ::1 /jsbdlab/index.php/Admin/Lab/_/jsbdlab/Public/css/index.css
ERR: 非法操作:_

[ 2015-09-05T23:47:31+08:00 ] ::1 /jsbdlab/index.php/Admin/Lab/_/jsbdlab/Public/css/index.css
ERR: 非法操作:_

[ 2015-09-05T23:47:45+08:00 ] ::1 /jsbdlab/index.php/Admin/Lab/_/jsbdlab/Public/css/index.css
ERR: 非法操作:_

[ 2015-09-05T23:47:54+08:00 ] ::1 /jsbdlab/index.php/Admin/Lab/_/jsbdlab/Public/css/index.css
ERR: 非法操作:_

[ 2015-09-05T23:49:05+08:00 ] ::1 /jsbdlab/index.php/Admin/Lab/_/jsbdlab/Public/css/index.css
ERR: 非法操作:_

[ 2015-09-05T23:49:45+08:00 ] ::1 /jsbdlab/index.php/Admin/Lab/_/jsbdlab/Public/css/index.css
ERR: 非法操作:_

[ 2015-09-05T23:51:27+08:00 ] ::1 /jsbdlab/index.php/Admin/Lab/_/jsbdlab/Public/css/index.css
ERR: 非法操作:_

[ 2015-09-05T23:51:33+08:00 ] ::1 /jsbdlab/index.php/Admin/Lab/_/jsbdlab/Public/css/index.css
ERR: 非法操作:_

[ 2015-09-05T23:52:37+08:00 ] ::1 /jsbdlab/index.php/Admin/Lab/_/jsbdlab/Public/css/index.css
ERR: 非法操作:_

[ 2015-09-05T23:52:44+08:00 ] ::1 /jsbdlab/index.php/Admin/Lab/_/jsbdlab/Public/css/index.css
ERR: 非法操作:_

[ 2015-09-05T23:55:01+08:00 ] ::1 /jsbdlab/index.php/Admin/Lab/_/jsbdlab/Public/css/index.css
ERR: 非法操作:_

[ 2015-09-05T23:55:03+08:00 ] ::1 /jsbdlab/index.php/Admin/Lab/_/jsbdlab/Public/css/index.css
ERR: 非法操作:_

[ 2015-09-05T23:55:09+08:00 ] ::1 /jsbdlab/index.php/Admin/Lab/_/jsbdlab/Public/css/index.css
ERR: 非法操作:_

[ 2015-09-05T23:55:32+08:00 ] ::1 /jsbdlab/index.php/Admin/Lab/_/jsbdlab/Public/css/index.css
ERR: 非法操作:_

[ 2015-09-05T23:55:40+08:00 ] ::1 /jsbdlab/index.php/Admin/Lab/_/jsbdlab/Public/css/index.css
ERR: 非法操作:_

[ 2015-09-05T23:56:34+08:00 ] ::1 /jsbdlab/index.php/Admin/Lab/_/jsbdlab/Public/css/index.css
ERR: 非法操作:_

[ 2015-09-05T23:57:04+08:00 ] ::1 /jsbdlab/index.php/Admin/Lab/_/jsbdlab/Public/css/index.css
ERR: 非法操作:_

[ 2015-09-05T23:59:14+08:00 ] ::1 /jsbdlab/index.php/Admin/Lab/_/jsbdlab/Public/css/index.css
ERR: 非法操作:_

[ 2015-09-05T23:59:32+08:00 ] ::1 /jsbdlab/index.php/Admin/Lab/_/jsbdlab/Public/css/index.css
ERR: 非法操作:_

[ 2015-09-05T23:59:42+08:00 ] ::1 /jsbdlab/index.php/Admin/Lab/_/jsbdlab/Public/css/index.css
ERR: 非法操作:_

