[ 2015-09-19T13:05:37+08:00 ] ::1 /jsbdlab/index.php/Admin/Lab/_/jsbdlab/Public/css/index.css
ERR: 娉浣:_

[ 2015-09-19T13:06:07+08:00 ] ::1 /jsbdlab/index.php/Admin/Lab/_/jsbdlab/Public/css/index.css
ERR: 娉浣:_

[ 2015-09-19T13:06:12+08:00 ] ::1 /jsbdlab/index.php/Admin/Lab/_/jsbdlab/Public/css/index.css
ERR: 娉浣:_

[ 2015-09-19T14:39:41+08:00 ] ::1 /jsbdlab/index.php/Admin/Index/_/jsbdlab/Public/css/index.css
ERR: 娉浣:_

[ 2015-09-19T14:40:08+08:00 ] ::1 /jsbdlab/index.php/Admin/Index/_/jsbdlab/Public/css/index.css
ERR: 娉浣:_

[ 2015-09-19T14:40:14+08:00 ] ::1 /jsbdlab/index.php/Admin/Index/_/jsbdlab/Public/css/index.css
ERR: 娉浣:_

[ 2015-09-19T18:59:42+08:00 ] ::1 /jsbdlab/index.php/Home/Index/people.html
ERR: 由于连接方在一段时间后没有正确答复或连接的主机没有反应，连接尝试失败。


[ 2015-09-19T18:59:51+08:00 ] ::1 /jsbdlab/index.php/Home/Index/people.html
ERR: 由于连接方在一段时间后没有正确答复或连接的主机没有反应，连接尝试失败。


[ 2015-09-19T19:00:03+08:00 ] ::1 /jsbdlab/index.php/Home/Index/people.html
ERR: 由于连接方在一段时间后没有正确答复或连接的主机没有反应，连接尝试失败。


[ 2015-09-19T19:00:15+08:00 ] ::1 /jsbdlab/index.php/Home/Index/people.html
ERR: 由于连接方在一段时间后没有正确答复或连接的主机没有反应，连接尝试失败。


[ 2015-09-19T19:00:24+08:00 ] ::1 /jsbdlab/index.php/Home/Index/people.html
ERR: 由于连接方在一段时间后没有正确答复或连接的主机没有反应，连接尝试失败。


[ 2015-09-19T19:00:43+08:00 ] ::1 /jsbdlab/index.php/Home/Index/people.html
ERR: 由于连接方在一段时间后没有正确答复或连接的主机没有反应，连接尝试失败。


[ 2015-09-19T19:01:15+08:00 ] ::1 /jsbdlab/index.php/Admin/Index/addpicnews.html
ERR: 由于连接方在一段时间后没有正确答复或连接的主机没有反应，连接尝试失败。


[ 2015-09-19T19:01:18+08:00 ] ::1 /jsbdlab/index.php/Admin/Index/addpicnews.html
ERR: 由于连接方在一段时间后没有正确答复或连接的主机没有反应，连接尝试失败。


[ 2015-09-19T19:01:21+08:00 ] ::1 /jsbdlab/index.php/Admin/Index/addpicnews.html
ERR: 由于连接方在一段时间后没有正确答复或连接的主机没有反应，连接尝试失败。


[ 2015-09-19T19:01:24+08:00 ] ::1 /jsbdlab/index.php/Admin/Index/addpicnews.html
ERR: 由于连接方在一段时间后没有正确答复或连接的主机没有反应，连接尝试失败。


[ 2015-09-19T19:01:27+08:00 ] ::1 /jsbdlab/index.php/Admin/Index/addpicnews.html
ERR: 由于连接方在一段时间后没有正确答复或连接的主机没有反应，连接尝试失败。


[ 2015-09-19T19:01:30+08:00 ] ::1 /jsbdlab/index.php/Admin/Index/addpicnews.html
ERR: 由于连接方在一段时间后没有正确答复或连接的主机没有反应，连接尝试失败。


[ 2015-09-19T19:01:33+08:00 ] ::1 /jsbdlab/index.php/Admin/Index/addpicnews.html
ERR: 由于连接方在一段时间后没有正确答复或连接的主机没有反应，连接尝试失败。


[ 2015-09-19T19:01:36+08:00 ] ::1 /jsbdlab/index.php/Admin/Index/index.html
ERR: 由于连接方在一段时间后没有正确答复或连接的主机没有反应，连接尝试失败。


[ 2015-09-19T19:01:54+08:00 ] ::1 /jsbdlab/index.php/Admin/Login/loginHandle.html
ERR: 由于连接方在一段时间后没有正确答复或连接的主机没有反应，连接尝试失败。


[ 2015-09-19T19:01:57+08:00 ] ::1 /jsbdlab/index.php/Admin/Login/loginHandle.html
ERR: 由于连接方在一段时间后没有正确答复或连接的主机没有反应，连接尝试失败。


[ 2015-09-19T19:02:00+08:00 ] ::1 /jsbdlab/index.php/Admin/Login/loginHandle.html
ERR: 由于连接方在一段时间后没有正确答复或连接的主机没有反应，连接尝试失败。


[ 2015-09-19T19:02:03+08:00 ] ::1 /jsbdlab/index.php/Admin/Login/loginHandle.html
ERR: 由于连接方在一段时间后没有正确答复或连接的主机没有反应，连接尝试失败。


[ 2015-09-19T19:04:50+08:00 ] ::1 /jsbdlab/
ERR: Access denied for user 'root'@'localhost' (using password: YES)

[ 2015-09-19T19:05:41+08:00 ] ::1 /jsbdlab/index.php/Admin/Index/_/jsbdlab/Public/css/index.css
ERR: 娉浣:_

[ 2015-09-19T19:05:51+08:00 ] ::1 /jsbdlab/index.php/Admin/Index/_/jsbdlab/Public/css/index.css
ERR: 娉浣:_

[ 2015-09-19T19:05:56+08:00 ] ::1 /jsbdlab/index.php/Admin/Index/_/jsbdlab/Public/css/index.css
ERR: 娉浣:_

[ 2015-09-19T19:08:36+08:00 ] ::1 /jsbdlab/index.php/Admin/Index/_/jsbdlab/Public/css/index.css
ERR: 娉浣:_

[ 2015-09-19T19:08:39+08:00 ] ::1 /jsbdlab/index.php/Admin/Index/_/jsbdlab/Public/css/index.css
ERR: 娉浣:_

[ 2015-09-19T19:08:41+08:00 ] ::1 /jsbdlab/index.php/Admin/Index/_/jsbdlab/Public/css/index.css
ERR: 娉浣:_

[ 2015-09-19T19:08:59+08:00 ] ::1 /jsbdlab/index.php/Admin/Index/_/jsbdlab/Public/css/index.css
ERR: 娉浣:_

[ 2015-09-19T19:09:01+08:00 ] ::1 /jsbdlab/index.php/Admin/Index/_/jsbdlab/Public/css/index.css
ERR: 娉浣:_

