[ 2015-08-07T09:21:07+08:00 ] ::1 /jsbdlab/index.php/Admin/Index/_/jsbdlab/Public/css/index.css
ERR: 非法操作:_

[ 2015-08-07T09:22:11+08:00 ] ::1 /jsbdlab/index.php/Admin/Index/_/jsbdlab/Public/css/index.css
ERR: 非法操作:_

[ 2015-08-07T09:22:33+08:00 ] ::1 /jsbdlab/index.php/Admin/Index/_/jsbdlab/Public/css/index.css
ERR: 非法操作:_

[ 2015-08-07T09:23:22+08:00 ] ::1 /jsbdlab/index.php/Admin/Index/_/jsbdlab/Public/css/index.css
ERR: 非法操作:_

[ 2015-08-07T09:24:55+08:00 ] ::1 /jsbdlab/index.php/Admin/Index/_/jsbdlab/Public/css/index.css
ERR: 非法操作:_

[ 2015-08-07T09:25:12+08:00 ] ::1 /jsbdlab/index.php/Admin/Index/_/jsbdlab/Public/css/index.css
ERR: 非法操作:_

[ 2015-08-07T09:25:15+08:00 ] ::1 /jsbdlab/index.php/Admin/Index/_/jsbdlab/Public/css/index.css
ERR: 非法操作:_

[ 2015-08-07T09:25:18+08:00 ] ::1 /jsbdlab/index.php/Admin/Index/_/jsbdlab/Public/css/index.css
ERR: 非法操作:_

[ 2015-08-07T09:25:26+08:00 ] ::1 /jsbdlab/index.php/Admin/Index/_/jsbdlab/Public/css/index.css
ERR: 非法操作:_

[ 2015-08-07T09:34:50+08:00 ] ::1 /jsbdlab/index.php/Home/Index/listBdpOne/id/14.html
ERR: 模板不存在:./Application/Home/View/Index/listbdpone.html

[ 2015-08-07T10:30:06+08:00 ] ::1 /jsbdlab/index.php/Admin/Index/_/jsbdlab/Public/css/index.css
ERR: 非法操作:_

[ 2015-08-07T10:30:13+08:00 ] ::1 /jsbdlab/index.php/Admin/Index/_/jsbdlab/Public/css/index.css
ERR: 非法操作:_

[ 2015-08-07T10:30:29+08:00 ] ::1 /jsbdlab/index.php/Admin/Index/_/jsbdlab/Public/css/index.css
ERR: 非法操作:_

[ 2015-08-07T10:30:54+08:00 ] ::1 /jsbdlab/index.php/Admin/Index/_/jsbdlab/Public/css/index.css
ERR: 非法操作:_

[ 2015-08-07T10:31:07+08:00 ] ::1 /jsbdlab/index.php/Admin/Index/_/jsbdlab/Public/css/index.css
ERR: 非法操作:_

[ 2015-08-07T10:56:06+08:00 ] ::1 /jsbdlab/index.php/Admin/Index/_/jsbdlab/Public/css/index.css
ERR: 非法操作:_

[ 2015-08-07T10:56:09+08:00 ] ::1 /jsbdlab/index.php/Admin/Index/_/jsbdlab/Public/css/index.css
ERR: 非法操作:_

[ 2015-08-07T10:56:13+08:00 ] ::1 /jsbdlab/index.php/Admin/Index/addEvent.html
ERR: 非法操作:addevent

[ 2015-08-07T10:59:34+08:00 ] ::1 /jsbdlab/index.php/Admin/Index/_/jsbdlab/Public/css/index.css
ERR: 非法操作:_

[ 2015-08-07T10:59:48+08:00 ] ::1 /jsbdlab/index.php/Admin/Index/_/jsbdlab/Public/css/index.css
ERR: 非法操作:_

[ 2015-08-07T11:00:25+08:00 ] ::1 /jsbdlab/index.php/Admin/Index/_/jsbdlab/Public/css/index.css
ERR: 非法操作:_

[ 2015-08-07T11:00:57+08:00 ] ::1 /jsbdlab/index.php/Admin/Index/_/jsbdlab/Public/css/index.css
ERR: 非法操作:_

[ 2015-08-07T11:01:04+08:00 ] ::1 /jsbdlab/index.php/Admin/Index/addEveHandle.html
ERR: 非法操作:addevehandle

[ 2015-08-07T11:07:45+08:00 ] ::1 /jsbdlab/index.php/Admin/Index/_/jsbdlab/Public/css/index.css
ERR: 非法操作:_

[ 2015-08-07T11:07:52+08:00 ] ::1 /jsbdlab/index.php/Admin/Index/_/jsbdlab/Public/css/index.css
ERR: 非法操作:_

[ 2015-08-07T11:08:39+08:00 ] ::1 /jsbdlab/index.php/Admin/Index/_/jsbdlab/Public/css/index.css
ERR: 非法操作:_

[ 2015-08-07T11:23:36+08:00 ] ::1 /jsbdlab/index.php/Admin/Index/_/jsbdlab/Public/css/index.css
ERR: 非法操作:_

[ 2015-08-07T11:23:42+08:00 ] ::1 /jsbdlab/index.php/Admin/Index/_/jsbdlab/Public/css/index.css
ERR: 非法操作:_

[ 2015-08-07T11:23:48+08:00 ] ::1 /jsbdlab/index.php/Admin/Index/listEvent.html
ERR: 非法操作:listevent

[ 2015-08-07T11:24:48+08:00 ] ::1 /jsbdlab/index.php/Admin/Index/listEvent.html
ERR: 非法操作:listevent

[ 2015-08-07T11:24:59+08:00 ] ::1 /jsbdlab/index.php/Admin/Index/_/jsbdlab/Public/css/index.css
ERR: 非法操作:_

[ 2015-08-07T11:25:41+08:00 ] ::1 /jsbdlab/index.php/Admin/Index/_/jsbdlab/Public/css/index.css
ERR: 非法操作:_

[ 2015-08-07T11:28:41+08:00 ] ::1 /jsbdlab/index.php/Admin/Index/_/jsbdlab/Public/css/index.css
ERR: 非法操作:_

[ 2015-08-07T11:29:01+08:00 ] ::1 /jsbdlab/index.php/Admin/Index/_/jsbdlab/Public/css/index.css
ERR: 非法操作:_

[ 2015-08-07T11:29:15+08:00 ] ::1 /jsbdlab/index.php/Admin/Index/_/jsbdlab/Public/css/index.css
ERR: 非法操作:_

[ 2015-08-07T11:33:16+08:00 ] ::1 /jsbdlab/index.php/Admin/Index/_/jsbdlab/Public/css/index.css
ERR: 非法操作:_

[ 2015-08-07T11:33:19+08:00 ] ::1 /jsbdlab/index.php/Admin/Index/listEvevt.html
ERR: 非法操作:listevevt

[ 2015-08-07T11:33:19+08:00 ] ::1 /jsbdlab/index.php/Admin/Index/_/jsbdlab/Public/css/index.css
ERR: 非法操作:_

[ 2015-08-07T11:33:26+08:00 ] ::1 /jsbdlab/index.php/Admin/Index/_/jsbdlab/Public/css/index.css
ERR: 非法操作:_

[ 2015-08-07T11:33:28+08:00 ] ::1 /jsbdlab/index.php/Admin/Index/_/jsbdlab/Public/css/index.css
ERR: 非法操作:_

[ 2015-08-07T11:33:41+08:00 ] ::1 /jsbdlab/index.php/Admin/Index/_/jsbdlab/Public/css/index.css
ERR: 非法操作:_

[ 2015-08-07T11:33:43+08:00 ] ::1 /jsbdlab/index.php/Admin/Index/_/jsbdlab/Public/css/index.css
ERR: 非法操作:_

[ 2015-08-07T11:33:53+08:00 ] ::1 /jsbdlab/index.php/Admin/Index/_/jsbdlab/Public/css/index.css
ERR: 非法操作:_

[ 2015-08-07T11:34:09+08:00 ] ::1 /jsbdlab/index.php/Admin/Index/_/jsbdlab/Public/css/index.css
ERR: 非法操作:_

[ 2015-08-07T11:34:17+08:00 ] ::1 /jsbdlab/index.php/Admin/Index/_/jsbdlab/Public/css/index.css
ERR: 非法操作:_

[ 2015-08-07T11:34:22+08:00 ] ::1 /jsbdlab/index.php/Admin/Index/_/jsbdlab/Public/css/index.css
ERR: 非法操作:_

[ 2015-08-07T11:36:22+08:00 ] ::1 /jsbdlab/index.php/Admin/Index/_/jsbdlab/Public/css/index.css
ERR: 非法操作:_

[ 2015-08-07T11:36:23+08:00 ] ::1 /jsbdlab/index.php/Admin/Index/preEvent/id/3.html
ERR: 模板不存在:./Application/Admin/View/Index/preevent.html

[ 2015-08-07T16:44:55+08:00 ] ::1 /jsbdlab/index.php/Admin/Index/_/jsbdlab/Public/css/index.css
ERR: 非法操作:_

[ 2015-08-07T16:45:28+08:00 ] ::1 /jsbdlab/index.php/Admin/Index/_/jsbdlab/Public/css/index.css
ERR: 非法操作:_

[ 2015-08-07T16:45:29+08:00 ] ::1 /jsbdlab/index.php/Admin/Index/_/jsbdlab/Public/css/index.css
ERR: 非法操作:_

[ 2015-08-07T16:45:37+08:00 ] ::1 /jsbdlab/index.php/Admin/Index/preEvent/id/2.html
ERR: 模板不存在:./Application/Admin/View/Index/preevent.html

[ 2015-08-07T16:45:56+08:00 ] ::1 /jsbdlab/index.php/Admin/Index/_/jsbdlab/Public/css/index.css
ERR: 非法操作:_

[ 2015-08-07T16:45:58+08:00 ] ::1 /jsbdlab/index.php/Admin/Index/_/jsbdlab/Public/css/index.css
ERR: 非法操作:_

[ 2015-08-07T16:46:02+08:00 ] ::1 /jsbdlab/index.php/Admin/Index/aEvent/id/2.html
ERR: 非法操作:aevent

[ 2015-08-07T16:46:05+08:00 ] ::1 /jsbdlab/index.php/Admin/Index/_/jsbdlab/Public/css/index.css
ERR: 非法操作:_

[ 2015-08-07T16:46:08+08:00 ] ::1 /jsbdlab/index.php/Admin/Index/_/jsbdlab/Public/css/index.css
ERR: 非法操作:_

[ 2015-08-07T16:54:13+08:00 ] ::1 /jsbdlab/index.php/Admin/Index/_/jsbdlab/Public/css/index.css
ERR: 非法操作:_

[ 2015-08-07T16:55:04+08:00 ] ::1 /jsbdlab/index.php/Admin/Index/_/jsbdlab/Public/css/index.css
ERR: 非法操作:_

[ 2015-08-07T16:59:23+08:00 ] ::1 /jsbdlab/index.php/Admin/Index/_/jsbdlab/Public/css/index.css
ERR: 非法操作:_

[ 2015-08-07T17:00:37+08:00 ] ::1 /jsbdlab/index.php/Admin/Index/_/jsbdlab/Public/css/index.css
ERR: 非法操作:_

[ 2015-08-07T17:01:05+08:00 ] ::1 /jsbdlab/index.php/Admin/Index/_/jsbdlab/Public/css/index.css
ERR: 非法操作:_

[ 2015-08-07T17:01:34+08:00 ] ::1 /jsbdlab/index.php/Admin/Index/_/jsbdlab/Public/css/index.css
ERR: 非法操作:_

[ 2015-08-07T17:01:51+08:00 ] ::1 /jsbdlab/index.php/Admin/Index/_/jsbdlab/Public/css/index.css
ERR: 非法操作:_

[ 2015-08-07T17:03:39+08:00 ] ::1 /jsbdlab/index.php/Admin/Index/_/jsbdlab/Public/css/index.css
ERR: 非法操作:_

[ 2015-08-07T17:03:42+08:00 ] ::1 /jsbdlab/index.php/Admin/Index/_/jsbdlab/Public/css/index.css
ERR: 非法操作:_

[ 2015-08-07T17:03:56+08:00 ] ::1 /jsbdlab/index.php/Admin/Index/_/jsbdlab/Public/css/index.css
ERR: 非法操作:_

[ 2015-08-07T17:04:40+08:00 ] ::1 /jsbdlab/index.php/Admin/Index/_/jsbdlab/Public/css/index.css
ERR: 非法操作:_

[ 2015-08-07T17:04:41+08:00 ] ::1 /jsbdlab/index.php/Admin/Index/_/jsbdlab/Public/css/index.css
ERR: 非法操作:_

[ 2015-08-07T17:05:18+08:00 ] ::1 /jsbdlab/index.php/Admin/Index/_/jsbdlab/Public/css/index.css
ERR: 非法操作:_

[ 2015-08-07T17:05:46+08:00 ] ::1 /jsbdlab/index.php/Admin/Index/_/jsbdlab/Public/css/index.css
ERR: 非法操作:_

[ 2015-08-07T17:05:48+08:00 ] ::1 /jsbdlab/index.php/Admin/Index/aEvent/id/2.html
ERR: 非法操作:aevent

[ 2015-08-07T17:10:10+08:00 ] ::1 /jsbdlab/index.php/Admin/Index/_/jsbdlab/Public/css/index.css
ERR: 非法操作:_

[ 2015-08-07T17:10:14+08:00 ] ::1 /jsbdlab/index.php/Admin/Index/_/jsbdlab/Public/css/index.css
ERR: 非法操作:_

[ 2015-08-07T17:40:00+08:00 ] ::1 /jsbdlab/index.php/Admin/Index/_/jsbdlab/Public/css/index.css
ERR: 非法操作:_

[ 2015-08-07T17:40:05+08:00 ] ::1 /jsbdlab/index.php/Admin/Index/_/jsbdlab/Public/css/index.css
ERR: 非法操作:_

[ 2015-08-07T17:40:07+08:00 ] ::1 /jsbdlab/index.php/Admin/Index/_/jsbdlab/Public/css/index.css
ERR: 非法操作:_

[ 2015-08-07T17:40:12+08:00 ] ::1 /jsbdlab/index.php/Admin/Index/_/jsbdlab/Public/css/index.css
ERR: 非法操作:_

[ 2015-08-07T17:42:27+08:00 ] ::1 /jsbdlab/index.php/Admin/Index/_/jsbdlab/Public/css/index.css
ERR: 非法操作:_

[ 2015-08-07T17:42:29+08:00 ] ::1 /jsbdlab/index.php/Admin/Index/_/jsbdlab/Public/css/index.css
ERR: 非法操作:_

[ 2015-08-07T17:43:08+08:00 ] ::1 /jsbdlab/index.php/Admin/Index/_/jsbdlab/Public/css/index.css
ERR: 非法操作:_

[ 2015-08-07T17:43:09+08:00 ] ::1 /jsbdlab/index.php/Admin/Index/_/jsbdlab/Public/css/index.css
ERR: 非法操作:_

[ 2015-08-07T17:43:35+08:00 ] ::1 /jsbdlab/index.php/Admin/Index/_/jsbdlab/Public/css/index.css
ERR: 非法操作:_

[ 2015-08-07T17:43:59+08:00 ] ::1 /jsbdlab/index.php/Admin/Index/_/jsbdlab/Public/css/index.css
ERR: 非法操作:_

[ 2015-08-07T17:44:05+08:00 ] ::1 /jsbdlab/index.php/Admin/Index/_/jsbdlab/Public/css/index.css
ERR: 非法操作:_

[ 2015-08-07T17:44:26+08:00 ] ::1 /jsbdlab/index.php/Admin/Index/_/jsbdlab/Public/css/index.css
ERR: 非法操作:_

[ 2015-08-07T17:44:30+08:00 ] ::1 /jsbdlab/index.php/Admin/Index/_/jsbdlab/Public/css/index.css
ERR: 非法操作:_

[ 2015-08-07T17:44:31+08:00 ] ::1 /jsbdlab/index.php/Admin/Index/_/jsbdlab/Public/css/index.css
ERR: 非法操作:_

[ 2015-08-07T17:44:33+08:00 ] ::1 /jsbdlab/index.php/Admin/Index/_/jsbdlab/Public/css/index.css
ERR: 非法操作:_

[ 2015-08-07T17:44:34+08:00 ] ::1 /jsbdlab/index.php/Admin/Index/_/jsbdlab/Public/css/index.css
ERR: 非法操作:_

[ 2015-08-07T17:44:35+08:00 ] ::1 /jsbdlab/index.php/Admin/Index/_/jsbdlab/Public/css/index.css
ERR: 非法操作:_

[ 2015-08-07T17:48:53+08:00 ] ::1 /jsbdlab/index.php/Admin/Index/_/jsbdlab/Public/css/index.css
ERR: 非法操作:_

[ 2015-08-07T17:49:22+08:00 ] ::1 /jsbdlab/index.php/Admin/Index/_/jsbdlab/Public/css/index.css
ERR: 非法操作:_

[ 2015-08-07T17:49:49+08:00 ] ::1 /jsbdlab/index.php/Admin/Index/_/jsbdlab/Public/css/index.css
ERR: 非法操作:_

[ 2015-08-07T17:49:50+08:00 ] ::1 /jsbdlab/index.php/Admin/Index/_/jsbdlab/Public/css/index.css
ERR: 非法操作:_

[ 2015-08-07T17:49:59+08:00 ] ::1 /jsbdlab/index.php/Admin/Index/_/jsbdlab/Public/css/index.css
ERR: 非法操作:_

[ 2015-08-07T17:50:01+08:00 ] ::1 /jsbdlab/index.php/Admin/Index/_/jsbdlab/Public/css/index.css
ERR: 非法操作:_

[ 2015-08-07T17:50:04+08:00 ] ::1 /jsbdlab/index.php/Admin/Index/_/jsbdlab/Public/css/index.css
ERR: 非法操作:_

[ 2015-08-07T17:50:04+08:00 ] ::1 /jsbdlab/index.php/Admin/Index/_/jsbdlab/Public/css/index.css
ERR: 非法操作:_

[ 2015-08-07T17:50:41+08:00 ] ::1 /jsbdlab/index.php/Admin/Index/_/jsbdlab/Public/css/index.css
ERR: 非法操作:_

[ 2015-08-07T17:51:09+08:00 ] ::1 /jsbdlab/index.php/Admin/Index/_/jsbdlab/Public/css/index.css
ERR: 非法操作:_

[ 2015-08-07T17:51:47+08:00 ] ::1 /jsbdlab/index.php/Admin/Index/_/jsbdlab/Public/css/index.css
ERR: 非法操作:_

[ 2015-08-07T17:52:18+08:00 ] ::1 /jsbdlab/index.php/Admin/Index/_/jsbdlab/Public/css/index.css
ERR: 非法操作:_

[ 2015-08-07T17:52:22+08:00 ] ::1 /jsbdlab/index.php/Admin/Index/_/jsbdlab/Public/css/index.css
ERR: 非法操作:_

[ 2015-08-07T17:52:23+08:00 ] ::1 /jsbdlab/index.php/Admin/Index/_/jsbdlab/Public/css/index.css
ERR: 非法操作:_

[ 2015-08-07T17:52:29+08:00 ] ::1 /jsbdlab/index.php/Admin/Index/_/jsbdlab/Public/css/index.css
ERR: 非法操作:_

[ 2015-08-07T17:52:31+08:00 ] ::1 /jsbdlab/index.php/Admin/Index/_/jsbdlab/Public/css/index.css
ERR: 非法操作:_

[ 2015-08-07T17:52:34+08:00 ] ::1 /jsbdlab/index.php/Admin/Index/_/jsbdlab/Public/css/index.css
ERR: 非法操作:_

[ 2015-08-07T17:52:35+08:00 ] ::1 /jsbdlab/index.php/Admin/Index/_/jsbdlab/Public/css/index.css
ERR: 非法操作:_

[ 2015-08-07T17:52:39+08:00 ] ::1 /jsbdlab/index.php/Admin/Index/_/jsbdlab/Public/css/index.css
ERR: 非法操作:_

[ 2015-08-07T17:52:42+08:00 ] ::1 /jsbdlab/index.php/Admin/Index/_/jsbdlab/Public/css/index.css
ERR: 非法操作:_

[ 2015-08-07T17:52:46+08:00 ] ::1 /jsbdlab/index.php/Admin/Index/_/jsbdlab/Public/css/index.css
ERR: 非法操作:_

[ 2015-08-07T18:15:04+08:00 ] ::1 /jsbdlab/index.php/Admin/Index/_/jsbdlab/Public/css/index.css
ERR: 非法操作:_

[ 2015-08-07T18:46:42+08:00 ] ::1 /jsbdlab/index.php/Admin/Index/events.html
ERR: 非法操作:events

[ 2015-08-07T18:46:58+08:00 ] ::1 /jsbdlab/index.php/Admin/Index/events.html
ERR: 非法操作:events

[ 2015-08-07T18:47:03+08:00 ] ::1 /jsbdlab/index.php/Admin/Index/events.html
ERR: 非法操作:events

[ 2015-08-07T18:47:34+08:00 ] ::1 /jsbdlab/index.php/Admin/Index/events.html
ERR: 非法操作:events

[ 2015-08-07T18:47:35+08:00 ] ::1 /jsbdlab/index.php/Admin/Index/events.html
ERR: 非法操作:events

[ 2015-08-07T19:19:49+08:00 ] ::1 /jsbdlab/index.php/Home/Index/listevent/id/10.html
ERR: 非法操作:listevent

[ 2015-08-07T19:22:52+08:00 ] ::1 /jsbdlab/index.php/Home/Index/listevent/id/10.html
ERR: 模板不存在:./Application/Home/View/Index/listevent.html

[ 2015-08-07T19:51:51+08:00 ] ::1 /jsbdlab/index.php/Admin/Index/addpicnews.html
ERR: 模板不存在:./Application/Admin/View/Index/addpicnews.html

[ 2015-08-07T19:55:55+08:00 ] ::1 /jsbdlab/index.php/Admin/Index/_/jsbdlab/Public/css/index.css
ERR: 非法操作:_

[ 2015-08-07T19:56:13+08:00 ] ::1 /jsbdlab/index.php/Admin/Index/_/jsbdlab/Public/css/index.css
ERR: 非法操作:_

[ 2015-08-07T19:56:27+08:00 ] ::1 /jsbdlab/index.php/Admin/Index/_/jsbdlab/Public/css/index.css
ERR: 非法操作:_

[ 2015-08-07T19:56:57+08:00 ] ::1 /jsbdlab/index.php/Admin/Index/_/jsbdlab/Public/css/index.css
ERR: 非法操作:_

[ 2015-08-07T19:57:35+08:00 ] ::1 /jsbdlab/index.php/Admin/Index/_/jsbdlab/Public/css/index.css
ERR: 非法操作:_

[ 2015-08-07T19:57:45+08:00 ] ::1 /jsbdlab/index.php/Admin/Index/_/jsbdlab/Public/css/index.css
ERR: 非法操作:_

[ 2015-08-07T19:57:52+08:00 ] ::1 /jsbdlab/index.php/Admin/Index/_/jsbdlab/Public/css/index.css
ERR: 非法操作:_

[ 2015-08-07T19:57:53+08:00 ] ::1 /jsbdlab/index.php/Admin/Index/_/jsbdlab/Public/css/index.css
ERR: 非法操作:_

[ 2015-08-07T19:57:54+08:00 ] ::1 /jsbdlab/index.php/Admin/Index/_/jsbdlab/Public/css/index.css
ERR: 非法操作:_

[ 2015-08-07T19:57:54+08:00 ] ::1 /jsbdlab/index.php/Admin/Index/_/jsbdlab/Public/css/index.css
ERR: 非法操作:_

[ 2015-08-07T19:57:55+08:00 ] ::1 /jsbdlab/index.php/Admin/Index/_/jsbdlab/Public/css/index.css
ERR: 非法操作:_

[ 2015-08-07T19:57:55+08:00 ] ::1 /jsbdlab/index.php/Admin/Index/_/jsbdlab/Public/css/index.css
ERR: 非法操作:_

[ 2015-08-07T19:57:55+08:00 ] ::1 /jsbdlab/index.php/Admin/Index/_/jsbdlab/Public/css/index.css
ERR: 非法操作:_

[ 2015-08-07T19:57:55+08:00 ] ::1 /jsbdlab/index.php/Admin/Index/_/jsbdlab/Public/css/index.css
ERR: 非法操作:_

[ 2015-08-07T19:58:46+08:00 ] ::1 /jsbdlab/index.php/Admin/Index/_/jsbdlab/Public/css/index.css
ERR: 非法操作:_

[ 2015-08-07T19:58:47+08:00 ] ::1 /jsbdlab/index.php/Admin/Index/_/jsbdlab/Public/css/index.css
ERR: 非法操作:_

[ 2015-08-07T19:58:48+08:00 ] ::1 /jsbdlab/index.php/Admin/Index/_/jsbdlab/Public/css/index.css
ERR: 非法操作:_

[ 2015-08-07T19:58:48+08:00 ] ::1 /jsbdlab/index.php/Admin/Index/_/jsbdlab/Public/css/index.css
ERR: 非法操作:_

[ 2015-08-07T19:58:48+08:00 ] ::1 /jsbdlab/index.php/Admin/Index/_/jsbdlab/Public/css/index.css
ERR: 非法操作:_

[ 2015-08-07T19:58:49+08:00 ] ::1 /jsbdlab/index.php/Admin/Index/_/jsbdlab/Public/css/index.css
ERR: 非法操作:_

[ 2015-08-07T19:59:55+08:00 ] ::1 /jsbdlab/index.php/Admin/Index/_/jsbdlab/Public/css/index.css
ERR: 非法操作:_

[ 2015-08-07T20:00:00+08:00 ] ::1 /jsbdlab/index.php/Admin/Index/_/jsbdlab/Public/css/index.css
ERR: 非法操作:_

[ 2015-08-07T20:00:03+08:00 ] ::1 /jsbdlab/index.php/Admin/Index/_/jsbdlab/Public/css/index.css
ERR: 非法操作:_

[ 2015-08-07T20:02:48+08:00 ] ::1 /jsbdlab/index.php/Admin/Index/_/jsbdlab/Public/css/index.css
ERR: 非法操作:_

[ 2015-08-07T20:02:57+08:00 ] ::1 /jsbdlab/index.php/Admin/Index/_/jsbdlab/Public/css/index.css
ERR: 非法操作:_

[ 2015-08-07T20:03:10+08:00 ] ::1 /jsbdlab/index.php/Admin/Index/_/jsbdlab/Public/css/index.css
ERR: 非法操作:_

[ 2015-08-07T20:32:52+08:00 ] ::1 /jsbdlab/index.php/Admin/Index/_/jsbdlab/Public/css/index.css
ERR: 非法操作:_

[ 2015-08-07T20:32:57+08:00 ] ::1 /jsbdlab/index.php/Admin/Index/_/jsbdlab/Public/css/index.css
ERR: 非法操作:_

[ 2015-08-07T20:33:02+08:00 ] ::1 /jsbdlab/index.php/Admin/Index/_/jsbdlab/Public/css/index.css
ERR: 非法操作:_

[ 2015-08-07T20:33:09+08:00 ] ::1 /jsbdlab/index.php/Admin/Index/_/jsbdlab/Public/css/index.css
ERR: 非法操作:_

[ 2015-08-07T20:33:13+08:00 ] ::1 /jsbdlab/index.php/Admin/Index/_/jsbdlab/Public/css/index.css
ERR: 非法操作:_

[ 2015-08-07T20:33:15+08:00 ] ::1 /jsbdlab/index.php/Admin/Index/_/jsbdlab/Public/css/index.css
ERR: 非法操作:_

[ 2015-08-07T20:33:16+08:00 ] ::1 /jsbdlab/index.php/Admin/Index/_/jsbdlab/Public/css/index.css
ERR: 非法操作:_

[ 2015-08-07T20:33:17+08:00 ] ::1 /jsbdlab/index.php/Admin/Index/_/jsbdlab/Public/css/index.css
ERR: 非法操作:_

[ 2015-08-07T20:33:17+08:00 ] ::1 /jsbdlab/index.php/Admin/Index/_/jsbdlab/Public/css/index.css
ERR: 非法操作:_

[ 2015-08-07T20:33:17+08:00 ] ::1 /jsbdlab/index.php/Admin/Index/_/jsbdlab/Public/css/index.css
ERR: 非法操作:_

[ 2015-08-07T20:33:18+08:00 ] ::1 /jsbdlab/index.php/Admin/Index/_/jsbdlab/Public/css/index.css
ERR: 非法操作:_

[ 2015-08-07T20:33:19+08:00 ] ::1 /jsbdlab/index.php/Admin/Index/_/jsbdlab/Public/css/index.css
ERR: 非法操作:_

[ 2015-08-07T20:33:41+08:00 ] ::1 /jsbdlab/index.php/Admin/Index/_/jsbdlab/Public/css/index.css
ERR: 非法操作:_

[ 2015-08-07T20:34:46+08:00 ] ::1 /jsbdlab/index.php/Admin/Index/_/jsbdlab/Public/css/index.css
ERR: 非法操作:_

[ 2015-08-07T20:35:10+08:00 ] ::1 /jsbdlab/index.php/Admin/Index/_/jsbdlab/Public/css/index.css
ERR: 非法操作:_

[ 2015-08-07T20:39:11+08:00 ] ::1 /jsbdlab/index.php/Admin/Index/_/jsbdlab/Public/css/index.css
ERR: 非法操作:_

[ 2015-08-07T20:39:54+08:00 ] ::1 /jsbdlab/index.php/Admin/Index/_/jsbdlab/Public/css/index.css
ERR: 非法操作:_

[ 2015-08-07T20:40:22+08:00 ] ::1 /jsbdlab/index.php/Admin/Index/_/jsbdlab/Public/css/index.css
ERR: 非法操作:_

[ 2015-08-07T20:40:23+08:00 ] ::1 /jsbdlab/index.php/Admin/Index/_/jsbdlab/Public/css/index.css
ERR: 非法操作:_

[ 2015-08-07T20:40:47+08:00 ] ::1 /jsbdlab/index.php/Admin/Index/_/jsbdlab/Public/css/index.css
ERR: 非法操作:_

[ 2015-08-07T20:40:48+08:00 ] ::1 /jsbdlab/index.php/Admin/Index/_/jsbdlab/Public/css/index.css
ERR: 非法操作:_

[ 2015-08-07T20:44:49+08:00 ] ::1 /jsbdlab/index.php/Admin/Index/_/jsbdlab/Public/css/index.css
ERR: 非法操作:_

[ 2015-08-07T20:46:40+08:00 ] ::1 /jsbdlab/index.php/Admin/Index/_/jsbdlab/Public/css/index.css
ERR: 非法操作:_

[ 2015-08-07T20:47:27+08:00 ] ::1 /jsbdlab/index.php/Admin/Index/_/jsbdlab/Public/css/index.css
ERR: 非法操作:_

[ 2015-08-07T20:47:45+08:00 ] ::1 /jsbdlab/index.php/Admin/Index/_/jsbdlab/Public/css/index.css
ERR: 非法操作:_

[ 2015-08-07T20:49:20+08:00 ] ::1 /jsbdlab/index.php/Admin/Index/_/jsbdlab/Public/css/index.css
ERR: 非法操作:_

[ 2015-08-07T20:49:23+08:00 ] ::1 /jsbdlab/index.php/Admin/Index/_/jsbdlab/Public/css/index.css
ERR: 非法操作:_

[ 2015-08-07T20:49:29+08:00 ] ::1 /jsbdlab/index.php/Admin/Index/_/jsbdlab/Public/css/index.css
ERR: 非法操作:_

[ 2015-08-07T20:52:15+08:00 ] ::1 /jsbdlab/index.php/Admin/Index/_/jsbdlab/Public/css/index.css
ERR: 非法操作:_

[ 2015-08-07T20:52:21+08:00 ] ::1 /jsbdlab/index.php/Admin/Index/%7B'Admin/Index/phandle'%7D
ERR: 非法操作:{'admin

[ 2015-08-07T20:52:41+08:00 ] ::1 /jsbdlab/index.php/Admin/Index/_/jsbdlab/Public/css/index.css
ERR: 非法操作:_

[ 2015-08-07T20:53:07+08:00 ] ::1 /jsbdlab/index.php/Admin/Index/_/jsbdlab/Public/css/index.css
ERR: 非法操作:_

[ 2015-08-07T20:54:08+08:00 ] ::1 /jsbdlab/index.php/Admin/Index/_/jsbdlab/Public/css/index.css
ERR: 非法操作:_

[ 2015-08-07T20:54:27+08:00 ] ::1 /jsbdlab/index.php/Admin/Index/_/jsbdlab/Public/css/index.css
ERR: 非法操作:_

[ 2015-08-07T20:54:51+08:00 ] ::1 /jsbdlab/index.php/Admin/Index/_/jsbdlab/Public/css/index.css
ERR: 非法操作:_

[ 2015-08-07T20:56:15+08:00 ] ::1 /jsbdlab/index.php/Admin/Index/_/jsbdlab/Public/css/index.css
ERR: 非法操作:_

[ 2015-08-07T20:56:47+08:00 ] ::1 /jsbdlab/index.php/Admin/Index/_/jsbdlab/Public/css/index.css
ERR: 非法操作:_

[ 2015-08-07T21:05:32+08:00 ] ::1 /jsbdlab/index.php/Admin/Index/_/jsbdlab/Public/css/index.css
ERR: 非法操作:_

[ 2015-08-07T21:06:10+08:00 ] ::1 /jsbdlab/index.php/Admin/Index/_/jsbdlab/Public/css/index.css
ERR: 非法操作:_

[ 2015-08-07T21:11:06+08:00 ] ::1 /jsbdlab/index.php/Admin/Index/_/jsbdlab/Public/css/index.css
ERR: 非法操作:_

[ 2015-08-07T21:12:18+08:00 ] ::1 /jsbdlab/index.php/Admin/Index/_/jsbdlab/Public/css/index.css
ERR: 非法操作:_

[ 2015-08-07T21:13:23+08:00 ] ::1 /jsbdlab/index.php/Admin/Index/listpicnews.html
ERR: 非法操作:listpicnews

[ 2015-08-07T21:14:18+08:00 ] ::1 /jsbdlab/index.php/Admin/Index/_/jsbdlab/Public/css/index.css
ERR: 非法操作:_

[ 2015-08-07T21:16:36+08:00 ] ::1 /jsbdlab/index.php/Admin/Index/_/jsbdlab/Public/css/index.css
ERR: 非法操作:_

[ 2015-08-07T21:17:06+08:00 ] ::1 /jsbdlab/index.php/Admin/Index/_/jsbdlab/Public/css/index.css
ERR: 非法操作:_

[ 2015-08-07T21:17:32+08:00 ] ::1 /jsbdlab/index.php/Admin/Index/_/jsbdlab/Public/css/index.css
ERR: 非法操作:_

[ 2015-08-07T21:17:48+08:00 ] ::1 /jsbdlab/index.php/Admin/Index/_/jsbdlab/Public/css/index.css
ERR: 非法操作:_

[ 2015-08-07T21:18:09+08:00 ] ::1 /jsbdlab/index.php/Admin/Index/_/jsbdlab/Public/css/index.css
ERR: 非法操作:_

[ 2015-08-07T21:18:21+08:00 ] ::1 /jsbdlab/index.php/Admin/Index/_/jsbdlab/Public/css/index.css
ERR: 非法操作:_

[ 2015-08-07T21:26:11+08:00 ] ::1 /jsbdlab/index.php/Admin/Index/_/jsbdlab/Public/css/index.css
ERR: 非法操作:_

[ 2015-08-07T21:26:12+08:00 ] ::1 /jsbdlab/index.php/Admin/Index/_/jsbdlab/Public/css/index.css
ERR: 非法操作:_

[ 2015-08-07T21:26:36+08:00 ] ::1 /jsbdlab/index.php/Admin/Index/_/jsbdlab/Public/css/index.css
ERR: 非法操作:_

[ 2015-08-07T21:26:37+08:00 ] ::1 /jsbdlab/index.php/Admin/Index/_/jsbdlab/Public/css/index.css
ERR: 非法操作:_

[ 2015-08-07T21:26:37+08:00 ] ::1 /jsbdlab/index.php/Admin/Index/_/jsbdlab/Public/css/index.css
ERR: 非法操作:_

[ 2015-08-07T21:26:56+08:00 ] ::1 /jsbdlab/index.php/Admin/Index/_/jsbdlab/Public/css/index.css
ERR: 非法操作:_

[ 2015-08-07T21:27:04+08:00 ] ::1 /jsbdlab/index.php/Admin/Index/_/jsbdlab/Public/css/index.css
ERR: 非法操作:_

[ 2015-08-07T21:27:06+08:00 ] ::1 /jsbdlab/index.php/Admin/Index/_/jsbdlab/Public/css/index.css
ERR: 非法操作:_

[ 2015-08-07T21:27:16+08:00 ] ::1 /jsbdlab/index.php/Admin/Index/_/jsbdlab/Public/css/index.css
ERR: 非法操作:_

[ 2015-08-07T21:28:30+08:00 ] ::1 /jsbdlab/index.php/Admin/Index/_/jsbdlab/Public/css/index.css
ERR: 非法操作:_

[ 2015-08-07T21:28:34+08:00 ] ::1 /jsbdlab/index.php/Admin/Index/_/jsbdlab/Public/css/index.css
ERR: 非法操作:_

[ 2015-08-07T21:28:40+08:00 ] ::1 /jsbdlab/index.php/Admin/Index/phandle.html
ERR: Think\Controller:suceess方法不存在！

[ 2015-08-07T21:28:49+08:00 ] ::1 /jsbdlab/index.php/Admin/Index/_/jsbdlab/Public/css/index.css
ERR: 非法操作:_

[ 2015-08-07T21:28:54+08:00 ] ::1 /jsbdlab/index.php/Admin/Index/phandle.html
ERR: Think\Controller:sucess方法不存在！

[ 2015-08-07T21:29:02+08:00 ] ::1 /jsbdlab/index.php/Admin/Index/_/jsbdlab/Public/css/index.css
ERR: 非法操作:_

[ 2015-08-07T21:29:10+08:00 ] ::1 /jsbdlab/index.php/Admin/Index/_/jsbdlab/Public/css/index.css
ERR: 非法操作:_

[ 2015-08-07T21:29:11+08:00 ] ::1 /jsbdlab/index.php/Admin/Index/_/jsbdlab/Public/css/index.css
ERR: 非法操作:_

