[ 2015-09-16T19:54:37+08:00 ] ::1 /jsbdlab/index.php/Admin/Contact/_/jsbdlab/Public/css/index.css
ERR: 非法操作:_

[ 2015-09-16T19:56:36+08:00 ] ::1 /jsbdlab/index.php/Admin/Contact/_/jsbdlab/Public/css/index.css
ERR: 非法操作:_

[ 2015-09-16T20:12:56+08:00 ] ::1 /jsbdlab/index.php/Admin/Contact/_/jsbdlab/Public/css/index.css
ERR: 非法操作:_

[ 2015-09-16T20:12:58+08:00 ] ::1 /jsbdlab/index.php/Admin/Contact/addcchandle.html
ERR: 非法操作:addcchandle

[ 2015-09-16T20:13:32+08:00 ] ::1 /jsbdlab/index.php/Admin/Contact/_/jsbdlab/Public/css/index.css
ERR: 非法操作:_

[ 2015-09-16T20:13:34+08:00 ] ::1 /jsbdlab/index.php/Admin/Contact/addcchandle.html
ERR: 非法操作:addcchandle

[ 2015-09-16T20:18:00+08:00 ] ::1 /jsbdlab/index.php/Admin/Contact/_/jsbdlab/Public/css/index.css
ERR: 非法操作:_

[ 2015-09-16T20:18:05+08:00 ] ::1 /jsbdlab/index.php/Admin/Contact/addcchandle.html
ERR: 非法操作:addcchandle

[ 2015-09-16T20:18:52+08:00 ] ::1 /jsbdlab/index.php/Admin/Contact/_/jsbdlab/Public/css/index.css
ERR: 非法操作:_

[ 2015-09-16T20:18:56+08:00 ] ::1 /jsbdlab/index.php/Admin/Contact/addcchandle.html
ERR: 非法操作:addcchandle

[ 2015-09-16T20:19:21+08:00 ] ::1 /jsbdlab/index.php/Admin/Contact/_/jsbdlab/Public/css/index.css
ERR: 非法操作:_

[ 2015-09-16T20:19:57+08:00 ] ::1 /jsbdlab/index.php/Admin/Contact/_/jsbdlab/Public/css/index.css
ERR: 非法操作:_

[ 2015-09-16T20:20:03+08:00 ] ::1 /jsbdlab/index.php/Admin/Contact/addcchandle.html
ERR: 非法操作:addcchandle

[ 2015-09-16T20:20:14+08:00 ] ::1 /jsbdlab/index.php/Admin/Contact/_/jsbdlab/Public/css/index.css
ERR: 非法操作:_

[ 2015-09-16T20:20:19+08:00 ] ::1 /jsbdlab/index.php/Admin/Index/_/jsbdlab/Public/css/index.css
ERR: 非法操作:_

[ 2015-09-16T20:20:23+08:00 ] ::1 /jsbdlab/index.php/Admin/Contact/_/jsbdlab/Public/css/index.css
ERR: 非法操作:_

[ 2015-09-16T20:21:13+08:00 ] ::1 /jsbdlab/index.php/Admin/Contact/_/jsbdlab/Public/css/index.css
ERR: 非法操作:_

[ 2015-09-16T20:21:20+08:00 ] ::1 /jsbdlab/index.php/Admin/Contact/addcchandle.html
ERR: 非法操作:addcchandle

[ 2015-09-16T20:23:57+08:00 ] ::1 /jsbdlab/index.php/Admin/Lab/_/jsbdlab/Public/css/index.css
ERR: 非法操作:_

[ 2015-09-16T20:24:01+08:00 ] ::1 /jsbdlab/index.php/Admin/Contact/_/jsbdlab/Public/css/index.css
ERR: 非法操作:_

[ 2015-09-16T20:24:09+08:00 ] ::1 /jsbdlab/index.php/Admin/Contact/_/jsbdlab/Public/css/index.css
ERR: 非法操作:_

[ 2015-09-16T20:30:11+08:00 ] ::1 /jsbdlab/index.php/Admin/Contact/addcclist.html
ERR: 非法操作:addcclist

[ 2015-09-16T20:30:34+08:00 ] ::1 /jsbdlab/index.php/Admin/Contact/listcc.html
ERR: 模板不存在:./Application/Admin/View/Contact/listcc.html

[ 2015-09-16T20:30:55+08:00 ] ::1 /jsbdlab/index.php/Admin/Contact/_/jsbdlab/Public/css/index.css
ERR: 非法操作:_

[ 2015-09-16T20:45:37+08:00 ] ::1 /jsbdlab/index.php/Admin/Contact/_/jsbdlab/Public/css/index.css
ERR: 非法操作:_

[ 2015-09-16T20:50:19+08:00 ] ::1 /jsbdlab/index.php/Admin/Contact/_/jsbdlab/Public/css/index.css
ERR: 非法操作:_

[ 2015-09-16T20:50:21+08:00 ] ::1 /jsbdlab/index.php/Admin/Contact/_/jsbdlab/Public/css/index.css
ERR: 非法操作:_

[ 2015-09-16T20:50:24+08:00 ] ::1 /jsbdlab/index.php/Admin/Contact/_/jsbdlab/Public/css/index.css
ERR: 非法操作:_

[ 2015-09-16T20:50:25+08:00 ] ::1 /jsbdlab/index.php/Admin/Contact/_/jsbdlab/Public/css/index.css
ERR: 非法操作:_

[ 2015-09-16T20:50:25+08:00 ] ::1 /jsbdlab/index.php/Admin/Contact/_/jsbdlab/Public/css/index.css
ERR: 非法操作:_

[ 2015-09-16T20:50:25+08:00 ] ::1 /jsbdlab/index.php/Admin/Contact/_/jsbdlab/Public/css/index.css
ERR: 非法操作:_

[ 2015-09-16T20:50:38+08:00 ] ::1 /jsbdlab/index.php/Admin/Contact/_/jsbdlab/Public/css/index.css
ERR: 非法操作:_

[ 2015-09-16T20:50:41+08:00 ] ::1 /jsbdlab/index.php/Admin/Contact/_/jsbdlab/Public/css/index.css
ERR: 非法操作:_

[ 2015-09-16T20:50:42+08:00 ] ::1 /jsbdlab/index.php/Admin/Contact/_/jsbdlab/Public/css/index.css
ERR: 非法操作:_

[ 2015-09-16T20:50:42+08:00 ] ::1 /jsbdlab/index.php/Admin/Contact/_/jsbdlab/Public/css/index.css
ERR: 非法操作:_

[ 2015-09-16T20:50:43+08:00 ] ::1 /jsbdlab/index.php/Admin/Contact/_/jsbdlab/Public/css/index.css
ERR: 非法操作:_

[ 2015-09-16T20:50:43+08:00 ] ::1 /jsbdlab/index.php/Admin/Contact/_/jsbdlab/Public/css/index.css
ERR: 非法操作:_

[ 2015-09-16T20:50:43+08:00 ] ::1 /jsbdlab/index.php/Admin/Contact/_/jsbdlab/Public/css/index.css
ERR: 非法操作:_

[ 2015-09-16T20:50:44+08:00 ] ::1 /jsbdlab/index.php/Admin/Contact/_/jsbdlab/Public/css/index.css
ERR: 非法操作:_

[ 2015-09-16T20:50:44+08:00 ] ::1 /jsbdlab/index.php/Admin/Contact/_/jsbdlab/Public/css/index.css
ERR: 非法操作:_

[ 2015-09-16T20:50:44+08:00 ] ::1 /jsbdlab/index.php/Admin/Contact/_/jsbdlab/Public/css/index.css
ERR: 非法操作:_

[ 2015-09-16T20:50:44+08:00 ] ::1 /jsbdlab/index.php/Admin/Contact/_/jsbdlab/Public/css/index.css
ERR: 非法操作:_

[ 2015-09-16T20:50:44+08:00 ] ::1 /jsbdlab/index.php/Admin/Contact/_/jsbdlab/Public/css/index.css
ERR: 非法操作:_

[ 2015-09-16T20:57:56+08:00 ] ::1 /jsbdlab/index.php/Admin/Contact/_/jsbdlab/Public/css/index.css
ERR: 非法操作:_

[ 2015-09-16T20:58:13+08:00 ] ::1 /jsbdlab/index.php/Admin/Contact/_/jsbdlab/Public/css/index.css
ERR: 非法操作:_

[ 2015-09-16T20:58:14+08:00 ] ::1 /jsbdlab/index.php/Admin/Contact/_/jsbdlab/Public/css/index.css
ERR: 非法操作:_

[ 2015-09-16T20:58:15+08:00 ] ::1 /jsbdlab/index.php/Admin/Contact/_/jsbdlab/Public/css/index.css
ERR: 非法操作:_

[ 2015-09-16T20:58:16+08:00 ] ::1 /jsbdlab/index.php/Admin/Contact/_/jsbdlab/Public/css/index.css
ERR: 非法操作:_

[ 2015-09-16T20:58:19+08:00 ] ::1 /jsbdlab/index.php/Admin/Contact/_/jsbdlab/Public/css/index.css
ERR: 非法操作:_

[ 2015-09-16T20:58:22+08:00 ] ::1 /jsbdlab/index.php/Admin/Contact/_/jsbdlab/Public/css/index.css
ERR: 非法操作:_

[ 2015-09-16T20:58:23+08:00 ] ::1 /jsbdlab/index.php/Admin/Contact/_/jsbdlab/Public/css/index.css
ERR: 非法操作:_

[ 2015-09-16T20:58:57+08:00 ] ::1 /jsbdlab/index.php/Admin/Contact/_/jsbdlab/Public/css/index.css
ERR: 非法操作:_

[ 2015-09-16T20:58:59+08:00 ] ::1 /jsbdlab/index.php/Admin/Contact/_/jsbdlab/Public/css/index.css
ERR: 非法操作:_

[ 2015-09-16T20:59:00+08:00 ] ::1 /jsbdlab/index.php/Admin/Contact/_/jsbdlab/Public/css/index.css
ERR: 非法操作:_

[ 2015-09-16T20:59:00+08:00 ] ::1 /jsbdlab/index.php/Admin/Contact/_/jsbdlab/Public/css/index.css
ERR: 非法操作:_

[ 2015-09-16T20:59:01+08:00 ] ::1 /jsbdlab/index.php/Admin/Contact/_/jsbdlab/Public/css/index.css
ERR: 非法操作:_

[ 2015-09-16T20:59:02+08:00 ] ::1 /jsbdlab/index.php/Admin/Contact/_/jsbdlab/Public/css/index.css
ERR: 非法操作:_

[ 2015-09-16T20:59:03+08:00 ] ::1 /jsbdlab/index.php/Admin/Contact/_/jsbdlab/Public/css/index.css
ERR: 非法操作:_

[ 2015-09-16T20:59:03+08:00 ] ::1 /jsbdlab/index.php/Admin/Contact/_/jsbdlab/Public/css/index.css
ERR: 非法操作:_

[ 2015-09-16T20:59:04+08:00 ] ::1 /jsbdlab/index.php/Admin/Contact/_/jsbdlab/Public/css/index.css
ERR: 非法操作:_

[ 2015-09-16T20:59:05+08:00 ] ::1 /jsbdlab/index.php/Admin/Contact/_/jsbdlab/Public/css/index.css
ERR: 非法操作:_

[ 2015-09-16T20:59:06+08:00 ] ::1 /jsbdlab/index.php/Admin/Contact/_/jsbdlab/Public/css/index.css
ERR: 非法操作:_

[ 2015-09-16T21:22:57+08:00 ] ::1 /jsbdlab/index.php/Admin/Contact/_/jsbdlab/Public/css/index.css
ERR: 非法操作:_

[ 2015-09-16T21:23:36+08:00 ] ::1 /jsbdlab/index.php/Admin/Contact/_/jsbdlab/Public/css/index.css
ERR: 非法操作:_

[ 2015-09-16T21:24:18+08:00 ] ::1 /jsbdlab/index.php/Admin/Contact/_/jsbdlab/Public/css/index.css
ERR: 非法操作:_

[ 2015-09-16T21:24:19+08:00 ] ::1 /jsbdlab/index.php/Admin/Contact/_/jsbdlab/Public/css/index.css
ERR: 非法操作:_

[ 2015-09-16T21:24:36+08:00 ] ::1 /jsbdlab/index.php/Admin/Contact/_/jsbdlab/Public/css/index.css
ERR: 非法操作:_

[ 2015-09-16T21:24:45+08:00 ] ::1 /jsbdlab/index.php/Admin/Lab/_/jsbdlab/Public/css/index.css
ERR: 非法操作:_

[ 2015-09-16T21:25:31+08:00 ] ::1 /jsbdlab/index.php/Admin/Contact/_/jsbdlab/Public/css/index.css
ERR: 非法操作:_

[ 2015-09-16T21:30:22+08:00 ] ::1 /jsbdlab/index.php/Admin/Contact/_/jsbdlab/Public/css/index.css
ERR: 非法操作:_

[ 2015-09-16T21:30:23+08:00 ] ::1 /jsbdlab/index.php/Admin/Contact/_/jsbdlab/Public/css/index.css
ERR: 非法操作:_

[ 2015-09-16T21:33:14+08:00 ] ::1 /jsbdlab/index.php/Admin/Contact/_/jsbdlab/Public/css/index.css
ERR: 非法操作:_

[ 2015-09-16T21:33:29+08:00 ] ::1 /jsbdlab/index.php/Admin/Contact/_/jsbdlab/Public/css/index.css
ERR: 非法操作:_

[ 2015-09-16T21:38:47+08:00 ] ::1 /jsbdlab/index.php/Admin/Contact/_/jsbdlab/Public/css/index.css
ERR: 非法操作:_

[ 2015-09-16T21:38:49+08:00 ] ::1 /jsbdlab/index.php/Admin/Index/acc/id/1.html
ERR: 非法操作:acc

[ 2015-09-16T21:39:04+08:00 ] ::1 /jsbdlab/index.php/Admin/Contact/_/jsbdlab/Public/css/index.css
ERR: 非法操作:_

[ 2015-09-16T21:39:07+08:00 ] ::1 /jsbdlab/index.php/Admin/Index/listcc.html
ERR: 非法操作:listcc

[ 2015-09-16T21:39:36+08:00 ] ::1 /jsbdlab/index.php/Admin/Contact/_/jsbdlab/Public/css/index.css
ERR: 非法操作:_

[ 2015-09-16T21:39:41+08:00 ] ::1 /jsbdlab/index.php/Admin/Contact/_/jsbdlab/Public/css/index.css
ERR: 非法操作:_

[ 2015-09-16T21:46:00+08:00 ] ::1 /jsbdlab/index.php/Admin/Contact/_/jsbdlab/Public/css/index.css
ERR: 非法操作:_

[ 2015-09-16T21:46:24+08:00 ] ::1 /jsbdlab/index.php/Admin/Contact/_/jsbdlab/Public/css/index.css
ERR: 非法操作:_

[ 2015-09-16T21:52:41+08:00 ] ::1 /jsbdlab/index.php/Admin/Contact/_/jsbdlab/Public/css/index.css
ERR: 非法操作:_

[ 2015-09-16T21:53:05+08:00 ] ::1 /jsbdlab/index.php/Admin/Contact/_/jsbdlab/Public/css/index.css
ERR: 非法操作:_

[ 2015-09-16T21:53:51+08:00 ] ::1 /jsbdlab/index.php/Admin/Contact/_/jsbdlab/Public/css/index.css
ERR: 非法操作:_

[ 2015-09-16T21:54:33+08:00 ] ::1 /jsbdlab/index.php/Admin/Contact/_/jsbdlab/Public/css/index.css
ERR: 非法操作:_

[ 2015-09-16T21:55:19+08:00 ] ::1 /jsbdlab/index.php/Admin/Contact/_/jsbdlab/Public/css/index.css
ERR: 非法操作:_

[ 2015-09-16T21:55:48+08:00 ] ::1 /jsbdlab/index.php/Admin/Contact/_/jsbdlab/Public/css/index.css
ERR: 非法操作:_

[ 2015-09-16T21:56:24+08:00 ] ::1 /jsbdlab/index.php/Admin/Contact/_/jsbdlab/Public/css/index.css
ERR: 非法操作:_

[ 2015-09-16T21:56:28+08:00 ] ::1 /jsbdlab/index.php/Admin/Contact/recchandle/id/1.html
ERR: Think\Controller:succss方法不存在！

[ 2015-09-16T21:56:43+08:00 ] ::1 /jsbdlab/index.php/Admin/Contact/_/jsbdlab/Public/css/index.css
ERR: 非法操作:_

[ 2015-09-16T21:56:45+08:00 ] ::1 /jsbdlab/index.php/Admin/Contact/_/jsbdlab/Public/css/index.css
ERR: 非法操作:_

[ 2015-09-16T21:56:52+08:00 ] ::1 /jsbdlab/index.php/Admin/Contact/_/jsbdlab/Public/css/index.css
ERR: 非法操作:_

[ 2015-09-16T21:57:12+08:00 ] ::1 /jsbdlab/index.php/Admin/Contact/_/jsbdlab/Public/css/index.css
ERR: 非法操作:_

[ 2015-09-16T21:57:18+08:00 ] ::1 /jsbdlab/index.php/Admin/Contact/_/jsbdlab/Public/css/index.css
ERR: 非法操作:_

[ 2015-09-16T21:59:49+08:00 ] ::1 /jsbdlab/index.php/Admin/Contact/_/jsbdlab/Public/css/index.css
ERR: 非法操作:_

[ 2015-09-16T21:59:50+08:00 ] ::1 /jsbdlab/index.php/Admin/Index/delcc/id/1.html
ERR: 非法操作:delcc

[ 2015-09-16T22:00:06+08:00 ] ::1 /jsbdlab/index.php/Admin/Contact/_/jsbdlab/Public/css/index.css
ERR: 非法操作:_

[ 2015-09-16T22:00:07+08:00 ] ::1 /jsbdlab/index.php/Admin/Contact/_/jsbdlab/Public/css/index.css
ERR: 非法操作:_

[ 2015-09-16T22:00:08+08:00 ] ::1 /jsbdlab/index.php/Admin/Contact/_/jsbdlab/Public/css/index.css
ERR: 非法操作:_

[ 2015-09-16T22:00:09+08:00 ] ::1 /jsbdlab/index.php/Admin/Contact/_/jsbdlab/Public/css/index.css
ERR: 非法操作:_

[ 2015-09-16T22:00:41+08:00 ] ::1 /jsbdlab/index.php/Admin/Lab/_/jsbdlab/Public/css/index.css
ERR: 非法操作:_

[ 2015-09-16T22:00:41+08:00 ] ::1 /jsbdlab/index.php/Admin/Lab/_/jsbdlab/Public/css/index.css
ERR: 非法操作:_

[ 2015-09-16T22:01:32+08:00 ] ::1 /jsbdlab/index.php/Admin/Lab/_/jsbdlab/Public/css/index.css
ERR: 非法操作:_

[ 2015-09-16T22:01:37+08:00 ] ::1 /jsbdlab/index.php/Admin/Index/_/jsbdlab/Public/css/index.css
ERR: 非法操作:_

[ 2015-09-16T22:02:08+08:00 ] ::1 /jsbdlab/index.php/Admin/Index/_/jsbdlab/Public/css/index.css
ERR: 非法操作:_

[ 2015-09-16T22:02:15+08:00 ] ::1 /jsbdlab/index.php/Admin/Lab/_/jsbdlab/Public/css/index.css
ERR: 非法操作:_

[ 2015-09-16T22:02:50+08:00 ] ::1 /jsbdlab/index.php/Admin/Lab/_/jsbdlab/Public/css/index.css
ERR: 非法操作:_

[ 2015-09-16T22:02:53+08:00 ] ::1 /jsbdlab/index.php/Admin/Index/_/jsbdlab/Public/css/index.css
ERR: 非法操作:_

[ 2015-09-16T22:03:24+08:00 ] ::1 /jsbdlab/index.php/Admin/Index/_/jsbdlab/Public/css/index.css
ERR: 非法操作:_

[ 2015-09-16T22:03:30+08:00 ] ::1 /jsbdlab/index.php/Admin/Index/_/jsbdlab/Public/css/index.css
ERR: 非法操作:_

[ 2015-09-16T22:03:59+08:00 ] ::1 /jsbdlab/index.php/Admin/Index/_/jsbdlab/Public/css/index.css
ERR: 非法操作:_

[ 2015-09-16T22:04:11+08:00 ] ::1 /jsbdlab/index.php/Admin/Index/_/jsbdlab/Public/css/index.css
ERR: 非法操作:_

[ 2015-09-16T22:04:27+08:00 ] ::1 /jsbdlab/index.php/Admin/Index/_/jsbdlab/Public/css/index.css
ERR: 非法操作:_

[ 2015-09-16T22:04:52+08:00 ] ::1 /jsbdlab/index.php/Admin/Index/_/jsbdlab/Public/css/index.css
ERR: 非法操作:_

[ 2015-09-16T22:04:57+08:00 ] ::1 /jsbdlab/index.php/Admin/Lab/_/jsbdlab/Public/css/index.css
ERR: 非法操作:_

[ 2015-09-16T22:05:00+08:00 ] ::1 /jsbdlab/index.php/Admin/Index/_/jsbdlab/Public/css/index.css
ERR: 非法操作:_

[ 2015-09-16T22:05:04+08:00 ] ::1 /jsbdlab/index.php/Admin/Index/_/jsbdlab/Public/css/index.css
ERR: 非法操作:_

[ 2015-09-16T22:05:13+08:00 ] ::1 /jsbdlab/index.php/Admin/Index/_/jsbdlab/Public/css/index.css
ERR: 非法操作:_

[ 2015-09-16T22:05:34+08:00 ] ::1 /jsbdlab/index.php/Admin/Index/_/jsbdlab/Public/css/index.css
ERR: 非法操作:_

[ 2015-09-16T22:05:45+08:00 ] ::1 /jsbdlab/index.php/Admin/Lab/_/jsbdlab/Public/css/index.css
ERR: 非法操作:_

[ 2015-09-16T22:06:08+08:00 ] ::1 /jsbdlab/index.php/Admin/Lab/_/jsbdlab/Public/css/index.css
ERR: 非法操作:_

[ 2015-09-16T22:06:21+08:00 ] ::1 /jsbdlab/index.php/Admin/Lab/_/jsbdlab/Public/css/index.css
ERR: 非法操作:_

[ 2015-09-16T22:06:26+08:00 ] ::1 /jsbdlab/index.php/Admin/Index/_/jsbdlab/Public/css/index.css
ERR: 非法操作:_

[ 2015-09-16T22:07:45+08:00 ] ::1 /jsbdlab/index.php/Admin/Index/_/jsbdlab/Public/css/index.css
ERR: 非法操作:_

[ 2015-09-16T22:07:49+08:00 ] ::1 /jsbdlab/index.php/Admin/Lab/_/jsbdlab/Public/css/index.css
ERR: 非法操作:_

[ 2015-09-16T22:08:13+08:00 ] ::1 /jsbdlab/index.php/Admin/Lab/_/jsbdlab/Public/css/index.css
ERR: 非法操作:_

[ 2015-09-16T22:08:16+08:00 ] ::1 /jsbdlab/index.php/Admin/Lab/_/jsbdlab/Public/css/index.css
ERR: 非法操作:_

[ 2015-09-16T22:08:23+08:00 ] ::1 /jsbdlab/index.php/Admin/Contact/_/jsbdlab/Public/css/index.css
ERR: 非法操作:_

[ 2015-09-16T22:08:26+08:00 ] ::1 /jsbdlab/index.php/Admin/Index/_/jsbdlab/Public/css/index.css
ERR: 非法操作:_

[ 2015-09-16T22:08:57+08:00 ] ::1 /jsbdlab/index.php/Admin/Index/_/jsbdlab/Public/css/index.css
ERR: 非法操作:_

[ 2015-09-16T22:09:09+08:00 ] ::1 /jsbdlab/index.php/Admin/Index/_/jsbdlab/Public/css/index.css
ERR: 非法操作:_

[ 2015-09-16T22:09:16+08:00 ] ::1 /jsbdlab/index.php/Admin/Lab/_/jsbdlab/Public/css/index.css
ERR: 非法操作:_

[ 2015-09-16T22:13:53+08:00 ] ::1 /jsbdlab/index.php/Admin/Contact/_/jsbdlab/Public/css/index.css
ERR: 非法操作:_

[ 2015-09-16T22:15:17+08:00 ] ::1 /jsbdlab/index.php/Admin/Contact/_/jsbdlab/Public/css/index.css
ERR: 非法操作:_

[ 2015-09-16T22:16:10+08:00 ] ::1 /jsbdlab/index.php/Admin/Contact/_/jsbdlab/Public/css/index.css
ERR: 非法操作:_

[ 2015-09-16T22:16:10+08:00 ] ::1 /jsbdlab/index.php/Admin/Contact/_/jsbdlab/Public/css/index.css
ERR: 非法操作:_

[ 2015-09-16T22:16:11+08:00 ] ::1 /jsbdlab/index.php/Admin/Contact/_/jsbdlab/Public/css/index.css
ERR: 非法操作:_

[ 2015-09-16T22:16:12+08:00 ] ::1 /jsbdlab/index.php/Admin/Contact/_/jsbdlab/Public/css/index.css
ERR: 非法操作:_

[ 2015-09-16T22:16:24+08:00 ] ::1 /jsbdlab/index.php/Admin/Contact/_/jsbdlab/Public/css/index.css
ERR: 非法操作:_

[ 2015-09-16T22:16:27+08:00 ] ::1 /jsbdlab/index.php/Admin/Contact/delcc/id/1.html
ERR: Think\Model:delect方法不存在！

[ 2015-09-16T22:17:46+08:00 ] ::1 /jsbdlab/index.php/Admin/Contact/_/jsbdlab/Public/css/index.css
ERR: 非法操作:_

[ 2015-09-16T22:17:49+08:00 ] ::1 /jsbdlab/index.php/Admin/Contact/_/jsbdlab/Public/css/index.css
ERR: 非法操作:_

