[ 2015-09-02T00:14:52+08:00 ] ::1 /jsbdlab/index.php/Admin/Index/_/jsbdlab/Public/css/index.css
ERR: 非法操作:_

[ 2015-09-02T00:17:47+08:00 ] ::1 /jsbdlab/index.php/Home/Index/morebde
INFO: [ app_begin ] --START--
INFO: Run Behavior\ReadHtmlCache [ RunTime:0.000000s ]
INFO: [ app_begin ] --END-- [ RunTime:0.002000s ]
NOTIC: [8] A session had already been started - ignoring session_start() E:\xampp\www\jsbdlab\ThinkPHP\Common\functions.php 第 1092 行.
NOTIC: [8192] mysql_connect(): The mysql extension is deprecated and will be removed in the future: use mysqli or PDO instead E:\xampp\www\jsbdlab\ThinkPHP\Library\Think\Db\Driver\Mysql.class.php 第 52 行.
SQL: SHOW COLUMNS FROM `bd_event` [ RunTime:0.002001s ]
SQL: SELECT * FROM `bd_event` WHERE ( `active` = 1 ) AND ( id<17 ) ORDER BY id desc LIMIT 2   [ RunTime:0.001000s ]

[ 2015-09-02T00:17:49+08:00 ] ::1 /jsbdlab/index.php/Home/Index/morebde
INFO: [ app_begin ] --START--
INFO: Run Behavior\ReadHtmlCache [ RunTime:0.000000s ]
INFO: [ app_begin ] --END-- [ RunTime:0.002000s ]
NOTIC: [8] A session had already been started - ignoring session_start() E:\xampp\www\jsbdlab\ThinkPHP\Common\functions.php 第 1092 行.
NOTIC: [8192] mysql_connect(): The mysql extension is deprecated and will be removed in the future: use mysqli or PDO instead E:\xampp\www\jsbdlab\ThinkPHP\Library\Think\Db\Driver\Mysql.class.php 第 52 行.
SQL: SHOW COLUMNS FROM `bd_event` [ RunTime:0.003000s ]
SQL: SELECT * FROM `bd_event` WHERE ( `active` = 1 ) AND ( id<15 ) ORDER BY id desc LIMIT 2   [ RunTime:0.000000s ]

[ 2015-09-02T00:17:56+08:00 ] ::1 /jsbdlab/index.php/Home/Index/morebds
INFO: [ app_begin ] --START--
INFO: Run Behavior\ReadHtmlCache [ RunTime:0.001000s ]
INFO: [ app_begin ] --END-- [ RunTime:0.001000s ]
NOTIC: [8] A session had already been started - ignoring session_start() E:\xampp\www\jsbdlab\ThinkPHP\Common\functions.php 第 1092 行.
NOTIC: [8192] mysql_connect(): The mysql extension is deprecated and will be removed in the future: use mysqli or PDO instead E:\xampp\www\jsbdlab\ThinkPHP\Library\Think\Db\Driver\Mysql.class.php 第 52 行.
SQL: SHOW COLUMNS FROM `bd_satc` [ RunTime:0.003000s ]
NOTIC: [2] Invalid argument supplied for foreach() E:\xampp\www\jsbdlab\ThinkPHP\Library\Think\Db.class.php 第 425 行.
SQL: SELECT * FROM `bd_satc` ORDER BY id desc LIMIT 2   [ RunTime:0.000000s ]

[ 2015-09-02T13:28:17+08:00 ] ::1 /jsbdlab/index.php/Home/Index/morebde
INFO: [ app_begin ] --START--
INFO: Run Behavior\ReadHtmlCache [ RunTime:0.001000s ]
INFO: [ app_begin ] --END-- [ RunTime:0.002000s ]
NOTIC: [8] A session had already been started - ignoring session_start() E:\xampp\www\jsbdlab\ThinkPHP\Common\functions.php 第 1092 行.
NOTIC: [8192] mysql_connect(): The mysql extension is deprecated and will be removed in the future: use mysqli or PDO instead E:\xampp\www\jsbdlab\ThinkPHP\Library\Think\Db\Driver\Mysql.class.php 第 52 行.
SQL: SHOW COLUMNS FROM `bd_event` [ RunTime:0.004000s ]
SQL: SELECT * FROM `bd_event` WHERE ( `active` = 1 ) AND ( id<17 ) ORDER BY id desc LIMIT 2   [ RunTime:0.176011s ]

[ 2015-09-02T13:28:55+08:00 ] ::1 /jsbdlab/index.php/Home/Index/morebde
INFO: [ app_begin ] --START--
INFO: Run Behavior\ReadHtmlCache [ RunTime:0.000000s ]
INFO: [ app_begin ] --END-- [ RunTime:0.001000s ]
NOTIC: [8] A session had already been started - ignoring session_start() E:\xampp\www\jsbdlab\ThinkPHP\Common\functions.php 第 1092 行.
NOTIC: [8192] mysql_connect(): The mysql extension is deprecated and will be removed in the future: use mysqli or PDO instead E:\xampp\www\jsbdlab\ThinkPHP\Library\Think\Db\Driver\Mysql.class.php 第 52 行.
SQL: SHOW COLUMNS FROM `bd_event` [ RunTime:0.003000s ]
SQL: SELECT * FROM `bd_event` WHERE ( `active` = 1 ) AND ( id<17 ) ORDER BY id desc LIMIT 2   [ RunTime:0.001001s ]

[ 2015-09-02T13:29:00+08:00 ] ::1 /jsbdlab/index.php/Home/Index/morebdc
INFO: [ app_begin ] --START--
INFO: Run Behavior\ReadHtmlCache [ RunTime:0.001000s ]
INFO: [ app_begin ] --END-- [ RunTime:0.002001s ]
NOTIC: [8] A session had already been started - ignoring session_start() E:\xampp\www\jsbdlab\ThinkPHP\Common\functions.php 第 1092 行.
NOTIC: [8192] mysql_connect(): The mysql extension is deprecated and will be removed in the future: use mysqli or PDO instead E:\xampp\www\jsbdlab\ThinkPHP\Library\Think\Db\Driver\Mysql.class.php 第 52 行.
SQL: SHOW COLUMNS FROM `bd_bdpeople` [ RunTime:0.004001s ]
SQL: SELECT * FROM `bd_bdpeople` WHERE ( `active` = 1 ) AND ( id>13 ) LIMIT 2   [ RunTime:0.001000s ]

[ 2015-09-02T13:29:04+08:00 ] ::1 /jsbdlab/index.php/Home/Index/morebds
INFO: [ app_begin ] --START--
INFO: Run Behavior\ReadHtmlCache [ RunTime:0.001000s ]
INFO: [ app_begin ] --END-- [ RunTime:0.001000s ]
NOTIC: [8] A session had already been started - ignoring session_start() E:\xampp\www\jsbdlab\ThinkPHP\Common\functions.php 第 1092 行.
NOTIC: [8192] mysql_connect(): The mysql extension is deprecated and will be removed in the future: use mysqli or PDO instead E:\xampp\www\jsbdlab\ThinkPHP\Library\Think\Db\Driver\Mysql.class.php 第 52 行.
SQL: SHOW COLUMNS FROM `bd_satc` [ RunTime:0.004000s ]
NOTIC: [2] Invalid argument supplied for foreach() E:\xampp\www\jsbdlab\ThinkPHP\Library\Think\Db.class.php 第 425 行.
SQL: SELECT * FROM `bd_satc` ORDER BY id desc LIMIT 2   [ RunTime:0.001000s ]

[ 2015-09-02T13:29:09+08:00 ] ::1 /jsbdlab/index.php/Home/Index/morebds
INFO: [ app_begin ] --START--
INFO: Run Behavior\ReadHtmlCache [ RunTime:0.001000s ]
INFO: [ app_begin ] --END-- [ RunTime:0.002000s ]
NOTIC: [8] A session had already been started - ignoring session_start() E:\xampp\www\jsbdlab\ThinkPHP\Common\functions.php 第 1092 行.
NOTIC: [8192] mysql_connect(): The mysql extension is deprecated and will be removed in the future: use mysqli or PDO instead E:\xampp\www\jsbdlab\ThinkPHP\Library\Think\Db\Driver\Mysql.class.php 第 52 行.
SQL: SHOW COLUMNS FROM `bd_satc` [ RunTime:0.005000s ]
NOTIC: [2] Invalid argument supplied for foreach() E:\xampp\www\jsbdlab\ThinkPHP\Library\Think\Db.class.php 第 425 行.
SQL: SELECT * FROM `bd_satc` ORDER BY id desc LIMIT 2   [ RunTime:0.001001s ]

[ 2015-09-02T15:10:12+08:00 ] ::1 /jsbdlab/index.php/Home/Index/morebdc
INFO: [ app_begin ] --START--
INFO: Run Behavior\ReadHtmlCache [ RunTime:0.001000s ]
INFO: [ app_begin ] --END-- [ RunTime:0.001000s ]
NOTIC: [8] A session had already been started - ignoring session_start() E:\xampp\www\jsbdlab\ThinkPHP\Common\functions.php 第 1092 行.
NOTIC: [8192] mysql_connect(): The mysql extension is deprecated and will be removed in the future: use mysqli or PDO instead E:\xampp\www\jsbdlab\ThinkPHP\Library\Think\Db\Driver\Mysql.class.php 第 52 行.
SQL: SHOW COLUMNS FROM `bd_bdpeople` [ RunTime:0.003000s ]
SQL: SELECT * FROM `bd_bdpeople` WHERE ( `active` = 1 ) AND ( id>13 ) LIMIT 2   [ RunTime:0.001000s ]

[ 2015-09-02T15:10:13+08:00 ] ::1 /jsbdlab/index.php/Home/Index/morebdc
INFO: [ app_begin ] --START--
INFO: Run Behavior\ReadHtmlCache [ RunTime:0.000000s ]
INFO: [ app_begin ] --END-- [ RunTime:0.002000s ]
NOTIC: [8] A session had already been started - ignoring session_start() E:\xampp\www\jsbdlab\ThinkPHP\Common\functions.php 第 1092 行.
NOTIC: [8192] mysql_connect(): The mysql extension is deprecated and will be removed in the future: use mysqli or PDO instead E:\xampp\www\jsbdlab\ThinkPHP\Library\Think\Db\Driver\Mysql.class.php 第 52 行.
SQL: SHOW COLUMNS FROM `bd_bdpeople` [ RunTime:0.002000s ]
SQL: SELECT * FROM `bd_bdpeople` WHERE ( `active` = 1 ) AND ( id>16 ) LIMIT 2   [ RunTime:0.001001s ]

[ 2015-09-02T15:10:15+08:00 ] ::1 /jsbdlab/index.php/Home/Index/morebdc
INFO: [ app_begin ] --START--
INFO: Run Behavior\ReadHtmlCache [ RunTime:0.001000s ]
INFO: [ app_begin ] --END-- [ RunTime:0.001000s ]
NOTIC: [8] A session had already been started - ignoring session_start() E:\xampp\www\jsbdlab\ThinkPHP\Common\functions.php 第 1092 行.
NOTIC: [8192] mysql_connect(): The mysql extension is deprecated and will be removed in the future: use mysqli or PDO instead E:\xampp\www\jsbdlab\ThinkPHP\Library\Think\Db\Driver\Mysql.class.php 第 52 行.
SQL: SHOW COLUMNS FROM `bd_bdpeople` [ RunTime:0.002000s ]
SQL: SELECT * FROM `bd_bdpeople` WHERE ( `active` = 1 ) AND ( id>18 ) LIMIT 2   [ RunTime:0.000000s ]

[ 2015-09-02T17:29:38+08:00 ] ::1 /jsbdlab/index.php/Admin/Index/_/jsbdlab/Public/css/index.css
ERR: 非法操作:_

[ 2015-09-02T17:29:46+08:00 ] ::1 /jsbdlab/index.php/Admin/Index/_/jsbdlab/Public/css/index.css
ERR: 非法操作:_

[ 2015-09-02T20:48:20+08:00 ] ::1 /jsbdlab/index.php/Home/Index/morebdc
INFO: [ app_begin ] --START--
INFO: Run Behavior\ReadHtmlCache [ RunTime:0.001000s ]
INFO: [ app_begin ] --END-- [ RunTime:0.002000s ]
NOTIC: [8] A session had already been started - ignoring session_start() E:\xampp\www\jsbdlab\ThinkPHP\Common\functions.php 第 1092 行.
NOTIC: [8192] mysql_connect(): The mysql extension is deprecated and will be removed in the future: use mysqli or PDO instead E:\xampp\www\jsbdlab\ThinkPHP\Library\Think\Db\Driver\Mysql.class.php 第 52 行.
SQL: SHOW COLUMNS FROM `bd_bdpeople` [ RunTime:0.003001s ]
SQL: SELECT * FROM `bd_bdpeople` WHERE ( `active` = 1 ) AND ( id>13 ) LIMIT 2   [ RunTime:0.000000s ]

[ 2015-09-02T20:48:20+08:00 ] ::1 /jsbdlab/index.php/Home/Index/morebdc
INFO: [ app_begin ] --START--
INFO: Run Behavior\ReadHtmlCache [ RunTime:0.001000s ]
INFO: [ app_begin ] --END-- [ RunTime:0.002000s ]
NOTIC: [8] A session had already been started - ignoring session_start() E:\xampp\www\jsbdlab\ThinkPHP\Common\functions.php 第 1092 行.
NOTIC: [8192] mysql_connect(): The mysql extension is deprecated and will be removed in the future: use mysqli or PDO instead E:\xampp\www\jsbdlab\ThinkPHP\Library\Think\Db\Driver\Mysql.class.php 第 52 行.
SQL: SHOW COLUMNS FROM `bd_bdpeople` [ RunTime:0.003000s ]
SQL: SELECT * FROM `bd_bdpeople` WHERE ( `active` = 1 ) AND ( id>13 ) LIMIT 2   [ RunTime:0.001000s ]

[ 2015-09-02T20:48:21+08:00 ] ::1 /jsbdlab/index.php/Home/Index/morebdc
INFO: [ app_begin ] --START--
INFO: Run Behavior\ReadHtmlCache [ RunTime:0.001000s ]
INFO: [ app_begin ] --END-- [ RunTime:0.003000s ]
NOTIC: [8] A session had already been started - ignoring session_start() E:\xampp\www\jsbdlab\ThinkPHP\Common\functions.php 第 1092 行.
NOTIC: [8192] mysql_connect(): The mysql extension is deprecated and will be removed in the future: use mysqli or PDO instead E:\xampp\www\jsbdlab\ThinkPHP\Library\Think\Db\Driver\Mysql.class.php 第 52 行.
SQL: SHOW COLUMNS FROM `bd_bdpeople` [ RunTime:0.007001s ]
SQL: SELECT * FROM `bd_bdpeople` WHERE ( `active` = 1 ) AND ( id>13 ) LIMIT 2   [ RunTime:0.001000s ]

[ 2015-09-02T20:48:21+08:00 ] ::1 /jsbdlab/index.php/Home/Index/morebdc
INFO: [ app_begin ] --START--
INFO: Run Behavior\ReadHtmlCache [ RunTime:0.002000s ]
INFO: [ app_begin ] --END-- [ RunTime:0.005000s ]
NOTIC: [8] A session had already been started - ignoring session_start() E:\xampp\www\jsbdlab\ThinkPHP\Common\functions.php 第 1092 行.
NOTIC: [8192] mysql_connect(): The mysql extension is deprecated and will be removed in the future: use mysqli or PDO instead E:\xampp\www\jsbdlab\ThinkPHP\Library\Think\Db\Driver\Mysql.class.php 第 52 行.
SQL: SHOW COLUMNS FROM `bd_bdpeople` [ RunTime:0.004000s ]
SQL: SELECT * FROM `bd_bdpeople` WHERE ( `active` = 1 ) AND ( id>13 ) LIMIT 2   [ RunTime:0.000000s ]

[ 2015-09-02T20:48:21+08:00 ] ::1 /jsbdlab/index.php/Home/Index/morebdc
INFO: [ app_begin ] --START--
INFO: Run Behavior\ReadHtmlCache [ RunTime:0.001001s ]
INFO: [ app_begin ] --END-- [ RunTime:0.001001s ]
NOTIC: [8] A session had already been started - ignoring session_start() E:\xampp\www\jsbdlab\ThinkPHP\Common\functions.php 第 1092 行.
NOTIC: [8192] mysql_connect(): The mysql extension is deprecated and will be removed in the future: use mysqli or PDO instead E:\xampp\www\jsbdlab\ThinkPHP\Library\Think\Db\Driver\Mysql.class.php 第 52 行.
SQL: SHOW COLUMNS FROM `bd_bdpeople` [ RunTime:0.003001s ]
SQL: SELECT * FROM `bd_bdpeople` WHERE ( `active` = 1 ) AND ( id>13 ) LIMIT 2   [ RunTime:0.000000s ]

[ 2015-09-02T20:48:22+08:00 ] ::1 /jsbdlab/index.php/Home/Index/morebdc
INFO: [ app_begin ] --START--
INFO: Run Behavior\ReadHtmlCache [ RunTime:0.001000s ]
INFO: [ app_begin ] --END-- [ RunTime:0.002000s ]
NOTIC: [8] A session had already been started - ignoring session_start() E:\xampp\www\jsbdlab\ThinkPHP\Common\functions.php 第 1092 行.
NOTIC: [8192] mysql_connect(): The mysql extension is deprecated and will be removed in the future: use mysqli or PDO instead E:\xampp\www\jsbdlab\ThinkPHP\Library\Think\Db\Driver\Mysql.class.php 第 52 行.
SQL: SHOW COLUMNS FROM `bd_bdpeople` [ RunTime:0.004000s ]
SQL: SELECT * FROM `bd_bdpeople` WHERE ( `active` = 1 ) AND ( id>13 ) LIMIT 2   [ RunTime:0.001000s ]

[ 2015-09-02T20:48:30+08:00 ] ::1 /jsbdlab/index.php/Home/Index/morebde
INFO: [ app_begin ] --START--
INFO: Run Behavior\ReadHtmlCache [ RunTime:0.001000s ]
INFO: [ app_begin ] --END-- [ RunTime:0.001000s ]
NOTIC: [8] A session had already been started - ignoring session_start() E:\xampp\www\jsbdlab\ThinkPHP\Common\functions.php 第 1092 行.
NOTIC: [8192] mysql_connect(): The mysql extension is deprecated and will be removed in the future: use mysqli or PDO instead E:\xampp\www\jsbdlab\ThinkPHP\Library\Think\Db\Driver\Mysql.class.php 第 52 行.
SQL: SHOW COLUMNS FROM `bd_event` [ RunTime:0.003000s ]
SQL: SELECT * FROM `bd_event` WHERE ( `active` = 1 ) AND ( id<17 ) ORDER BY id desc LIMIT 2   [ RunTime:0.001000s ]

[ 2015-09-02T20:49:16+08:00 ] ::1 /jsbdlab/index.php/Home/Index/morebde
INFO: [ app_begin ] --START--
INFO: Run Behavior\ReadHtmlCache [ RunTime:0.001001s ]
INFO: [ app_begin ] --END-- [ RunTime:0.001001s ]
NOTIC: [8] A session had already been started - ignoring session_start() E:\xampp\www\jsbdlab\ThinkPHP\Common\functions.php 第 1092 行.
NOTIC: [8192] mysql_connect(): The mysql extension is deprecated and will be removed in the future: use mysqli or PDO instead E:\xampp\www\jsbdlab\ThinkPHP\Library\Think\Db\Driver\Mysql.class.php 第 52 行.
SQL: SHOW COLUMNS FROM `bd_event` [ RunTime:0.003000s ]
SQL: SELECT * FROM `bd_event` WHERE ( `active` = 1 ) AND ( id<15 ) ORDER BY id desc LIMIT 2   [ RunTime:0.000000s ]

[ 2015-09-02T20:53:52+08:00 ] ::1 /jsbdlab/index.php/Home/Index/morebdc
INFO: [ app_begin ] --START--
INFO: Run Behavior\ReadHtmlCache [ RunTime:0.001000s ]
INFO: [ app_begin ] --END-- [ RunTime:0.002001s ]
NOTIC: [8] A session had already been started - ignoring session_start() E:\xampp\www\jsbdlab\ThinkPHP\Common\functions.php 第 1092 行.
NOTIC: [8192] mysql_connect(): The mysql extension is deprecated and will be removed in the future: use mysqli or PDO instead E:\xampp\www\jsbdlab\ThinkPHP\Library\Think\Db\Driver\Mysql.class.php 第 52 行.
SQL: SHOW COLUMNS FROM `bd_bdpeople` [ RunTime:0.003000s ]
SQL: SELECT * FROM `bd_bdpeople` WHERE ( `active` = 1 ) AND ( id>13 ) LIMIT 2   [ RunTime:0.000000s ]

[ 2015-09-02T20:56:03+08:00 ] ::1 /jsbdlab/index.php/Home/Index/morebde
INFO: [ app_begin ] --START--
INFO: Run Behavior\ReadHtmlCache [ RunTime:0.001000s ]
INFO: [ app_begin ] --END-- [ RunTime:0.001000s ]
NOTIC: [8] A session had already been started - ignoring session_start() E:\xampp\www\jsbdlab\ThinkPHP\Common\functions.php 第 1092 行.
NOTIC: [8192] mysql_connect(): The mysql extension is deprecated and will be removed in the future: use mysqli or PDO instead E:\xampp\www\jsbdlab\ThinkPHP\Library\Think\Db\Driver\Mysql.class.php 第 52 行.
SQL: SHOW COLUMNS FROM `bd_event` [ RunTime:0.003000s ]
SQL: SELECT * FROM `bd_event` WHERE ( `active` = 1 ) AND ( id<17 ) ORDER BY id desc LIMIT 2   [ RunTime:0.001000s ]

[ 2015-09-02T20:58:40+08:00 ] ::1 /jsbdlab/index.php/Home/Index/morebdc
INFO: [ app_begin ] --START--
INFO: Run Behavior\ReadHtmlCache [ RunTime:0.000000s ]
INFO: [ app_begin ] --END-- [ RunTime:0.003000s ]
NOTIC: [8] A session had already been started - ignoring session_start() E:\xampp\www\jsbdlab\ThinkPHP\Common\functions.php 第 1092 行.
NOTIC: [8192] mysql_connect(): The mysql extension is deprecated and will be removed in the future: use mysqli or PDO instead E:\xampp\www\jsbdlab\ThinkPHP\Library\Think\Db\Driver\Mysql.class.php 第 52 行.
SQL: SHOW COLUMNS FROM `bd_bdpeople` [ RunTime:0.004000s ]
SQL: SELECT * FROM `bd_bdpeople` WHERE ( `active` = 1 ) AND ( id>13 ) LIMIT 2   [ RunTime:0.000000s ]

[ 2015-09-02T21:02:16+08:00 ] ::1 /jsbdlab/index.php/Home/Index/morebdc
INFO: [ app_begin ] --START--
INFO: Run Behavior\ReadHtmlCache [ RunTime:0.001000s ]
INFO: [ app_begin ] --END-- [ RunTime:0.003000s ]
NOTIC: [8] A session had already been started - ignoring session_start() E:\xampp\www\jsbdlab\ThinkPHP\Common\functions.php 第 1092 行.
NOTIC: [8192] mysql_connect(): The mysql extension is deprecated and will be removed in the future: use mysqli or PDO instead E:\xampp\www\jsbdlab\ThinkPHP\Library\Think\Db\Driver\Mysql.class.php 第 52 行.
SQL: SHOW COLUMNS FROM `bd_bdpeople` [ RunTime:0.004000s ]
SQL: SELECT * FROM `bd_bdpeople` WHERE ( `active` = 1 ) AND ( id>13 ) LIMIT 2   [ RunTime:0.001000s ]

[ 2015-09-02T21:02:20+08:00 ] ::1 /jsbdlab/index.php/Home/Index/morebde
INFO: [ app_begin ] --START--
INFO: Run Behavior\ReadHtmlCache [ RunTime:0.001000s ]
INFO: [ app_begin ] --END-- [ RunTime:0.001000s ]
NOTIC: [8] A session had already been started - ignoring session_start() E:\xampp\www\jsbdlab\ThinkPHP\Common\functions.php 第 1092 行.
NOTIC: [8192] mysql_connect(): The mysql extension is deprecated and will be removed in the future: use mysqli or PDO instead E:\xampp\www\jsbdlab\ThinkPHP\Library\Think\Db\Driver\Mysql.class.php 第 52 行.
SQL: SHOW COLUMNS FROM `bd_event` [ RunTime:0.005000s ]
SQL: SELECT * FROM `bd_event` WHERE ( `active` = 1 ) AND ( id<17 ) ORDER BY id desc LIMIT 2   [ RunTime:0.001000s ]

[ 2015-09-02T21:04:58+08:00 ] ::1 /jsbdlab/index.php/Home/Index/morebde
INFO: [ app_begin ] --START--
INFO: Run Behavior\ReadHtmlCache [ RunTime:0.001000s ]
INFO: [ app_begin ] --END-- [ RunTime:0.001000s ]
NOTIC: [8] A session had already been started - ignoring session_start() E:\xampp\www\jsbdlab\ThinkPHP\Common\functions.php 第 1092 行.
NOTIC: [8192] mysql_connect(): The mysql extension is deprecated and will be removed in the future: use mysqli or PDO instead E:\xampp\www\jsbdlab\ThinkPHP\Library\Think\Db\Driver\Mysql.class.php 第 52 行.
SQL: SHOW COLUMNS FROM `bd_event` [ RunTime:0.005000s ]
SQL: SELECT * FROM `bd_event` WHERE ( `active` = 1 ) AND ( id<17 ) ORDER BY id desc LIMIT 2   [ RunTime:0.002000s ]

[ 2015-09-02T21:05:10+08:00 ] ::1 /jsbdlab/index.php/Home/Index/bdt.html
INFO: [ app_begin ] --START--
INFO: Run Behavior\ReadHtmlCache [ RunTime:0.001000s ]
INFO: [ app_begin ] --END-- [ RunTime:0.002000s ]
NOTIC: [8] A session had already been started - ignoring session_start() E:\xampp\www\jsbdlab\ThinkPHP\Common\functions.php 第 1092 行.
NOTIC: [8192] mysql_connect(): The mysql extension is deprecated and will be removed in the future: use mysqli or PDO instead E:\xampp\www\jsbdlab\ThinkPHP\Library\Think\Db\Driver\Mysql.class.php 第 52 行.
SQL: SHOW COLUMNS FROM `bd_bdpeople` [ RunTime:0.002000s ]
SQL: SELECT * FROM `bd_bdpeople` WHERE ( `active` = 1 ) LIMIT 2   [ RunTime:0.000000s ]
SQL: SHOW COLUMNS FROM `bd_event` [ RunTime:0.005001s ]
SQL: SELECT * FROM `bd_event` WHERE ( `active` = 1 ) ORDER BY id desc LIMIT 2   [ RunTime:0.001000s ]
SQL: SHOW COLUMNS FROM `bd_satc` [ RunTime:0.004000s ]
SQL: SELECT * FROM `bd_satc` WHERE ( `active` = 1 ) ORDER BY id desc LIMIT 2   [ RunTime:0.001000s ]
INFO: [ view_parse ] --START--
INFO: [ template_filter ] --START--
INFO: Run Behavior\ContentReplace [ RunTime:0.000000s ]
INFO: [ template_filter ] --END-- [ RunTime:0.000000s ]
INFO: Run Behavior\ParseTemplate [ RunTime:0.021001s ]
INFO: [ view_parse ] --END-- [ RunTime:0.021001s ]
INFO: [ view_filter ] --START--
INFO: Run Behavior\WriteHtmlCache [ RunTime:0.001000s ]
INFO: [ view_filter ] --END-- [ RunTime:0.001000s ]
INFO: [ app_end ] --START--
INFO: Run Behavior\ShowPageTrace [ RunTime:0.003000s ]
INFO: [ app_end ] --END-- [ RunTime:0.003000s ]

[ 2015-09-02T21:06:06+08:00 ] ::1 /jsbdlab/index.php/Home/Index/morebde
INFO: [ app_begin ] --START--
INFO: Run Behavior\ReadHtmlCache [ RunTime:0.001000s ]
INFO: [ app_begin ] --END-- [ RunTime:0.002000s ]
NOTIC: [8] A session had already been started - ignoring session_start() E:\xampp\www\jsbdlab\ThinkPHP\Common\functions.php 第 1092 行.
NOTIC: [8192] mysql_connect(): The mysql extension is deprecated and will be removed in the future: use mysqli or PDO instead E:\xampp\www\jsbdlab\ThinkPHP\Library\Think\Db\Driver\Mysql.class.php 第 52 行.
SQL: SHOW COLUMNS FROM `bd_event` [ RunTime:0.003000s ]
SQL: SELECT * FROM `bd_event` WHERE ( `active` = 1 ) AND ( id<17 ) ORDER BY id desc LIMIT 2   [ RunTime:0.001000s ]

[ 2015-09-02T21:06:56+08:00 ] ::1 /jsbdlab/index.php/Home/Index/morebde
INFO: [ app_begin ] --START--
INFO: Run Behavior\ReadHtmlCache [ RunTime:0.001000s ]
INFO: [ app_begin ] --END-- [ RunTime:0.002000s ]
NOTIC: [8] A session had already been started - ignoring session_start() E:\xampp\www\jsbdlab\ThinkPHP\Common\functions.php 第 1092 行.
NOTIC: [8192] mysql_connect(): The mysql extension is deprecated and will be removed in the future: use mysqli or PDO instead E:\xampp\www\jsbdlab\ThinkPHP\Library\Think\Db\Driver\Mysql.class.php 第 52 行.
SQL: SHOW COLUMNS FROM `bd_event` [ RunTime:0.003000s ]
SQL: SELECT * FROM `bd_event` WHERE ( `active` = 1 ) AND ( id<17 ) ORDER BY id desc LIMIT 2   [ RunTime:0.001000s ]

[ 2015-09-02T21:07:40+08:00 ] ::1 /jsbdlab/index.php/Home/Index/morebde
INFO: [ app_begin ] --START--
INFO: Run Behavior\ReadHtmlCache [ RunTime:0.001000s ]
INFO: [ app_begin ] --END-- [ RunTime:0.001000s ]
NOTIC: [8] A session had already been started - ignoring session_start() E:\xampp\www\jsbdlab\ThinkPHP\Common\functions.php 第 1092 行.
NOTIC: [8192] mysql_connect(): The mysql extension is deprecated and will be removed in the future: use mysqli or PDO instead E:\xampp\www\jsbdlab\ThinkPHP\Library\Think\Db\Driver\Mysql.class.php 第 52 行.
SQL: SHOW COLUMNS FROM `bd_event` [ RunTime:0.003000s ]
SQL: SELECT * FROM `bd_event` WHERE ( `active` = 1 ) AND ( id<17 ) ORDER BY id desc LIMIT 2   [ RunTime:0.001000s ]

[ 2015-09-02T21:07:42+08:00 ] ::1 /jsbdlab/index.php/Home/Index/morebde
INFO: [ app_begin ] --START--
INFO: Run Behavior\ReadHtmlCache [ RunTime:0.001000s ]
INFO: [ app_begin ] --END-- [ RunTime:0.002000s ]
NOTIC: [8] A session had already been started - ignoring session_start() E:\xampp\www\jsbdlab\ThinkPHP\Common\functions.php 第 1092 行.
NOTIC: [8192] mysql_connect(): The mysql extension is deprecated and will be removed in the future: use mysqli or PDO instead E:\xampp\www\jsbdlab\ThinkPHP\Library\Think\Db\Driver\Mysql.class.php 第 52 行.
SQL: SHOW COLUMNS FROM `bd_event` [ RunTime:0.003001s ]
SQL: SELECT * FROM `bd_event` WHERE ( `active` = 1 ) AND ( id<15 ) ORDER BY id desc LIMIT 2   [ RunTime:0.000000s ]

[ 2015-09-02T21:07:44+08:00 ] ::1 /jsbdlab/index.php/Home/Index/morebde
INFO: [ app_begin ] --START--
INFO: Run Behavior\ReadHtmlCache [ RunTime:0.001000s ]
INFO: [ app_begin ] --END-- [ RunTime:0.001000s ]
NOTIC: [8] A session had already been started - ignoring session_start() E:\xampp\www\jsbdlab\ThinkPHP\Common\functions.php 第 1092 行.
NOTIC: [8192] mysql_connect(): The mysql extension is deprecated and will be removed in the future: use mysqli or PDO instead E:\xampp\www\jsbdlab\ThinkPHP\Library\Think\Db\Driver\Mysql.class.php 第 52 行.
SQL: SHOW COLUMNS FROM `bd_event` [ RunTime:0.005000s ]
SQL: SELECT * FROM `bd_event` WHERE ( `active` = 1 ) AND ( id<12 ) ORDER BY id desc LIMIT 2   [ RunTime:0.001000s ]

[ 2015-09-02T21:07:46+08:00 ] ::1 /jsbdlab/index.php/Home/Index/morebde
INFO: [ app_begin ] --START--
INFO: Run Behavior\ReadHtmlCache [ RunTime:0.001000s ]
INFO: [ app_begin ] --END-- [ RunTime:0.002000s ]
NOTIC: [8] A session had already been started - ignoring session_start() E:\xampp\www\jsbdlab\ThinkPHP\Common\functions.php 第 1092 行.
NOTIC: [8192] mysql_connect(): The mysql extension is deprecated and will be removed in the future: use mysqli or PDO instead E:\xampp\www\jsbdlab\ThinkPHP\Library\Think\Db\Driver\Mysql.class.php 第 52 行.
SQL: SHOW COLUMNS FROM `bd_event` [ RunTime:0.004000s ]
SQL: SELECT * FROM `bd_event` WHERE ( `active` = 1 ) AND ( id<11 ) ORDER BY id desc LIMIT 2   [ RunTime:0.000000s ]

[ 2015-09-02T21:10:02+08:00 ] ::1 /jsbdlab/index.php/Home/Index/bdt.html
INFO: [ app_begin ] --START--
INFO: Run Behavior\ReadHtmlCache [ RunTime:0.001000s ]
INFO: [ app_begin ] --END-- [ RunTime:0.002000s ]
NOTIC: [8] A session had already been started - ignoring session_start() E:\xampp\www\jsbdlab\ThinkPHP\Common\functions.php 第 1092 行.
NOTIC: [8192] mysql_connect(): The mysql extension is deprecated and will be removed in the future: use mysqli or PDO instead E:\xampp\www\jsbdlab\ThinkPHP\Library\Think\Db\Driver\Mysql.class.php 第 52 行.
SQL: SHOW COLUMNS FROM `bd_bdpeople` [ RunTime:0.003001s ]
SQL: SELECT * FROM `bd_bdpeople` WHERE ( `active` = 1 ) LIMIT 2   [ RunTime:0.001000s ]
SQL: SHOW COLUMNS FROM `bd_event` [ RunTime:0.003000s ]
SQL: SELECT * FROM `bd_event` WHERE ( `active` = 1 ) ORDER BY id desc LIMIT 2   [ RunTime:0.000000s ]
SQL: SHOW COLUMNS FROM `bd_satc` [ RunTime:0.002000s ]
SQL: SELECT * FROM `bd_satc` WHERE ( `active` = 1 ) ORDER BY id desc LIMIT 2   [ RunTime:0.001000s ]
INFO: [ view_parse ] --START--
INFO: [ template_filter ] --START--
INFO: Run Behavior\ContentReplace [ RunTime:0.000000s ]
INFO: [ template_filter ] --END-- [ RunTime:0.000000s ]
INFO: Run Behavior\ParseTemplate [ RunTime:0.018001s ]
INFO: [ view_parse ] --END-- [ RunTime:0.018001s ]
INFO: [ view_filter ] --START--
INFO: Run Behavior\WriteHtmlCache [ RunTime:0.001000s ]
INFO: [ view_filter ] --END-- [ RunTime:0.001000s ]
INFO: [ app_end ] --START--
INFO: Run Behavior\ShowPageTrace [ RunTime:0.001000s ]
INFO: [ app_end ] --END-- [ RunTime:0.001000s ]

[ 2015-09-02T21:13:41+08:00 ] ::1 /jsbdlab/index.php/Home/Index/bdt.html
INFO: [ app_begin ] --START--
INFO: Run Behavior\ReadHtmlCache [ RunTime:0.015600s ]
INFO: [ app_begin ] --END-- [ RunTime:0.015600s ]
NOTIC: [8] A session had already been started - ignoring session_start() E:\xampp\www\jsbdlab\ThinkPHP\Common\functions.php 第 1092 行.
NOTIC: [8192] mysql_connect(): The mysql extension is deprecated and will be removed in the future: use mysqli or PDO instead E:\xampp\www\jsbdlab\ThinkPHP\Library\Think\Db\Driver\Mysql.class.php 第 52 行.
SQL: SHOW COLUMNS FROM `bd_bdpeople` [ RunTime:0.000000s ]
SQL: SELECT * FROM `bd_bdpeople` WHERE ( `active` = 1 ) LIMIT 2   [ RunTime:0.000000s ]
SQL: SHOW COLUMNS FROM `bd_event` [ RunTime:0.000000s ]
SQL: SELECT * FROM `bd_event` WHERE ( `active` = 1 ) ORDER BY id desc LIMIT 2   [ RunTime:0.015600s ]
SQL: SHOW COLUMNS FROM `bd_satc` [ RunTime:0.000000s ]
SQL: SELECT * FROM `bd_satc` WHERE ( `active` = 1 ) ORDER BY id desc LIMIT 2   [ RunTime:0.000000s ]
INFO: [ view_parse ] --START--
INFO: [ template_filter ] --START--
INFO: Run Behavior\ContentReplace [ RunTime:0.000000s ]
INFO: [ template_filter ] --END-- [ RunTime:0.000000s ]
INFO: Run Behavior\ParseTemplate [ RunTime:0.015600s ]
INFO: [ view_parse ] --END-- [ RunTime:0.015600s ]
INFO: [ view_filter ] --START--
INFO: Run Behavior\WriteHtmlCache [ RunTime:0.015600s ]
INFO: [ view_filter ] --END-- [ RunTime:0.015600s ]
INFO: [ app_end ] --START--
INFO: Run Behavior\ShowPageTrace [ RunTime:0.000000s ]
INFO: [ app_end ] --END-- [ RunTime:0.000000s ]

[ 2015-09-02T21:15:04+08:00 ] ::1 /jsbdlab/index.php/Home/Index/bdt.html
INFO: [ app_begin ] --START--
INFO: Run Behavior\ReadHtmlCache [ RunTime:0.000000s ]
INFO: [ app_begin ] --END-- [ RunTime:0.002500s ]
NOTIC: [8] A session had already been started - ignoring session_start() E:\xampp\www\jsbdlab\ThinkPHP\Common\functions.php 第 1092 行.
NOTIC: [8192] mysql_connect(): The mysql extension is deprecated and will be removed in the future: use mysqli or PDO instead E:\xampp\www\jsbdlab\ThinkPHP\Library\Think\Db\Driver\Mysql.class.php 第 52 行.
SQL: SHOW COLUMNS FROM `bd_bdpeople` [ RunTime:0.002500s ]
SQL: SELECT * FROM `bd_bdpeople` WHERE ( `active` = 1 ) LIMIT 2   [ RunTime:0.000000s ]
SQL: SHOW COLUMNS FROM `bd_event` [ RunTime:0.002500s ]
SQL: SELECT * FROM `bd_event` WHERE ( `active` = 1 ) ORDER BY id desc LIMIT 2   [ RunTime:0.000000s ]
SQL: SHOW COLUMNS FROM `bd_satc` [ RunTime:0.002500s ]
SQL: SELECT * FROM `bd_satc` WHERE ( `active` = 1 ) ORDER BY id desc LIMIT 2   [ RunTime:0.002500s ]
INFO: [ view_parse ] --START--
INFO: [ template_filter ] --START--
INFO: Run Behavior\ContentReplace [ RunTime:0.000000s ]
INFO: [ template_filter ] --END-- [ RunTime:0.000000s ]
INFO: Run Behavior\ParseTemplate [ RunTime:0.020000s ]
INFO: [ view_parse ] --END-- [ RunTime:0.020000s ]
INFO: [ view_filter ] --START--
INFO: Run Behavior\WriteHtmlCache [ RunTime:0.002500s ]
INFO: [ view_filter ] --END-- [ RunTime:0.002500s ]
INFO: [ app_end ] --START--
INFO: Run Behavior\ShowPageTrace [ RunTime:0.000000s ]
INFO: [ app_end ] --END-- [ RunTime:0.000000s ]

[ 2015-09-02T21:16:59+08:00 ] ::1 /jsbdlab/index.php/Home/Index/bdt.html
INFO: [ app_begin ] --START--
INFO: Run Behavior\ReadHtmlCache [ RunTime:0.000000s ]
INFO: [ app_begin ] --END-- [ RunTime:0.002500s ]
NOTIC: [8] A session had already been started - ignoring session_start() E:\xampp\www\jsbdlab\ThinkPHP\Common\functions.php 第 1092 行.
NOTIC: [8192] mysql_connect(): The mysql extension is deprecated and will be removed in the future: use mysqli or PDO instead E:\xampp\www\jsbdlab\ThinkPHP\Library\Think\Db\Driver\Mysql.class.php 第 52 行.
SQL: SHOW COLUMNS FROM `bd_bdpeople` [ RunTime:0.002500s ]
SQL: SELECT * FROM `bd_bdpeople` WHERE ( `active` = 1 ) LIMIT 2   [ RunTime:0.000000s ]
SQL: SHOW COLUMNS FROM `bd_event` [ RunTime:0.002500s ]
SQL: SELECT * FROM `bd_event` WHERE ( `active` = 1 ) ORDER BY id desc LIMIT 2   [ RunTime:0.000000s ]
SQL: SHOW COLUMNS FROM `bd_satc` [ RunTime:0.005000s ]
SQL: SELECT * FROM `bd_satc` WHERE ( `active` = 1 ) ORDER BY id desc LIMIT 2   [ RunTime:0.000000s ]
INFO: [ view_parse ] --START--
INFO: [ template_filter ] --START--
INFO: Run Behavior\ContentReplace [ RunTime:0.000000s ]
INFO: [ template_filter ] --END-- [ RunTime:0.000000s ]
INFO: Run Behavior\ParseTemplate [ RunTime:0.020001s ]
INFO: [ view_parse ] --END-- [ RunTime:0.020001s ]
INFO: [ view_filter ] --START--
INFO: Run Behavior\WriteHtmlCache [ RunTime:0.002500s ]
INFO: [ view_filter ] --END-- [ RunTime:0.002500s ]
INFO: [ app_end ] --START--
INFO: Run Behavior\ShowPageTrace [ RunTime:0.002500s ]
INFO: [ app_end ] --END-- [ RunTime:0.002500s ]

[ 2015-09-02T21:18:28+08:00 ] ::1 /jsbdlab/index.php/Home/Index/bdt.html
INFO: [ app_begin ] --START--
INFO: Run Behavior\ReadHtmlCache [ RunTime:0.002501s ]
INFO: [ app_begin ] --END-- [ RunTime:0.002501s ]
NOTIC: [8] A session had already been started - ignoring session_start() E:\xampp\www\jsbdlab\ThinkPHP\Common\functions.php 第 1092 行.
NOTIC: [8192] mysql_connect(): The mysql extension is deprecated and will be removed in the future: use mysqli or PDO instead E:\xampp\www\jsbdlab\ThinkPHP\Library\Think\Db\Driver\Mysql.class.php 第 52 行.
SQL: SHOW COLUMNS FROM `bd_bdpeople` [ RunTime:0.005000s ]
SQL: SELECT * FROM `bd_bdpeople` WHERE ( `active` = 1 ) LIMIT 2   [ RunTime:0.002500s ]
SQL: SHOW COLUMNS FROM `bd_event` [ RunTime:0.002500s ]
SQL: SELECT * FROM `bd_event` WHERE ( `active` = 1 ) ORDER BY id desc LIMIT 2   [ RunTime:0.000000s ]
SQL: SHOW COLUMNS FROM `bd_satc` [ RunTime:0.005000s ]
SQL: SELECT * FROM `bd_satc` WHERE ( `active` = 1 ) ORDER BY id desc LIMIT 2   [ RunTime:0.000000s ]
INFO: [ view_parse ] --START--
INFO: [ template_filter ] --START--
INFO: Run Behavior\ContentReplace [ RunTime:0.000000s ]
INFO: [ template_filter ] --END-- [ RunTime:0.000000s ]
INFO: Run Behavior\ParseTemplate [ RunTime:0.022500s ]
INFO: [ view_parse ] --END-- [ RunTime:0.022500s ]
INFO: [ view_filter ] --START--
INFO: Run Behavior\WriteHtmlCache [ RunTime:0.002500s ]
INFO: [ view_filter ] --END-- [ RunTime:0.002500s ]
INFO: [ app_end ] --START--
INFO: Run Behavior\ShowPageTrace [ RunTime:0.000000s ]
INFO: [ app_end ] --END-- [ RunTime:0.000000s ]

[ 2015-09-02T21:20:06+08:00 ] ::1 /jsbdlab/index.php/Home/Index/bdt.html
INFO: [ app_begin ] --START--
INFO: Run Behavior\ReadHtmlCache [ RunTime:0.002000s ]
INFO: [ app_begin ] --END-- [ RunTime:0.002000s ]
NOTIC: [8] A session had already been started - ignoring session_start() E:\xampp\www\jsbdlab\ThinkPHP\Common\functions.php 第 1092 行.
NOTIC: [8192] mysql_connect(): The mysql extension is deprecated and will be removed in the future: use mysqli or PDO instead E:\xampp\www\jsbdlab\ThinkPHP\Library\Think\Db\Driver\Mysql.class.php 第 52 行.
SQL: SHOW COLUMNS FROM `bd_bdpeople` [ RunTime:0.004001s ]
SQL: SELECT * FROM `bd_bdpeople` WHERE ( `active` = 1 ) LIMIT 2   [ RunTime:0.001000s ]
SQL: SHOW COLUMNS FROM `bd_event` [ RunTime:0.005000s ]
SQL: SELECT * FROM `bd_event` WHERE ( `active` = 1 ) ORDER BY id desc LIMIT 2   [ RunTime:0.001000s ]
SQL: SHOW COLUMNS FROM `bd_satc` [ RunTime:0.003000s ]
SQL: SELECT * FROM `bd_satc` WHERE ( `active` = 1 ) ORDER BY id desc LIMIT 2   [ RunTime:0.001000s ]
INFO: [ view_parse ] --START--
INFO: [ template_filter ] --START--
INFO: Run Behavior\ContentReplace [ RunTime:0.000000s ]
INFO: [ template_filter ] --END-- [ RunTime:0.000000s ]
INFO: Run Behavior\ParseTemplate [ RunTime:0.029002s ]
INFO: [ view_parse ] --END-- [ RunTime:0.029002s ]
INFO: [ view_filter ] --START--
INFO: Run Behavior\WriteHtmlCache [ RunTime:0.001000s ]
INFO: [ view_filter ] --END-- [ RunTime:0.001000s ]
INFO: [ app_end ] --START--
INFO: Run Behavior\ShowPageTrace [ RunTime:0.001000s ]
INFO: [ app_end ] --END-- [ RunTime:0.001000s ]

[ 2015-09-02T21:20:58+08:00 ] ::1 /jsbdlab/index.php/Home/Index/bdt.html
INFO: [ app_begin ] --START--
INFO: Run Behavior\ReadHtmlCache [ RunTime:0.002000s ]
INFO: [ app_begin ] --END-- [ RunTime:0.002000s ]
NOTIC: [8] A session had already been started - ignoring session_start() E:\xampp\www\jsbdlab\ThinkPHP\Common\functions.php 第 1092 行.
NOTIC: [8192] mysql_connect(): The mysql extension is deprecated and will be removed in the future: use mysqli or PDO instead E:\xampp\www\jsbdlab\ThinkPHP\Library\Think\Db\Driver\Mysql.class.php 第 52 行.
SQL: SHOW COLUMNS FROM `bd_bdpeople` [ RunTime:0.002000s ]
SQL: SELECT * FROM `bd_bdpeople` WHERE ( `active` = 1 ) LIMIT 2   [ RunTime:0.000000s ]
SQL: SHOW COLUMNS FROM `bd_event` [ RunTime:0.004001s ]
SQL: SELECT * FROM `bd_event` WHERE ( `active` = 1 ) ORDER BY id desc LIMIT 2   [ RunTime:0.001000s ]
SQL: SHOW COLUMNS FROM `bd_satc` [ RunTime:0.004000s ]
SQL: SELECT * FROM `bd_satc` WHERE ( `active` = 1 ) ORDER BY id desc LIMIT 2   [ RunTime:0.000000s ]
INFO: [ view_parse ] --START--
INFO: [ template_filter ] --START--
INFO: Run Behavior\ContentReplace [ RunTime:0.000000s ]
INFO: [ template_filter ] --END-- [ RunTime:0.000000s ]
INFO: Run Behavior\ParseTemplate [ RunTime:0.020001s ]
INFO: [ view_parse ] --END-- [ RunTime:0.020001s ]
INFO: [ view_filter ] --START--
INFO: Run Behavior\WriteHtmlCache [ RunTime:0.000000s ]
INFO: [ view_filter ] --END-- [ RunTime:0.000000s ]
INFO: [ app_end ] --START--
INFO: Run Behavior\ShowPageTrace [ RunTime:0.002000s ]
INFO: [ app_end ] --END-- [ RunTime:0.002000s ]

[ 2015-09-02T21:21:38+08:00 ] ::1 /jsbdlab/index.php/Home/Index/bdt.html
INFO: [ app_begin ] --START--
INFO: Run Behavior\ReadHtmlCache [ RunTime:0.001000s ]
INFO: [ app_begin ] --END-- [ RunTime:0.002000s ]
NOTIC: [8] A session had already been started - ignoring session_start() E:\xampp\www\jsbdlab\ThinkPHP\Common\functions.php 第 1092 行.
NOTIC: [8192] mysql_connect(): The mysql extension is deprecated and will be removed in the future: use mysqli or PDO instead E:\xampp\www\jsbdlab\ThinkPHP\Library\Think\Db\Driver\Mysql.class.php 第 52 行.
SQL: SHOW COLUMNS FROM `bd_bdpeople` [ RunTime:0.004000s ]
SQL: SELECT * FROM `bd_bdpeople` WHERE ( `active` = 1 ) LIMIT 2   [ RunTime:0.001000s ]
SQL: SHOW COLUMNS FROM `bd_event` [ RunTime:0.003000s ]
SQL: SELECT * FROM `bd_event` WHERE ( `active` = 1 ) ORDER BY id desc LIMIT 2   [ RunTime:0.001000s ]
SQL: SHOW COLUMNS FROM `bd_satc` [ RunTime:0.004000s ]
SQL: SELECT * FROM `bd_satc` WHERE ( `active` = 1 ) ORDER BY id desc LIMIT 2   [ RunTime:0.001001s ]
INFO: [ view_parse ] --START--
INFO: [ template_filter ] --START--
INFO: Run Behavior\ContentReplace [ RunTime:0.000000s ]
INFO: [ template_filter ] --END-- [ RunTime:0.000000s ]
INFO: Run Behavior\ParseTemplate [ RunTime:0.021001s ]
INFO: [ view_parse ] --END-- [ RunTime:0.021001s ]
INFO: [ view_filter ] --START--
INFO: Run Behavior\WriteHtmlCache [ RunTime:0.000000s ]
INFO: [ view_filter ] --END-- [ RunTime:0.000000s ]
INFO: [ app_end ] --START--
INFO: Run Behavior\ShowPageTrace [ RunTime:0.002000s ]
INFO: [ app_end ] --END-- [ RunTime:0.002000s ]

[ 2015-09-02T21:22:01+08:00 ] ::1 /jsbdlab/index.php/Home/Index/bdt.html
INFO: [ app_begin ] --START--
INFO: Run Behavior\ReadHtmlCache [ RunTime:0.002500s ]
INFO: [ app_begin ] --END-- [ RunTime:0.002500s ]
NOTIC: [8] A session had already been started - ignoring session_start() E:\xampp\www\jsbdlab\ThinkPHP\Common\functions.php 第 1092 行.
NOTIC: [8192] mysql_connect(): The mysql extension is deprecated and will be removed in the future: use mysqli or PDO instead E:\xampp\www\jsbdlab\ThinkPHP\Library\Think\Db\Driver\Mysql.class.php 第 52 行.
SQL: SHOW COLUMNS FROM `bd_bdpeople` [ RunTime:0.005000s ]
SQL: SELECT * FROM `bd_bdpeople` WHERE ( `active` = 1 ) LIMIT 2   [ RunTime:0.000000s ]
SQL: SHOW COLUMNS FROM `bd_event` [ RunTime:0.005000s ]
SQL: SELECT * FROM `bd_event` WHERE ( `active` = 1 ) ORDER BY id desc LIMIT 2   [ RunTime:0.000000s ]
SQL: SHOW COLUMNS FROM `bd_satc` [ RunTime:0.005001s ]
SQL: SELECT * FROM `bd_satc` WHERE ( `active` = 1 ) ORDER BY id desc LIMIT 2   [ RunTime:0.000000s ]
INFO: [ view_parse ] --START--
INFO: [ template_filter ] --START--
INFO: Run Behavior\ContentReplace [ RunTime:0.000000s ]
INFO: [ template_filter ] --END-- [ RunTime:0.000000s ]
INFO: Run Behavior\ParseTemplate [ RunTime:0.017500s ]
INFO: [ view_parse ] --END-- [ RunTime:0.017500s ]
INFO: [ view_filter ] --START--
INFO: Run Behavior\WriteHtmlCache [ RunTime:0.000000s ]
INFO: [ view_filter ] --END-- [ RunTime:0.002500s ]
INFO: [ app_end ] --START--
INFO: Run Behavior\ShowPageTrace [ RunTime:0.000000s ]
INFO: [ app_end ] --END-- [ RunTime:0.000000s ]

[ 2015-09-02T21:29:51+08:00 ] ::1 /jsbdlab/index.php/Home/Index/morebdc
INFO: [ app_begin ] --START--
INFO: Run Behavior\ReadHtmlCache [ RunTime:0.000000s ]
INFO: [ app_begin ] --END-- [ RunTime:0.000000s ]
NOTIC: [8] A session had already been started - ignoring session_start() E:\xampp\www\jsbdlab\ThinkPHP\Common\functions.php 第 1092 行.
NOTIC: [8192] mysql_connect(): The mysql extension is deprecated and will be removed in the future: use mysqli or PDO instead E:\xampp\www\jsbdlab\ThinkPHP\Library\Think\Db\Driver\Mysql.class.php 第 52 行.
SQL: SHOW COLUMNS FROM `bd_bdpeople` [ RunTime:0.002500s ]
SQL: SELECT * FROM `bd_bdpeople` WHERE ( `active` = 1 ) AND ( id>13 ) LIMIT 2   [ RunTime:0.002500s ]

[ 2015-09-02T21:29:54+08:00 ] ::1 /jsbdlab/index.php/Home/Index/morebde
INFO: [ app_begin ] --START--
INFO: Run Behavior\ReadHtmlCache [ RunTime:0.002500s ]
INFO: [ app_begin ] --END-- [ RunTime:0.002500s ]
NOTIC: [8] A session had already been started - ignoring session_start() E:\xampp\www\jsbdlab\ThinkPHP\Common\functions.php 第 1092 行.
NOTIC: [8192] mysql_connect(): The mysql extension is deprecated and will be removed in the future: use mysqli or PDO instead E:\xampp\www\jsbdlab\ThinkPHP\Library\Think\Db\Driver\Mysql.class.php 第 52 行.
SQL: SHOW COLUMNS FROM `bd_event` [ RunTime:0.005000s ]
SQL: SELECT * FROM `bd_event` WHERE ( `active` = 1 ) AND ( id<17 ) ORDER BY id desc LIMIT 2   [ RunTime:0.000000s ]

[ 2015-09-02T21:29:56+08:00 ] ::1 /jsbdlab/index.php/Home/Index/bdt.html
INFO: [ app_begin ] --START--
INFO: Run Behavior\ReadHtmlCache [ RunTime:0.000000s ]
INFO: [ app_begin ] --END-- [ RunTime:0.000000s ]
NOTIC: [8] A session had already been started - ignoring session_start() E:\xampp\www\jsbdlab\ThinkPHP\Common\functions.php 第 1092 行.
NOTIC: [8192] mysql_connect(): The mysql extension is deprecated and will be removed in the future: use mysqli or PDO instead E:\xampp\www\jsbdlab\ThinkPHP\Library\Think\Db\Driver\Mysql.class.php 第 52 行.
SQL: SHOW COLUMNS FROM `bd_bdpeople` [ RunTime:0.002500s ]
SQL: SELECT * FROM `bd_bdpeople` WHERE ( `active` = 1 ) LIMIT 2   [ RunTime:0.000000s ]
SQL: SHOW COLUMNS FROM `bd_event` [ RunTime:0.002500s ]
SQL: SELECT * FROM `bd_event` WHERE ( `active` = 1 ) ORDER BY id desc LIMIT 2   [ RunTime:0.000000s ]
SQL: SHOW COLUMNS FROM `bd_satc` [ RunTime:0.002500s ]
SQL: SELECT * FROM `bd_satc` WHERE ( `active` = 1 ) ORDER BY id desc LIMIT 2   [ RunTime:0.000000s ]
INFO: [ view_parse ] --START--
INFO: [ template_filter ] --START--
INFO: Run Behavior\ContentReplace [ RunTime:0.000000s ]
INFO: [ template_filter ] --END-- [ RunTime:0.000000s ]
INFO: Run Behavior\ParseTemplate [ RunTime:0.017501s ]
INFO: [ view_parse ] --END-- [ RunTime:0.017501s ]
INFO: [ view_filter ] --START--
INFO: Run Behavior\WriteHtmlCache [ RunTime:0.000000s ]
INFO: [ view_filter ] --END-- [ RunTime:0.000000s ]
INFO: [ app_end ] --START--
INFO: Run Behavior\ShowPageTrace [ RunTime:0.002500s ]
INFO: [ app_end ] --END-- [ RunTime:0.002500s ]

[ 2015-09-02T21:30:48+08:00 ] ::1 /jsbdlab/index.php/Home/Index/bdt.html
INFO: [ app_begin ] --START--
INFO: Run Behavior\ReadHtmlCache [ RunTime:0.000000s ]
INFO: [ app_begin ] --END-- [ RunTime:0.002500s ]
NOTIC: [8] A session had already been started - ignoring session_start() E:\xampp\www\jsbdlab\ThinkPHP\Common\functions.php 第 1092 行.
NOTIC: [8192] mysql_connect(): The mysql extension is deprecated and will be removed in the future: use mysqli or PDO instead E:\xampp\www\jsbdlab\ThinkPHP\Library\Think\Db\Driver\Mysql.class.php 第 52 行.
SQL: SHOW COLUMNS FROM `bd_bdpeople` [ RunTime:0.002500s ]
SQL: SELECT * FROM `bd_bdpeople` WHERE ( `active` = 1 ) LIMIT 2   [ RunTime:0.000000s ]
SQL: SHOW COLUMNS FROM `bd_event` [ RunTime:0.005001s ]
SQL: SELECT * FROM `bd_event` WHERE ( `active` = 1 ) ORDER BY id desc LIMIT 2   [ RunTime:0.000000s ]
SQL: SHOW COLUMNS FROM `bd_satc` [ RunTime:0.005000s ]
SQL: SELECT * FROM `bd_satc` WHERE ( `active` = 1 ) ORDER BY id desc LIMIT 2   [ RunTime:0.000000s ]
INFO: [ view_parse ] --START--
INFO: [ template_filter ] --START--
INFO: Run Behavior\ContentReplace [ RunTime:0.000000s ]
INFO: [ template_filter ] --END-- [ RunTime:0.000000s ]
INFO: Run Behavior\ParseTemplate [ RunTime:0.020000s ]
INFO: [ view_parse ] --END-- [ RunTime:0.020000s ]
INFO: [ view_filter ] --START--
INFO: Run Behavior\WriteHtmlCache [ RunTime:0.000000s ]
INFO: [ view_filter ] --END-- [ RunTime:0.000000s ]
INFO: [ app_end ] --START--
INFO: Run Behavior\ShowPageTrace [ RunTime:0.000000s ]
INFO: [ app_end ] --END-- [ RunTime:0.000000s ]

[ 2015-09-02T21:31:38+08:00 ] ::1 /jsbdlab/index.php/Home/Index/bdt.html
INFO: [ app_begin ] --START--
INFO: Run Behavior\ReadHtmlCache [ RunTime:0.002500s ]
INFO: [ app_begin ] --END-- [ RunTime:0.002500s ]
NOTIC: [8] A session had already been started - ignoring session_start() E:\xampp\www\jsbdlab\ThinkPHP\Common\functions.php 第 1092 行.
NOTIC: [8192] mysql_connect(): The mysql extension is deprecated and will be removed in the future: use mysqli or PDO instead E:\xampp\www\jsbdlab\ThinkPHP\Library\Think\Db\Driver\Mysql.class.php 第 52 行.
SQL: SHOW COLUMNS FROM `bd_bdpeople` [ RunTime:0.005000s ]
SQL: SELECT * FROM `bd_bdpeople` WHERE ( `active` = 1 ) LIMIT 2   [ RunTime:0.000000s ]
SQL: SHOW COLUMNS FROM `bd_event` [ RunTime:0.002500s ]
SQL: SELECT * FROM `bd_event` WHERE ( `active` = 1 ) ORDER BY id desc LIMIT 2   [ RunTime:0.000000s ]
SQL: SHOW COLUMNS FROM `bd_satc` [ RunTime:0.005000s ]
SQL: SELECT * FROM `bd_satc` WHERE ( `active` = 1 ) ORDER BY id desc LIMIT 2   [ RunTime:0.000000s ]
INFO: [ view_parse ] --START--
INFO: [ template_filter ] --START--
INFO: Run Behavior\ContentReplace [ RunTime:0.002500s ]
INFO: [ template_filter ] --END-- [ RunTime:0.002500s ]
INFO: Run Behavior\ParseTemplate [ RunTime:0.020000s ]
INFO: [ view_parse ] --END-- [ RunTime:0.020000s ]
INFO: [ view_filter ] --START--
INFO: Run Behavior\WriteHtmlCache [ RunTime:0.002500s ]
INFO: [ view_filter ] --END-- [ RunTime:0.002500s ]
INFO: [ app_end ] --START--
INFO: Run Behavior\ShowPageTrace [ RunTime:0.002500s ]
INFO: [ app_end ] --END-- [ RunTime:0.002500s ]

[ 2015-09-02T21:31:39+08:00 ] ::1 /jsbdlab/index.php/Home/Index/bdt.html
INFO: [ app_begin ] --START--
INFO: Run Behavior\ReadHtmlCache [ RunTime:0.002500s ]
INFO: [ app_begin ] --END-- [ RunTime:0.002500s ]
NOTIC: [8] A session had already been started - ignoring session_start() E:\xampp\www\jsbdlab\ThinkPHP\Common\functions.php 第 1092 行.
NOTIC: [8192] mysql_connect(): The mysql extension is deprecated and will be removed in the future: use mysqli or PDO instead E:\xampp\www\jsbdlab\ThinkPHP\Library\Think\Db\Driver\Mysql.class.php 第 52 行.
SQL: SHOW COLUMNS FROM `bd_bdpeople` [ RunTime:0.002500s ]
SQL: SELECT * FROM `bd_bdpeople` WHERE ( `active` = 1 ) LIMIT 2   [ RunTime:0.002500s ]
SQL: SHOW COLUMNS FROM `bd_event` [ RunTime:0.002500s ]
SQL: SELECT * FROM `bd_event` WHERE ( `active` = 1 ) ORDER BY id desc LIMIT 2   [ RunTime:0.000000s ]
SQL: SHOW COLUMNS FROM `bd_satc` [ RunTime:0.002500s ]
SQL: SELECT * FROM `bd_satc` WHERE ( `active` = 1 ) ORDER BY id desc LIMIT 2   [ RunTime:0.002500s ]
INFO: [ view_parse ] --START--
INFO: [ template_filter ] --START--
INFO: Run Behavior\ContentReplace [ RunTime:0.000000s ]
INFO: [ template_filter ] --END-- [ RunTime:0.000000s ]
INFO: Run Behavior\ParseTemplate [ RunTime:0.017500s ]
INFO: [ view_parse ] --END-- [ RunTime:0.017500s ]
INFO: [ view_filter ] --START--
INFO: Run Behavior\WriteHtmlCache [ RunTime:0.002500s ]
INFO: [ view_filter ] --END-- [ RunTime:0.002500s ]
INFO: [ app_end ] --START--
INFO: Run Behavior\ShowPageTrace [ RunTime:0.002500s ]
INFO: [ app_end ] --END-- [ RunTime:0.002500s ]

[ 2015-09-02T21:31:43+08:00 ] ::1 /jsbdlab/index.php/Home/Index/bdt.html
INFO: [ app_begin ] --START--
INFO: Run Behavior\ReadHtmlCache [ RunTime:0.000000s ]
INFO: [ app_begin ] --END-- [ RunTime:0.000000s ]
NOTIC: [8] A session had already been started - ignoring session_start() E:\xampp\www\jsbdlab\ThinkPHP\Common\functions.php 第 1092 行.
NOTIC: [8192] mysql_connect(): The mysql extension is deprecated and will be removed in the future: use mysqli or PDO instead E:\xampp\www\jsbdlab\ThinkPHP\Library\Think\Db\Driver\Mysql.class.php 第 52 行.
SQL: SHOW COLUMNS FROM `bd_bdpeople` [ RunTime:0.005000s ]
SQL: SELECT * FROM `bd_bdpeople` WHERE ( `active` = 1 ) LIMIT 2   [ RunTime:0.000000s ]
SQL: SHOW COLUMNS FROM `bd_event` [ RunTime:0.005000s ]
SQL: SELECT * FROM `bd_event` WHERE ( `active` = 1 ) ORDER BY id desc LIMIT 2   [ RunTime:0.000000s ]
SQL: SHOW COLUMNS FROM `bd_satc` [ RunTime:0.002500s ]
SQL: SELECT * FROM `bd_satc` WHERE ( `active` = 1 ) ORDER BY id desc LIMIT 2   [ RunTime:0.000000s ]
INFO: [ view_parse ] --START--
INFO: [ template_filter ] --START--
INFO: Run Behavior\ContentReplace [ RunTime:0.000000s ]
INFO: [ template_filter ] --END-- [ RunTime:0.000000s ]
INFO: Run Behavior\ParseTemplate [ RunTime:0.022501s ]
INFO: [ view_parse ] --END-- [ RunTime:0.022501s ]
INFO: [ view_filter ] --START--
INFO: Run Behavior\WriteHtmlCache [ RunTime:0.002500s ]
INFO: [ view_filter ] --END-- [ RunTime:0.002500s ]
INFO: [ app_end ] --START--
INFO: Run Behavior\ShowPageTrace [ RunTime:0.000000s ]
INFO: [ app_end ] --END-- [ RunTime:0.000000s ]

[ 2015-09-02T21:31:46+08:00 ] ::1 /jsbdlab/index.php/Home/Index/bdt.html
INFO: [ app_begin ] --START--
INFO: Run Behavior\ReadHtmlCache [ RunTime:0.002500s ]
INFO: [ app_begin ] --END-- [ RunTime:0.002500s ]
NOTIC: [8] A session had already been started - ignoring session_start() E:\xampp\www\jsbdlab\ThinkPHP\Common\functions.php 第 1092 行.
NOTIC: [8192] mysql_connect(): The mysql extension is deprecated and will be removed in the future: use mysqli or PDO instead E:\xampp\www\jsbdlab\ThinkPHP\Library\Think\Db\Driver\Mysql.class.php 第 52 行.
SQL: SHOW COLUMNS FROM `bd_bdpeople` [ RunTime:0.002500s ]
SQL: SELECT * FROM `bd_bdpeople` WHERE ( `active` = 1 ) LIMIT 2   [ RunTime:0.000000s ]
SQL: SHOW COLUMNS FROM `bd_event` [ RunTime:0.005000s ]
SQL: SELECT * FROM `bd_event` WHERE ( `active` = 1 ) ORDER BY id desc LIMIT 2   [ RunTime:0.000000s ]
SQL: SHOW COLUMNS FROM `bd_satc` [ RunTime:0.002500s ]
SQL: SELECT * FROM `bd_satc` WHERE ( `active` = 1 ) ORDER BY id desc LIMIT 2   [ RunTime:0.002500s ]
INFO: [ view_parse ] --START--
INFO: [ template_filter ] --START--
INFO: Run Behavior\ContentReplace [ RunTime:0.000000s ]
INFO: [ template_filter ] --END-- [ RunTime:0.000000s ]
INFO: Run Behavior\ParseTemplate [ RunTime:0.020000s ]
INFO: [ view_parse ] --END-- [ RunTime:0.020000s ]
INFO: [ view_filter ] --START--
INFO: Run Behavior\WriteHtmlCache [ RunTime:0.000000s ]
INFO: [ view_filter ] --END-- [ RunTime:0.000000s ]
INFO: [ app_end ] --START--
INFO: Run Behavior\ShowPageTrace [ RunTime:0.002500s ]
INFO: [ app_end ] --END-- [ RunTime:0.002500s ]

[ 2015-09-02T21:31:46+08:00 ] ::1 /jsbdlab/index.php/Home/Index/bdt.html
INFO: [ app_begin ] --START--
INFO: Run Behavior\ReadHtmlCache [ RunTime:0.002500s ]
INFO: [ app_begin ] --END-- [ RunTime:0.002500s ]
NOTIC: [8] A session had already been started - ignoring session_start() E:\xampp\www\jsbdlab\ThinkPHP\Common\functions.php 第 1092 行.
NOTIC: [8192] mysql_connect(): The mysql extension is deprecated and will be removed in the future: use mysqli or PDO instead E:\xampp\www\jsbdlab\ThinkPHP\Library\Think\Db\Driver\Mysql.class.php 第 52 行.
SQL: SHOW COLUMNS FROM `bd_bdpeople` [ RunTime:0.065001s ]
SQL: SELECT * FROM `bd_bdpeople` WHERE ( `active` = 1 ) LIMIT 2   [ RunTime:0.000000s ]
SQL: SHOW COLUMNS FROM `bd_event` [ RunTime:0.007500s ]
SQL: SELECT * FROM `bd_event` WHERE ( `active` = 1 ) ORDER BY id desc LIMIT 2   [ RunTime:0.002500s ]
SQL: SHOW COLUMNS FROM `bd_satc` [ RunTime:0.005000s ]
SQL: SELECT * FROM `bd_satc` WHERE ( `active` = 1 ) ORDER BY id desc LIMIT 2   [ RunTime:0.000000s ]
INFO: [ view_parse ] --START--
INFO: [ template_filter ] --START--
INFO: Run Behavior\ContentReplace [ RunTime:0.002500s ]
INFO: [ template_filter ] --END-- [ RunTime:0.002500s ]
INFO: Run Behavior\ParseTemplate [ RunTime:0.040001s ]
INFO: [ view_parse ] --END-- [ RunTime:0.042501s ]
INFO: [ view_filter ] --START--
INFO: Run Behavior\WriteHtmlCache [ RunTime:0.002500s ]
INFO: [ view_filter ] --END-- [ RunTime:0.005000s ]
INFO: [ app_end ] --START--
INFO: Run Behavior\ShowPageTrace [ RunTime:0.002500s ]
INFO: [ app_end ] --END-- [ RunTime:0.002500s ]

[ 2015-09-02T21:31:58+08:00 ] ::1 /jsbdlab/index.php/Home/Index/bdt.html
INFO: [ app_begin ] --START--
INFO: Run Behavior\ReadHtmlCache [ RunTime:0.000000s ]
INFO: [ app_begin ] --END-- [ RunTime:0.000000s ]
NOTIC: [8] A session had already been started - ignoring session_start() E:\xampp\www\jsbdlab\ThinkPHP\Common\functions.php 第 1092 行.
NOTIC: [8192] mysql_connect(): The mysql extension is deprecated and will be removed in the future: use mysqli or PDO instead E:\xampp\www\jsbdlab\ThinkPHP\Library\Think\Db\Driver\Mysql.class.php 第 52 行.
SQL: SHOW COLUMNS FROM `bd_bdpeople` [ RunTime:0.005000s ]
SQL: SELECT * FROM `bd_bdpeople` WHERE ( `active` = 1 ) LIMIT 2   [ RunTime:0.000000s ]
SQL: SHOW COLUMNS FROM `bd_event` [ RunTime:0.005000s ]
SQL: SELECT * FROM `bd_event` WHERE ( `active` = 1 ) ORDER BY id desc LIMIT 2   [ RunTime:0.000000s ]
SQL: SHOW COLUMNS FROM `bd_satc` [ RunTime:0.005000s ]
SQL: SELECT * FROM `bd_satc` WHERE ( `active` = 1 ) ORDER BY id desc LIMIT 2   [ RunTime:0.002500s ]
INFO: [ view_parse ] --START--
INFO: [ template_filter ] --START--
INFO: Run Behavior\ContentReplace [ RunTime:0.000000s ]
INFO: [ template_filter ] --END-- [ RunTime:0.000000s ]
INFO: Run Behavior\ParseTemplate [ RunTime:0.022500s ]
INFO: [ view_parse ] --END-- [ RunTime:0.022500s ]
INFO: [ view_filter ] --START--
INFO: Run Behavior\WriteHtmlCache [ RunTime:0.002500s ]
INFO: [ view_filter ] --END-- [ RunTime:0.002500s ]
INFO: [ app_end ] --START--
INFO: Run Behavior\ShowPageTrace [ RunTime:0.002500s ]
INFO: [ app_end ] --END-- [ RunTime:0.002500s ]

[ 2015-09-02T21:32:17+08:00 ] ::1 /jsbdlab/index.php/Home/Index/bdt.html
INFO: [ app_begin ] --START--
INFO: Run Behavior\ReadHtmlCache [ RunTime:0.000000s ]
INFO: [ app_begin ] --END-- [ RunTime:0.002500s ]
NOTIC: [8] A session had already been started - ignoring session_start() E:\xampp\www\jsbdlab\ThinkPHP\Common\functions.php 第 1092 行.
NOTIC: [8192] mysql_connect(): The mysql extension is deprecated and will be removed in the future: use mysqli or PDO instead E:\xampp\www\jsbdlab\ThinkPHP\Library\Think\Db\Driver\Mysql.class.php 第 52 行.
SQL: SHOW COLUMNS FROM `bd_bdpeople` [ RunTime:0.005001s ]
SQL: SELECT * FROM `bd_bdpeople` WHERE ( `active` = 1 ) LIMIT 2   [ RunTime:0.000000s ]
SQL: SHOW COLUMNS FROM `bd_event` [ RunTime:0.005000s ]
SQL: SELECT * FROM `bd_event` WHERE ( `active` = 1 ) ORDER BY id desc LIMIT 2   [ RunTime:0.000000s ]
SQL: SHOW COLUMNS FROM `bd_satc` [ RunTime:0.005000s ]
SQL: SELECT * FROM `bd_satc` WHERE ( `active` = 1 ) ORDER BY id desc LIMIT 2   [ RunTime:0.002500s ]
INFO: [ view_parse ] --START--
INFO: [ template_filter ] --START--
INFO: Run Behavior\ContentReplace [ RunTime:0.000000s ]
INFO: [ template_filter ] --END-- [ RunTime:0.000000s ]
INFO: Run Behavior\ParseTemplate [ RunTime:0.020000s ]
INFO: [ view_parse ] --END-- [ RunTime:0.020000s ]
INFO: [ view_filter ] --START--
INFO: Run Behavior\WriteHtmlCache [ RunTime:0.000000s ]
INFO: [ view_filter ] --END-- [ RunTime:0.000000s ]
INFO: [ app_end ] --START--
INFO: Run Behavior\ShowPageTrace [ RunTime:0.002500s ]
INFO: [ app_end ] --END-- [ RunTime:0.002500s ]

[ 2015-09-02T21:32:18+08:00 ] ::1 /jsbdlab/index.php/Home/Index/bdt.html
INFO: [ app_begin ] --START--
INFO: Run Behavior\ReadHtmlCache [ RunTime:0.002500s ]
INFO: [ app_begin ] --END-- [ RunTime:0.002500s ]
NOTIC: [8] A session had already been started - ignoring session_start() E:\xampp\www\jsbdlab\ThinkPHP\Common\functions.php 第 1092 行.
NOTIC: [8192] mysql_connect(): The mysql extension is deprecated and will be removed in the future: use mysqli or PDO instead E:\xampp\www\jsbdlab\ThinkPHP\Library\Think\Db\Driver\Mysql.class.php 第 52 行.
SQL: SHOW COLUMNS FROM `bd_bdpeople` [ RunTime:0.005001s ]
SQL: SELECT * FROM `bd_bdpeople` WHERE ( `active` = 1 ) LIMIT 2   [ RunTime:0.000000s ]
SQL: SHOW COLUMNS FROM `bd_event` [ RunTime:0.007500s ]
SQL: SELECT * FROM `bd_event` WHERE ( `active` = 1 ) ORDER BY id desc LIMIT 2   [ RunTime:0.000000s ]
SQL: SHOW COLUMNS FROM `bd_satc` [ RunTime:0.005000s ]
SQL: SELECT * FROM `bd_satc` WHERE ( `active` = 1 ) ORDER BY id desc LIMIT 2   [ RunTime:0.000000s ]
INFO: [ view_parse ] --START--
INFO: [ template_filter ] --START--
INFO: Run Behavior\ContentReplace [ RunTime:0.002500s ]
INFO: [ template_filter ] --END-- [ RunTime:0.002500s ]
INFO: Run Behavior\ParseTemplate [ RunTime:0.027500s ]
INFO: [ view_parse ] --END-- [ RunTime:0.030000s ]
INFO: [ view_filter ] --START--
INFO: Run Behavior\WriteHtmlCache [ RunTime:0.000000s ]
INFO: [ view_filter ] --END-- [ RunTime:0.000000s ]
INFO: [ app_end ] --START--
INFO: Run Behavior\ShowPageTrace [ RunTime:0.002500s ]
INFO: [ app_end ] --END-- [ RunTime:0.002500s ]

[ 2015-09-02T21:32:49+08:00 ] ::1 /jsbdlab/index.php/Home/Index/bdt.html
INFO: [ app_begin ] --START--
INFO: Run Behavior\ReadHtmlCache [ RunTime:0.002500s ]
INFO: [ app_begin ] --END-- [ RunTime:0.002500s ]
NOTIC: [8] A session had already been started - ignoring session_start() E:\xampp\www\jsbdlab\ThinkPHP\Common\functions.php 第 1092 行.
NOTIC: [8192] mysql_connect(): The mysql extension is deprecated and will be removed in the future: use mysqli or PDO instead E:\xampp\www\jsbdlab\ThinkPHP\Library\Think\Db\Driver\Mysql.class.php 第 52 行.
SQL: SHOW COLUMNS FROM `bd_bdpeople` [ RunTime:0.005000s ]
SQL: SELECT * FROM `bd_bdpeople` WHERE ( `active` = 1 ) LIMIT 2   [ RunTime:0.000000s ]
SQL: SHOW COLUMNS FROM `bd_event` [ RunTime:0.005000s ]
SQL: SELECT * FROM `bd_event` WHERE ( `active` = 1 ) ORDER BY id desc LIMIT 2   [ RunTime:0.000000s ]
SQL: SHOW COLUMNS FROM `bd_satc` [ RunTime:0.007501s ]
SQL: SELECT * FROM `bd_satc` WHERE ( `active` = 1 ) ORDER BY id desc LIMIT 2   [ RunTime:0.002500s ]
INFO: [ view_parse ] --START--
INFO: [ template_filter ] --START--
INFO: Run Behavior\ContentReplace [ RunTime:0.000000s ]
INFO: [ template_filter ] --END-- [ RunTime:0.000000s ]
INFO: Run Behavior\ParseTemplate [ RunTime:0.027500s ]
INFO: [ view_parse ] --END-- [ RunTime:0.027500s ]
INFO: [ view_filter ] --START--
INFO: Run Behavior\WriteHtmlCache [ RunTime:0.002500s ]
INFO: [ view_filter ] --END-- [ RunTime:0.002500s ]
INFO: [ app_end ] --START--
INFO: Run Behavior\ShowPageTrace [ RunTime:0.002500s ]
INFO: [ app_end ] --END-- [ RunTime:0.002500s ]

[ 2015-09-02T21:33:16+08:00 ] ::1 /jsbdlab/index.php/Home/Index/bdt.html
INFO: [ app_begin ] --START--
INFO: Run Behavior\ReadHtmlCache [ RunTime:0.002500s ]
INFO: [ app_begin ] --END-- [ RunTime:0.002500s ]
NOTIC: [8] A session had already been started - ignoring session_start() E:\xampp\www\jsbdlab\ThinkPHP\Common\functions.php 第 1092 行.
NOTIC: [8192] mysql_connect(): The mysql extension is deprecated and will be removed in the future: use mysqli or PDO instead E:\xampp\www\jsbdlab\ThinkPHP\Library\Think\Db\Driver\Mysql.class.php 第 52 行.
SQL: SHOW COLUMNS FROM `bd_bdpeople` [ RunTime:0.005000s ]
SQL: SELECT * FROM `bd_bdpeople` WHERE ( `active` = 1 ) LIMIT 2   [ RunTime:0.000000s ]
SQL: SHOW COLUMNS FROM `bd_event` [ RunTime:0.002500s ]
SQL: SELECT * FROM `bd_event` WHERE ( `active` = 1 ) ORDER BY id desc LIMIT 2   [ RunTime:0.002500s ]
SQL: SHOW COLUMNS FROM `bd_satc` [ RunTime:0.002501s ]
SQL: SELECT * FROM `bd_satc` WHERE ( `active` = 1 ) ORDER BY id desc LIMIT 2   [ RunTime:0.002500s ]
INFO: [ view_parse ] --START--
INFO: [ template_filter ] --START--
INFO: Run Behavior\ContentReplace [ RunTime:0.000000s ]
INFO: [ template_filter ] --END-- [ RunTime:0.002500s ]
INFO: Run Behavior\ParseTemplate [ RunTime:0.017500s ]
INFO: [ view_parse ] --END-- [ RunTime:0.017500s ]
INFO: [ view_filter ] --START--
INFO: Run Behavior\WriteHtmlCache [ RunTime:0.000000s ]
INFO: [ view_filter ] --END-- [ RunTime:0.000000s ]
INFO: [ app_end ] --START--
INFO: Run Behavior\ShowPageTrace [ RunTime:0.000000s ]
INFO: [ app_end ] --END-- [ RunTime:0.000000s ]

[ 2015-09-02T21:36:06+08:00 ] ::1 /jsbdlab/index.php/Home/Index/bdt.html
INFO: [ app_begin ] --START--
INFO: Run Behavior\ReadHtmlCache [ RunTime:0.001000s ]
INFO: [ app_begin ] --END-- [ RunTime:0.002000s ]
NOTIC: [8] A session had already been started - ignoring session_start() E:\xampp\www\jsbdlab\ThinkPHP\Common\functions.php 第 1092 行.
NOTIC: [8192] mysql_connect(): The mysql extension is deprecated and will be removed in the future: use mysqli or PDO instead E:\xampp\www\jsbdlab\ThinkPHP\Library\Think\Db\Driver\Mysql.class.php 第 52 行.
SQL: SHOW COLUMNS FROM `bd_bdpeople` [ RunTime:0.004000s ]
SQL: SELECT * FROM `bd_bdpeople` WHERE ( `active` = 1 ) LIMIT 2   [ RunTime:0.000000s ]
SQL: SHOW COLUMNS FROM `bd_event` [ RunTime:0.005001s ]
SQL: SELECT * FROM `bd_event` WHERE ( `active` = 1 ) ORDER BY id desc LIMIT 2   [ RunTime:0.001000s ]
SQL: SHOW COLUMNS FROM `bd_satc` [ RunTime:0.004000s ]
SQL: SELECT * FROM `bd_satc` WHERE ( `active` = 1 ) ORDER BY id desc LIMIT 2   [ RunTime:0.001000s ]
INFO: [ view_parse ] --START--
INFO: [ template_filter ] --START--
INFO: Run Behavior\ContentReplace [ RunTime:0.000000s ]
INFO: [ template_filter ] --END-- [ RunTime:0.000000s ]
INFO: Run Behavior\ParseTemplate [ RunTime:0.022001s ]
INFO: [ view_parse ] --END-- [ RunTime:0.022001s ]
INFO: [ view_filter ] --START--
INFO: Run Behavior\WriteHtmlCache [ RunTime:0.000000s ]
INFO: [ view_filter ] --END-- [ RunTime:0.000000s ]
INFO: [ app_end ] --START--
INFO: Run Behavior\ShowPageTrace [ RunTime:0.001001s ]
INFO: [ app_end ] --END-- [ RunTime:0.001001s ]

[ 2015-09-02T21:36:32+08:00 ] ::1 /jsbdlab/index.php/Home/Index/bdt.html
INFO: [ app_begin ] --START--
INFO: Run Behavior\ReadHtmlCache [ RunTime:0.001000s ]
INFO: [ app_begin ] --END-- [ RunTime:0.002000s ]
NOTIC: [8] A session had already been started - ignoring session_start() E:\xampp\www\jsbdlab\ThinkPHP\Common\functions.php 第 1092 行.
NOTIC: [8192] mysql_connect(): The mysql extension is deprecated and will be removed in the future: use mysqli or PDO instead E:\xampp\www\jsbdlab\ThinkPHP\Library\Think\Db\Driver\Mysql.class.php 第 52 行.
SQL: SHOW COLUMNS FROM `bd_bdpeople` [ RunTime:0.003000s ]
SQL: SELECT * FROM `bd_bdpeople` WHERE ( `active` = 1 ) LIMIT 2   [ RunTime:0.000000s ]
SQL: SHOW COLUMNS FROM `bd_event` [ RunTime:0.002000s ]
SQL: SELECT * FROM `bd_event` WHERE ( `active` = 1 ) ORDER BY id desc LIMIT 2   [ RunTime:0.000000s ]
SQL: SHOW COLUMNS FROM `bd_satc` [ RunTime:0.004000s ]
SQL: SELECT * FROM `bd_satc` WHERE ( `active` = 1 ) ORDER BY id desc LIMIT 2   [ RunTime:0.001000s ]
INFO: [ view_parse ] --START--
INFO: [ template_filter ] --START--
INFO: Run Behavior\ContentReplace [ RunTime:0.000000s ]
INFO: [ template_filter ] --END-- [ RunTime:0.000000s ]
INFO: Run Behavior\ParseTemplate [ RunTime:0.020001s ]
INFO: [ view_parse ] --END-- [ RunTime:0.021001s ]
INFO: [ view_filter ] --START--
INFO: Run Behavior\WriteHtmlCache [ RunTime:0.002000s ]
INFO: [ view_filter ] --END-- [ RunTime:0.002000s ]
INFO: [ app_end ] --START--
INFO: Run Behavior\ShowPageTrace [ RunTime:0.001000s ]
INFO: [ app_end ] --END-- [ RunTime:0.002001s ]

[ 2015-09-02T22:31:38+08:00 ] ::1 /jsbdlab/index.php/Home/Index/bdt.html
INFO: [ app_begin ] --START--
INFO: Run Behavior\ReadHtmlCache [ RunTime:0.000000s ]
INFO: [ app_begin ] --END-- [ RunTime:0.001000s ]
NOTIC: [8] A session had already been started - ignoring session_start() E:\xampp\www\jsbdlab\ThinkPHP\Common\functions.php 第 1092 行.
NOTIC: [8192] mysql_connect(): The mysql extension is deprecated and will be removed in the future: use mysqli or PDO instead E:\xampp\www\jsbdlab\ThinkPHP\Library\Think\Db\Driver\Mysql.class.php 第 52 行.
SQL: SHOW COLUMNS FROM `bd_bdpeople` [ RunTime:0.002000s ]
SQL: SELECT * FROM `bd_bdpeople` WHERE ( `active` = 1 ) LIMIT 2   [ RunTime:0.000000s ]
SQL: SHOW COLUMNS FROM `bd_event` [ RunTime:0.002000s ]
SQL: SELECT * FROM `bd_event` WHERE ( `active` = 1 ) ORDER BY id desc LIMIT 2   [ RunTime:0.000000s ]
SQL: SHOW COLUMNS FROM `bd_satc` [ RunTime:0.002000s ]
SQL: SELECT * FROM `bd_satc` WHERE ( `active` = 1 ) ORDER BY id desc LIMIT 2   [ RunTime:0.000000s ]
INFO: [ view_parse ] --START--
INFO: [ template_filter ] --START--
INFO: Run Behavior\ContentReplace [ RunTime:0.000000s ]
INFO: [ template_filter ] --END-- [ RunTime:0.000000s ]
INFO: Run Behavior\ParseTemplate [ RunTime:0.011001s ]
INFO: [ view_parse ] --END-- [ RunTime:0.011001s ]
INFO: [ view_filter ] --START--
INFO: Run Behavior\WriteHtmlCache [ RunTime:0.000000s ]
INFO: [ view_filter ] --END-- [ RunTime:0.000000s ]
INFO: [ app_end ] --START--
INFO: Run Behavior\ShowPageTrace [ RunTime:0.001000s ]
INFO: [ app_end ] --END-- [ RunTime:0.002000s ]

[ 2015-09-02T22:32:43+08:00 ] ::1 /jsbdlab/index.php/Home/Index/bdt.html
INFO: [ app_begin ] --START--
INFO: Run Behavior\ReadHtmlCache [ RunTime:0.000000s ]
INFO: [ app_begin ] --END-- [ RunTime:0.001000s ]
NOTIC: [8] A session had already been started - ignoring session_start() E:\xampp\www\jsbdlab\ThinkPHP\Common\functions.php 第 1092 行.
NOTIC: [8192] mysql_connect(): The mysql extension is deprecated and will be removed in the future: use mysqli or PDO instead E:\xampp\www\jsbdlab\ThinkPHP\Library\Think\Db\Driver\Mysql.class.php 第 52 行.
SQL: SHOW COLUMNS FROM `bd_bdpeople` [ RunTime:0.002000s ]
SQL: SELECT * FROM `bd_bdpeople` WHERE ( `active` = 1 ) LIMIT 2   [ RunTime:0.000000s ]
SQL: SHOW COLUMNS FROM `bd_event` [ RunTime:0.002000s ]
SQL: SELECT * FROM `bd_event` WHERE ( `active` = 1 ) ORDER BY id desc LIMIT 2   [ RunTime:0.000000s ]
SQL: SHOW COLUMNS FROM `bd_satc` [ RunTime:0.002000s ]
SQL: SELECT * FROM `bd_satc` WHERE ( `active` = 1 ) ORDER BY id desc LIMIT 2   [ RunTime:0.000000s ]
INFO: [ view_parse ] --START--
INFO: [ template_filter ] --START--
INFO: Run Behavior\ContentReplace [ RunTime:0.000000s ]
INFO: [ template_filter ] --END-- [ RunTime:0.000000s ]
INFO: Run Behavior\ParseTemplate [ RunTime:0.011001s ]
INFO: [ view_parse ] --END-- [ RunTime:0.011001s ]
INFO: [ view_filter ] --START--
INFO: Run Behavior\WriteHtmlCache [ RunTime:0.001000s ]
INFO: [ view_filter ] --END-- [ RunTime:0.001000s ]
INFO: [ app_end ] --START--
INFO: Run Behavior\ShowPageTrace [ RunTime:0.001000s ]
INFO: [ app_end ] --END-- [ RunTime:0.001000s ]

[ 2015-09-02T22:32:45+08:00 ] ::1 /jsbdlab/index.php/Home/Index/bdt.html
INFO: [ app_begin ] --START--
INFO: Run Behavior\ReadHtmlCache [ RunTime:0.001000s ]
INFO: [ app_begin ] --END-- [ RunTime:0.001000s ]
NOTIC: [8] A session had already been started - ignoring session_start() E:\xampp\www\jsbdlab\ThinkPHP\Common\functions.php 第 1092 行.
NOTIC: [8192] mysql_connect(): The mysql extension is deprecated and will be removed in the future: use mysqli or PDO instead E:\xampp\www\jsbdlab\ThinkPHP\Library\Think\Db\Driver\Mysql.class.php 第 52 行.
SQL: SHOW COLUMNS FROM `bd_bdpeople` [ RunTime:0.002000s ]
SQL: SELECT * FROM `bd_bdpeople` WHERE ( `active` = 1 ) LIMIT 2   [ RunTime:0.001000s ]
SQL: SHOW COLUMNS FROM `bd_event` [ RunTime:0.002000s ]
SQL: SELECT * FROM `bd_event` WHERE ( `active` = 1 ) ORDER BY id desc LIMIT 2   [ RunTime:0.000000s ]
SQL: SHOW COLUMNS FROM `bd_satc` [ RunTime:0.002000s ]
SQL: SELECT * FROM `bd_satc` WHERE ( `active` = 1 ) ORDER BY id desc LIMIT 2   [ RunTime:0.000000s ]
INFO: [ view_parse ] --START--
INFO: [ template_filter ] --START--
INFO: Run Behavior\ContentReplace [ RunTime:0.000000s ]
INFO: [ template_filter ] --END-- [ RunTime:0.000000s ]
INFO: Run Behavior\ParseTemplate [ RunTime:0.010001s ]
INFO: [ view_parse ] --END-- [ RunTime:0.010001s ]
INFO: [ view_filter ] --START--
INFO: Run Behavior\WriteHtmlCache [ RunTime:0.001000s ]
INFO: [ view_filter ] --END-- [ RunTime:0.001000s ]
INFO: [ app_end ] --START--
INFO: Run Behavior\ShowPageTrace [ RunTime:0.000000s ]
INFO: [ app_end ] --END-- [ RunTime:0.000000s ]

[ 2015-09-02T22:32:48+08:00 ] ::1 /jsbdlab/index.php/Home/Index/bdt.html
INFO: [ app_begin ] --START--
INFO: Run Behavior\ReadHtmlCache [ RunTime:0.000000s ]
INFO: [ app_begin ] --END-- [ RunTime:0.000000s ]
NOTIC: [8] A session had already been started - ignoring session_start() E:\xampp\www\jsbdlab\ThinkPHP\Common\functions.php 第 1092 行.
NOTIC: [8192] mysql_connect(): The mysql extension is deprecated and will be removed in the future: use mysqli or PDO instead E:\xampp\www\jsbdlab\ThinkPHP\Library\Think\Db\Driver\Mysql.class.php 第 52 行.
SQL: SHOW COLUMNS FROM `bd_bdpeople` [ RunTime:0.002001s ]
SQL: SELECT * FROM `bd_bdpeople` WHERE ( `active` = 1 ) LIMIT 2   [ RunTime:0.000000s ]
SQL: SHOW COLUMNS FROM `bd_event` [ RunTime:0.003000s ]
SQL: SELECT * FROM `bd_event` WHERE ( `active` = 1 ) ORDER BY id desc LIMIT 2   [ RunTime:0.000000s ]
SQL: SHOW COLUMNS FROM `bd_satc` [ RunTime:0.002000s ]
SQL: SELECT * FROM `bd_satc` WHERE ( `active` = 1 ) ORDER BY id desc LIMIT 2   [ RunTime:0.000000s ]
INFO: [ view_parse ] --START--
INFO: [ template_filter ] --START--
INFO: Run Behavior\ContentReplace [ RunTime:0.000000s ]
INFO: [ template_filter ] --END-- [ RunTime:0.000000s ]
INFO: Run Behavior\ParseTemplate [ RunTime:0.010001s ]
INFO: [ view_parse ] --END-- [ RunTime:0.010001s ]
INFO: [ view_filter ] --START--
INFO: Run Behavior\WriteHtmlCache [ RunTime:0.000000s ]
INFO: [ view_filter ] --END-- [ RunTime:0.001000s ]
INFO: [ app_end ] --START--
INFO: Run Behavior\ShowPageTrace [ RunTime:0.001000s ]
INFO: [ app_end ] --END-- [ RunTime:0.001000s ]

[ 2015-09-02T22:32:58+08:00 ] ::1 /jsbdlab/index.php/Home/Index/bdt.html
INFO: [ app_begin ] --START--
INFO: Run Behavior\ReadHtmlCache [ RunTime:0.002000s ]
INFO: [ app_begin ] --END-- [ RunTime:0.002000s ]
NOTIC: [8] A session had already been started - ignoring session_start() E:\xampp\www\jsbdlab\ThinkPHP\Common\functions.php 第 1092 行.
NOTIC: [8192] mysql_connect(): The mysql extension is deprecated and will be removed in the future: use mysqli or PDO instead E:\xampp\www\jsbdlab\ThinkPHP\Library\Think\Db\Driver\Mysql.class.php 第 52 行.
SQL: SHOW COLUMNS FROM `bd_bdpeople` [ RunTime:0.002000s ]
SQL: SELECT * FROM `bd_bdpeople` WHERE ( `active` = 1 ) LIMIT 2   [ RunTime:0.001000s ]
SQL: SHOW COLUMNS FROM `bd_event` [ RunTime:0.002000s ]
SQL: SELECT * FROM `bd_event` WHERE ( `active` = 1 ) ORDER BY id desc LIMIT 2   [ RunTime:0.000000s ]
SQL: SHOW COLUMNS FROM `bd_satc` [ RunTime:0.003000s ]
SQL: SELECT * FROM `bd_satc` WHERE ( `active` = 1 ) ORDER BY id desc LIMIT 2   [ RunTime:0.000000s ]
INFO: [ view_parse ] --START--
INFO: [ template_filter ] --START--
INFO: Run Behavior\ContentReplace [ RunTime:0.000000s ]
INFO: [ template_filter ] --END-- [ RunTime:0.000000s ]
INFO: Run Behavior\ParseTemplate [ RunTime:0.011001s ]
INFO: [ view_parse ] --END-- [ RunTime:0.011001s ]
INFO: [ view_filter ] --START--
INFO: Run Behavior\WriteHtmlCache [ RunTime:0.000000s ]
INFO: [ view_filter ] --END-- [ RunTime:0.000000s ]
INFO: [ app_end ] --START--
INFO: Run Behavior\ShowPageTrace [ RunTime:0.001000s ]
INFO: [ app_end ] --END-- [ RunTime:0.001000s ]

[ 2015-09-02T22:35:42+08:00 ] ::1 /jsbdlab/index.php/Home/Index/morebds
INFO: [ app_begin ] --START--
INFO: Run Behavior\ReadHtmlCache [ RunTime:0.001000s ]
INFO: [ app_begin ] --END-- [ RunTime:0.001000s ]
NOTIC: [8] A session had already been started - ignoring session_start() E:\xampp\www\jsbdlab\ThinkPHP\Common\functions.php 第 1092 行.
NOTIC: [8192] mysql_connect(): The mysql extension is deprecated and will be removed in the future: use mysqli or PDO instead E:\xampp\www\jsbdlab\ThinkPHP\Library\Think\Db\Driver\Mysql.class.php 第 52 行.
SQL: SHOW COLUMNS FROM `bd_satc` [ RunTime:0.002000s ]
SQL: SELECT * FROM `bd_satc` WHERE ( `active` = 1 ) ORDER BY id desc LIMIT 2   [ RunTime:0.000000s ]

[ 2015-09-02T22:35:45+08:00 ] ::1 /jsbdlab/index.php/Home/Index/morebds
INFO: [ app_begin ] --START--
INFO: Run Behavior\ReadHtmlCache [ RunTime:0.001000s ]
INFO: [ app_begin ] --END-- [ RunTime:0.002000s ]
NOTIC: [8] A session had already been started - ignoring session_start() E:\xampp\www\jsbdlab\ThinkPHP\Common\functions.php 第 1092 行.
NOTIC: [8192] mysql_connect(): The mysql extension is deprecated and will be removed in the future: use mysqli or PDO instead E:\xampp\www\jsbdlab\ThinkPHP\Library\Think\Db\Driver\Mysql.class.php 第 52 行.
SQL: SHOW COLUMNS FROM `bd_satc` [ RunTime:0.002000s ]
SQL: SELECT * FROM `bd_satc` WHERE ( `active` = 1 ) ORDER BY id desc LIMIT 2   [ RunTime:0.001000s ]

[ 2015-09-02T22:36:13+08:00 ] ::1 /jsbdlab/index.php/Home/Index/morebds
INFO: [ app_begin ] --START--
INFO: Run Behavior\ReadHtmlCache [ RunTime:0.001000s ]
INFO: [ app_begin ] --END-- [ RunTime:0.001000s ]
NOTIC: [8] A session had already been started - ignoring session_start() E:\xampp\www\jsbdlab\ThinkPHP\Common\functions.php 第 1092 行.
NOTIC: [8192] mysql_connect(): The mysql extension is deprecated and will be removed in the future: use mysqli or PDO instead E:\xampp\www\jsbdlab\ThinkPHP\Library\Think\Db\Driver\Mysql.class.php 第 52 行.
SQL: SHOW COLUMNS FROM `bd_satc` [ RunTime:0.002000s ]
SQL: SELECT * FROM `bd_satc` WHERE ( `active` = 1 ) AND ( id< ) ORDER BY id desc LIMIT 2   [ RunTime:0.000000s ]
ERR: 1064:You have an error in your SQL syntax; check the manual that corresponds to your MySQL server version for the right syntax to use near ') ORDER BY id desc LIMIT 2' at line 1
 [ SQL语句 ] : SELECT * FROM `bd_satc` WHERE ( `active` = 1 ) AND ( id< ) ORDER BY id desc LIMIT 2  

[ 2015-09-02T22:36:14+08:00 ] ::1 /jsbdlab/index.php/Home/Index/morebds
INFO: [ app_begin ] --START--
INFO: Run Behavior\ReadHtmlCache [ RunTime:0.001000s ]
INFO: [ app_begin ] --END-- [ RunTime:0.001000s ]
NOTIC: [8] A session had already been started - ignoring session_start() E:\xampp\www\jsbdlab\ThinkPHP\Common\functions.php 第 1092 行.
NOTIC: [8192] mysql_connect(): The mysql extension is deprecated and will be removed in the future: use mysqli or PDO instead E:\xampp\www\jsbdlab\ThinkPHP\Library\Think\Db\Driver\Mysql.class.php 第 52 行.
SQL: SHOW COLUMNS FROM `bd_satc` [ RunTime:0.002000s ]
SQL: SELECT * FROM `bd_satc` WHERE ( `active` = 1 ) AND ( id<undefined ) ORDER BY id desc LIMIT 2   [ RunTime:0.043003s ]
ERR: 1054:Unknown column 'undefined' in 'where clause'
 [ SQL语句 ] : SELECT * FROM `bd_satc` WHERE ( `active` = 1 ) AND ( id<undefined ) ORDER BY id desc LIMIT 2  

[ 2015-09-02T22:36:41+08:00 ] ::1 /jsbdlab/index.php/Home/Index/morebdc
INFO: [ app_begin ] --START--
INFO: Run Behavior\ReadHtmlCache [ RunTime:0.001000s ]
INFO: [ app_begin ] --END-- [ RunTime:0.001000s ]
NOTIC: [8] A session had already been started - ignoring session_start() E:\xampp\www\jsbdlab\ThinkPHP\Common\functions.php 第 1092 行.
NOTIC: [8192] mysql_connect(): The mysql extension is deprecated and will be removed in the future: use mysqli or PDO instead E:\xampp\www\jsbdlab\ThinkPHP\Library\Think\Db\Driver\Mysql.class.php 第 52 行.
SQL: SHOW COLUMNS FROM `bd_bdpeople` [ RunTime:0.002001s ]
SQL: SELECT * FROM `bd_bdpeople` WHERE ( `active` = 1 ) AND ( id>13 ) LIMIT 2   [ RunTime:0.001000s ]

[ 2015-09-02T22:36:45+08:00 ] ::1 /jsbdlab/index.php/Home/Index/morebds
INFO: [ app_begin ] --START--
INFO: Run Behavior\ReadHtmlCache [ RunTime:0.000000s ]
INFO: [ app_begin ] --END-- [ RunTime:0.001000s ]
NOTIC: [8] A session had already been started - ignoring session_start() E:\xampp\www\jsbdlab\ThinkPHP\Common\functions.php 第 1092 行.
NOTIC: [8192] mysql_connect(): The mysql extension is deprecated and will be removed in the future: use mysqli or PDO instead E:\xampp\www\jsbdlab\ThinkPHP\Library\Think\Db\Driver\Mysql.class.php 第 52 行.
SQL: SHOW COLUMNS FROM `bd_satc` [ RunTime:0.002000s ]
SQL: SELECT * FROM `bd_satc` WHERE ( `active` = 1 ) AND ( id< ) ORDER BY id desc LIMIT 2   [ RunTime:0.000000s ]
ERR: 1064:You have an error in your SQL syntax; check the manual that corresponds to your MySQL server version for the right syntax to use near ') ORDER BY id desc LIMIT 2' at line 1
 [ SQL语句 ] : SELECT * FROM `bd_satc` WHERE ( `active` = 1 ) AND ( id< ) ORDER BY id desc LIMIT 2  

[ 2015-09-02T22:36:47+08:00 ] ::1 /jsbdlab/index.php/Home/Index/morebds
INFO: [ app_begin ] --START--
INFO: Run Behavior\ReadHtmlCache [ RunTime:0.001000s ]
INFO: [ app_begin ] --END-- [ RunTime:0.001000s ]
NOTIC: [8] A session had already been started - ignoring session_start() E:\xampp\www\jsbdlab\ThinkPHP\Common\functions.php 第 1092 行.
NOTIC: [8192] mysql_connect(): The mysql extension is deprecated and will be removed in the future: use mysqli or PDO instead E:\xampp\www\jsbdlab\ThinkPHP\Library\Think\Db\Driver\Mysql.class.php 第 52 行.
SQL: SHOW COLUMNS FROM `bd_satc` [ RunTime:0.002000s ]
SQL: SELECT * FROM `bd_satc` WHERE ( `active` = 1 ) AND ( id<undefined ) ORDER BY id desc LIMIT 2   [ RunTime:0.001000s ]
ERR: 1054:Unknown column 'undefined' in 'where clause'
 [ SQL语句 ] : SELECT * FROM `bd_satc` WHERE ( `active` = 1 ) AND ( id<undefined ) ORDER BY id desc LIMIT 2  

[ 2015-09-02T22:36:48+08:00 ] ::1 /jsbdlab/index.php/Home/Index/morebds
INFO: [ app_begin ] --START--
INFO: Run Behavior\ReadHtmlCache [ RunTime:0.000000s ]
INFO: [ app_begin ] --END-- [ RunTime:0.000000s ]
NOTIC: [8] A session had already been started - ignoring session_start() E:\xampp\www\jsbdlab\ThinkPHP\Common\functions.php 第 1092 行.
NOTIC: [8192] mysql_connect(): The mysql extension is deprecated and will be removed in the future: use mysqli or PDO instead E:\xampp\www\jsbdlab\ThinkPHP\Library\Think\Db\Driver\Mysql.class.php 第 52 行.
SQL: SHOW COLUMNS FROM `bd_satc` [ RunTime:0.002000s ]
SQL: SELECT * FROM `bd_satc` WHERE ( `active` = 1 ) AND ( id<undefined ) ORDER BY id desc LIMIT 2   [ RunTime:0.001000s ]
ERR: 1054:Unknown column 'undefined' in 'where clause'
 [ SQL语句 ] : SELECT * FROM `bd_satc` WHERE ( `active` = 1 ) AND ( id<undefined ) ORDER BY id desc LIMIT 2  

[ 2015-09-02T22:38:47+08:00 ] ::1 /jsbdlab/index.php/Home/Index/morebds
INFO: [ app_begin ] --START--
INFO: Run Behavior\ReadHtmlCache [ RunTime:0.000000s ]
INFO: [ app_begin ] --END-- [ RunTime:0.001000s ]
NOTIC: [8] A session had already been started - ignoring session_start() E:\xampp\www\jsbdlab\ThinkPHP\Common\functions.php 第 1092 行.

[ 2015-09-02T22:39:29+08:00 ] ::1 /jsbdlab/index.php/Home/Index/morebds
INFO: [ app_begin ] --START--
INFO: Run Behavior\ReadHtmlCache [ RunTime:0.001000s ]
INFO: [ app_begin ] --END-- [ RunTime:0.002000s ]
NOTIC: [8] A session had already been started - ignoring session_start() E:\xampp\www\jsbdlab\ThinkPHP\Common\functions.php 第 1092 行.

[ 2015-09-02T22:42:33+08:00 ] ::1 /jsbdlab/index.php/Home/Index/morebds
INFO: [ app_begin ] --START--
INFO: Run Behavior\ReadHtmlCache [ RunTime:0.001000s ]
INFO: [ app_begin ] --END-- [ RunTime:0.001000s ]
NOTIC: [8] A session had already been started - ignoring session_start() E:\xampp\www\jsbdlab\ThinkPHP\Common\functions.php 第 1092 行.

[ 2015-09-02T22:44:24+08:00 ] ::1 /jsbdlab/index.php/Home/Index/morebds
INFO: [ app_begin ] --START--
INFO: Run Behavior\ReadHtmlCache [ RunTime:0.000000s ]
INFO: [ app_begin ] --END-- [ RunTime:0.000000s ]
NOTIC: [8] A session had already been started - ignoring session_start() E:\xampp\www\jsbdlab\ThinkPHP\Common\functions.php 第 1092 行.
NOTIC: [8192] mysql_connect(): The mysql extension is deprecated and will be removed in the future: use mysqli or PDO instead E:\xampp\www\jsbdlab\ThinkPHP\Library\Think\Db\Driver\Mysql.class.php 第 52 行.
SQL: SHOW COLUMNS FROM `bd_satc` [ RunTime:0.002000s ]
SQL: SELECT * FROM `bd_satc` WHERE ( `active` = 1 ) AND ( id<51 ) ORDER BY id desc LIMIT 2   [ RunTime:0.000000s ]

[ 2015-09-02T22:44:33+08:00 ] ::1 /jsbdlab/index.php/Home/Index/morebds
INFO: [ app_begin ] --START--
INFO: Run Behavior\ReadHtmlCache [ RunTime:0.000000s ]
INFO: [ app_begin ] --END-- [ RunTime:0.001000s ]
NOTIC: [8] A session had already been started - ignoring session_start() E:\xampp\www\jsbdlab\ThinkPHP\Common\functions.php 第 1092 行.
NOTIC: [8192] mysql_connect(): The mysql extension is deprecated and will be removed in the future: use mysqli or PDO instead E:\xampp\www\jsbdlab\ThinkPHP\Library\Think\Db\Driver\Mysql.class.php 第 52 行.
SQL: SHOW COLUMNS FROM `bd_satc` [ RunTime:0.002000s ]
SQL: SELECT * FROM `bd_satc` WHERE ( `active` = 1 ) AND ( id<48 ) ORDER BY id desc LIMIT 2   [ RunTime:0.001000s ]

[ 2015-09-02T22:44:37+08:00 ] ::1 /jsbdlab/index.php/Home/Index/morebds
INFO: [ app_begin ] --START--
INFO: Run Behavior\ReadHtmlCache [ RunTime:0.000000s ]
INFO: [ app_begin ] --END-- [ RunTime:0.001000s ]
NOTIC: [8] A session had already been started - ignoring session_start() E:\xampp\www\jsbdlab\ThinkPHP\Common\functions.php 第 1092 行.
NOTIC: [8192] mysql_connect(): The mysql extension is deprecated and will be removed in the future: use mysqli or PDO instead E:\xampp\www\jsbdlab\ThinkPHP\Library\Think\Db\Driver\Mysql.class.php 第 52 行.
SQL: SHOW COLUMNS FROM `bd_satc` [ RunTime:0.002001s ]
SQL: SELECT * FROM `bd_satc` WHERE ( `active` = 1 ) AND ( id<45 ) ORDER BY id desc LIMIT 2   [ RunTime:0.000000s ]

[ 2015-09-02T22:44:39+08:00 ] ::1 /jsbdlab/index.php/Home/Index/morebds
INFO: [ app_begin ] --START--
INFO: Run Behavior\ReadHtmlCache [ RunTime:0.001000s ]
INFO: [ app_begin ] --END-- [ RunTime:0.001000s ]
NOTIC: [8] A session had already been started - ignoring session_start() E:\xampp\www\jsbdlab\ThinkPHP\Common\functions.php 第 1092 行.
NOTIC: [8192] mysql_connect(): The mysql extension is deprecated and will be removed in the future: use mysqli or PDO instead E:\xampp\www\jsbdlab\ThinkPHP\Library\Think\Db\Driver\Mysql.class.php 第 52 行.
SQL: SHOW COLUMNS FROM `bd_satc` [ RunTime:0.002000s ]
SQL: SELECT * FROM `bd_satc` WHERE ( `active` = 1 ) AND ( id<43 ) ORDER BY id desc LIMIT 2   [ RunTime:0.000000s ]

[ 2015-09-02T22:45:43+08:00 ] ::1 /jsbdlab/index.php/Home/Index/morebdc
INFO: [ app_begin ] --START--
INFO: Run Behavior\ReadHtmlCache [ RunTime:0.001000s ]
INFO: [ app_begin ] --END-- [ RunTime:0.001000s ]
NOTIC: [8] A session had already been started - ignoring session_start() E:\xampp\www\jsbdlab\ThinkPHP\Common\functions.php 第 1092 行.
NOTIC: [8192] mysql_connect(): The mysql extension is deprecated and will be removed in the future: use mysqli or PDO instead E:\xampp\www\jsbdlab\ThinkPHP\Library\Think\Db\Driver\Mysql.class.php 第 52 行.
SQL: SHOW COLUMNS FROM `bd_bdpeople` [ RunTime:0.002000s ]
SQL: SELECT * FROM `bd_bdpeople` WHERE ( `active` = 1 ) AND ( id>13 ) LIMIT 2   [ RunTime:0.001000s ]

[ 2015-09-02T22:45:45+08:00 ] ::1 /jsbdlab/index.php/Home/Index/morebde
INFO: [ app_begin ] --START--
INFO: Run Behavior\ReadHtmlCache [ RunTime:0.001000s ]
INFO: [ app_begin ] --END-- [ RunTime:0.001000s ]
NOTIC: [8] A session had already been started - ignoring session_start() E:\xampp\www\jsbdlab\ThinkPHP\Common\functions.php 第 1092 行.
NOTIC: [8192] mysql_connect(): The mysql extension is deprecated and will be removed in the future: use mysqli or PDO instead E:\xampp\www\jsbdlab\ThinkPHP\Library\Think\Db\Driver\Mysql.class.php 第 52 行.
SQL: SHOW COLUMNS FROM `bd_event` [ RunTime:0.002000s ]
SQL: SELECT * FROM `bd_event` WHERE ( `active` = 1 ) AND ( id<17 ) ORDER BY id desc LIMIT 2   [ RunTime:0.000000s ]

[ 2015-09-02T22:45:48+08:00 ] ::1 /jsbdlab/index.php/Home/Index/morebde
INFO: [ app_begin ] --START--
INFO: Run Behavior\ReadHtmlCache [ RunTime:0.001000s ]
INFO: [ app_begin ] --END-- [ RunTime:0.001000s ]
NOTIC: [8] A session had already been started - ignoring session_start() E:\xampp\www\jsbdlab\ThinkPHP\Common\functions.php 第 1092 行.
NOTIC: [8192] mysql_connect(): The mysql extension is deprecated and will be removed in the future: use mysqli or PDO instead E:\xampp\www\jsbdlab\ThinkPHP\Library\Think\Db\Driver\Mysql.class.php 第 52 行.
SQL: SHOW COLUMNS FROM `bd_event` [ RunTime:0.003000s ]
SQL: SELECT * FROM `bd_event` WHERE ( `active` = 1 ) AND ( id<15 ) ORDER BY id desc LIMIT 2   [ RunTime:0.001000s ]

[ 2015-09-02T22:45:55+08:00 ] ::1 /jsbdlab/index.php/Home/Index/morebds
INFO: [ app_begin ] --START--
INFO: Run Behavior\ReadHtmlCache [ RunTime:0.001000s ]
INFO: [ app_begin ] --END-- [ RunTime:0.001000s ]
NOTIC: [8] A session had already been started - ignoring session_start() E:\xampp\www\jsbdlab\ThinkPHP\Common\functions.php 第 1092 行.
NOTIC: [8192] mysql_connect(): The mysql extension is deprecated and will be removed in the future: use mysqli or PDO instead E:\xampp\www\jsbdlab\ThinkPHP\Library\Think\Db\Driver\Mysql.class.php 第 52 行.
SQL: SHOW COLUMNS FROM `bd_satc` [ RunTime:0.002000s ]
SQL: SELECT * FROM `bd_satc` WHERE ( `active` = 1 ) AND ( id<51 ) ORDER BY id desc LIMIT 2   [ RunTime:0.001000s ]

[ 2015-09-02T23:40:14+08:00 ] ::1 /jsbdlab/index.php/Admin/Index/_/jsbdlab/Public/css/index.css
ERR: 非法操作:_

[ 2015-09-02T23:40:34+08:00 ] ::1 /jsbdlab/index.php/Admin/Index/_/jsbdlab/Public/css/index.css
ERR: 非法操作:_

[ 2015-09-02T23:40:40+08:00 ] ::1 /jsbdlab/index.php/Admin/Index/_/jsbdlab/Public/css/index.css
ERR: 非法操作:_

[ 2015-09-02T23:40:44+08:00 ] ::1 /jsbdlab/index.php/Admin/Index/_/jsbdlab/Public/css/index.css
ERR: 非法操作:_

[ 2015-09-02T23:41:10+08:00 ] ::1 /jsbdlab/index.php/Admin/Index/_/jsbdlab/Public/css/index.css
ERR: 非法操作:_

[ 2015-09-02T23:41:15+08:00 ] ::1 /jsbdlab/index.php/Admin/Index/_/jsbdlab/Public/css/index.css
ERR: 非法操作:_

[ 2015-09-02T23:41:17+08:00 ] ::1 /jsbdlab/index.php/Admin/Index/_/jsbdlab/Public/css/index.css
ERR: 非法操作:_

[ 2015-09-02T23:41:22+08:00 ] ::1 /jsbdlab/index.php/Admin/Index/_/jsbdlab/Public/css/index.css
ERR: 非法操作:_

[ 2015-09-02T23:41:27+08:00 ] ::1 /jsbdlab/index.php/Admin/Index/_/jsbdlab/Public/css/index.css
ERR: 非法操作:_

[ 2015-09-02T23:41:36+08:00 ] ::1 /jsbdlab/index.php/Admin/Index/_/jsbdlab/Public/css/index.css
ERR: 非法操作:_

[ 2015-09-02T23:41:41+08:00 ] ::1 /jsbdlab/index.php/Admin/Index/_/jsbdlab/Public/css/index.css
ERR: 非法操作:_

[ 2015-09-02T23:41:42+08:00 ] ::1 /jsbdlab/index.php/Admin/Index/_/jsbdlab/Public/css/index.css
ERR: 非法操作:_

[ 2015-09-02T23:41:57+08:00 ] ::1 /jsbdlab/index.php/Admin/Index/_/jsbdlab/Public/css/index.css
ERR: 非法操作:_

[ 2015-09-02T23:42:03+08:00 ] ::1 /jsbdlab/index.php/Admin/Index/_/jsbdlab/Public/css/index.css
ERR: 非法操作:_

[ 2015-09-02T23:42:08+08:00 ] ::1 /jsbdlab/index.php/Admin/Index/_/jsbdlab/Public/css/index.css
ERR: 非法操作:_

[ 2015-09-02T23:42:11+08:00 ] ::1 /jsbdlab/index.php/Admin/Index/_/jsbdlab/Public/css/index.css
ERR: 非法操作:_

[ 2015-09-02T23:42:26+08:00 ] ::1 /jsbdlab/index.php/Admin/Index/_/jsbdlab/Public/css/index.css
ERR: 非法操作:_

[ 2015-09-02T23:42:36+08:00 ] ::1 /jsbdlab/index.php/Admin/Index/_/jsbdlab/Public/css/index.css
ERR: 非法操作:_

[ 2015-09-02T23:42:40+08:00 ] ::1 /jsbdlab/index.php/Admin/Index/_/jsbdlab/Public/css/index.css
ERR: 非法操作:_

[ 2015-09-02T23:43:12+08:00 ] ::1 /jsbdlab/index.php/Admin/Index/_/jsbdlab/Public/css/index.css
ERR: 非法操作:_

[ 2015-09-02T23:43:18+08:00 ] ::1 /jsbdlab/index.php/Admin/Index/_/jsbdlab/Public/css/index.css
ERR: 非法操作:_

[ 2015-09-02T23:44:32+08:00 ] ::1 /jsbdlab/index.php/Admin/Index/_/jsbdlab/Public/css/index.css
ERR: 非法操作:_

[ 2015-09-02T23:44:46+08:00 ] ::1 /jsbdlab/index.php/Admin/Index/_/jsbdlab/Public/css/index.css
ERR: 非法操作:_

[ 2015-09-02T23:55:03+08:00 ] ::1 /jsbdlab/index.php/Admin/Index/_/jsbdlab/Public/css/index.css
ERR: 非法操作:_

