[ 2015-10-13T12:04:55+08:00 ] ::1 /jsbdlab/index.php/Admin/Lab/_/jsbdlab/Public/css/index.css
ERR: 非法操作:_

[ 2015-10-13T12:04:59+08:00 ] ::1 /jsbdlab/index.php/Admin/Lab/_/jsbdlab/Public/css/index.css
ERR: 非法操作:_

[ 2015-10-13T12:05:23+08:00 ] ::1 /jsbdlab/index.php/Admin/Lab/_/jsbdlab/Public/css/index.css
ERR: 非法操作:_

[ 2015-10-13T12:06:59+08:00 ] ::1 /jsbdlab/index.php/Admin/Lab/_/jsbdlab/Public/css/index.css
ERR: 非法操作:_

[ 2015-10-13T12:07:00+08:00 ] ::1 /jsbdlab/index.php/Admin/Lab/_/jsbdlab/Public/css/index.css
ERR: 非法操作:_

[ 2015-10-13T12:07:03+08:00 ] ::1 /jsbdlab/index.php/Admin/Lab/_/jsbdlab/Public/css/index.css
ERR: 非法操作:_

[ 2015-10-13T12:07:12+08:00 ] ::1 /jsbdlab/index.php/Admin/Lab/_/jsbdlab/Public/css/index.css
ERR: 非法操作:_

[ 2015-10-13T12:09:52+08:00 ] ::1 /jsbdlab/index.php/Admin/Lab/_/jsbdlab/Public/css/index.css
ERR: 非法操作:_

[ 2015-10-13T12:10:02+08:00 ] ::1 /jsbdlab/index.php/Admin/Lab/_/jsbdlab/Public/css/index.css
ERR: 非法操作:_

[ 2015-10-13T12:10:28+08:00 ] ::1 /jsbdlab/index.php/Admin/Lab/_/jsbdlab/Public/css/index.css
ERR: 非法操作:_

[ 2015-10-13T12:10:34+08:00 ] ::1 /jsbdlab/index.php/Admin/Lab/_/jsbdlab/Public/css/index.css
ERR: 非法操作:_

[ 2015-10-13T12:10:53+08:00 ] ::1 /jsbdlab/index.php/Admin/Lab/_/jsbdlab/Public/css/index.css
ERR: 非法操作:_

[ 2015-10-13T12:11:09+08:00 ] ::1 /jsbdlab/index.php/Admin/Lab/_/jsbdlab/Public/css/index.css
ERR: 非法操作:_

[ 2015-10-13T12:11:15+08:00 ] ::1 /jsbdlab/index.php/Admin/Lab/_/jsbdlab/Public/css/index.css
ERR: 非法操作:_

[ 2015-10-13T12:12:19+08:00 ] ::1 /jsbdlab/index.php/Admin/Lab/_/jsbdlab/Public/css/index.css
ERR: 非法操作:_

[ 2015-10-13T12:12:23+08:00 ] ::1 /jsbdlab/index.php/Admin/Lab/_/jsbdlab/Public/css/index.css
ERR: 非法操作:_

[ 2015-10-13T12:12:24+08:00 ] ::1 /jsbdlab/index.php/Admin/Lab/_/jsbdlab/Public/css/index.css
ERR: 非法操作:_

[ 2015-10-13T12:12:35+08:00 ] ::1 /jsbdlab/index.php/Admin/Lab/_/jsbdlab/Public/css/index.css
ERR: 非法操作:_

[ 2015-10-13T12:12:38+08:00 ] ::1 /jsbdlab/index.php/Admin/Lab/_/jsbdlab/Public/css/index.css
ERR: 非法操作:_

[ 2015-10-13T12:12:41+08:00 ] ::1 /jsbdlab/index.php/Admin/Lab/_/jsbdlab/Public/css/index.css
ERR: 非法操作:_

[ 2015-10-13T12:13:14+08:00 ] ::1 /jsbdlab/index.php/Admin/Lab/_/jsbdlab/Public/css/index.css
ERR: 非法操作:_

[ 2015-10-13T12:13:23+08:00 ] ::1 /jsbdlab/index.php/Admin/Lab/_/jsbdlab/Public/css/index.css
ERR: 非法操作:_

[ 2015-10-13T12:14:56+08:00 ] ::1 /jsbdlab/index.php/Admin/Lab/_/jsbdlab/Public/css/index.css
ERR: 非法操作:_

[ 2015-10-13T12:16:07+08:00 ] ::1 /jsbdlab/index.php/Admin/Lab/_/jsbdlab/Public/css/index.css
ERR: 非法操作:_

[ 2015-10-13T12:16:15+08:00 ] ::1 /jsbdlab/index.php/Admin/Lab/_/jsbdlab/Public/css/index.css
ERR: 非法操作:_

[ 2015-10-13T12:16:27+08:00 ] ::1 /jsbdlab/index.php/Admin/Lab/_/jsbdlab/Public/css/index.css
ERR: 非法操作:_

[ 2015-10-13T12:16:32+08:00 ] ::1 /jsbdlab/index.php/Admin/Lab/_/jsbdlab/Public/css/index.css
ERR: 非法操作:_

[ 2015-10-13T12:16:38+08:00 ] ::1 /jsbdlab/index.php/Admin/Lab/_/jsbdlab/Public/css/index.css
ERR: 非法操作:_

[ 2015-10-13T12:16:48+08:00 ] ::1 /jsbdlab/index.php/Admin/Lab/_/jsbdlab/Public/css/index.css
ERR: 非法操作:_

[ 2015-10-13T12:17:21+08:00 ] ::1 /jsbdlab/index.php/Admin/Lab/_/jsbdlab/Public/css/index.css
ERR: 非法操作:_

[ 2015-10-13T12:17:28+08:00 ] ::1 /jsbdlab/index.php/Admin/Lab/_/jsbdlab/Public/css/index.css
ERR: 非法操作:_

[ 2015-10-13T12:17:39+08:00 ] ::1 /jsbdlab/index.php/Admin/Lab/_/jsbdlab/Public/css/index.css
ERR: 非法操作:_

[ 2015-10-13T12:19:00+08:00 ] ::1 /jsbdlab/index.php/Admin/Lab/_/jsbdlab/Public/css/index.css
ERR: 非法操作:_

[ 2015-10-13T12:19:10+08:00 ] ::1 /jsbdlab/index.php/Admin/Lab/_/jsbdlab/Public/css/index.css
ERR: 非法操作:_

[ 2015-10-13T12:19:24+08:00 ] ::1 /jsbdlab/index.php/Admin/Lab/_/jsbdlab/Public/css/index.css
ERR: 非法操作:_

[ 2015-10-13T12:19:31+08:00 ] ::1 /jsbdlab/index.php/Admin/Lab/_/jsbdlab/Public/css/index.css
ERR: 非法操作:_

[ 2015-10-13T12:19:47+08:00 ] ::1 /jsbdlab/index.php/Admin/Lab/_/jsbdlab/Public/css/index.css
ERR: 非法操作:_

[ 2015-10-13T12:19:49+08:00 ] ::1 /jsbdlab/index.php/Admin/Lab/_/jsbdlab/Public/css/index.css
ERR: 非法操作:_

[ 2015-10-13T12:19:56+08:00 ] ::1 /jsbdlab/index.php/Admin/Lab/_/jsbdlab/Public/css/index.css
ERR: 非法操作:_

[ 2015-10-13T12:20:05+08:00 ] ::1 /jsbdlab/index.php/Admin/Lab/_/jsbdlab/Public/css/index.css
ERR: 非法操作:_

[ 2015-10-13T12:32:00+08:00 ] ::1 /jsbdlab/index.php/Admin/Lab/_/jsbdlab/Public/css/index.css
ERR: 非法操作:_

[ 2015-10-13T12:32:20+08:00 ] ::1 /jsbdlab/index.php/Admin/Lab/_/jsbdlab/Public/css/index.css
ERR: 非法操作:_

[ 2015-10-13T12:32:23+08:00 ] ::1 /jsbdlab/index.php/Admin/Lab/_/jsbdlab/Public/css/index.css
ERR: 非法操作:_

[ 2015-10-13T12:32:48+08:00 ] ::1 /jsbdlab/index.php/Admin/Lab/_/jsbdlab/Public/css/index.css
ERR: 非法操作:_

[ 2015-10-13T12:32:49+08:00 ] ::1 /jsbdlab/index.php/Admin/Lab/_/jsbdlab/Public/css/index.css
ERR: 非法操作:_

[ 2015-10-13T12:33:02+08:00 ] ::1 /jsbdlab/index.php/Admin/Lab/_/jsbdlab/Public/css/index.css
ERR: 非法操作:_

[ 2015-10-13T12:37:20+08:00 ] ::1 /jsbdlab/index.php/Admin/Lab/_/jsbdlab/Public/css/index.css
ERR: 非法操作:_

[ 2015-10-13T12:38:29+08:00 ] ::1 /jsbdlab/index.php/Admin/Lab/_/jsbdlab/Public/css/index.css
ERR: 非法操作:_

[ 2015-10-13T12:38:35+08:00 ] ::1 /jsbdlab/index.php/Admin/Lab/_/jsbdlab/Public/css/index.css
ERR: 非法操作:_

[ 2015-10-13T12:42:43+08:00 ] ::1 /jsbdlab/index.php/Admin/Lab/_/jsbdlab/Public/css/index.css
ERR: 非法操作:_

[ 2015-10-13T12:43:08+08:00 ] ::1 /jsbdlab/index.php/Admin/Lab/_/jsbdlab/Public/css/index.css
ERR: 非法操作:_

[ 2015-10-13T12:43:09+08:00 ] ::1 /jsbdlab/index.php/Admin/Lab/_/jsbdlab/Public/css/index.css
ERR: 非法操作:_

[ 2015-10-13T12:43:15+08:00 ] ::1 /jsbdlab/index.php/Admin/Lab/_/jsbdlab/Public/css/index.css
ERR: 非法操作:_

[ 2015-10-13T12:43:19+08:00 ] ::1 /jsbdlab/index.php/Admin/Lab/_/jsbdlab/Public/css/index.css
ERR: 非法操作:_

[ 2015-10-13T12:45:57+08:00 ] ::1 /jsbdlab/index.php/Admin/Lab/_/jsbdlab/Public/css/index.css
ERR: 非法操作:_

[ 2015-10-13T12:46:09+08:00 ] ::1 /jsbdlab/index.php/Admin/Lab/_/jsbdlab/Public/css/index.css
ERR: 非法操作:_

[ 2015-10-13T12:49:25+08:00 ] ::1 /jsbdlab/index.php/Admin/Lab/_/jsbdlab/Public/css/index.css
ERR: 非法操作:_

[ 2015-10-13T12:52:31+08:00 ] ::1 /jsbdlab/index.php/Admin/Contact/_/jsbdlab/Public/css/index.css
ERR: 非法操作:_

[ 2015-10-13T12:54:00+08:00 ] ::1 /jsbdlab/index.php/Admin/Contact/_/jsbdlab/Public/css/index.css
ERR: 非法操作:_

[ 2015-10-13T12:54:04+08:00 ] ::1 /jsbdlab/index.php/Admin/Contact/_/jsbdlab/Public/css/index.css
ERR: 非法操作:_

[ 2015-10-13T13:44:19+08:00 ] ::1 /jsbdlab/index.php/Home/Index/bdt.html
ERR: 非法操作:bdt

[ 2015-10-13T14:07:41+08:00 ] ::1 /jsbdlab/index.php/Home/Index/bdt.html
ERR: 非法操作:bdt

[ 2015-10-13T15:19:27+08:00 ] ::1 /jsbdlab/index.php/Home/Index/:U('Home/Index/bdta')
ERR: 非法操作::u('home

[ 2015-10-13T17:16:54+08:00 ] ::1 /jsbdlab/index.php/Home/Index/:U('Home/Index/bdta')
ERR: 非法操作::u('home

[ 2015-10-13T17:17:28+08:00 ] ::1 /jsbdlab/index.php/Home/Index/:U('Home/Index/bdta')
ERR: 非法操作::u('home

[ 2015-10-13T17:17:29+08:00 ] ::1 /jsbdlab/index.php/Home/Index/:U('Home/Index/bdta')
ERR: 非法操作::u('home

[ 2015-10-13T17:17:29+08:00 ] ::1 /jsbdlab/index.php/Home/Index/:U('Home/Index/bdta')
ERR: 非法操作::u('home

[ 2015-10-13T18:06:49+08:00 ] ::1 /jsbdlab/index.php/Admin/Lab/_/jsbdlab/Public/css/index.css
ERR: 非法操作:_

[ 2015-10-13T18:07:15+08:00 ] ::1 /jsbdlab/index.php/Admin/Lab/_/jsbdlab/Public/css/index.css
ERR: 非法操作:_

[ 2015-10-13T18:08:40+08:00 ] ::1 /jsbdlab/index.php/Admin/Lab/_/jsbdlab/Public/css/index.css
ERR: 非法操作:_

[ 2015-10-13T18:08:45+08:00 ] ::1 /jsbdlab/index.php/Admin/Lab/_/jsbdlab/Public/css/index.css
ERR: 非法操作:_

[ 2015-10-13T18:09:02+08:00 ] ::1 /jsbdlab/index.php/Admin/Lab/_/jsbdlab/Public/css/index.css
ERR: 非法操作:_

[ 2015-10-13T18:09:05+08:00 ] ::1 /jsbdlab/index.php/Admin/Lab/_/jsbdlab/Public/css/index.css
ERR: 非法操作:_

[ 2015-10-13T18:15:17+08:00 ] ::1 /jsbdlab/index.php/Admin/Lab/_/jsbdlab/Public/css/index.css
ERR: 非法操作:_

[ 2015-10-13T18:15:44+08:00 ] ::1 /jsbdlab/index.php/Admin/Lab/_/jsbdlab/Public/css/index.css
ERR: 非法操作:_

[ 2015-10-13T18:17:31+08:00 ] ::1 /jsbdlab/index.php/Admin/Lab/_/jsbdlab/Public/css/index.css
ERR: 非法操作:_

[ 2015-10-13T18:20:12+08:00 ] ::1 /jsbdlab/index.php/Admin/Lab/_/jsbdlab/Public/css/index.css
ERR: 非法操作:_

[ 2015-10-13T18:21:57+08:00 ] ::1 /jsbdlab/index.php/Admin/Lab/_/jsbdlab/Public/css/index.css
ERR: 非法操作:_

[ 2015-10-13T18:23:19+08:00 ] ::1 /jsbdlab/index.php/Admin/Lab/_/jsbdlab/Public/css/index.css
ERR: 非法操作:_

[ 2015-10-13T18:24:03+08:00 ] ::1 /jsbdlab/index.php/Admin/Lab/_/jsbdlab/Public/css/index.css
ERR: 非法操作:_

[ 2015-10-13T18:24:03+08:00 ] ::1 /jsbdlab/index.php/Admin/Lab/_/jsbdlab/Public/css/index.css
ERR: 非法操作:_

[ 2015-10-13T18:25:13+08:00 ] ::1 /jsbdlab/index.php/Admin/Lab/_/jsbdlab/Public/css/index.css
ERR: 非法操作:_

[ 2015-10-13T18:28:26+08:00 ] ::1 /jsbdlab/index.php/Admin/Lab/_/jsbdlab/Public/css/index.css
ERR: 非法操作:_

[ 2015-10-13T18:28:27+08:00 ] ::1 /jsbdlab/index.php/Admin/Lab/_/jsbdlab/Public/css/index.css
ERR: 非法操作:_

[ 2015-10-13T18:29:51+08:00 ] ::1 /jsbdlab/index.php/Admin/Lab/_/jsbdlab/Public/css/index.css
ERR: 非法操作:_

[ 2015-10-13T18:29:51+08:00 ] ::1 /jsbdlab/index.php/Admin/Lab/_/jsbdlab/Public/css/index.css
ERR: 非法操作:_

[ 2015-10-13T20:43:15+08:00 ] ::1 /jsbdlab/index.php/Admin/Lab/repwd.html
ERR: 模板不存在:./Application/Admin/View/Lab/repwd.html

[ 2015-10-13T20:50:04+08:00 ] ::1 /jsbdlab/index.php/Admin/Contact/repwdhandle.html
ERR: 非法操作:repwdhandle

[ 2015-10-13T20:50:41+08:00 ] ::1 /jsbdlab/index.php/Admin/Contact/repwdhandle.html
ERR: 非法操作:repwdhandle

[ 2015-10-13T20:51:20+08:00 ] ::1 /jsbdlab/index.php/Admin/Contact/repwdhandle.html
ERR: 非法操作:repwdhandle

[ 2015-10-13T21:06:43+08:00 ] ::1 /jsbdlab/index.php/Admin/Contact/repwdhandle.html
ERR: 非法操作:repwdhandle

[ 2015-10-13T21:07:27+08:00 ] ::1 /jsbdlab/index.php/Admin/Contact/repwdhandle.html
ERR: 非法操作:repwdhandle

[ 2015-10-13T21:16:57+08:00 ] ::1 /jsbdlab/index.php/Admin/Contact/repwdhandle.html
ERR: 非法操作:repwdhandle

[ 2015-10-13T22:24:35+08:00 ] ::1 /jsbdlab/index.php/Admin/Lab/refuinfo
ERR: 非法操作:refuinfo

