[ 2015-10-10T00:01:31+08:00 ] ::1 /jsbdlab/index.php/Admin/Login.login
ERR: 无法加载控制器:Login.login

[ 2015-10-10T00:01:33+08:00 ] ::1 /jsbdlab/index.php/Admin/Login
ERR: 非法操作:index

[ 2015-10-10T00:01:40+08:00 ] ::1 /jsbdlab/index.php/Admin/Login/index
ERR: 非法操作:index

[ 2015-10-10T00:01:50+08:00 ] ::1 /jsbdlab/index.php/Admin/Lab/_/jsbdlab/Public/css/index.css
ERR: 非法操作:_

[ 2015-10-10T00:01:53+08:00 ] ::1 /jsbdlab/index.php/Admin/Lab/_/jsbdlab/Public/css/index.css
ERR: 非法操作:_

[ 2015-10-10T00:01:54+08:00 ] ::1 /jsbdlab/index.php/Admin/Lab/_/jsbdlab/Public/css/index.css
ERR: 非法操作:_

[ 2015-10-10T00:01:56+08:00 ] ::1 /jsbdlab/index.php/Admin/Index/_/jsbdlab/Public/css/index.css
ERR: 非法操作:_

[ 2015-10-10T00:01:58+08:00 ] ::1 /jsbdlab/index.php/Admin/Index/_/jsbdlab/Public/css/index.css
ERR: 非法操作:_

[ 2015-10-10T00:01:58+08:00 ] ::1 /jsbdlab/index.php/Admin/Index/_/jsbdlab/Public/css/index.css
ERR: 非法操作:_

[ 2015-10-10T00:10:40+08:00 ] ::1 /jsbdlab/index.php/Admin/Lab/_/jsbdlab/Public/css/index.css
ERR: 非法操作:_

[ 2015-10-10T00:10:56+08:00 ] ::1 /jsbdlab/index.php/Admin/Lab/_/jsbdlab/Public/css/index.css
ERR: 非法操作:_

[ 2015-10-10T00:11:00+08:00 ] ::1 /jsbdlab/index.php/Admin/Lab/_/jsbdlab/Public/css/index.css
ERR: 非法操作:_

[ 2015-10-10T00:11:21+08:00 ] ::1 /jsbdlab/index.php/Admin/Lab/_/jsbdlab/Public/css/index.css
ERR: 非法操作:_

[ 2015-10-10T00:11:57+08:00 ] ::1 /jsbdlab/index.php/Admin/Index/_/jsbdlab/Public/css/index.css
ERR: 非法操作:_

[ 2015-10-10T00:12:28+08:00 ] ::1 /jsbdlab/index.php/Admin/Index/_/jsbdlab/Public/css/index.css
ERR: 非法操作:_

[ 2015-10-10T00:12:33+08:00 ] ::1 /jsbdlab/index.php/Admin/Index/_/jsbdlab/Public/css/index.css
ERR: 非法操作:_

[ 2015-10-10T00:12:36+08:00 ] ::1 /jsbdlab/index.php/Admin/Index/_/jsbdlab/Public/css/index.css
ERR: 非法操作:_

[ 2015-10-10T00:15:15+08:00 ] ::1 /jsbdlab/index.php/Admin/Index/_/jsbdlab/Public/css/index.css
ERR: 非法操作:_

[ 2015-10-10T12:46:02+08:00 ] ::1 /jsbdlab/index.php/Home/Index/picnewsnext/id/1.html
ERR: 模板不存在:./Application/Home/View/Index/picnewsnext.html

[ 2015-10-10T12:50:03+08:00 ] ::1 /jsbdlab/index.php/Home/Index/picnewsnext/id/1.html
ERR: 模板不存在:./Application/Home/View/Index/picnewsnext.html

[ 2015-10-10T12:50:31+08:00 ] ::1 /jsbdlab/index.php/Home/Index/picnewspre/id/1.html
ERR: 模板不存在:./Application/Home/View/Index/picnewspre.html

[ 2015-10-10T12:50:36+08:00 ] ::1 /jsbdlab/index.php/Home/Index/picnewspre/id/1.html
ERR: 模板不存在:./Application/Home/View/Index/picnewspre.html

[ 2015-10-10T12:50:39+08:00 ] ::1 /jsbdlab/index.php/Home/Index/picnewspre/id/1.html
ERR: 模板不存在:./Application/Home/View/Index/picnewspre.html

[ 2015-10-10T12:51:14+08:00 ] ::1 /jsbdlab/index.php/Home/Index/picnewspre/id/1.html
ERR: 模板不存在:./Application/Home/View/Index/picnewspre.html

[ 2015-10-10T12:52:48+08:00 ] ::1 /jsbdlab/index.php/Home/Lab/picnewsnext/id/2.html
ERR: 模板不存在:./Application/Home/View/Lab/picnewsnext.html

[ 2015-10-10T12:56:20+08:00 ] ::1 /jsbdlab/index.php/Home/Lab/listpicnews/id/1.html
ERR: 非法操作:listpicnews

[ 2015-10-10T12:57:24+08:00 ] ::1 /jsbdlab/index.php/Home/Lab/listpicnews/id/1.html
ERR: 模板不存在:./Application/Home/View/Lab/listpicnews.html

[ 2015-10-10T16:05:43+08:00 ] ::1 /jsbdlab/index.php/Home/Index/listbdp.html
ERR: 模板不存在:./Application/Home/View/Index/listbdp.html

[ 2015-10-10T16:49:00+08:00 ] ::1 /jsbdlab/index.php/Admin/Index/_/jsbdlab/Public/css/index.css
ERR: 非法操作:_

[ 2015-10-10T16:50:56+08:00 ] ::1 /jsbdlab/index.php/Admin/Index/_/jsbdlab/Public/css/index.css
ERR: 非法操作:_

[ 2015-10-10T16:57:59+08:00 ] ::1 /jsbdlab/index.php/Admin/Index/_/jsbdlab/Public/css/index.css
ERR: 非法操作:_

[ 2015-10-10T16:59:20+08:00 ] ::1 /jsbdlab/index.php/Admin/Index/_/jsbdlab/Public/css/index.css
ERR: 非法操作:_

[ 2015-10-10T16:59:32+08:00 ] ::1 /jsbdlab/index.php/Admin/Index/_/jsbdlab/Public/css/index.css
ERR: 非法操作:_

[ 2015-10-10T17:00:13+08:00 ] ::1 /jsbdlab/index.php/Admin/Index/_/jsbdlab/Public/css/index.css
ERR: 非法操作:_

[ 2015-10-10T17:00:33+08:00 ] ::1 /jsbdlab/index.php/Admin/Index/_/jsbdlab/Public/css/index.css
ERR: 非法操作:_

[ 2015-10-10T17:00:39+08:00 ] ::1 /jsbdlab/index.php/Admin/Index/_/jsbdlab/Public/css/index.css
ERR: 非法操作:_

[ 2015-10-10T17:00:46+08:00 ] ::1 /jsbdlab/index.php/Home/Index/oneLabNews/id/1.html
ERR: 模板不存在:./Application/Home/View/Index/onelabnews.html

[ 2015-10-10T17:03:09+08:00 ] ::1 /jsbdlab/index.php/Admin/Index/_/jsbdlab/Public/css/index.css
ERR: 非法操作:_

[ 2015-10-10T17:03:16+08:00 ] ::1 /jsbdlab/index.php/Admin/Index/_/jsbdlab/Public/css/index.css
ERR: 非法操作:_

[ 2015-10-10T17:03:20+08:00 ] ::1 /jsbdlab/index.php/Admin/Index/_/jsbdlab/Public/css/index.css
ERR: 非法操作:_

[ 2015-10-10T17:03:22+08:00 ] ::1 /jsbdlab/index.php/Admin/Index/_/jsbdlab/Public/css/index.css
ERR: 非法操作:_

[ 2015-10-10T17:03:47+08:00 ] ::1 /jsbdlab/index.php/Admin/Index/_/jsbdlab/Public/css/index.css
ERR: 非法操作:_

[ 2015-10-10T17:03:51+08:00 ] ::1 /jsbdlab/index.php/Admin/Index/_/jsbdlab/Public/css/index.css
ERR: 非法操作:_

[ 2015-10-10T17:04:16+08:00 ] ::1 /jsbdlab/index.php/Home/Index/oneLabNews/id/2.html
ERR: 模板不存在:./Application/Home/View/Index/onelabnews.html

[ 2015-10-10T18:36:11+08:00 ] ::1 /jsbdlab/index.php/Admin/Lab/_/jsbdlab/Public/css/index.css
ERR: 非法操作:_

[ 2015-10-10T18:45:35+08:00 ] ::1 /jsbdlab/index.php/Home/Index/oneLabNews/id/2.html
ERR: 模板不存在:./Application/Home/View/Index/onelabnews.html

[ 2015-10-10T18:46:56+08:00 ] ::1 /jsbdlab/index.php/Home/Index/oneLabNews/id/2.html
ERR: 模板不存在:./Application/Home/View/Index/onelabnews.html

[ 2015-10-10T18:56:58+08:00 ] ::1 /jsbdlab/index.php/Home/Index/oneLabNews/id/2.html
ERR: 模板不存在:./Application/Home/View/Index/onelabnews.html

[ 2015-10-10T19:00:31+08:00 ] ::1 /jsbdlab/index.php/Home/Lab/oneLabNews/id/2.html
ERR: 非法操作:onelabnews

[ 2015-10-10T19:06:18+08:00 ] ::1 /jsbdlab/index.php/Admin/Index/_/jsbdlab/Public/css/index.css
ERR: 非法操作:_

[ 2015-10-10T19:06:22+08:00 ] ::1 /jsbdlab/index.php/Admin/Index/_/jsbdlab/Public/css/index.css
ERR: 非法操作:_

[ 2015-10-10T19:06:26+08:00 ] ::1 /jsbdlab/index.php/Admin/Index/_/jsbdlab/Public/css/index.css
ERR: 非法操作:_

[ 2015-10-10T19:06:29+08:00 ] ::1 /jsbdlab/index.php/Admin/Index/_/jsbdlab/Public/css/index.css
ERR: 非法操作:_

[ 2015-10-10T19:06:55+08:00 ] ::1 /jsbdlab/index.php/Admin/Index/_/jsbdlab/Public/css/index.css
ERR: 非法操作:_

[ 2015-10-10T19:06:58+08:00 ] ::1 /jsbdlab/index.php/Admin/Index/_/jsbdlab/Public/css/index.css
ERR: 非法操作:_

[ 2015-10-10T19:47:18+08:00 ] ::1 /jsbdlab/index.php/Home/Index/labnewspre/id/3.html
ERR: 模板不存在:./Application/Home/View/Index/labnewspre.html

[ 2015-10-10T19:47:49+08:00 ] ::1 /jsbdlab/index.php/Home/Index/labnewspre/id/3.html
ERR: 模板不存在:./Application/Home/View/Index/labnewspre.html

[ 2015-10-10T19:48:54+08:00 ] ::1 /jsbdlab/index.php/Home/Index/labnewspre/id/3.html
ERR: 模板不存在:./Application/Home/View/Index/labnewspre.html

[ 2015-10-10T19:49:15+08:00 ] ::1 /jsbdlab/index.php/Home/Lab/listLabNews.html
ERR: 非法操作:listlabnews

[ 2015-10-10T19:53:45+08:00 ] ::1 /jsbdlab/index.php/Home/Lab/listLabNews.html
ERR: 非法操作:listlabnews

[ 2015-10-10T20:03:24+08:00 ] ::1 /jsbdlab/index.php/Home/Index/oneLabNews/id/3.html
ERR: 模板不存在:./Application/Home/View/Index/onelabnews.html

[ 2015-10-10T22:02:07+08:00 ] ::1 /jsbdlab/index.php/Admin/Index/_/jsbdlab/Public/css/index.css
ERR: 非法操作:_

[ 2015-10-10T22:02:26+08:00 ] ::1 /jsbdlab/index.php/Admin/Index/_/jsbdlab/Public/css/index.css
ERR: 非法操作:_

[ 2015-10-10T22:02:29+08:00 ] ::1 /jsbdlab/index.php/Admin/Index/_/jsbdlab/Public/css/index.css
ERR: 非法操作:_

[ 2015-10-10T22:02:30+08:00 ] ::1 /jsbdlab/index.php/Admin/Index/_/jsbdlab/Public/css/index.css
ERR: 非法操作:_

[ 2015-10-10T22:02:41+08:00 ] ::1 /jsbdlab/index.php/Admin/Index/_/jsbdlab/Public/css/index.css
ERR: 非法操作:_

[ 2015-10-10T22:02:44+08:00 ] ::1 /jsbdlab/index.php/Admin/Index/_/jsbdlab/Public/css/index.css
ERR: 非法操作:_

[ 2015-10-10T22:02:49+08:00 ] ::1 /jsbdlab/index.php/Admin/Index/_/jsbdlab/Public/css/index.css
ERR: 非法操作:_

[ 2015-10-10T22:03:14+08:00 ] ::1 /jsbdlab/index.php/Admin/Index/_/jsbdlab/Public/css/index.css
ERR: 非法操作:_

[ 2015-10-10T22:03:18+08:00 ] ::1 /jsbdlab/index.php/Admin/Index/_/jsbdlab/Public/css/index.css
ERR: 非法操作:_

[ 2015-10-10T22:03:19+08:00 ] ::1 /jsbdlab/index.php/Admin/Index/_/jsbdlab/Public/css/index.css
ERR: 非法操作:_

[ 2015-10-10T22:03:28+08:00 ] ::1 /jsbdlab/index.php/Admin/Index/_/jsbdlab/Public/css/index.css
ERR: 非法操作:_

[ 2015-10-10T22:03:31+08:00 ] ::1 /jsbdlab/index.php/Admin/Index/_/jsbdlab/Public/css/index.css
ERR: 非法操作:_

[ 2015-10-10T22:03:52+08:00 ] ::1 /jsbdlab/index.php/Admin/Index/_/jsbdlab/Public/css/index.css
ERR: 非法操作:_

[ 2015-10-10T22:04:01+08:00 ] ::1 /jsbdlab/index.php/Admin/Index/_/jsbdlab/Public/css/index.css
ERR: 非法操作:_

[ 2015-10-10T22:04:04+08:00 ] ::1 /jsbdlab/index.php/Admin/Index/_/jsbdlab/Public/css/index.css
ERR: 非法操作:_

