[ 2015-10-11T11:40:26+08:00 ] ::1 /jsbdlab/index.php/Admin/Index/_/jsbdlab/Public/css/index.css
ERR: 非法操作:_

[ 2015-10-11T11:41:32+08:00 ] ::1 /jsbdlab/index.php/Admin/Index/_/jsbdlab/Public/css/index.css
ERR: 非法操作:_

[ 2015-10-11T11:41:36+08:00 ] ::1 /jsbdlab/index.php/Admin/Index/_/jsbdlab/Public/css/index.css
ERR: 非法操作:_

[ 2015-10-11T11:59:51+08:00 ] ::1 /jsbdlab/index.php/Admin/Lab/_/jsbdlab/Public/css/index.css
ERR: 非法操作:_

[ 2015-10-11T12:00:02+08:00 ] ::1 /jsbdlab/index.php/Admin/Lab/_/jsbdlab/Public/css/index.css
ERR: 非法操作:_

[ 2015-10-11T12:01:36+08:00 ] ::1 /jsbdlab/index.php/Admin/Lab/_/jsbdlab/Public/css/index.css
ERR: 非法操作:_

[ 2015-10-11T12:02:17+08:00 ] ::1 /jsbdlab/index.php/Admin/Lab/_/jsbdlab/Public/css/index.css
ERR: 非法操作:_

[ 2015-10-11T12:02:35+08:00 ] ::1 /jsbdlab/index.php/Admin/Index/_/jsbdlab/Public/css/index.css
ERR: 非法操作:_

[ 2015-10-11T12:02:37+08:00 ] ::1 /jsbdlab/index.php/Admin/Index/_/jsbdlab/Public/css/index.css
ERR: 非法操作:_

[ 2015-10-11T12:02:39+08:00 ] ::1 /jsbdlab/index.php/Admin/Index/_/jsbdlab/Public/css/index.css
ERR: 非法操作:_

[ 2015-10-11T12:02:43+08:00 ] ::1 /jsbdlab/index.php/Admin/Index/_/jsbdlab/Public/css/index.css
ERR: 非法操作:_

[ 2015-10-11T12:03:10+08:00 ] ::1 /jsbdlab/index.php/Admin/Lab/_/jsbdlab/Public/css/index.css
ERR: 非法操作:_

[ 2015-10-11T12:03:33+08:00 ] ::1 /jsbdlab/index.php/Admin/Lab/_/jsbdlab/Public/css/index.css
ERR: 非法操作:_

[ 2015-10-11T12:03:35+08:00 ] ::1 /jsbdlab/index.php/Admin/Lab/_/jsbdlab/Public/css/index.css
ERR: 非法操作:_

[ 2015-10-11T12:03:59+08:00 ] ::1 /jsbdlab/index.php/Admin/Lab/_/jsbdlab/Public/css/index.css
ERR: 非法操作:_

[ 2015-10-11T12:04:15+08:00 ] ::1 /jsbdlab/index.php/Admin/Lab/_/jsbdlab/Public/css/index.css
ERR: 非法操作:_

[ 2015-10-11T12:04:19+08:00 ] ::1 /jsbdlab/index.php/Admin/Lab/_/jsbdlab/Public/css/index.css
ERR: 非法操作:_

[ 2015-10-11T12:05:59+08:00 ] ::1 /jsbdlab/index.php/Admin/Lab/_/jsbdlab/Public/css/index.css
ERR: 非法操作:_

[ 2015-10-11T12:06:18+08:00 ] ::1 /jsbdlab/index.php/Admin/Lab/_/jsbdlab/Public/css/index.css
ERR: 非法操作:_

[ 2015-10-11T12:19:06+08:00 ] ::1 /jsbdlab/index.php/Home/Lab/labint.html
ERR: 非法操作:labint

[ 2015-10-11T12:19:34+08:00 ] ::1 /jsbdlab/index.php/Home/Index/people.html
ERR: 模板不存在:./Application/Home/View/Index/people.html

[ 2015-10-11T12:45:47+08:00 ] ::1 /jsbdlab/index.php/Home/Lab/labint.html
ERR: 非法操作:labint

[ 2015-10-11T12:52:03+08:00 ] ::1 /jsbdlab/index.php/Admin/Lab/_/jsbdlab/Public/css/index.css
ERR: 非法操作:_

[ 2015-10-11T12:54:19+08:00 ] ::1 /jsbdlab/index.php/Home/Index/listbdpone/id/1.html
ERR: 模板不存在:./Application/Home/View/Index/listbdpone.html

[ 2015-10-11T13:04:16+08:00 ] ::1 /jsbdlab/index.php/Home/BigData/listbdpone/id/1.html
ERR: 模板不存在:./Application/Home/View/BigData/listbdpone.html

[ 2015-10-11T13:09:51+08:00 ] ::1 /jsbdlab/index.php/Admin/Lab/_/jsbdlab/Public/css/index.css
ERR: 非法操作:_

[ 2015-10-11T13:18:25+08:00 ] ::1 /jsbdlab/index.php/Admin/Index/_/jsbdlab/Public/css/index.css
ERR: 非法操作:_

[ 2015-10-11T13:19:44+08:00 ] ::1 /jsbdlab/index.php/Admin/Index/_/jsbdlab/Public/css/index.css
ERR: 非法操作:_

[ 2015-10-11T13:19:47+08:00 ] ::1 /jsbdlab/index.php/Admin/Index/_/jsbdlab/Public/css/index.css
ERR: 非法操作:_

[ 2015-10-11T13:56:39+08:00 ] ::1 /jsbdlab/index.php/Admin/Index/_/jsbdlab/Public/css/index.css
ERR: 非法操作:_

[ 2015-10-11T14:35:24+08:00 ] ::1 /jsbdlab/index.php/Admin/Index/_/jsbdlab/Public/css/index.css
ERR: 非法操作:_

[ 2015-10-11T14:35:25+08:00 ] ::1 /jsbdlab/index.php/Admin/Index/_/jsbdlab/Public/css/index.css
ERR: 非法操作:_

[ 2015-10-11T14:35:31+08:00 ] ::1 /jsbdlab/index.php/Admin/Index/_/jsbdlab/Public/css/index.css
ERR: 非法操作:_

[ 2015-10-11T14:35:33+08:00 ] ::1 /jsbdlab/index.php/Admin/Index/_/jsbdlab/Public/css/index.css
ERR: 非法操作:_

[ 2015-10-11T14:35:57+08:00 ] ::1 /jsbdlab/index.php/Admin/Index/_/jsbdlab/Public/css/index.css
ERR: 非法操作:_

[ 2015-10-11T14:37:01+08:00 ] ::1 /jsbdlab/index.php/Admin/Index/_/jsbdlab/Public/css/index.css
ERR: 非法操作:_

[ 2015-10-11T14:37:06+08:00 ] ::1 /jsbdlab/index.php/Admin/Index/_/jsbdlab/Public/css/index.css
ERR: 非法操作:_

[ 2015-10-11T14:38:38+08:00 ] ::1 /jsbdlab/index.php/Admin/Index/_/jsbdlab/Public/css/index.css
ERR: 非法操作:_

[ 2015-10-11T14:39:03+08:00 ] ::1 /jsbdlab/index.php/Admin/Index/_/jsbdlab/Public/css/index.css
ERR: 非法操作:_

[ 2015-10-11T14:39:19+08:00 ] ::1 /jsbdlab/index.php/Admin/Index/_/jsbdlab/Public/css/index.css
ERR: 非法操作:_

[ 2015-10-11T14:39:35+08:00 ] ::1 /jsbdlab/index.php/Admin/Index/_/jsbdlab/Public/css/index.css
ERR: 非法操作:_

[ 2015-10-11T14:42:06+08:00 ] ::1 /jsbdlab/index.php/Admin/Index/_/jsbdlab/Public/css/index.css
ERR: 非法操作:_

[ 2015-10-11T14:43:02+08:00 ] ::1 /jsbdlab/index.php/Admin/Index/_/jsbdlab/Public/css/index.css
ERR: 非法操作:_

[ 2015-10-11T14:43:18+08:00 ] ::1 /jsbdlab/index.php/Admin/Index/_/jsbdlab/Public/css/index.css
ERR: 非法操作:_

[ 2015-10-11T14:49:07+08:00 ] ::1 /jsbdlab/index.php/Admin/Index/_/jsbdlab/Public/css/index.css
ERR: 非法操作:_

[ 2015-10-11T14:50:14+08:00 ] ::1 /jsbdlab/index.php/Admin/Index/_/jsbdlab/Public/css/index.css
ERR: 非法操作:_

[ 2015-10-11T14:50:18+08:00 ] ::1 /jsbdlab/index.php/Admin/Index/_/jsbdlab/Public/css/index.css
ERR: 非法操作:_

[ 2015-10-11T14:50:21+08:00 ] ::1 /jsbdlab/index.php/Admin/Index/_/jsbdlab/Public/css/index.css
ERR: 非法操作:_

[ 2015-10-11T14:51:15+08:00 ] ::1 /jsbdlab/index.php/Admin/Index/_/jsbdlab/Public/css/index.css
ERR: 非法操作:_

[ 2015-10-11T14:51:18+08:00 ] ::1 /jsbdlab/index.php/Admin/Index/_/jsbdlab/Public/css/index.css
ERR: 非法操作:_

[ 2015-10-11T14:54:21+08:00 ] ::1 /jsbdlab/index.php/Home/Lab/bdpnext/id/2.html
ERR: 非法操作:bdpnext

[ 2015-10-11T14:59:45+08:00 ] ::1 /jsbdlab/index.php/Home/Lab/bdpnext/id/4.html
ERR: 非法操作:bdpnext

[ 2015-10-11T15:01:23+08:00 ] ::1 /jsbdlab/index.php/Home/Lab/bdpnext/id/4.html
ERR: 非法操作:bdpnext

[ 2015-10-11T15:01:52+08:00 ] ::1 /jsbdlab/index.php/Home/Lab/bdpnext/id/4.html
ERR: 非法操作:bdpnext

[ 2015-10-11T15:01:53+08:00 ] ::1 /jsbdlab/index.php/Home/Lab/bdpnext/id/4.html
ERR: 非法操作:bdpnext

[ 2015-10-11T15:01:53+08:00 ] ::1 /jsbdlab/index.php/Home/Lab/bdpnext/id/4.html
ERR: 非法操作:bdpnext

[ 2015-10-11T15:01:53+08:00 ] ::1 /jsbdlab/index.php/Home/Lab/bdpnext/id/4.html
ERR: 非法操作:bdpnext

[ 2015-10-11T15:01:53+08:00 ] ::1 /jsbdlab/index.php/Home/Lab/bdpnext/id/4.html
ERR: 非法操作:bdpnext

[ 2015-10-11T15:02:03+08:00 ] ::1 /jsbdlab/index.php/Home/Lab/bdpnext/id/4.html
ERR: 非法操作:bdpnext

[ 2015-10-11T15:02:47+08:00 ] ::1 /jsbdlab/index.php/Home/Lab/bdpnext/id/4.html
ERR: 非法操作:bdpnext

[ 2015-10-11T15:02:47+08:00 ] ::1 /jsbdlab/index.php/Home/Lab/bdpnext/id/4.html
ERR: 非法操作:bdpnext

[ 2015-10-11T15:24:20+08:00 ] ::1 /jsbdlab/index.php/Home/Index/listbdp.html
ERR: 模板不存在:./Application/Home/View/Index/listbdp.html

[ 2015-10-11T15:24:55+08:00 ] ::1 /jsbdlab/index.php/Home/Index/listbdp.html
ERR: 模板不存在:./Application/Home/View/Index/listbdp.html

[ 2015-10-11T15:25:44+08:00 ] ::1 /jsbdlab/index.php/Home/BigData/Home/id/2.html
ERR: 非法操作:home

[ 2015-10-11T15:26:17+08:00 ] ::1 /jsbdlab/index.php/Home/BigData/Home/id/2.html
ERR: 非法操作:home

[ 2015-10-11T15:26:24+08:00 ] ::1 /jsbdlab/index.php/Home/BigData/Home/id/2.html
ERR: 非法操作:home

[ 2015-10-11T15:30:17+08:00 ] ::1 /jsbdlab/index.php/Home/Index/listBdpOne/id/3.html
ERR: 模板不存在:./Application/Home/View/Index/listbdpone.html

[ 2015-10-11T15:42:12+08:00 ] ::1 /jsbdlab/index.php/Home/Lab/bdpnext/id/4.html
ERR: 非法操作:bdpnext

[ 2015-10-11T16:11:08+08:00 ] ::1 /jsbdlab/index.php/Admin/Index/_/jsbdlab/Public/css/index.css
ERR: 非法操作:_

[ 2015-10-11T16:12:05+08:00 ] ::1 /jsbdlab/index.php/Admin/Index/_/jsbdlab/Public/css/index.css
ERR: 非法操作:_

[ 2015-10-11T16:12:08+08:00 ] ::1 /jsbdlab/index.php/Admin/Index/_/jsbdlab/Public/css/index.css
ERR: 非法操作:_

[ 2015-10-11T16:12:19+08:00 ] ::1 /jsbdlab/index.php/Admin/Index/_/jsbdlab/Public/css/index.css
ERR: 非法操作:_

[ 2015-10-11T16:13:21+08:00 ] ::1 /jsbdlab/index.php/Admin/Index/_/jsbdlab/Public/css/index.css
ERR: 非法操作:_

[ 2015-10-11T16:14:18+08:00 ] ::1 /jsbdlab/index.php/Admin/Index/_/jsbdlab/Public/css/index.css
ERR: 非法操作:_

[ 2015-10-11T16:14:22+08:00 ] ::1 /jsbdlab/index.php/Admin/Index/_/jsbdlab/Public/css/index.css
ERR: 非法操作:_

[ 2015-10-11T16:14:22+08:00 ] ::1 /jsbdlab/index.php/Admin/Index/_/jsbdlab/Public/css/index.css
ERR: 非法操作:_

[ 2015-10-11T16:15:10+08:00 ] ::1 /jsbdlab/index.php/Admin/Index/_/jsbdlab/Public/css/index.css
ERR: 非法操作:_

[ 2015-10-11T16:15:13+08:00 ] ::1 /jsbdlab/index.php/Admin/Index/_/jsbdlab/Public/css/index.css
ERR: 非法操作:_

[ 2015-10-11T16:16:39+08:00 ] ::1 /jsbdlab/index.php/Admin/Index/_/jsbdlab/Public/css/index.css
ERR: 非法操作:_

[ 2015-10-11T16:17:41+08:00 ] ::1 /jsbdlab/index.php/Admin/Index/_/jsbdlab/Public/css/index.css
ERR: 非法操作:_

[ 2015-10-11T16:17:44+08:00 ] ::1 /jsbdlab/index.php/Admin/Index/_/jsbdlab/Public/css/index.css
ERR: 非法操作:_

[ 2015-10-11T16:19:22+08:00 ] ::1 /jsbdlab/index.php/Admin/Index/_/jsbdlab/Public/css/index.css
ERR: 非法操作:_

[ 2015-10-11T16:19:26+08:00 ] ::1 /jsbdlab/index.php/Admin/Index/_/jsbdlab/Public/css/index.css
ERR: 非法操作:_

[ 2015-10-11T16:20:38+08:00 ] ::1 /jsbdlab/index.php/Home/Index/listevent/id/1.html
ERR: 模板不存在:./Application/Home/View/Index/listevent.html

[ 2015-10-11T16:41:29+08:00 ] ::1 /jsbdlab/index.php/Admin/Index/_/jsbdlab/Public/css/index.css
ERR: 非法操作:_

[ 2015-10-11T16:45:17+08:00 ] ::1 /jsbdlab/index.php/Admin/Index/_/jsbdlab/Public/css/index.css
ERR: 非法操作:_

[ 2015-10-11T16:45:20+08:00 ] ::1 /jsbdlab/index.php/Admin/Index/_/jsbdlab/Public/css/index.css
ERR: 非法操作:_

[ 2015-10-11T16:45:42+08:00 ] ::1 /jsbdlab/index.php/Admin/Index/_/jsbdlab/Public/css/index.css
ERR: 非法操作:_

[ 2015-10-11T16:47:02+08:00 ] ::1 /jsbdlab/index.php/Admin/Index/_/jsbdlab/Public/css/index.css
ERR: 非法操作:_

[ 2015-10-11T16:47:18+08:00 ] ::1 /jsbdlab/index.php/Admin/Index/_/jsbdlab/Public/css/index.css
ERR: 非法操作:_

[ 2015-10-11T16:47:36+08:00 ] ::1 /jsbdlab/index.php/Admin/Index/_/jsbdlab/Public/css/index.css
ERR: 非法操作:_

[ 2015-10-11T16:47:40+08:00 ] ::1 /jsbdlab/index.php/Admin/Index/_/jsbdlab/Public/css/index.css
ERR: 非法操作:_

[ 2015-10-11T16:47:57+08:00 ] ::1 /jsbdlab/index.php/Admin/Index/_/jsbdlab/Public/css/index.css
ERR: 非法操作:_

[ 2015-10-11T16:48:20+08:00 ] ::1 /jsbdlab/index.php/Admin/Index/_/jsbdlab/Public/css/index.css
ERR: 非法操作:_

[ 2015-10-11T16:48:25+08:00 ] ::1 /jsbdlab/index.php/Admin/Index/_/jsbdlab/Public/css/index.css
ERR: 非法操作:_

[ 2015-10-11T16:48:36+08:00 ] ::1 /jsbdlab/index.php/Admin/Index/_/jsbdlab/Public/css/index.css
ERR: 非法操作:_

[ 2015-10-11T16:48:59+08:00 ] ::1 /jsbdlab/index.php/Admin/Index/_/jsbdlab/Public/css/index.css
ERR: 非法操作:_

[ 2015-10-11T16:49:03+08:00 ] ::1 /jsbdlab/index.php/Admin/Index/_/jsbdlab/Public/css/index.css
ERR: 非法操作:_

[ 2015-10-11T16:49:05+08:00 ] ::1 /jsbdlab/index.php/Admin/Index/_/jsbdlab/Public/css/index.css
ERR: 非法操作:_

[ 2015-10-11T16:49:30+08:00 ] ::1 /jsbdlab/index.php/Admin/Index/_/jsbdlab/Public/css/index.css
ERR: 非法操作:_

[ 2015-10-11T16:49:31+08:00 ] ::1 /jsbdlab/index.php/Admin/Index/_/jsbdlab/Public/css/index.css
ERR: 非法操作:_

[ 2015-10-11T16:50:07+08:00 ] ::1 /jsbdlab/index.php/Admin/Index/_/jsbdlab/Public/css/index.css
ERR: 非法操作:_

[ 2015-10-11T16:50:13+08:00 ] ::1 /jsbdlab/index.php/Admin/Index/_/jsbdlab/Public/css/index.css
ERR: 非法操作:_

[ 2015-10-11T16:52:02+08:00 ] ::1 /jsbdlab/index.php/Admin/Index/_/jsbdlab/Public/css/index.css
ERR: 非法操作:_

[ 2015-10-11T16:52:03+08:00 ] ::1 /jsbdlab/index.php/Admin/Index/_/jsbdlab/Public/css/index.css
ERR: 非法操作:_

[ 2015-10-11T16:52:06+08:00 ] ::1 /jsbdlab/index.php/Admin/Index/_/jsbdlab/Public/css/index.css
ERR: 非法操作:_

[ 2015-10-11T16:52:31+08:00 ] ::1 /jsbdlab/index.php/Admin/Index/_/jsbdlab/Public/css/index.css
ERR: 非法操作:_

[ 2015-10-11T16:52:51+08:00 ] ::1 /jsbdlab/index.php/Admin/Index/_/jsbdlab/Public/css/index.css
ERR: 非法操作:_

[ 2015-10-11T16:52:53+08:00 ] ::1 /jsbdlab/index.php/Admin/Index/_/jsbdlab/Public/css/index.css
ERR: 非法操作:_

[ 2015-10-11T16:53:07+08:00 ] ::1 /jsbdlab/index.php/Home/Index/listevent/id/7.html
ERR: 模板不存在:./Application/Home/View/Index/listevent.html

[ 2015-10-11T16:54:06+08:00 ] ::1 /jsbdlab/index.php/Admin/Index/_/jsbdlab/Public/css/index.css
ERR: 非法操作:_

[ 2015-10-11T16:54:43+08:00 ] ::1 /jsbdlab/index.php/Admin/Index/_/jsbdlab/Public/css/index.css
ERR: 非法操作:_

[ 2015-10-11T16:54:57+08:00 ] ::1 /jsbdlab/index.php/Admin/Index/_/jsbdlab/Public/css/index.css
ERR: 非法操作:_

[ 2015-10-11T16:57:23+08:00 ] ::1 /jsbdlab/index.php/Admin/Index/_/jsbdlab/Public/css/index.css
ERR: 非法操作:_

[ 2015-10-11T16:57:24+08:00 ] ::1 /jsbdlab/index.php/Admin/Index/_/jsbdlab/Public/css/index.css
ERR: 非法操作:_

[ 2015-10-11T16:57:25+08:00 ] ::1 /jsbdlab/index.php/Admin/Index/_/jsbdlab/Public/css/index.css
ERR: 非法操作:_

[ 2015-10-11T16:58:10+08:00 ] ::1 /jsbdlab/index.php/Admin/Index/_/jsbdlab/Public/css/index.css
ERR: 非法操作:_

[ 2015-10-11T16:58:30+08:00 ] ::1 /jsbdlab/index.php/Admin/Index/_/jsbdlab/Public/css/index.css
ERR: 非法操作:_

[ 2015-10-11T17:01:19+08:00 ] ::1 /jsbdlab/index.php/Home/BigData/listevent/id/7.html
ERR: 非法操作:listevent

[ 2015-10-11T17:11:31+08:00 ] ::1 /jsbdlab/index.php/Home/Lab/eventnext.html
ERR: 非法操作:eventnext

[ 2015-10-11T17:16:33+08:00 ] ::1 /jsbdlab/index.php/Home/Lab/eventnext.html
ERR: 非法操作:eventnext

[ 2015-10-11T17:17:46+08:00 ] ::1 /jsbdlab/index.php/Home/Lab/eventnext.html
ERR: 非法操作:eventnext

[ 2015-10-11T17:17:51+08:00 ] ::1 /jsbdlab/index.php/Home/Lab/eventnext/id/4.html
ERR: 非法操作:eventnext

[ 2015-10-11T17:19:45+08:00 ] ::1 /jsbdlab/index.php/Home/Lab/eventnext/id/4.html
ERR: 非法操作:eventnext

[ 2015-10-11T17:20:37+08:00 ] ::1 /jsbdlab/index.php/Home/BigData/events.html
ERR: 模板不存在:./Application/Home/View/BigData/events.html

[ 2015-10-11T17:21:15+08:00 ] ::1 /jsbdlab/index.php/Home/BigData/events.html
ERR: 模板不存在:./Application/Home/View/BigData/events.html

[ 2015-10-11T17:25:47+08:00 ] ::1 /jsbdlab/index.php/Home/Index/events.html
ERR: 模板不存在:./Application/Home/View/Index/events.html

[ 2015-10-11T18:21:45+08:00 ] ::1 /jsbdlab/index.php/Admin/Index/_/jsbdlab/Public/css/index.css
ERR: 非法操作:_

[ 2015-10-11T18:22:47+08:00 ] ::1 /jsbdlab/index.php/Admin/Index/_/jsbdlab/Public/css/index.css
ERR: 非法操作:_

[ 2015-10-11T18:24:21+08:00 ] ::1 /jsbdlab/index.php/Admin/Index/_/jsbdlab/Public/css/index.css
ERR: 非法操作:_

[ 2015-10-11T18:24:36+08:00 ] ::1 /jsbdlab/index.php/Admin/Index/_/jsbdlab/Public/css/index.css
ERR: 非法操作:_

[ 2015-10-11T18:25:58+08:00 ] ::1 /jsbdlab/index.php/Admin/Index/_/jsbdlab/Public/css/index.css
ERR: 非法操作:_

[ 2015-10-11T18:25:59+08:00 ] ::1 /jsbdlab/index.php/Admin/Index/_/jsbdlab/Public/css/index.css
ERR: 非法操作:_

[ 2015-10-11T18:26:08+08:00 ] ::1 /jsbdlab/index.php/Admin/Index/_/jsbdlab/Public/css/index.css
ERR: 非法操作:_

[ 2015-10-11T18:26:25+08:00 ] ::1 /jsbdlab/index.php/Admin/Index/_/jsbdlab/Public/css/index.css
ERR: 非法操作:_

[ 2015-10-11T18:26:26+08:00 ] ::1 /jsbdlab/index.php/Admin/Index/_/jsbdlab/Public/css/index.css
ERR: 非法操作:_

[ 2015-10-11T18:28:13+08:00 ] ::1 /jsbdlab/index.php/Admin/Index/_/jsbdlab/Public/css/index.css
ERR: 非法操作:_

[ 2015-10-11T18:28:17+08:00 ] ::1 /jsbdlab/index.php/Admin/Index/_/jsbdlab/Public/css/index.css
ERR: 非法操作:_

[ 2015-10-11T18:28:47+08:00 ] ::1 /jsbdlab/index.php/Admin/Index/_/jsbdlab/Public/css/index.css
ERR: 非法操作:_

[ 2015-10-11T18:29:08+08:00 ] ::1 /jsbdlab/index.php/Admin/Index/_/jsbdlab/Public/css/index.css
ERR: 非法操作:_

[ 2015-10-11T18:29:11+08:00 ] ::1 /jsbdlab/index.php/Admin/Index/_/jsbdlab/Public/css/index.css
ERR: 非法操作:_

[ 2015-10-11T18:29:15+08:00 ] ::1 /jsbdlab/index.php/Admin/Index/_/jsbdlab/Public/css/index.css
ERR: 非法操作:_

[ 2015-10-11T18:29:52+08:00 ] ::1 /jsbdlab/index.php/Admin/Index/_/jsbdlab/Public/css/index.css
ERR: 非法操作:_

[ 2015-10-11T18:29:55+08:00 ] ::1 /jsbdlab/index.php/Admin/Index/_/jsbdlab/Public/css/index.css
ERR: 非法操作:_

[ 2015-10-11T18:30:27+08:00 ] ::1 /jsbdlab/index.php/Admin/Index/_/jsbdlab/Public/css/index.css
ERR: 非法操作:_

[ 2015-10-11T18:31:03+08:00 ] ::1 /jsbdlab/index.php/Admin/Index/_/jsbdlab/Public/css/index.css
ERR: 非法操作:_

[ 2015-10-11T18:31:07+08:00 ] ::1 /jsbdlab/index.php/Admin/Index/_/jsbdlab/Public/css/index.css
ERR: 非法操作:_

[ 2015-10-11T18:31:09+08:00 ] ::1 /jsbdlab/index.php/Admin/Index/_/jsbdlab/Public/css/index.css
ERR: 非法操作:_

[ 2015-10-11T18:31:19+08:00 ] ::1 /jsbdlab/index.php/Admin/Index/_/jsbdlab/Public/css/index.css
ERR: 非法操作:_

[ 2015-10-11T18:31:23+08:00 ] ::1 /jsbdlab/index.php/Admin/Index/_/jsbdlab/Public/css/index.css
ERR: 非法操作:_

[ 2015-10-11T18:31:23+08:00 ] ::1 /jsbdlab/index.php/Admin/Index/_/jsbdlab/Public/css/index.css
ERR: 非法操作:_

[ 2015-10-11T18:31:33+08:00 ] ::1 /jsbdlab/index.php/Admin/Index/_/jsbdlab/Public/css/index.css
ERR: 非法操作:_

[ 2015-10-11T18:31:40+08:00 ] ::1 /jsbdlab/index.php/Admin/Index/_/jsbdlab/Public/css/index.css
ERR: 非法操作:_

[ 2015-10-11T18:34:00+08:00 ] ::1 /jsbdlab/index.php/Admin/Index/_/jsbdlab/Public/css/index.css
ERR: 非法操作:_

[ 2015-10-11T19:24:26+08:00 ] ::1 /jsbdlab/index.php/Admin/Index/_/jsbdlab/Public/css/index.css
ERR: 非法操作:_

[ 2015-10-11T20:56:48+08:00 ] ::1 /jsbdlab/index.php/Admin/Index/_/jsbdlab/Public/css/index.css
ERR: 非法操作:_

[ 2015-10-11T21:02:37+08:00 ] ::1 /jsbdlab/index.php/Home/BigData/listatctitle.html
ERR: 模板不存在:./Application/Home/View/BigData/listatctitle.html

[ 2015-10-11T21:46:48+08:00 ] ::1 /jsbdlab/index.php/Admin/Lab/_/jsbdlab/Public/css/index.css
ERR: 非法操作:_

[ 2015-10-11T21:47:03+08:00 ] ::1 /jsbdlab/index.php/Admin/Lab/_/jsbdlab/Public/css/index.css
ERR: 非法操作:_

[ 2015-10-11T21:49:09+08:00 ] ::1 /jsbdlab/index.php/Admin/Lab/_/jsbdlab/Public/css/index.css
ERR: 非法操作:_

[ 2015-10-11T21:49:48+08:00 ] ::1 /jsbdlab/index.php/Admin/Lab/_/jsbdlab/Public/css/index.css
ERR: 非法操作:_

[ 2015-10-11T21:49:54+08:00 ] ::1 /jsbdlab/index.php/Admin/Lab/_/jsbdlab/Public/css/index.css
ERR: 非法操作:_

[ 2015-10-11T21:49:56+08:00 ] ::1 /jsbdlab/index.php/Admin/Lab/_/jsbdlab/Public/css/index.css
ERR: 非法操作:_

[ 2015-10-11T21:49:59+08:00 ] ::1 /jsbdlab/index.php/Admin/Lab/_/jsbdlab/Public/css/index.css
ERR: 非法操作:_

[ 2015-10-11T21:50:25+08:00 ] ::1 /jsbdlab/index.php/Home/Lab/equ.html
ERR: 非法操作:equ

[ 2015-10-11T21:50:41+08:00 ] ::1 /jsbdlab/index.php/Admin/Lab/_/jsbdlab/Public/css/index.css
ERR: 非法操作:_

[ 2015-10-11T21:50:56+08:00 ] ::1 /jsbdlab/index.php/Admin/Lab/_/jsbdlab/Public/css/index.css
ERR: 非法操作:_

[ 2015-10-11T21:52:12+08:00 ] ::1 /jsbdlab/index.php/Admin/Lab/_/jsbdlab/Public/css/index.css
ERR: 非法操作:_

[ 2015-10-11T21:52:34+08:00 ] ::1 /jsbdlab/index.php/Admin/Lab/_/jsbdlab/Public/css/index.css
ERR: 非法操作:_

[ 2015-10-11T21:52:53+08:00 ] ::1 /jsbdlab/index.php/Admin/Lab/_/jsbdlab/Public/css/index.css
ERR: 非法操作:_

[ 2015-10-11T21:52:57+08:00 ] ::1 /jsbdlab/index.php/Admin/Lab/_/jsbdlab/Public/css/index.css
ERR: 非法操作:_

[ 2015-10-11T21:53:05+08:00 ] ::1 /jsbdlab/index.php/Admin/Lab/_/jsbdlab/Public/css/index.css
ERR: 非法操作:_

[ 2015-10-11T21:53:07+08:00 ] ::1 /jsbdlab/index.php/Admin/Lab/_/jsbdlab/Public/css/index.css
ERR: 非法操作:_

[ 2015-10-11T21:53:11+08:00 ] ::1 /jsbdlab/index.php/Admin/Lab/_/jsbdlab/Public/css/index.css
ERR: 非法操作:_

[ 2015-10-11T21:53:18+08:00 ] ::1 /jsbdlab/index.php/Admin/Lab/_/jsbdlab/Public/css/index.css
ERR: 非法操作:_

[ 2015-10-11T21:53:23+08:00 ] ::1 /jsbdlab/index.php/Admin/Lab/_/jsbdlab/Public/css/index.css
ERR: 非法操作:_

[ 2015-10-11T21:53:28+08:00 ] ::1 /jsbdlab/index.php/Admin/Lab/_/jsbdlab/Public/css/index.css
ERR: 非法操作:_

[ 2015-10-11T21:53:29+08:00 ] ::1 /jsbdlab/index.php/Admin/Lab/_/jsbdlab/Public/css/index.css
ERR: 非法操作:_

[ 2015-10-11T21:53:46+08:00 ] ::1 /jsbdlab/index.php/Admin/Lab/_/jsbdlab/Public/css/index.css
ERR: 非法操作:_

[ 2015-10-11T21:53:49+08:00 ] ::1 /jsbdlab/index.php/Admin/Lab/_/jsbdlab/Public/css/index.css
ERR: 非法操作:_

[ 2015-10-11T21:54:34+08:00 ] ::1 /jsbdlab/index.php/Admin/Lab/_/jsbdlab/Public/css/index.css
ERR: 非法操作:_

[ 2015-10-11T21:54:37+08:00 ] ::1 /jsbdlab/index.php/Admin/Index/_/jsbdlab/Public/css/index.css
ERR: 非法操作:_

[ 2015-10-11T21:54:40+08:00 ] ::1 /jsbdlab/index.php/Admin/Index/_/jsbdlab/Public/css/index.css
ERR: 非法操作:_

[ 2015-10-11T21:54:45+08:00 ] ::1 /jsbdlab/index.php/Admin/Lab/_/jsbdlab/Public/css/index.css
ERR: 非法操作:_

[ 2015-10-11T21:54:51+08:00 ] ::1 /jsbdlab/index.php/Admin/Lab/_/jsbdlab/Public/css/index.css
ERR: 非法操作:_

[ 2015-10-11T21:54:54+08:00 ] ::1 /jsbdlab/index.php/Admin/Index/_/jsbdlab/Public/css/index.css
ERR: 非法操作:_

[ 2015-10-11T21:55:00+08:00 ] ::1 /jsbdlab/index.php/Admin/Index/_/jsbdlab/Public/css/index.css
ERR: 非法操作:_

[ 2015-10-11T21:56:13+08:00 ] ::1 /jsbdlab/index.php/Admin/Lab/_/jsbdlab/Public/css/index.css
ERR: 非法操作:_

[ 2015-10-11T21:56:19+08:00 ] ::1 /jsbdlab/index.php/Admin/Lab/reuinfo/id/2.html
ERR: 非法操作:reuinfo

[ 2015-10-11T22:00:54+08:00 ] ::1 /jsbdlab/index.php/Admin/Lab/_/jsbdlab/Public/css/index.css
ERR: 非法操作:_

[ 2015-10-11T22:01:42+08:00 ] ::1 /jsbdlab/index.php/Admin/Lab/_/jsbdlab/Public/css/index.css
ERR: 非法操作:_

[ 2015-10-11T22:01:44+08:00 ] ::1 /jsbdlab/index.php/Admin/Lab/_/jsbdlab/Public/css/index.css
ERR: 非法操作:_

[ 2015-10-11T22:02:00+08:00 ] ::1 /jsbdlab/index.php/Admin/Lab/_/jsbdlab/Public/css/index.css
ERR: 非法操作:_

[ 2015-10-11T22:02:01+08:00 ] ::1 /jsbdlab/index.php/Admin/Lab/_/jsbdlab/Public/css/index.css
ERR: 非法操作:_

[ 2015-10-11T22:02:01+08:00 ] ::1 /jsbdlab/index.php/Admin/Lab/_/jsbdlab/Public/css/index.css
ERR: 非法操作:_

[ 2015-10-11T22:02:02+08:00 ] ::1 /jsbdlab/index.php/Admin/Lab/reuinfo/id/2.html
ERR: 非法操作:reuinfo

[ 2015-10-11T22:02:38+08:00 ] ::1 /jsbdlab/index.php/Admin/Lab/_/jsbdlab/Public/css/index.css
ERR: 非法操作:_

[ 2015-10-11T22:02:42+08:00 ] ::1 /jsbdlab/index.php/Admin/Lab/_/jsbdlab/Public/css/index.css
ERR: 非法操作:_

[ 2015-10-11T22:02:49+08:00 ] ::1 /jsbdlab/index.php/Admin/Lab/_/jsbdlab/Public/css/index.css
ERR: 非法操作:_

[ 2015-10-11T22:02:54+08:00 ] ::1 /jsbdlab/index.php/Admin/Lab/_/jsbdlab/Public/css/index.css
ERR: 非法操作:_

[ 2015-10-11T22:02:59+08:00 ] ::1 /jsbdlab/index.php/Admin/Lab/reuinfo/id/2.html
ERR: 非法操作:reuinfo

[ 2015-10-11T22:04:28+08:00 ] ::1 /jsbdlab/index.php/Admin/Lab/_/jsbdlab/Public/css/index.css
ERR: 非法操作:_

[ 2015-10-11T22:04:29+08:00 ] ::1 /jsbdlab/index.php/Admin/Lab/_/jsbdlab/Public/css/index.css
ERR: 非法操作:_

[ 2015-10-11T22:04:31+08:00 ] ::1 /jsbdlab/index.php/Admin/Lab/_/jsbdlab/Public/css/index.css
ERR: 非法操作:_

